<?xml version="1.0" encoding="UTF-8"?>
<!-- Generated by org.testng.reporters.JUnitXMLReporter -->
<testsuite ignored="0" hostname="USZYBGH1MU" failures="0" tests="304" name="Surefire test" time="0.382" errors="0" timestamp="2023-10-11T14:41:23 IST">
  <testcase classname="sew.ai.runner.TestRunner" name="@BeforeClass classPreRequisites" time="-1.697015483356E9">
    <failure type="org.testng.TestNGException" message="
Parameter &amp;apos;platformType&amp;apos; is required by BeforeClass on method classPreRequisites but has not been marked @Optional or defined
">
      <![CDATA[org.testng.TestNGException: 
Parameter 'platformType' is required by BeforeClass on method classPreRequisites but has not been marked @Optional or defined

at java.base/java.util.ArrayList.forEach(ArrayList.java:1511)
... Removed 27 stack frames]]>
    </failure>
  </testcase> <!-- @BeforeClass classPreRequisites -->
  <testcase classname="sew.ai.runner.TestRunner" name="@BeforeMethod methodsPreRequisites" time="0.0">
    <skipped/>
  </testcase> <!-- @BeforeMethod methodsPreRequisites -->
  <testcase classname="sew.ai.runner.TestRunner" name="@AfterMethod tearDownMethods" time="0.0">
    <skipped/>
  </testcase> <!-- @AfterMethod tearDownMethods -->
  <testcase classname="sew.ai.runner.TestRunner" name="@AfterClass tearDownClasses" time="0.0">
    <skipped/>
  </testcase> <!-- @AfterClass tearDownClasses -->
  <testcase classname="sew.ai.runner.TestRunner" name="@BeforeClass classPreRequisites" time="-1.697015483391E9">
    <failure type="org.testng.TestNGException" message="
Parameter &amp;apos;platformType&amp;apos; is required by BeforeClass on method classPreRequisites but has not been marked @Optional or defined
">
      <![CDATA[org.testng.TestNGException: 
Parameter 'platformType' is required by BeforeClass on method classPreRequisites but has not been marked @Optional or defined

at java.base/java.util.ArrayList.forEach(ArrayList.java:1511)
... Removed 27 stack frames]]>
    </failure>
  </testcase> <!-- @BeforeClass classPreRequisites -->
  <testcase classname="sew.ai.runner.TestRunner" name="@BeforeMethod methodsPreRequisites" time="0.0">
    <skipped/>
  </testcase> <!-- @BeforeMethod methodsPreRequisites -->
  <testcase classname="sew.ai.runner.TestRunner" name="@AfterMethod tearDownMethods" time="0.0">
    <skipped/>
  </testcase> <!-- @AfterMethod tearDownMethods -->
  <testcase classname="sew.ai.runner.TestRunner" name="@AfterClass tearDownClasses" time="0.0">
    <skipped/>
  </testcase> <!-- @AfterClass tearDownClasses -->
  <testcase classname="sew.ai.runner.TestRunner" name="@BeforeClass classPreRequisites" time="-1.697015483393E9">
    <failure type="org.testng.TestNGException" message="
Parameter &amp;apos;platformType&amp;apos; is required by BeforeClass on method classPreRequisites but has not been marked @Optional or defined
">
      <![CDATA[org.testng.TestNGException: 
Parameter 'platformType' is required by BeforeClass on method classPreRequisites but has not been marked @Optional or defined

at java.base/java.util.ArrayList.forEach(ArrayList.java:1511)
... Removed 27 stack frames]]>
    </failure>
  </testcase> <!-- @BeforeClass classPreRequisites -->
  <testcase classname="sew.ai.runner.TestRunner" name="@BeforeMethod methodsPreRequisites" time="0.0">
    <skipped/>
  </testcase> <!-- @BeforeMethod methodsPreRequisites -->
  <testcase classname="sew.ai.runner.TestRunner" name="@AfterMethod tearDownMethods" time="0.0">
    <skipped/>
  </testcase> <!-- @AfterMethod tearDownMethods -->
  <testcase classname="sew.ai.runner.TestRunner" name="@BeforeMethod methodsPreRequisites" time="0.0">
    <skipped/>
  </testcase> <!-- @BeforeMethod methodsPreRequisites -->
  <testcase classname="sew.ai.runner.TestRunner" name="@AfterMethod tearDownMethods" time="0.0">
    <skipped/>
  </testcase> <!-- @AfterMethod tearDownMethods -->
  <testcase classname="sew.ai.runner.TestRunner" name="@BeforeMethod methodsPreRequisites" time="0.0">
    <skipped/>
  </testcase> <!-- @BeforeMethod methodsPreRequisites -->
  <testcase classname="sew.ai.runner.TestRunner" name="@AfterMethod tearDownMethods" time="0.0">
    <skipped/>
  </testcase> <!-- @AfterMethod tearDownMethods -->
  <testcase classname="sew.ai.runner.TestRunner" name="@BeforeMethod methodsPreRequisites" time="0.0">
    <skipped/>
  </testcase> <!-- @BeforeMethod methodsPreRequisites -->
  <testcase classname="sew.ai.runner.TestRunner" name="@AfterMethod tearDownMethods" time="0.0">
    <skipped/>
  </testcase> <!-- @AfterMethod tearDownMethods -->
  <testcase classname="sew.ai.runner.TestRunner" name="@BeforeMethod methodsPreRequisites" time="0.0">
    <skipped/>
  </testcase> <!-- @BeforeMethod methodsPreRequisites -->
  <testcase classname="sew.ai.runner.TestRunner" name="@AfterMethod tearDownMethods" time="0.0">
    <skipped/>
  </testcase> <!-- @AfterMethod tearDownMethods -->
  <testcase classname="sew.ai.runner.TestRunner" name="@BeforeMethod methodsPreRequisites" time="0.0">
    <skipped/>
  </testcase> <!-- @BeforeMethod methodsPreRequisites -->
  <testcase classname="sew.ai.runner.TestRunner" name="@AfterMethod tearDownMethods" time="0.0">
    <skipped/>
  </testcase> <!-- @AfterMethod tearDownMethods -->
  <testcase classname="sew.ai.runner.TestRunner" name="@BeforeMethod methodsPreRequisites" time="0.0">
    <skipped/>
  </testcase> <!-- @BeforeMethod methodsPreRequisites -->
  <testcase classname="sew.ai.runner.TestRunner" name="@AfterMethod tearDownMethods" time="0.0">
    <skipped/>
  </testcase> <!-- @AfterMethod tearDownMethods -->
  <testcase classname="sew.ai.runner.TestRunner" name="@BeforeMethod methodsPreRequisites" time="0.0">
    <skipped/>
  </testcase> <!-- @BeforeMethod methodsPreRequisites -->
  <testcase classname="sew.ai.runner.TestRunner" name="@AfterMethod tearDownMethods" time="0.0">
    <skipped/>
  </testcase> <!-- @AfterMethod tearDownMethods -->
  <testcase classname="sew.ai.runner.TestRunner" name="@BeforeMethod methodsPreRequisites" time="0.0">
    <skipped/>
  </testcase> <!-- @BeforeMethod methodsPreRequisites -->
  <testcase classname="sew.ai.runner.TestRunner" name="@AfterMethod tearDownMethods" time="0.0">
    <skipped/>
  </testcase> <!-- @AfterMethod tearDownMethods -->
  <testcase classname="sew.ai.runner.TestRunner" name="@BeforeMethod methodsPreRequisites" time="0.0">
    <skipped/>
  </testcase> <!-- @BeforeMethod methodsPreRequisites -->
  <testcase classname="sew.ai.runner.TestRunner" name="@AfterMethod tearDownMethods" time="0.0">
    <skipped/>
  </testcase> <!-- @AfterMethod tearDownMethods -->
  <testcase classname="sew.ai.runner.TestRunner" name="@BeforeMethod methodsPreRequisites" time="0.0">
    <skipped/>
  </testcase> <!-- @BeforeMethod methodsPreRequisites -->
  <testcase classname="sew.ai.runner.TestRunner" name="@AfterMethod tearDownMethods" time="0.0">
    <skipped/>
  </testcase> <!-- @AfterMethod tearDownMethods -->
  <testcase classname="sew.ai.runner.TestRunner" name="@BeforeMethod methodsPreRequisites" time="0.0">
    <skipped/>
  </testcase> <!-- @BeforeMethod methodsPreRequisites -->
  <testcase classname="sew.ai.runner.TestRunner" name="@AfterMethod tearDownMethods" time="0.0">
    <skipped/>
  </testcase> <!-- @AfterMethod tearDownMethods -->
  <testcase classname="sew.ai.runner.TestRunner" name="@BeforeMethod methodsPreRequisites" time="0.0">
    <skipped/>
  </testcase> <!-- @BeforeMethod methodsPreRequisites -->
  <testcase classname="sew.ai.runner.TestRunner" name="@AfterMethod tearDownMethods" time="0.0">
    <skipped/>
  </testcase> <!-- @AfterMethod tearDownMethods -->
  <testcase classname="sew.ai.runner.TestRunner" name="@BeforeMethod methodsPreRequisites" time="0.0">
    <skipped/>
  </testcase> <!-- @BeforeMethod methodsPreRequisites -->
  <testcase classname="sew.ai.runner.TestRunner" name="@AfterMethod tearDownMethods" time="0.0">
    <skipped/>
  </testcase> <!-- @AfterMethod tearDownMethods -->
  <testcase classname="sew.ai.runner.TestRunner" name="@BeforeMethod methodsPreRequisites" time="0.0">
    <skipped/>
  </testcase> <!-- @BeforeMethod methodsPreRequisites -->
  <testcase classname="sew.ai.runner.TestRunner" name="@AfterMethod tearDownMethods" time="0.0">
    <skipped/>
  </testcase> <!-- @AfterMethod tearDownMethods -->
  <testcase classname="sew.ai.runner.TestRunner" name="@BeforeMethod methodsPreRequisites" time="0.0">
    <skipped/>
  </testcase> <!-- @BeforeMethod methodsPreRequisites -->
  <testcase classname="sew.ai.runner.TestRunner" name="@AfterMethod tearDownMethods" time="0.0">
    <skipped/>
  </testcase> <!-- @AfterMethod tearDownMethods -->
  <testcase classname="sew.ai.runner.TestRunner" name="@BeforeMethod methodsPreRequisites" time="0.0">
    <skipped/>
  </testcase> <!-- @BeforeMethod methodsPreRequisites -->
  <testcase classname="sew.ai.runner.TestRunner" name="@AfterMethod tearDownMethods" time="0.0">
    <skipped/>
  </testcase> <!-- @AfterMethod tearDownMethods -->
  <testcase classname="sew.ai.runner.TestRunner" name="@BeforeMethod methodsPreRequisites" time="0.0">
    <skipped/>
  </testcase> <!-- @BeforeMethod methodsPreRequisites -->
  <testcase classname="sew.ai.runner.TestRunner" name="@AfterMethod tearDownMethods" time="0.0">
    <skipped/>
  </testcase> <!-- @AfterMethod tearDownMethods -->
  <testcase classname="sew.ai.runner.TestRunner" name="@BeforeMethod methodsPreRequisites" time="0.0">
    <skipped/>
  </testcase> <!-- @BeforeMethod methodsPreRequisites -->
  <testcase classname="sew.ai.runner.TestRunner" name="@AfterMethod tearDownMethods" time="0.0">
    <skipped/>
  </testcase> <!-- @AfterMethod tearDownMethods -->
  <testcase classname="sew.ai.runner.TestRunner" name="@BeforeMethod methodsPreRequisites" time="0.0">
    <skipped/>
  </testcase> <!-- @BeforeMethod methodsPreRequisites -->
  <testcase classname="sew.ai.runner.TestRunner" name="@AfterMethod tearDownMethods" time="0.0">
    <skipped/>
  </testcase> <!-- @AfterMethod tearDownMethods -->
  <testcase classname="sew.ai.runner.TestRunner" name="@BeforeMethod methodsPreRequisites" time="0.0">
    <skipped/>
  </testcase> <!-- @BeforeMethod methodsPreRequisites -->
  <testcase classname="sew.ai.runner.TestRunner" name="@AfterMethod tearDownMethods" time="0.0">
    <skipped/>
  </testcase> <!-- @AfterMethod tearDownMethods -->
  <testcase classname="sew.ai.runner.TestRunner" name="@BeforeMethod methodsPreRequisites" time="0.0">
    <skipped/>
  </testcase> <!-- @BeforeMethod methodsPreRequisites -->
  <testcase classname="sew.ai.runner.TestRunner" name="@AfterMethod tearDownMethods" time="0.0">
    <skipped/>
  </testcase> <!-- @AfterMethod tearDownMethods -->
  <testcase classname="sew.ai.runner.TestRunner" name="@BeforeMethod methodsPreRequisites" time="0.0">
    <skipped/>
  </testcase> <!-- @BeforeMethod methodsPreRequisites -->
  <testcase classname="sew.ai.runner.TestRunner" name="@AfterMethod tearDownMethods" time="0.0">
    <skipped/>
  </testcase> <!-- @AfterMethod tearDownMethods -->
  <testcase classname="sew.ai.runner.TestRunner" name="@BeforeMethod methodsPreRequisites" time="0.0">
    <skipped/>
  </testcase> <!-- @BeforeMethod methodsPreRequisites -->
  <testcase classname="sew.ai.runner.TestRunner" name="@AfterMethod tearDownMethods" time="0.0">
    <skipped/>
  </testcase> <!-- @AfterMethod tearDownMethods -->
  <testcase classname="sew.ai.runner.TestRunner" name="@BeforeMethod methodsPreRequisites" time="0.0">
    <skipped/>
  </testcase> <!-- @BeforeMethod methodsPreRequisites -->
  <testcase classname="sew.ai.runner.TestRunner" name="@AfterMethod tearDownMethods" time="0.0">
    <skipped/>
  </testcase> <!-- @AfterMethod tearDownMethods -->
  <testcase classname="sew.ai.runner.TestRunner" name="@BeforeMethod methodsPreRequisites" time="0.0">
    <skipped/>
  </testcase> <!-- @BeforeMethod methodsPreRequisites -->
  <testcase classname="sew.ai.runner.TestRunner" name="@AfterMethod tearDownMethods" time="0.0">
    <skipped/>
  </testcase> <!-- @AfterMethod tearDownMethods -->
  <testcase classname="sew.ai.runner.TestRunner" name="@BeforeMethod methodsPreRequisites" time="0.0">
    <skipped/>
  </testcase> <!-- @BeforeMethod methodsPreRequisites -->
  <testcase classname="sew.ai.runner.TestRunner" name="@AfterMethod tearDownMethods" time="0.0">
    <skipped/>
  </testcase> <!-- @AfterMethod tearDownMethods -->
  <testcase classname="sew.ai.runner.TestRunner" name="@BeforeMethod methodsPreRequisites" time="0.0">
    <skipped/>
  </testcase> <!-- @BeforeMethod methodsPreRequisites -->
  <testcase classname="sew.ai.runner.TestRunner" name="@AfterMethod tearDownMethods" time="0.0">
    <skipped/>
  </testcase> <!-- @AfterMethod tearDownMethods -->
  <testcase classname="sew.ai.runner.TestRunner" name="@BeforeMethod methodsPreRequisites" time="0.0">
    <skipped/>
  </testcase> <!-- @BeforeMethod methodsPreRequisites -->
  <testcase classname="sew.ai.runner.TestRunner" name="@AfterMethod tearDownMethods" time="0.0">
    <skipped/>
  </testcase> <!-- @AfterMethod tearDownMethods -->
  <testcase classname="sew.ai.runner.TestRunner" name="@BeforeMethod methodsPreRequisites" time="0.0">
    <skipped/>
  </testcase> <!-- @BeforeMethod methodsPreRequisites -->
  <testcase classname="sew.ai.runner.TestRunner" name="@AfterMethod tearDownMethods" time="0.0">
    <skipped/>
  </testcase> <!-- @AfterMethod tearDownMethods -->
  <testcase classname="sew.ai.runner.TestRunner" name="@BeforeMethod methodsPreRequisites" time="0.0">
    <skipped/>
  </testcase> <!-- @BeforeMethod methodsPreRequisites -->
  <testcase classname="sew.ai.runner.TestRunner" name="@AfterMethod tearDownMethods" time="0.0">
    <skipped/>
  </testcase> <!-- @AfterMethod tearDownMethods -->
  <testcase classname="sew.ai.runner.TestRunner" name="@BeforeMethod methodsPreRequisites" time="0.0">
    <skipped/>
  </testcase> <!-- @BeforeMethod methodsPreRequisites -->
  <testcase classname="sew.ai.runner.TestRunner" name="@AfterMethod tearDownMethods" time="0.0">
    <skipped/>
  </testcase> <!-- @AfterMethod tearDownMethods -->
  <testcase classname="sew.ai.runner.TestRunner" name="@BeforeMethod methodsPreRequisites" time="0.0">
    <skipped/>
  </testcase> <!-- @BeforeMethod methodsPreRequisites -->
  <testcase classname="sew.ai.runner.TestRunner" name="@AfterMethod tearDownMethods" time="0.0">
    <skipped/>
  </testcase> <!-- @AfterMethod tearDownMethods -->
  <testcase classname="sew.ai.runner.TestRunner" name="@BeforeMethod methodsPreRequisites" time="0.0">
    <skipped/>
  </testcase> <!-- @BeforeMethod methodsPreRequisites -->
  <testcase classname="sew.ai.runner.TestRunner" name="@AfterMethod tearDownMethods" time="0.0">
    <skipped/>
  </testcase> <!-- @AfterMethod tearDownMethods -->
  <testcase classname="sew.ai.runner.TestRunner" name="@BeforeMethod methodsPreRequisites" time="0.0">
    <skipped/>
  </testcase> <!-- @BeforeMethod methodsPreRequisites -->
  <testcase classname="sew.ai.runner.TestRunner" name="@AfterMethod tearDownMethods" time="0.0">
    <skipped/>
  </testcase> <!-- @AfterMethod tearDownMethods -->
  <testcase classname="sew.ai.runner.TestRunner" name="@BeforeMethod methodsPreRequisites" time="0.0">
    <skipped/>
  </testcase> <!-- @BeforeMethod methodsPreRequisites -->
  <testcase classname="sew.ai.runner.TestRunner" name="@AfterMethod tearDownMethods" time="0.0">
    <skipped/>
  </testcase> <!-- @AfterMethod tearDownMethods -->
  <testcase classname="sew.ai.runner.TestRunner" name="@BeforeMethod methodsPreRequisites" time="0.0">
    <skipped/>
  </testcase> <!-- @BeforeMethod methodsPreRequisites -->
  <testcase classname="sew.ai.runner.TestRunner" name="@AfterMethod tearDownMethods" time="0.0">
    <skipped/>
  </testcase> <!-- @AfterMethod tearDownMethods -->
  <testcase classname="sew.ai.runner.TestRunner" name="@BeforeMethod methodsPreRequisites" time="0.0">
    <skipped/>
  </testcase> <!-- @BeforeMethod methodsPreRequisites -->
  <testcase classname="sew.ai.runner.TestRunner" name="@AfterMethod tearDownMethods" time="0.0">
    <skipped/>
  </testcase> <!-- @AfterMethod tearDownMethods -->
  <testcase classname="sew.ai.runner.TestRunner" name="@BeforeMethod methodsPreRequisites" time="0.0">
    <skipped/>
  </testcase> <!-- @BeforeMethod methodsPreRequisites -->
  <testcase classname="sew.ai.runner.TestRunner" name="@AfterMethod tearDownMethods" time="0.0">
    <skipped/>
  </testcase> <!-- @AfterMethod tearDownMethods -->
  <testcase classname="sew.ai.runner.TestRunner" name="@BeforeMethod methodsPreRequisites" time="0.0">
    <skipped/>
  </testcase> <!-- @BeforeMethod methodsPreRequisites -->
  <testcase classname="sew.ai.runner.TestRunner" name="@AfterMethod tearDownMethods" time="0.0">
    <skipped/>
  </testcase> <!-- @AfterMethod tearDownMethods -->
  <testcase classname="sew.ai.runner.TestRunner" name="@BeforeMethod methodsPreRequisites" time="0.0">
    <skipped/>
  </testcase> <!-- @BeforeMethod methodsPreRequisites -->
  <testcase classname="sew.ai.runner.TestRunner" name="@AfterMethod tearDownMethods" time="0.0">
    <skipped/>
  </testcase> <!-- @AfterMethod tearDownMethods -->
  <testcase classname="sew.ai.runner.TestRunner" name="@BeforeMethod methodsPreRequisites" time="0.0">
    <skipped/>
  </testcase> <!-- @BeforeMethod methodsPreRequisites -->
  <testcase classname="sew.ai.runner.TestRunner" name="@AfterMethod tearDownMethods" time="0.0">
    <skipped/>
  </testcase> <!-- @AfterMethod tearDownMethods -->
  <testcase classname="sew.ai.runner.TestRunner" name="@BeforeMethod methodsPreRequisites" time="0.0">
    <skipped/>
  </testcase> <!-- @BeforeMethod methodsPreRequisites -->
  <testcase classname="sew.ai.runner.TestRunner" name="@AfterMethod tearDownMethods" time="0.0">
    <skipped/>
  </testcase> <!-- @AfterMethod tearDownMethods -->
  <testcase classname="sew.ai.runner.TestRunner" name="@BeforeMethod methodsPreRequisites" time="0.0">
    <skipped/>
  </testcase> <!-- @BeforeMethod methodsPreRequisites -->
  <testcase classname="sew.ai.runner.TestRunner" name="@AfterMethod tearDownMethods" time="0.0">
    <skipped/>
  </testcase> <!-- @AfterMethod tearDownMethods -->
  <testcase classname="sew.ai.runner.TestRunner" name="@BeforeMethod methodsPreRequisites" time="0.0">
    <skipped/>
  </testcase> <!-- @BeforeMethod methodsPreRequisites -->
  <testcase classname="sew.ai.runner.TestRunner" name="@AfterMethod tearDownMethods" time="0.0">
    <skipped/>
  </testcase> <!-- @AfterMethod tearDownMethods -->
  <testcase classname="sew.ai.runner.TestRunner" name="@BeforeMethod methodsPreRequisites" time="0.0">
    <skipped/>
  </testcase> <!-- @BeforeMethod methodsPreRequisites -->
  <testcase classname="sew.ai.runner.TestRunner" name="@AfterMethod tearDownMethods" time="0.0">
    <skipped/>
  </testcase> <!-- @AfterMethod tearDownMethods -->
  <testcase classname="sew.ai.runner.TestRunner" name="@BeforeMethod methodsPreRequisites" time="0.0">
    <skipped/>
  </testcase> <!-- @BeforeMethod methodsPreRequisites -->
  <testcase classname="sew.ai.runner.TestRunner" name="@AfterMethod tearDownMethods" time="0.0">
    <skipped/>
  </testcase> <!-- @AfterMethod tearDownMethods -->
  <testcase classname="sew.ai.runner.TestRunner" name="@BeforeMethod methodsPreRequisites" time="0.0">
    <skipped/>
  </testcase> <!-- @BeforeMethod methodsPreRequisites -->
  <testcase classname="sew.ai.runner.TestRunner" name="@AfterMethod tearDownMethods" time="0.0">
    <skipped/>
  </testcase> <!-- @AfterMethod tearDownMethods -->
  <testcase classname="sew.ai.runner.TestRunner" name="@BeforeMethod methodsPreRequisites" time="0.0">
    <skipped/>
  </testcase> <!-- @BeforeMethod methodsPreRequisites -->
  <testcase classname="sew.ai.runner.TestRunner" name="@AfterMethod tearDownMethods" time="0.0">
    <skipped/>
  </testcase> <!-- @AfterMethod tearDownMethods -->
  <testcase classname="sew.ai.runner.TestRunner" name="@BeforeMethod methodsPreRequisites" time="0.0">
    <skipped/>
  </testcase> <!-- @BeforeMethod methodsPreRequisites -->
  <testcase classname="sew.ai.runner.TestRunner" name="@AfterMethod tearDownMethods" time="0.0">
    <skipped/>
  </testcase> <!-- @AfterMethod tearDownMethods -->
  <testcase classname="sew.ai.runner.TestRunner" name="@BeforeMethod methodsPreRequisites" time="0.0">
    <skipped/>
  </testcase> <!-- @BeforeMethod methodsPreRequisites -->
  <testcase classname="sew.ai.runner.TestRunner" name="@AfterMethod tearDownMethods" time="0.0">
    <skipped/>
  </testcase> <!-- @AfterMethod tearDownMethods -->
  <testcase classname="sew.ai.runner.TestRunner" name="@BeforeMethod methodsPreRequisites" time="0.0">
    <skipped/>
  </testcase> <!-- @BeforeMethod methodsPreRequisites -->
  <testcase classname="sew.ai.runner.TestRunner" name="@AfterMethod tearDownMethods" time="0.0">
    <skipped/>
  </testcase> <!-- @AfterMethod tearDownMethods -->
  <testcase classname="sew.ai.runner.TestRunner" name="@BeforeMethod methodsPreRequisites" time="0.0">
    <skipped/>
  </testcase> <!-- @BeforeMethod methodsPreRequisites -->
  <testcase classname="sew.ai.runner.TestRunner" name="@AfterMethod tearDownMethods" time="0.0">
    <skipped/>
  </testcase> <!-- @AfterMethod tearDownMethods -->
  <testcase classname="sew.ai.runner.TestRunner" name="@BeforeMethod methodsPreRequisites" time="0.0">
    <skipped/>
  </testcase> <!-- @BeforeMethod methodsPreRequisites -->
  <testcase classname="sew.ai.runner.TestRunner" name="@AfterMethod tearDownMethods" time="0.0">
    <skipped/>
  </testcase> <!-- @AfterMethod tearDownMethods -->
  <testcase classname="sew.ai.runner.TestRunner" name="@AfterClass tearDownClasses" time="0.0">
    <skipped/>
  </testcase> <!-- @AfterClass tearDownClasses -->
  <testcase classname="sew.ai.runner.TestRunner" name="@BeforeClass classPreRequisites" time="-1.697015483462E9">
    <failure type="org.testng.TestNGException" message="
Parameter &amp;apos;platformType&amp;apos; is required by BeforeClass on method classPreRequisites but has not been marked @Optional or defined
">
      <![CDATA[org.testng.TestNGException: 
Parameter 'platformType' is required by BeforeClass on method classPreRequisites but has not been marked @Optional or defined

at java.base/java.util.ArrayList.forEach(ArrayList.java:1511)
... Removed 27 stack frames]]>
    </failure>
  </testcase> <!-- @BeforeClass classPreRequisites -->
  <testcase classname="sew.ai.runner.TestRunner" name="@BeforeMethod methodsPreRequisites" time="0.0">
    <skipped/>
  </testcase> <!-- @BeforeMethod methodsPreRequisites -->
  <testcase classname="sew.ai.runner.TestRunner" name="@AfterMethod tearDownMethods" time="0.0">
    <skipped/>
  </testcase> <!-- @AfterMethod tearDownMethods -->
  <testcase classname="sew.ai.runner.TestRunner" name="@BeforeMethod methodsPreRequisites" time="0.0">
    <skipped/>
  </testcase> <!-- @BeforeMethod methodsPreRequisites -->
  <testcase classname="sew.ai.runner.TestRunner" name="@AfterMethod tearDownMethods" time="0.0">
    <skipped/>
  </testcase> <!-- @AfterMethod tearDownMethods -->
  <testcase classname="sew.ai.runner.TestRunner" name="@AfterClass tearDownClasses" time="0.0">
    <skipped/>
  </testcase> <!-- @AfterClass tearDownClasses -->
  <testcase classname="sew.ai.runner.TestRunner" name="@BeforeClass classPreRequisites" time="-1.697015483465E9">
    <failure type="org.testng.TestNGException" message="
Parameter &amp;apos;platformType&amp;apos; is required by BeforeClass on method classPreRequisites but has not been marked @Optional or defined
">
      <![CDATA[org.testng.TestNGException: 
Parameter 'platformType' is required by BeforeClass on method classPreRequisites but has not been marked @Optional or defined

at java.base/java.util.ArrayList.forEach(ArrayList.java:1511)
... Removed 27 stack frames]]>
    </failure>
  </testcase> <!-- @BeforeClass classPreRequisites -->
  <testcase classname="sew.ai.runner.TestRunner" name="@BeforeMethod methodsPreRequisites" time="0.0">
    <skipped/>
  </testcase> <!-- @BeforeMethod methodsPreRequisites -->
  <testcase classname="sew.ai.runner.TestRunner" name="@AfterMethod tearDownMethods" time="0.0">
    <skipped/>
  </testcase> <!-- @AfterMethod tearDownMethods -->
  <testcase classname="sew.ai.runner.TestRunner" name="@BeforeMethod methodsPreRequisites" time="0.0">
    <skipped/>
  </testcase> <!-- @BeforeMethod methodsPreRequisites -->
  <testcase classname="sew.ai.runner.TestRunner" name="@AfterMethod tearDownMethods" time="0.0">
    <skipped/>
  </testcase> <!-- @AfterMethod tearDownMethods -->
  <testcase classname="sew.ai.runner.TestRunner" name="@BeforeMethod methodsPreRequisites" time="0.0">
    <skipped/>
  </testcase> <!-- @BeforeMethod methodsPreRequisites -->
  <testcase classname="sew.ai.runner.TestRunner" name="@AfterMethod tearDownMethods" time="0.0">
    <skipped/>
  </testcase> <!-- @AfterMethod tearDownMethods -->
  <testcase classname="sew.ai.runner.TestRunner" name="@BeforeMethod methodsPreRequisites" time="0.0">
    <skipped/>
  </testcase> <!-- @BeforeMethod methodsPreRequisites -->
  <testcase classname="sew.ai.runner.TestRunner" name="@AfterMethod tearDownMethods" time="0.0">
    <skipped/>
  </testcase> <!-- @AfterMethod tearDownMethods -->
  <testcase classname="sew.ai.runner.TestRunner" name="@BeforeMethod methodsPreRequisites" time="0.0">
    <skipped/>
  </testcase> <!-- @BeforeMethod methodsPreRequisites -->
  <testcase classname="sew.ai.runner.TestRunner" name="@AfterMethod tearDownMethods" time="0.0">
    <skipped/>
  </testcase> <!-- @AfterMethod tearDownMethods -->
  <testcase classname="sew.ai.runner.TestRunner" name="@BeforeMethod methodsPreRequisites" time="0.0">
    <skipped/>
  </testcase> <!-- @BeforeMethod methodsPreRequisites -->
  <testcase classname="sew.ai.runner.TestRunner" name="@AfterMethod tearDownMethods" time="0.0">
    <skipped/>
  </testcase> <!-- @AfterMethod tearDownMethods -->
  <testcase classname="sew.ai.runner.TestRunner" name="@BeforeMethod methodsPreRequisites" time="0.0">
    <skipped/>
  </testcase> <!-- @BeforeMethod methodsPreRequisites -->
  <testcase classname="sew.ai.runner.TestRunner" name="@AfterMethod tearDownMethods" time="0.0">
    <skipped/>
  </testcase> <!-- @AfterMethod tearDownMethods -->
  <testcase classname="sew.ai.runner.TestRunner" name="@AfterClass tearDownClasses" time="0.0">
    <skipped/>
  </testcase> <!-- @AfterClass tearDownClasses -->
  <testcase classname="sew.ai.runner.TestRunner" name="@BeforeClass classPreRequisites" time="-1.697015483475E9">
    <failure type="org.testng.TestNGException" message="
Parameter &amp;apos;platformType&amp;apos; is required by BeforeClass on method classPreRequisites but has not been marked @Optional or defined
">
      <![CDATA[org.testng.TestNGException: 
Parameter 'platformType' is required by BeforeClass on method classPreRequisites but has not been marked @Optional or defined

at java.base/java.util.ArrayList.forEach(ArrayList.java:1511)
... Removed 27 stack frames]]>
    </failure>
  </testcase> <!-- @BeforeClass classPreRequisites -->
  <testcase classname="sew.ai.runner.TestRunner" name="@BeforeMethod methodsPreRequisites" time="0.0">
    <skipped/>
  </testcase> <!-- @BeforeMethod methodsPreRequisites -->
  <testcase classname="sew.ai.runner.TestRunner" name="@AfterMethod tearDownMethods" time="0.0">
    <skipped/>
  </testcase> <!-- @AfterMethod tearDownMethods -->
  <testcase classname="sew.ai.runner.TestRunner" name="@BeforeMethod methodsPreRequisites" time="0.0">
    <skipped/>
  </testcase> <!-- @BeforeMethod methodsPreRequisites -->
  <testcase classname="sew.ai.runner.TestRunner" name="@AfterMethod tearDownMethods" time="0.0">
    <skipped/>
  </testcase> <!-- @AfterMethod tearDownMethods -->
  <testcase classname="sew.ai.runner.TestRunner" name="@BeforeMethod methodsPreRequisites" time="0.0">
    <skipped/>
  </testcase> <!-- @BeforeMethod methodsPreRequisites -->
  <testcase classname="sew.ai.runner.TestRunner" name="@AfterMethod tearDownMethods" time="0.0">
    <skipped/>
  </testcase> <!-- @AfterMethod tearDownMethods -->
  <testcase classname="sew.ai.runner.TestRunner" name="@BeforeMethod methodsPreRequisites" time="0.0">
    <skipped/>
  </testcase> <!-- @BeforeMethod methodsPreRequisites -->
  <testcase classname="sew.ai.runner.TestRunner" name="@AfterMethod tearDownMethods" time="0.0">
    <skipped/>
  </testcase> <!-- @AfterMethod tearDownMethods -->
  <testcase classname="sew.ai.runner.TestRunner" name="@BeforeMethod methodsPreRequisites" time="0.0">
    <skipped/>
  </testcase> <!-- @BeforeMethod methodsPreRequisites -->
  <testcase classname="sew.ai.runner.TestRunner" name="@AfterMethod tearDownMethods" time="0.0">
    <skipped/>
  </testcase> <!-- @AfterMethod tearDownMethods -->
  <testcase classname="sew.ai.runner.TestRunner" name="@BeforeMethod methodsPreRequisites" time="0.0">
    <skipped/>
  </testcase> <!-- @BeforeMethod methodsPreRequisites -->
  <testcase classname="sew.ai.runner.TestRunner" name="@AfterMethod tearDownMethods" time="0.0">
    <skipped/>
  </testcase> <!-- @AfterMethod tearDownMethods -->
  <testcase classname="sew.ai.runner.TestRunner" name="@BeforeMethod methodsPreRequisites" time="0.0">
    <skipped/>
  </testcase> <!-- @BeforeMethod methodsPreRequisites -->
  <testcase classname="sew.ai.runner.TestRunner" name="@AfterMethod tearDownMethods" time="0.0">
    <skipped/>
  </testcase> <!-- @AfterMethod tearDownMethods -->
  <testcase classname="sew.ai.runner.TestRunner" name="@BeforeMethod methodsPreRequisites" time="0.0">
    <skipped/>
  </testcase> <!-- @BeforeMethod methodsPreRequisites -->
  <testcase classname="sew.ai.runner.TestRunner" name="@AfterMethod tearDownMethods" time="0.0">
    <skipped/>
  </testcase> <!-- @AfterMethod tearDownMethods -->
  <testcase classname="sew.ai.runner.TestRunner" name="@BeforeMethod methodsPreRequisites" time="0.0">
    <skipped/>
  </testcase> <!-- @BeforeMethod methodsPreRequisites -->
  <testcase classname="sew.ai.runner.TestRunner" name="@AfterMethod tearDownMethods" time="0.0">
    <skipped/>
  </testcase> <!-- @AfterMethod tearDownMethods -->
  <testcase classname="sew.ai.runner.TestRunner" name="@BeforeMethod methodsPreRequisites" time="0.0">
    <skipped/>
  </testcase> <!-- @BeforeMethod methodsPreRequisites -->
  <testcase classname="sew.ai.runner.TestRunner" name="@AfterMethod tearDownMethods" time="0.0">
    <skipped/>
  </testcase> <!-- @AfterMethod tearDownMethods -->
  <testcase classname="sew.ai.runner.TestRunner" name="@BeforeMethod methodsPreRequisites" time="0.0">
    <skipped/>
  </testcase> <!-- @BeforeMethod methodsPreRequisites -->
  <testcase classname="sew.ai.runner.TestRunner" name="@AfterMethod tearDownMethods" time="0.0">
    <skipped/>
  </testcase> <!-- @AfterMethod tearDownMethods -->
  <testcase classname="sew.ai.runner.TestRunner" name="@BeforeMethod methodsPreRequisites" time="0.0">
    <skipped/>
  </testcase> <!-- @BeforeMethod methodsPreRequisites -->
  <testcase classname="sew.ai.runner.TestRunner" name="@AfterMethod tearDownMethods" time="0.0">
    <skipped/>
  </testcase> <!-- @AfterMethod tearDownMethods -->
  <testcase classname="sew.ai.runner.TestRunner" name="@BeforeMethod methodsPreRequisites" time="0.0">
    <skipped/>
  </testcase> <!-- @BeforeMethod methodsPreRequisites -->
  <testcase classname="sew.ai.runner.TestRunner" name="@AfterMethod tearDownMethods" time="0.0">
    <skipped/>
  </testcase> <!-- @AfterMethod tearDownMethods -->
  <testcase classname="sew.ai.runner.TestRunner" name="@BeforeMethod methodsPreRequisites" time="0.0">
    <skipped/>
  </testcase> <!-- @BeforeMethod methodsPreRequisites -->
  <testcase classname="sew.ai.runner.TestRunner" name="@AfterMethod tearDownMethods" time="0.0">
    <skipped/>
  </testcase> <!-- @AfterMethod tearDownMethods -->
  <testcase classname="sew.ai.runner.TestRunner" name="@BeforeMethod methodsPreRequisites" time="0.0">
    <skipped/>
  </testcase> <!-- @BeforeMethod methodsPreRequisites -->
  <testcase classname="sew.ai.runner.TestRunner" name="@AfterMethod tearDownMethods" time="0.0">
    <skipped/>
  </testcase> <!-- @AfterMethod tearDownMethods -->
  <testcase classname="sew.ai.runner.TestRunner" name="@BeforeMethod methodsPreRequisites" time="0.0">
    <skipped/>
  </testcase> <!-- @BeforeMethod methodsPreRequisites -->
  <testcase classname="sew.ai.runner.TestRunner" name="@AfterMethod tearDownMethods" time="0.0">
    <skipped/>
  </testcase> <!-- @AfterMethod tearDownMethods -->
  <testcase classname="sew.ai.runner.TestRunner" name="@BeforeMethod methodsPreRequisites" time="0.0">
    <skipped/>
  </testcase> <!-- @BeforeMethod methodsPreRequisites -->
  <testcase classname="sew.ai.runner.TestRunner" name="@AfterMethod tearDownMethods" time="0.0">
    <skipped/>
  </testcase> <!-- @AfterMethod tearDownMethods -->
  <testcase classname="sew.ai.runner.TestRunner" name="@BeforeMethod methodsPreRequisites" time="0.0">
    <skipped/>
  </testcase> <!-- @BeforeMethod methodsPreRequisites -->
  <testcase classname="sew.ai.runner.TestRunner" name="@AfterMethod tearDownMethods" time="0.0">
    <skipped/>
  </testcase> <!-- @AfterMethod tearDownMethods -->
  <testcase classname="sew.ai.runner.TestRunner" name="@BeforeMethod methodsPreRequisites" time="0.0">
    <skipped/>
  </testcase> <!-- @BeforeMethod methodsPreRequisites -->
  <testcase classname="sew.ai.runner.TestRunner" name="@AfterMethod tearDownMethods" time="0.0">
    <skipped/>
  </testcase> <!-- @AfterMethod tearDownMethods -->
  <testcase classname="sew.ai.runner.TestRunner" name="@BeforeMethod methodsPreRequisites" time="0.0">
    <skipped/>
  </testcase> <!-- @BeforeMethod methodsPreRequisites -->
  <testcase classname="sew.ai.runner.TestRunner" name="@AfterMethod tearDownMethods" time="0.0">
    <skipped/>
  </testcase> <!-- @AfterMethod tearDownMethods -->
  <testcase classname="sew.ai.runner.TestRunner" name="@BeforeMethod methodsPreRequisites" time="0.0">
    <skipped/>
  </testcase> <!-- @BeforeMethod methodsPreRequisites -->
  <testcase classname="sew.ai.runner.TestRunner" name="@AfterMethod tearDownMethods" time="0.0">
    <skipped/>
  </testcase> <!-- @AfterMethod tearDownMethods -->
  <testcase classname="sew.ai.runner.TestRunner" name="@BeforeMethod methodsPreRequisites" time="0.0">
    <skipped/>
  </testcase> <!-- @BeforeMethod methodsPreRequisites -->
  <testcase classname="sew.ai.runner.TestRunner" name="@AfterMethod tearDownMethods" time="0.0">
    <skipped/>
  </testcase> <!-- @AfterMethod tearDownMethods -->
  <testcase classname="sew.ai.runner.TestRunner" name="@BeforeMethod methodsPreRequisites" time="0.0">
    <skipped/>
  </testcase> <!-- @BeforeMethod methodsPreRequisites -->
  <testcase classname="sew.ai.runner.TestRunner" name="@AfterMethod tearDownMethods" time="0.0">
    <skipped/>
  </testcase> <!-- @AfterMethod tearDownMethods -->
  <testcase classname="sew.ai.runner.TestRunner" name="@BeforeMethod methodsPreRequisites" time="0.0">
    <skipped/>
  </testcase> <!-- @BeforeMethod methodsPreRequisites -->
  <testcase classname="sew.ai.runner.TestRunner" name="@AfterMethod tearDownMethods" time="0.0">
    <skipped/>
  </testcase> <!-- @AfterMethod tearDownMethods -->
  <testcase classname="sew.ai.runner.TestRunner" name="@BeforeMethod methodsPreRequisites" time="0.0">
    <skipped/>
  </testcase> <!-- @BeforeMethod methodsPreRequisites -->
  <testcase classname="sew.ai.runner.TestRunner" name="@AfterMethod tearDownMethods" time="0.0">
    <skipped/>
  </testcase> <!-- @AfterMethod tearDownMethods -->
  <testcase classname="sew.ai.runner.TestRunner" name="@BeforeMethod methodsPreRequisites" time="0.0">
    <skipped/>
  </testcase> <!-- @BeforeMethod methodsPreRequisites -->
  <testcase classname="sew.ai.runner.TestRunner" name="@AfterMethod tearDownMethods" time="0.0">
    <skipped/>
  </testcase> <!-- @AfterMethod tearDownMethods -->
  <testcase classname="sew.ai.runner.TestRunner" name="@BeforeMethod methodsPreRequisites" time="0.0">
    <skipped/>
  </testcase> <!-- @BeforeMethod methodsPreRequisites -->
  <testcase classname="sew.ai.runner.TestRunner" name="@AfterMethod tearDownMethods" time="0.0">
    <skipped/>
  </testcase> <!-- @AfterMethod tearDownMethods -->
  <testcase classname="sew.ai.runner.TestRunner" name="@BeforeMethod methodsPreRequisites" time="0.0">
    <skipped/>
  </testcase> <!-- @BeforeMethod methodsPreRequisites -->
  <testcase classname="sew.ai.runner.TestRunner" name="@AfterMethod tearDownMethods" time="0.0">
    <skipped/>
  </testcase> <!-- @AfterMethod tearDownMethods -->
  <testcase classname="sew.ai.runner.TestRunner" name="@BeforeMethod methodsPreRequisites" time="0.0">
    <skipped/>
  </testcase> <!-- @BeforeMethod methodsPreRequisites -->
  <testcase classname="sew.ai.runner.TestRunner" name="@AfterMethod tearDownMethods" time="0.0">
    <skipped/>
  </testcase> <!-- @AfterMethod tearDownMethods -->
  <testcase classname="sew.ai.runner.TestRunner" name="@BeforeMethod methodsPreRequisites" time="0.0">
    <skipped/>
  </testcase> <!-- @BeforeMethod methodsPreRequisites -->
  <testcase classname="sew.ai.runner.TestRunner" name="@AfterMethod tearDownMethods" time="0.0">
    <skipped/>
  </testcase> <!-- @AfterMethod tearDownMethods -->
  <testcase classname="sew.ai.runner.TestRunner" name="@BeforeMethod methodsPreRequisites" time="0.0">
    <skipped/>
  </testcase> <!-- @BeforeMethod methodsPreRequisites -->
  <testcase classname="sew.ai.runner.TestRunner" name="@AfterMethod tearDownMethods" time="0.0">
    <skipped/>
  </testcase> <!-- @AfterMethod tearDownMethods -->
  <testcase classname="sew.ai.runner.TestRunner" name="@BeforeMethod methodsPreRequisites" time="0.0">
    <skipped/>
  </testcase> <!-- @BeforeMethod methodsPreRequisites -->
  <testcase classname="sew.ai.runner.TestRunner" name="@AfterMethod tearDownMethods" time="0.0">
    <skipped/>
  </testcase> <!-- @AfterMethod tearDownMethods -->
  <testcase classname="sew.ai.runner.TestRunner" name="@BeforeMethod methodsPreRequisites" time="0.0">
    <skipped/>
  </testcase> <!-- @BeforeMethod methodsPreRequisites -->
  <testcase classname="sew.ai.runner.TestRunner" name="@AfterMethod tearDownMethods" time="0.0">
    <skipped/>
  </testcase> <!-- @AfterMethod tearDownMethods -->
  <testcase classname="sew.ai.runner.TestRunner" name="@BeforeMethod methodsPreRequisites" time="0.0">
    <skipped/>
  </testcase> <!-- @BeforeMethod methodsPreRequisites -->
  <testcase classname="sew.ai.runner.TestRunner" name="@AfterMethod tearDownMethods" time="0.0">
    <skipped/>
  </testcase> <!-- @AfterMethod tearDownMethods -->
  <testcase classname="sew.ai.runner.TestRunner" name="@AfterClass tearDownClasses" time="0.0">
    <skipped/>
  </testcase> <!-- @AfterClass tearDownClasses -->
  <testcase classname="sew.ai.runner.TestRunner" name="@BeforeClass classPreRequisites" time="-1.697015483509E9">
    <failure type="org.testng.TestNGException" message="
Parameter &amp;apos;platformType&amp;apos; is required by BeforeClass on method classPreRequisites but has not been marked @Optional or defined
">
      <![CDATA[org.testng.TestNGException: 
Parameter 'platformType' is required by BeforeClass on method classPreRequisites but has not been marked @Optional or defined

at java.base/java.util.ArrayList.forEach(ArrayList.java:1511)
... Removed 27 stack frames]]>
    </failure>
  </testcase> <!-- @BeforeClass classPreRequisites -->
  <testcase classname="sew.ai.runner.TestRunner" name="@BeforeMethod methodsPreRequisites" time="0.0">
    <skipped/>
  </testcase> <!-- @BeforeMethod methodsPreRequisites -->
  <testcase classname="sew.ai.runner.TestRunner" name="@AfterMethod tearDownMethods" time="0.0">
    <skipped/>
  </testcase> <!-- @AfterMethod tearDownMethods -->
  <testcase classname="sew.ai.runner.TestRunner" name="@BeforeMethod methodsPreRequisites" time="0.0">
    <skipped/>
  </testcase> <!-- @BeforeMethod methodsPreRequisites -->
  <testcase classname="sew.ai.runner.TestRunner" name="@AfterMethod tearDownMethods" time="0.0">
    <skipped/>
  </testcase> <!-- @AfterMethod tearDownMethods -->
  <testcase classname="sew.ai.runner.TestRunner" name="@BeforeMethod methodsPreRequisites" time="0.0">
    <skipped/>
  </testcase> <!-- @BeforeMethod methodsPreRequisites -->
  <testcase classname="sew.ai.runner.TestRunner" name="@AfterMethod tearDownMethods" time="0.0">
    <skipped/>
  </testcase> <!-- @AfterMethod tearDownMethods -->
  <testcase classname="sew.ai.runner.TestRunner" name="@BeforeMethod methodsPreRequisites" time="0.0">
    <skipped/>
  </testcase> <!-- @BeforeMethod methodsPreRequisites -->
  <testcase classname="sew.ai.runner.TestRunner" name="@AfterMethod tearDownMethods" time="0.0">
    <skipped/>
  </testcase> <!-- @AfterMethod tearDownMethods -->
  <testcase classname="sew.ai.runner.TestRunner" name="@AfterClass tearDownClasses" time="0.0">
    <skipped/>
  </testcase> <!-- @AfterClass tearDownClasses -->
  <testcase classname="sew.ai.runner.TestRunner" name="@BeforeClass classPreRequisites" time="-1.697015483514E9">
    <failure type="org.testng.TestNGException" message="
Parameter &amp;apos;platformType&amp;apos; is required by BeforeClass on method classPreRequisites but has not been marked @Optional or defined
">
      <![CDATA[org.testng.TestNGException: 
Parameter 'platformType' is required by BeforeClass on method classPreRequisites but has not been marked @Optional or defined

at java.base/java.util.ArrayList.forEach(ArrayList.java:1511)
... Removed 27 stack frames]]>
    </failure>
  </testcase> <!-- @BeforeClass classPreRequisites -->
  <testcase classname="sew.ai.runner.TestRunner" name="@BeforeMethod methodsPreRequisites" time="0.0">
    <skipped/>
  </testcase> <!-- @BeforeMethod methodsPreRequisites -->
  <testcase classname="sew.ai.runner.TestRunner" name="@AfterMethod tearDownMethods" time="0.0">
    <skipped/>
  </testcase> <!-- @AfterMethod tearDownMethods -->
  <testcase classname="sew.ai.runner.TestRunner" name="@AfterClass tearDownClasses" time="0.0">
    <skipped/>
  </testcase> <!-- @AfterClass tearDownClasses -->
  <testcase classname="sew.ai.runner.TestRunner" name="@BeforeClass classPreRequisites" time="-1.697015483516E9">
    <failure type="org.testng.TestNGException" message="
Parameter &amp;apos;platformType&amp;apos; is required by BeforeClass on method classPreRequisites but has not been marked @Optional or defined
">
      <![CDATA[org.testng.TestNGException: 
Parameter 'platformType' is required by BeforeClass on method classPreRequisites but has not been marked @Optional or defined

at java.base/java.util.ArrayList.forEach(ArrayList.java:1511)
... Removed 27 stack frames]]>
    </failure>
  </testcase> <!-- @BeforeClass classPreRequisites -->
  <testcase classname="sew.ai.runner.TestRunner" name="@BeforeMethod methodsPreRequisites" time="0.0">
    <skipped/>
  </testcase> <!-- @BeforeMethod methodsPreRequisites -->
  <testcase classname="sew.ai.runner.TestRunner" name="@AfterMethod tearDownMethods" time="0.0">
    <skipped/>
  </testcase> <!-- @AfterMethod tearDownMethods -->
  <testcase classname="sew.ai.runner.TestRunner" name="@BeforeMethod methodsPreRequisites" time="0.0">
    <skipped/>
  </testcase> <!-- @BeforeMethod methodsPreRequisites -->
  <testcase classname="sew.ai.runner.TestRunner" name="@AfterMethod tearDownMethods" time="0.0">
    <skipped/>
  </testcase> <!-- @AfterMethod tearDownMethods -->
  <testcase classname="sew.ai.runner.TestRunner" name="@AfterClass tearDownClasses" time="0.0">
    <skipped/>
  </testcase> <!-- @AfterClass tearDownClasses -->
  <testcase classname="sew.ai.runner.TestRunner" name="@BeforeClass classPreRequisites" time="-1.697015483518E9">
    <failure type="org.testng.TestNGException" message="
Parameter &amp;apos;platformType&amp;apos; is required by BeforeClass on method classPreRequisites but has not been marked @Optional or defined
">
      <![CDATA[org.testng.TestNGException: 
Parameter 'platformType' is required by BeforeClass on method classPreRequisites but has not been marked @Optional or defined

at java.base/java.util.ArrayList.forEach(ArrayList.java:1511)
... Removed 27 stack frames]]>
    </failure>
  </testcase> <!-- @BeforeClass classPreRequisites -->
  <testcase classname="sew.ai.runner.TestRunner" name="@BeforeMethod methodsPreRequisites" time="0.0">
    <skipped/>
  </testcase> <!-- @BeforeMethod methodsPreRequisites -->
  <testcase classname="sew.ai.runner.TestRunner" name="@AfterMethod tearDownMethods" time="0.0">
    <skipped/>
  </testcase> <!-- @AfterMethod tearDownMethods -->
  <testcase classname="sew.ai.runner.TestRunner" name="@BeforeMethod methodsPreRequisites" time="0.0">
    <skipped/>
  </testcase> <!-- @BeforeMethod methodsPreRequisites -->
  <testcase classname="sew.ai.runner.TestRunner" name="@AfterMethod tearDownMethods" time="0.0">
    <skipped/>
  </testcase> <!-- @AfterMethod tearDownMethods -->
  <testcase classname="sew.ai.runner.TestRunner" name="@BeforeMethod methodsPreRequisites" time="0.0">
    <skipped/>
  </testcase> <!-- @BeforeMethod methodsPreRequisites -->
  <testcase classname="sew.ai.runner.TestRunner" name="@AfterMethod tearDownMethods" time="0.0">
    <skipped/>
  </testcase> <!-- @AfterMethod tearDownMethods -->
  <testcase classname="sew.ai.runner.TestRunner" name="@BeforeMethod methodsPreRequisites" time="0.0">
    <skipped/>
  </testcase> <!-- @BeforeMethod methodsPreRequisites -->
  <testcase classname="sew.ai.runner.TestRunner" name="@AfterMethod tearDownMethods" time="0.0">
    <skipped/>
  </testcase> <!-- @AfterMethod tearDownMethods -->
  <testcase classname="sew.ai.runner.TestRunner" name="@BeforeMethod methodsPreRequisites" time="0.0">
    <skipped/>
  </testcase> <!-- @BeforeMethod methodsPreRequisites -->
  <testcase classname="sew.ai.runner.TestRunner" name="@AfterMethod tearDownMethods" time="0.0">
    <skipped/>
  </testcase> <!-- @AfterMethod tearDownMethods -->
  <testcase classname="sew.ai.runner.TestRunner" name="@BeforeMethod methodsPreRequisites" time="0.0">
    <skipped/>
  </testcase> <!-- @BeforeMethod methodsPreRequisites -->
  <testcase classname="sew.ai.runner.TestRunner" name="@AfterMethod tearDownMethods" time="0.0">
    <skipped/>
  </testcase> <!-- @AfterMethod tearDownMethods -->
  <testcase classname="sew.ai.runner.TestRunner" name="@BeforeMethod methodsPreRequisites" time="0.0">
    <skipped/>
  </testcase> <!-- @BeforeMethod methodsPreRequisites -->
  <testcase classname="sew.ai.runner.TestRunner" name="@AfterMethod tearDownMethods" time="0.0">
    <skipped/>
  </testcase> <!-- @AfterMethod tearDownMethods -->
  <testcase classname="sew.ai.runner.TestRunner" name="@BeforeMethod methodsPreRequisites" time="0.0">
    <skipped/>
  </testcase> <!-- @BeforeMethod methodsPreRequisites -->
  <testcase classname="sew.ai.runner.TestRunner" name="@AfterMethod tearDownMethods" time="0.0">
    <skipped/>
  </testcase> <!-- @AfterMethod tearDownMethods -->
  <testcase classname="sew.ai.runner.TestRunner" name="@BeforeMethod methodsPreRequisites" time="0.0">
    <skipped/>
  </testcase> <!-- @BeforeMethod methodsPreRequisites -->
  <testcase classname="sew.ai.runner.TestRunner" name="@AfterMethod tearDownMethods" time="0.0">
    <skipped/>
  </testcase> <!-- @AfterMethod tearDownMethods -->
  <testcase classname="sew.ai.runner.TestRunner" name="@BeforeMethod methodsPreRequisites" time="0.0">
    <skipped/>
  </testcase> <!-- @BeforeMethod methodsPreRequisites -->
  <testcase classname="sew.ai.runner.TestRunner" name="@AfterMethod tearDownMethods" time="0.0">
    <skipped/>
  </testcase> <!-- @AfterMethod tearDownMethods -->
  <testcase classname="sew.ai.runner.TestRunner" name="@BeforeMethod methodsPreRequisites" time="0.0">
    <skipped/>
  </testcase> <!-- @BeforeMethod methodsPreRequisites -->
  <testcase classname="sew.ai.runner.TestRunner" name="@AfterMethod tearDownMethods" time="0.0">
    <skipped/>
  </testcase> <!-- @AfterMethod tearDownMethods -->
  <testcase classname="sew.ai.runner.TestRunner" name="@BeforeMethod methodsPreRequisites" time="0.0">
    <skipped/>
  </testcase> <!-- @BeforeMethod methodsPreRequisites -->
  <testcase classname="sew.ai.runner.TestRunner" name="@AfterMethod tearDownMethods" time="0.0">
    <skipped/>
  </testcase> <!-- @AfterMethod tearDownMethods -->
  <testcase classname="sew.ai.runner.TestRunner" name="@BeforeMethod methodsPreRequisites" time="0.0">
    <skipped/>
  </testcase> <!-- @BeforeMethod methodsPreRequisites -->
  <testcase classname="sew.ai.runner.TestRunner" name="@AfterMethod tearDownMethods" time="0.0">
    <skipped/>
  </testcase> <!-- @AfterMethod tearDownMethods -->
  <testcase classname="sew.ai.runner.TestRunner" name="@BeforeMethod methodsPreRequisites" time="0.0">
    <skipped/>
  </testcase> <!-- @BeforeMethod methodsPreRequisites -->
  <testcase classname="sew.ai.runner.TestRunner" name="@AfterMethod tearDownMethods" time="0.0">
    <skipped/>
  </testcase> <!-- @AfterMethod tearDownMethods -->
  <testcase classname="sew.ai.runner.TestRunner" name="@BeforeMethod methodsPreRequisites" time="0.0">
    <skipped/>
  </testcase> <!-- @BeforeMethod methodsPreRequisites -->
  <testcase classname="sew.ai.runner.TestRunner" name="@AfterMethod tearDownMethods" time="0.0">
    <skipped/>
  </testcase> <!-- @AfterMethod tearDownMethods -->
  <testcase classname="sew.ai.runner.TestRunner" name="@BeforeMethod methodsPreRequisites" time="0.0">
    <skipped/>
  </testcase> <!-- @BeforeMethod methodsPreRequisites -->
  <testcase classname="sew.ai.runner.TestRunner" name="@AfterMethod tearDownMethods" time="0.0">
    <skipped/>
  </testcase> <!-- @AfterMethod tearDownMethods -->
  <testcase classname="sew.ai.runner.TestRunner" name="@BeforeMethod methodsPreRequisites" time="0.0">
    <skipped/>
  </testcase> <!-- @BeforeMethod methodsPreRequisites -->
  <testcase classname="sew.ai.runner.TestRunner" name="@AfterMethod tearDownMethods" time="0.0">
    <skipped/>
  </testcase> <!-- @AfterMethod tearDownMethods -->
  <testcase classname="sew.ai.runner.TestRunner" name="@BeforeMethod methodsPreRequisites" time="0.0">
    <skipped/>
  </testcase> <!-- @BeforeMethod methodsPreRequisites -->
  <testcase classname="sew.ai.runner.TestRunner" name="@AfterMethod tearDownMethods" time="0.0">
    <skipped/>
  </testcase> <!-- @AfterMethod tearDownMethods -->
  <testcase classname="sew.ai.runner.TestRunner" name="@BeforeMethod methodsPreRequisites" time="0.0">
    <skipped/>
  </testcase> <!-- @BeforeMethod methodsPreRequisites -->
  <testcase classname="sew.ai.runner.TestRunner" name="@AfterMethod tearDownMethods" time="0.0">
    <skipped/>
  </testcase> <!-- @AfterMethod tearDownMethods -->
  <testcase classname="sew.ai.runner.TestRunner" name="@AfterClass tearDownClasses" time="0.0">
    <skipped/>
  </testcase> <!-- @AfterClass tearDownClasses -->
  <testcase classname="sew.ai.runner.TestRunner" name="@BeforeClass classPreRequisites" time="-1.697015483536E9">
    <failure type="org.testng.TestNGException" message="
Parameter &amp;apos;platformType&amp;apos; is required by BeforeClass on method classPreRequisites but has not been marked @Optional or defined
">
      <![CDATA[org.testng.TestNGException: 
Parameter 'platformType' is required by BeforeClass on method classPreRequisites but has not been marked @Optional or defined

at java.base/java.util.ArrayList.forEach(ArrayList.java:1511)
... Removed 27 stack frames]]>
    </failure>
  </testcase> <!-- @BeforeClass classPreRequisites -->
  <testcase classname="sew.ai.runner.TestRunner" name="@BeforeMethod methodsPreRequisites" time="0.0">
    <skipped/>
  </testcase> <!-- @BeforeMethod methodsPreRequisites -->
  <testcase classname="sew.ai.runner.TestRunner" name="@AfterMethod tearDownMethods" time="0.0">
    <skipped/>
  </testcase> <!-- @AfterMethod tearDownMethods -->
  <testcase classname="sew.ai.runner.TestRunner" name="@BeforeMethod methodsPreRequisites" time="0.0">
    <skipped/>
  </testcase> <!-- @BeforeMethod methodsPreRequisites -->
  <testcase classname="sew.ai.runner.TestRunner" name="@AfterMethod tearDownMethods" time="0.0">
    <skipped/>
  </testcase> <!-- @AfterMethod tearDownMethods -->
  <testcase classname="sew.ai.runner.TestRunner" name="@BeforeMethod methodsPreRequisites" time="0.0">
    <skipped/>
  </testcase> <!-- @BeforeMethod methodsPreRequisites -->
  <testcase classname="sew.ai.runner.TestRunner" name="@AfterMethod tearDownMethods" time="0.0">
    <skipped/>
  </testcase> <!-- @AfterMethod tearDownMethods -->
  <testcase classname="sew.ai.runner.TestRunner" name="@BeforeMethod methodsPreRequisites" time="0.0">
    <skipped/>
  </testcase> <!-- @BeforeMethod methodsPreRequisites -->
  <testcase classname="sew.ai.runner.TestRunner" name="@AfterMethod tearDownMethods" time="0.0">
    <skipped/>
  </testcase> <!-- @AfterMethod tearDownMethods -->
  <testcase classname="sew.ai.runner.TestRunner" name="@BeforeMethod methodsPreRequisites" time="0.0">
    <skipped/>
  </testcase> <!-- @BeforeMethod methodsPreRequisites -->
  <testcase classname="sew.ai.runner.TestRunner" name="@AfterMethod tearDownMethods" time="0.0">
    <skipped/>
  </testcase> <!-- @AfterMethod tearDownMethods -->
  <testcase classname="sew.ai.runner.TestRunner" name="@BeforeMethod methodsPreRequisites" time="0.0">
    <skipped/>
  </testcase> <!-- @BeforeMethod methodsPreRequisites -->
  <testcase classname="sew.ai.runner.TestRunner" name="@AfterMethod tearDownMethods" time="0.0">
    <skipped/>
  </testcase> <!-- @AfterMethod tearDownMethods -->
  <testcase classname="sew.ai.runner.TestRunner" name="@BeforeMethod methodsPreRequisites" time="0.0">
    <skipped/>
  </testcase> <!-- @BeforeMethod methodsPreRequisites -->
  <testcase classname="sew.ai.runner.TestRunner" name="@AfterMethod tearDownMethods" time="0.0">
    <skipped/>
  </testcase> <!-- @AfterMethod tearDownMethods -->
  <testcase classname="sew.ai.runner.TestRunner" name="@BeforeMethod methodsPreRequisites" time="0.0">
    <skipped/>
  </testcase> <!-- @BeforeMethod methodsPreRequisites -->
  <testcase classname="sew.ai.runner.TestRunner" name="@AfterMethod tearDownMethods" time="0.0">
    <skipped/>
  </testcase> <!-- @AfterMethod tearDownMethods -->
  <testcase classname="sew.ai.runner.TestRunner" name="@BeforeMethod methodsPreRequisites" time="0.0">
    <skipped/>
  </testcase> <!-- @BeforeMethod methodsPreRequisites -->
  <testcase classname="sew.ai.runner.TestRunner" name="@AfterMethod tearDownMethods" time="0.0">
    <skipped/>
  </testcase> <!-- @AfterMethod tearDownMethods -->
  <testcase classname="sew.ai.runner.TestRunner" name="@BeforeMethod methodsPreRequisites" time="0.0">
    <skipped/>
  </testcase> <!-- @BeforeMethod methodsPreRequisites -->
  <testcase classname="sew.ai.runner.TestRunner" name="@AfterMethod tearDownMethods" time="0.0">
    <skipped/>
  </testcase> <!-- @AfterMethod tearDownMethods -->
  <testcase classname="sew.ai.runner.TestRunner" name="@BeforeMethod methodsPreRequisites" time="0.0">
    <skipped/>
  </testcase> <!-- @BeforeMethod methodsPreRequisites -->
  <testcase classname="sew.ai.runner.TestRunner" name="@AfterMethod tearDownMethods" time="0.0">
    <skipped/>
  </testcase> <!-- @AfterMethod tearDownMethods -->
  <testcase classname="sew.ai.runner.TestRunner" name="@BeforeMethod methodsPreRequisites" time="0.0">
    <skipped/>
  </testcase> <!-- @BeforeMethod methodsPreRequisites -->
  <testcase classname="sew.ai.runner.TestRunner" name="@AfterMethod tearDownMethods" time="0.0">
    <skipped/>
  </testcase> <!-- @AfterMethod tearDownMethods -->
  <testcase classname="sew.ai.runner.TestRunner" name="@BeforeMethod methodsPreRequisites" time="0.0">
    <skipped/>
  </testcase> <!-- @BeforeMethod methodsPreRequisites -->
  <testcase classname="sew.ai.runner.TestRunner" name="@AfterMethod tearDownMethods" time="0.0">
    <skipped/>
  </testcase> <!-- @AfterMethod tearDownMethods -->
  <testcase classname="sew.ai.runner.TestRunner" name="@BeforeMethod methodsPreRequisites" time="0.0">
    <skipped/>
  </testcase> <!-- @BeforeMethod methodsPreRequisites -->
  <testcase classname="sew.ai.runner.TestRunner" name="@AfterMethod tearDownMethods" time="0.0">
    <skipped/>
  </testcase> <!-- @AfterMethod tearDownMethods -->
  <testcase classname="sew.ai.runner.TestRunner" name="@AfterClass tearDownClasses" time="0.0">
    <skipped/>
  </testcase> <!-- @AfterClass tearDownClasses -->
  <testcase classname="sew.ai.runner.TestRunner" name="@BeforeClass classPreRequisites" time="-1.697015483547E9">
    <failure type="org.testng.TestNGException" message="
Parameter &amp;apos;platformType&amp;apos; is required by BeforeClass on method classPreRequisites but has not been marked @Optional or defined
">
      <![CDATA[org.testng.TestNGException: 
Parameter 'platformType' is required by BeforeClass on method classPreRequisites but has not been marked @Optional or defined

at java.base/java.util.ArrayList.forEach(ArrayList.java:1511)
... Removed 27 stack frames]]>
    </failure>
  </testcase> <!-- @BeforeClass classPreRequisites -->
  <testcase classname="sew.ai.runner.TestRunner" name="@BeforeMethod methodsPreRequisites" time="0.0">
    <skipped/>
  </testcase> <!-- @BeforeMethod methodsPreRequisites -->
  <testcase classname="sew.ai.runner.TestRunner" name="@AfterMethod tearDownMethods" time="0.0">
    <skipped/>
  </testcase> <!-- @AfterMethod tearDownMethods -->
  <testcase classname="sew.ai.runner.TestRunner" name="@BeforeMethod methodsPreRequisites" time="0.0">
    <skipped/>
  </testcase> <!-- @BeforeMethod methodsPreRequisites -->
  <testcase classname="sew.ai.runner.TestRunner" name="@AfterMethod tearDownMethods" time="0.0">
    <skipped/>
  </testcase> <!-- @AfterMethod tearDownMethods -->
  <testcase classname="sew.ai.runner.TestRunner" name="@BeforeMethod methodsPreRequisites" time="0.0">
    <skipped/>
  </testcase> <!-- @BeforeMethod methodsPreRequisites -->
  <testcase classname="sew.ai.runner.TestRunner" name="@AfterMethod tearDownMethods" time="0.0">
    <skipped/>
  </testcase> <!-- @AfterMethod tearDownMethods -->
  <testcase classname="sew.ai.runner.TestRunner" name="@BeforeMethod methodsPreRequisites" time="0.0">
    <skipped/>
  </testcase> <!-- @BeforeMethod methodsPreRequisites -->
  <testcase classname="sew.ai.runner.TestRunner" name="@AfterMethod tearDownMethods" time="0.0">
    <skipped/>
  </testcase> <!-- @AfterMethod tearDownMethods -->
  <testcase classname="sew.ai.runner.TestRunner" name="@BeforeMethod methodsPreRequisites" time="0.0">
    <skipped/>
  </testcase> <!-- @BeforeMethod methodsPreRequisites -->
  <testcase classname="sew.ai.runner.TestRunner" name="@AfterMethod tearDownMethods" time="0.0">
    <skipped/>
  </testcase> <!-- @AfterMethod tearDownMethods -->
  <testcase classname="sew.ai.runner.TestRunner" name="@BeforeMethod methodsPreRequisites" time="0.0">
    <skipped/>
  </testcase> <!-- @BeforeMethod methodsPreRequisites -->
  <testcase classname="sew.ai.runner.TestRunner" name="@AfterMethod tearDownMethods" time="0.0">
    <skipped/>
  </testcase> <!-- @AfterMethod tearDownMethods -->
  <testcase classname="sew.ai.runner.TestRunner" name="@BeforeMethod methodsPreRequisites" time="0.0">
    <skipped/>
  </testcase> <!-- @BeforeMethod methodsPreRequisites -->
  <testcase classname="sew.ai.runner.TestRunner" name="@AfterMethod tearDownMethods" time="0.0">
    <skipped/>
  </testcase> <!-- @AfterMethod tearDownMethods -->
  <testcase classname="sew.ai.runner.TestRunner" name="@AfterClass tearDownClasses" time="0.0">
    <skipped/>
  </testcase> <!-- @AfterClass tearDownClasses -->
  <testcase classname="sew.ai.runner.TestRunner" name="@BeforeClass classPreRequisites" time="-1.697015483554E9">
    <failure type="org.testng.TestNGException" message="
Parameter &amp;apos;platformType&amp;apos; is required by BeforeClass on method classPreRequisites but has not been marked @Optional or defined
">
      <![CDATA[org.testng.TestNGException: 
Parameter 'platformType' is required by BeforeClass on method classPreRequisites but has not been marked @Optional or defined

at java.base/java.util.ArrayList.forEach(ArrayList.java:1511)
... Removed 27 stack frames]]>
    </failure>
  </testcase> <!-- @BeforeClass classPreRequisites -->
  <testcase classname="sew.ai.runner.TestRunner" name="@BeforeMethod methodsPreRequisites" time="0.0">
    <skipped/>
  </testcase> <!-- @BeforeMethod methodsPreRequisites -->
  <testcase classname="sew.ai.runner.TestRunner" name="@AfterMethod tearDownMethods" time="0.0">
    <skipped/>
  </testcase> <!-- @AfterMethod tearDownMethods -->
  <testcase classname="sew.ai.runner.TestRunner" name="@BeforeMethod methodsPreRequisites" time="0.0">
    <skipped/>
  </testcase> <!-- @BeforeMethod methodsPreRequisites -->
  <testcase classname="sew.ai.runner.TestRunner" name="@AfterMethod tearDownMethods" time="0.0">
    <skipped/>
  </testcase> <!-- @AfterMethod tearDownMethods -->
  <testcase classname="sew.ai.runner.TestRunner" name="@AfterClass tearDownClasses" time="0.0">
    <skipped/>
  </testcase> <!-- @AfterClass tearDownClasses -->
  <testcase classname="sew.ai.runner.TestRunner" name="@BeforeClass classPreRequisites" time="-1.697015483556E9">
    <failure type="org.testng.TestNGException" message="
Parameter &amp;apos;platformType&amp;apos; is required by BeforeClass on method classPreRequisites but has not been marked @Optional or defined
">
      <![CDATA[org.testng.TestNGException: 
Parameter 'platformType' is required by BeforeClass on method classPreRequisites but has not been marked @Optional or defined

at java.base/java.util.ArrayList.forEach(ArrayList.java:1511)
... Removed 27 stack frames]]>
    </failure>
  </testcase> <!-- @BeforeClass classPreRequisites -->
  <testcase classname="sew.ai.runner.TestRunner" name="@BeforeMethod methodsPreRequisites" time="0.0">
    <skipped/>
  </testcase> <!-- @BeforeMethod methodsPreRequisites -->
  <testcase classname="sew.ai.runner.TestRunner" name="@AfterMethod tearDownMethods" time="0.0">
    <skipped/>
  </testcase> <!-- @AfterMethod tearDownMethods -->
  <testcase classname="sew.ai.runner.TestRunner" name="@BeforeMethod methodsPreRequisites" time="0.0">
    <skipped/>
  </testcase> <!-- @BeforeMethod methodsPreRequisites -->
  <testcase classname="sew.ai.runner.TestRunner" name="@AfterMethod tearDownMethods" time="0.0">
    <skipped/>
  </testcase> <!-- @AfterMethod tearDownMethods -->
  <testcase classname="sew.ai.runner.TestRunner" name="@BeforeMethod methodsPreRequisites" time="0.0">
    <skipped/>
  </testcase> <!-- @BeforeMethod methodsPreRequisites -->
  <testcase classname="sew.ai.runner.TestRunner" name="@AfterMethod tearDownMethods" time="0.0">
    <skipped/>
  </testcase> <!-- @AfterMethod tearDownMethods -->
  <testcase classname="sew.ai.runner.TestRunner" name="@BeforeMethod methodsPreRequisites" time="0.0">
    <skipped/>
  </testcase> <!-- @BeforeMethod methodsPreRequisites -->
  <testcase classname="sew.ai.runner.TestRunner" name="@AfterMethod tearDownMethods" time="0.0">
    <skipped/>
  </testcase> <!-- @AfterMethod tearDownMethods -->
  <testcase classname="sew.ai.runner.TestRunner" name="@BeforeMethod methodsPreRequisites" time="0.0">
    <skipped/>
  </testcase> <!-- @BeforeMethod methodsPreRequisites -->
  <testcase classname="sew.ai.runner.TestRunner" name="@AfterMethod tearDownMethods" time="0.0">
    <skipped/>
  </testcase> <!-- @AfterMethod tearDownMethods -->
  <testcase classname="sew.ai.runner.TestRunner" name="@AfterClass tearDownClasses" time="0.0">
    <skipped/>
  </testcase> <!-- @AfterClass tearDownClasses -->
  <testcase classname="sew.ai.runner.TestRunner" name="@BeforeClass classPreRequisites" time="-1.697015483562E9">
    <failure type="org.testng.TestNGException" message="
Parameter &amp;apos;platformType&amp;apos; is required by BeforeClass on method classPreRequisites but has not been marked @Optional or defined
">
      <![CDATA[org.testng.TestNGException: 
Parameter 'platformType' is required by BeforeClass on method classPreRequisites but has not been marked @Optional or defined

at java.base/java.util.ArrayList.forEach(ArrayList.java:1511)
... Removed 27 stack frames]]>
    </failure>
  </testcase> <!-- @BeforeClass classPreRequisites -->
  <testcase classname="sew.ai.runner.TestRunner" name="@BeforeMethod methodsPreRequisites" time="0.0">
    <skipped/>
  </testcase> <!-- @BeforeMethod methodsPreRequisites -->
  <testcase classname="sew.ai.runner.TestRunner" name="@AfterMethod tearDownMethods" time="0.0">
    <skipped/>
  </testcase> <!-- @AfterMethod tearDownMethods -->
  <testcase classname="sew.ai.runner.TestRunner" name="@BeforeMethod methodsPreRequisites" time="0.0">
    <skipped/>
  </testcase> <!-- @BeforeMethod methodsPreRequisites -->
  <testcase classname="sew.ai.runner.TestRunner" name="@AfterMethod tearDownMethods" time="0.0">
    <skipped/>
  </testcase> <!-- @AfterMethod tearDownMethods -->
  <testcase classname="sew.ai.runner.TestRunner" name="@BeforeMethod methodsPreRequisites" time="0.0">
    <skipped/>
  </testcase> <!-- @BeforeMethod methodsPreRequisites -->
  <testcase classname="sew.ai.runner.TestRunner" name="@AfterMethod tearDownMethods" time="0.0">
    <skipped/>
  </testcase> <!-- @AfterMethod tearDownMethods -->
  <testcase classname="sew.ai.runner.TestRunner" name="@BeforeMethod methodsPreRequisites" time="0.0">
    <skipped/>
  </testcase> <!-- @BeforeMethod methodsPreRequisites -->
  <testcase classname="sew.ai.runner.TestRunner" name="@AfterMethod tearDownMethods" time="0.0">
    <skipped/>
  </testcase> <!-- @AfterMethod tearDownMethods -->
  <testcase classname="sew.ai.runner.TestRunner" name="@BeforeMethod methodsPreRequisites" time="0.0">
    <skipped/>
  </testcase> <!-- @BeforeMethod methodsPreRequisites -->
  <testcase classname="sew.ai.runner.TestRunner" name="@AfterMethod tearDownMethods" time="0.0">
    <skipped/>
  </testcase> <!-- @AfterMethod tearDownMethods -->
  <testcase classname="sew.ai.runner.TestRunner" name="@AfterClass tearDownClasses" time="0.0">
    <skipped/>
  </testcase> <!-- @AfterClass tearDownClasses -->
  <testcase classname="sew.ai.runner.TestRunner" name="@BeforeClass classPreRequisites" time="-1.69701548357E9">
    <failure type="org.testng.TestNGException" message="
Parameter &amp;apos;platformType&amp;apos; is required by BeforeClass on method classPreRequisites but has not been marked @Optional or defined
">
      <![CDATA[org.testng.TestNGException: 
Parameter 'platformType' is required by BeforeClass on method classPreRequisites but has not been marked @Optional or defined

at java.base/java.util.ArrayList.forEach(ArrayList.java:1511)
... Removed 27 stack frames]]>
    </failure>
  </testcase> <!-- @BeforeClass classPreRequisites -->
  <testcase classname="sew.ai.runner.TestRunner" name="@BeforeMethod methodsPreRequisites" time="0.0">
    <skipped/>
  </testcase> <!-- @BeforeMethod methodsPreRequisites -->
  <testcase classname="sew.ai.runner.TestRunner" name="@AfterMethod tearDownMethods" time="0.0">
    <skipped/>
  </testcase> <!-- @AfterMethod tearDownMethods -->
  <testcase classname="sew.ai.runner.TestRunner" name="@BeforeMethod methodsPreRequisites" time="0.0">
    <skipped/>
  </testcase> <!-- @BeforeMethod methodsPreRequisites -->
  <testcase classname="sew.ai.runner.TestRunner" name="@AfterMethod tearDownMethods" time="0.0">
    <skipped/>
  </testcase> <!-- @AfterMethod tearDownMethods -->
  <testcase classname="sew.ai.runner.TestRunner" name="@BeforeMethod methodsPreRequisites" time="0.0">
    <skipped/>
  </testcase> <!-- @BeforeMethod methodsPreRequisites -->
  <testcase classname="sew.ai.runner.TestRunner" name="@AfterMethod tearDownMethods" time="0.0">
    <skipped/>
  </testcase> <!-- @AfterMethod tearDownMethods -->
  <testcase classname="sew.ai.runner.TestRunner" name="@BeforeMethod methodsPreRequisites" time="0.0">
    <skipped/>
  </testcase> <!-- @BeforeMethod methodsPreRequisites -->
  <testcase classname="sew.ai.runner.TestRunner" name="@AfterMethod tearDownMethods" time="0.0">
    <skipped/>
  </testcase> <!-- @AfterMethod tearDownMethods -->
  <testcase classname="sew.ai.runner.TestRunner" name="@BeforeMethod methodsPreRequisites" time="0.0">
    <skipped/>
  </testcase> <!-- @BeforeMethod methodsPreRequisites -->
  <testcase classname="sew.ai.runner.TestRunner" name="@AfterMethod tearDownMethods" time="0.0">
    <skipped/>
  </testcase> <!-- @AfterMethod tearDownMethods -->
  <testcase classname="sew.ai.runner.TestRunner" name="@BeforeMethod methodsPreRequisites" time="0.0">
    <skipped/>
  </testcase> <!-- @BeforeMethod methodsPreRequisites -->
  <testcase classname="sew.ai.runner.TestRunner" name="@AfterMethod tearDownMethods" time="0.0">
    <skipped/>
  </testcase> <!-- @AfterMethod tearDownMethods -->
  <testcase classname="sew.ai.runner.TestRunner" name="@BeforeMethod methodsPreRequisites" time="0.0">
    <skipped/>
  </testcase> <!-- @BeforeMethod methodsPreRequisites -->
  <testcase classname="sew.ai.runner.TestRunner" name="@AfterMethod tearDownMethods" time="0.0">
    <skipped/>
  </testcase> <!-- @AfterMethod tearDownMethods -->
  <testcase classname="sew.ai.runner.TestRunner" name="@BeforeMethod methodsPreRequisites" time="0.0">
    <skipped/>
  </testcase> <!-- @BeforeMethod methodsPreRequisites -->
  <testcase classname="sew.ai.runner.TestRunner" name="@AfterMethod tearDownMethods" time="0.0">
    <skipped/>
  </testcase> <!-- @AfterMethod tearDownMethods -->
  <testcase classname="sew.ai.runner.TestRunner" name="@BeforeMethod methodsPreRequisites" time="0.0">
    <skipped/>
  </testcase> <!-- @BeforeMethod methodsPreRequisites -->
  <testcase classname="sew.ai.runner.TestRunner" name="@AfterMethod tearDownMethods" time="0.0">
    <skipped/>
  </testcase> <!-- @AfterMethod tearDownMethods -->
  <testcase classname="sew.ai.runner.TestRunner" name="@BeforeMethod methodsPreRequisites" time="0.0">
    <skipped/>
  </testcase> <!-- @BeforeMethod methodsPreRequisites -->
  <testcase classname="sew.ai.runner.TestRunner" name="@AfterMethod tearDownMethods" time="0.0">
    <skipped/>
  </testcase> <!-- @AfterMethod tearDownMethods -->
  <testcase classname="sew.ai.runner.TestRunner" name="@BeforeMethod methodsPreRequisites" time="0.0">
    <skipped/>
  </testcase> <!-- @BeforeMethod methodsPreRequisites -->
  <testcase classname="sew.ai.runner.TestRunner" name="@AfterMethod tearDownMethods" time="0.0">
    <skipped/>
  </testcase> <!-- @AfterMethod tearDownMethods -->
  <testcase classname="sew.ai.runner.TestRunner" name="@BeforeMethod methodsPreRequisites" time="0.0">
    <skipped/>
  </testcase> <!-- @BeforeMethod methodsPreRequisites -->
  <testcase classname="sew.ai.runner.TestRunner" name="@AfterMethod tearDownMethods" time="0.0">
    <skipped/>
  </testcase> <!-- @AfterMethod tearDownMethods -->
  <testcase classname="sew.ai.runner.TestRunner" name="@AfterClass tearDownClasses" time="0.0">
    <skipped/>
  </testcase> <!-- @AfterClass tearDownClasses -->
  <testcase classname="sew.ai.runner.TestRunner" name="@BeforeClass classPreRequisites" time="-1.697015483583E9">
    <failure type="org.testng.TestNGException" message="
Parameter &amp;apos;platformType&amp;apos; is required by BeforeClass on method classPreRequisites but has not been marked @Optional or defined
">
      <![CDATA[org.testng.TestNGException: 
Parameter 'platformType' is required by BeforeClass on method classPreRequisites but has not been marked @Optional or defined

at java.base/java.util.ArrayList.forEach(ArrayList.java:1511)
... Removed 27 stack frames]]>
    </failure>
  </testcase> <!-- @BeforeClass classPreRequisites -->
  <testcase classname="sew.ai.runner.TestRunner" name="@BeforeMethod methodsPreRequisites" time="0.0">
    <skipped/>
  </testcase> <!-- @BeforeMethod methodsPreRequisites -->
  <testcase classname="sew.ai.runner.TestRunner" name="@AfterMethod tearDownMethods" time="0.0">
    <skipped/>
  </testcase> <!-- @AfterMethod tearDownMethods -->
  <testcase classname="sew.ai.runner.TestRunner" name="@BeforeMethod methodsPreRequisites" time="0.0">
    <skipped/>
  </testcase> <!-- @BeforeMethod methodsPreRequisites -->
  <testcase classname="sew.ai.runner.TestRunner" name="@AfterMethod tearDownMethods" time="0.0">
    <skipped/>
  </testcase> <!-- @AfterMethod tearDownMethods -->
  <testcase classname="sew.ai.runner.TestRunner" name="@BeforeMethod methodsPreRequisites" time="0.0">
    <skipped/>
  </testcase> <!-- @BeforeMethod methodsPreRequisites -->
  <testcase classname="sew.ai.runner.TestRunner" name="@AfterMethod tearDownMethods" time="0.0">
    <skipped/>
  </testcase> <!-- @AfterMethod tearDownMethods -->
  <testcase classname="sew.ai.runner.TestRunner" name="@BeforeMethod methodsPreRequisites" time="0.0">
    <skipped/>
  </testcase> <!-- @BeforeMethod methodsPreRequisites -->
  <testcase classname="sew.ai.runner.TestRunner" name="@AfterMethod tearDownMethods" time="0.0">
    <skipped/>
  </testcase> <!-- @AfterMethod tearDownMethods -->
  <testcase classname="sew.ai.runner.TestRunner" name="@BeforeMethod methodsPreRequisites" time="0.0">
    <skipped/>
  </testcase> <!-- @BeforeMethod methodsPreRequisites -->
  <testcase classname="sew.ai.runner.TestRunner" name="@AfterMethod tearDownMethods" time="0.0">
    <skipped/>
  </testcase> <!-- @AfterMethod tearDownMethods -->
  <testcase classname="sew.ai.runner.TestRunner" name="@BeforeMethod methodsPreRequisites" time="0.0">
    <skipped/>
  </testcase> <!-- @BeforeMethod methodsPreRequisites -->
  <testcase classname="sew.ai.runner.TestRunner" name="@AfterMethod tearDownMethods" time="0.0">
    <skipped/>
  </testcase> <!-- @AfterMethod tearDownMethods -->
  <testcase classname="sew.ai.runner.TestRunner" name="@BeforeMethod methodsPreRequisites" time="0.0">
    <skipped/>
  </testcase> <!-- @BeforeMethod methodsPreRequisites -->
  <testcase classname="sew.ai.runner.TestRunner" name="@AfterMethod tearDownMethods" time="0.0">
    <skipped/>
  </testcase> <!-- @AfterMethod tearDownMethods -->
  <testcase classname="sew.ai.runner.TestRunner" name="@BeforeMethod methodsPreRequisites" time="0.0">
    <skipped/>
  </testcase> <!-- @BeforeMethod methodsPreRequisites -->
  <testcase classname="sew.ai.runner.TestRunner" name="@AfterMethod tearDownMethods" time="0.0">
    <skipped/>
  </testcase> <!-- @AfterMethod tearDownMethods -->
  <testcase classname="sew.ai.runner.TestRunner" name="@BeforeMethod methodsPreRequisites" time="0.0">
    <skipped/>
  </testcase> <!-- @BeforeMethod methodsPreRequisites -->
  <testcase classname="sew.ai.runner.TestRunner" name="@AfterMethod tearDownMethods" time="0.0">
    <skipped/>
  </testcase> <!-- @AfterMethod tearDownMethods -->
  <testcase classname="sew.ai.runner.TestRunner" name="@BeforeMethod methodsPreRequisites" time="0.0">
    <skipped/>
  </testcase> <!-- @BeforeMethod methodsPreRequisites -->
  <testcase classname="sew.ai.runner.TestRunner" name="@AfterMethod tearDownMethods" time="0.0">
    <skipped/>
  </testcase> <!-- @AfterMethod tearDownMethods -->
  <testcase classname="sew.ai.runner.TestRunner" name="@BeforeMethod methodsPreRequisites" time="0.0">
    <skipped/>
  </testcase> <!-- @BeforeMethod methodsPreRequisites -->
  <testcase classname="sew.ai.runner.TestRunner" name="@AfterMethod tearDownMethods" time="0.0">
    <skipped/>
  </testcase> <!-- @AfterMethod tearDownMethods -->
  <testcase classname="sew.ai.runner.TestRunner" name="@BeforeMethod methodsPreRequisites" time="0.0">
    <skipped/>
  </testcase> <!-- @BeforeMethod methodsPreRequisites -->
  <testcase classname="sew.ai.runner.TestRunner" name="@AfterMethod tearDownMethods" time="0.0">
    <skipped/>
  </testcase> <!-- @AfterMethod tearDownMethods -->
  <testcase classname="sew.ai.runner.TestRunner" name="@BeforeMethod methodsPreRequisites" time="0.0">
    <skipped/>
  </testcase> <!-- @BeforeMethod methodsPreRequisites -->
  <testcase classname="sew.ai.runner.TestRunner" name="@AfterMethod tearDownMethods" time="0.0">
    <skipped/>
  </testcase> <!-- @AfterMethod tearDownMethods -->
  <testcase classname="sew.ai.runner.TestRunner" name="@AfterClass tearDownClasses" time="0.0">
    <skipped/>
  </testcase> <!-- @AfterClass tearDownClasses -->
  <testcase classname="sew.ai.runner.TestRunner" name="@BeforeClass classPreRequisites" time="-1.697015483596E9">
    <failure type="org.testng.TestNGException" message="
Parameter &amp;apos;platformType&amp;apos; is required by BeforeClass on method classPreRequisites but has not been marked @Optional or defined
">
      <![CDATA[org.testng.TestNGException: 
Parameter 'platformType' is required by BeforeClass on method classPreRequisites but has not been marked @Optional or defined

at java.base/java.util.ArrayList.forEach(ArrayList.java:1511)
... Removed 27 stack frames]]>
    </failure>
  </testcase> <!-- @BeforeClass classPreRequisites -->
  <testcase classname="sew.ai.runner.TestRunner" name="@BeforeMethod methodsPreRequisites" time="0.0">
    <skipped/>
  </testcase> <!-- @BeforeMethod methodsPreRequisites -->
  <testcase classname="sew.ai.runner.TestRunner" name="@AfterMethod tearDownMethods" time="0.0">
    <skipped/>
  </testcase> <!-- @AfterMethod tearDownMethods -->
  <testcase classname="sew.ai.runner.TestRunner" name="@BeforeMethod methodsPreRequisites" time="0.0">
    <skipped/>
  </testcase> <!-- @BeforeMethod methodsPreRequisites -->
  <testcase classname="sew.ai.runner.TestRunner" name="@AfterMethod tearDownMethods" time="0.0">
    <skipped/>
  </testcase> <!-- @AfterMethod tearDownMethods -->
  <testcase classname="sew.ai.runner.TestRunner" name="@AfterClass tearDownClasses" time="0.0">
    <skipped/>
  </testcase> <!-- @AfterClass tearDownClasses -->
  <testcase classname="sew.ai.runner.TestRunner" name="@BeforeClass classPreRequisites" time="-1.697015483598E9">
    <failure type="org.testng.TestNGException" message="
Parameter &amp;apos;platformType&amp;apos; is required by BeforeClass on method classPreRequisites but has not been marked @Optional or defined
">
      <![CDATA[org.testng.TestNGException: 
Parameter 'platformType' is required by BeforeClass on method classPreRequisites but has not been marked @Optional or defined

at java.base/java.util.ArrayList.forEach(ArrayList.java:1511)
... Removed 27 stack frames]]>
    </failure>
  </testcase> <!-- @BeforeClass classPreRequisites -->
  <testcase classname="sew.ai.runner.TestRunner" name="@BeforeMethod methodsPreRequisites" time="0.0">
    <skipped/>
  </testcase> <!-- @BeforeMethod methodsPreRequisites -->
  <testcase classname="sew.ai.runner.TestRunner" name="@AfterMethod tearDownMethods" time="0.0">
    <skipped/>
  </testcase> <!-- @AfterMethod tearDownMethods -->
  <testcase classname="sew.ai.runner.TestRunner" name="@BeforeMethod methodsPreRequisites" time="0.0">
    <skipped/>
  </testcase> <!-- @BeforeMethod methodsPreRequisites -->
  <testcase classname="sew.ai.runner.TestRunner" name="@AfterMethod tearDownMethods" time="0.0">
    <skipped/>
  </testcase> <!-- @AfterMethod tearDownMethods -->
  <testcase classname="sew.ai.runner.TestRunner" name="@BeforeMethod methodsPreRequisites" time="0.0">
    <skipped/>
  </testcase> <!-- @BeforeMethod methodsPreRequisites -->
  <testcase classname="sew.ai.runner.TestRunner" name="@AfterMethod tearDownMethods" time="0.0">
    <skipped/>
  </testcase> <!-- @AfterMethod tearDownMethods -->
  <testcase classname="sew.ai.runner.TestRunner" name="@BeforeMethod methodsPreRequisites" time="0.0">
    <skipped/>
  </testcase> <!-- @BeforeMethod methodsPreRequisites -->
  <testcase classname="sew.ai.runner.TestRunner" name="@AfterMethod tearDownMethods" time="0.0">
    <skipped/>
  </testcase> <!-- @AfterMethod tearDownMethods -->
  <testcase classname="sew.ai.runner.TestRunner" name="@BeforeMethod methodsPreRequisites" time="0.0">
    <skipped/>
  </testcase> <!-- @BeforeMethod methodsPreRequisites -->
  <testcase classname="sew.ai.runner.TestRunner" name="@AfterMethod tearDownMethods" time="0.0">
    <skipped/>
  </testcase> <!-- @AfterMethod tearDownMethods -->
  <testcase classname="sew.ai.runner.TestRunner" name="@BeforeMethod methodsPreRequisites" time="0.0">
    <skipped/>
  </testcase> <!-- @BeforeMethod methodsPreRequisites -->
  <testcase classname="sew.ai.runner.TestRunner" name="@AfterMethod tearDownMethods" time="0.0">
    <skipped/>
  </testcase> <!-- @AfterMethod tearDownMethods -->
  <testcase classname="sew.ai.runner.TestRunner" name="@AfterClass tearDownClasses" time="0.0">
    <skipped/>
  </testcase> <!-- @AfterClass tearDownClasses -->
  <testcase classname="sew.ai.runner.TestRunner" name="@BeforeClass classPreRequisites" time="-1.697015483602E9">
    <failure type="org.testng.TestNGException" message="
Parameter &amp;apos;platformType&amp;apos; is required by BeforeClass on method classPreRequisites but has not been marked @Optional or defined
">
      <![CDATA[org.testng.TestNGException: 
Parameter 'platformType' is required by BeforeClass on method classPreRequisites but has not been marked @Optional or defined

at java.base/java.util.ArrayList.forEach(ArrayList.java:1511)
... Removed 27 stack frames]]>
    </failure>
  </testcase> <!-- @BeforeClass classPreRequisites -->
  <testcase classname="sew.ai.runner.TestRunner" name="@BeforeMethod methodsPreRequisites" time="0.0">
    <skipped/>
  </testcase> <!-- @BeforeMethod methodsPreRequisites -->
  <testcase classname="sew.ai.runner.TestRunner" name="@AfterMethod tearDownMethods" time="0.0">
    <skipped/>
  </testcase> <!-- @AfterMethod tearDownMethods -->
  <testcase classname="sew.ai.runner.TestRunner" name="@AfterClass tearDownClasses" time="0.0">
    <skipped/>
  </testcase> <!-- @AfterClass tearDownClasses -->
  <testcase classname="sew.ai.runner.TestRunner" name="@BeforeClass classPreRequisites" time="-1.697015483604E9">
    <failure type="org.testng.TestNGException" message="
Parameter &amp;apos;platformType&amp;apos; is required by BeforeClass on method classPreRequisites but has not been marked @Optional or defined
">
      <![CDATA[org.testng.TestNGException: 
Parameter 'platformType' is required by BeforeClass on method classPreRequisites but has not been marked @Optional or defined

at java.base/java.util.ArrayList.forEach(ArrayList.java:1511)
... Removed 27 stack frames]]>
    </failure>
  </testcase> <!-- @BeforeClass classPreRequisites -->
  <testcase classname="sew.ai.runner.TestRunner" name="@BeforeMethod methodsPreRequisites" time="0.0">
    <skipped/>
  </testcase> <!-- @BeforeMethod methodsPreRequisites -->
  <testcase classname="sew.ai.runner.TestRunner" name="@AfterMethod tearDownMethods" time="0.0">
    <skipped/>
  </testcase> <!-- @AfterMethod tearDownMethods -->
  <testcase classname="sew.ai.runner.TestRunner" name="@BeforeMethod methodsPreRequisites" time="0.0">
    <skipped/>
  </testcase> <!-- @BeforeMethod methodsPreRequisites -->
  <testcase classname="sew.ai.runner.TestRunner" name="@AfterMethod tearDownMethods" time="0.0">
    <skipped/>
  </testcase> <!-- @AfterMethod tearDownMethods -->
  <testcase classname="sew.ai.runner.TestRunner" name="@BeforeMethod methodsPreRequisites" time="0.0">
    <skipped/>
  </testcase> <!-- @BeforeMethod methodsPreRequisites -->
  <testcase classname="sew.ai.runner.TestRunner" name="@AfterMethod tearDownMethods" time="0.0">
    <skipped/>
  </testcase> <!-- @AfterMethod tearDownMethods -->
  <testcase classname="sew.ai.runner.TestRunner" name="@BeforeMethod methodsPreRequisites" time="0.0">
    <skipped/>
  </testcase> <!-- @BeforeMethod methodsPreRequisites -->
  <testcase classname="sew.ai.runner.TestRunner" name="@AfterMethod tearDownMethods" time="0.0">
    <skipped/>
  </testcase> <!-- @AfterMethod tearDownMethods -->
  <testcase classname="sew.ai.runner.TestRunner" name="@BeforeMethod methodsPreRequisites" time="0.0">
    <skipped/>
  </testcase> <!-- @BeforeMethod methodsPreRequisites -->
  <testcase classname="sew.ai.runner.TestRunner" name="@AfterMethod tearDownMethods" time="0.0">
    <skipped/>
  </testcase> <!-- @AfterMethod tearDownMethods -->
  <testcase classname="sew.ai.runner.TestRunner" name="@BeforeMethod methodsPreRequisites" time="0.0">
    <skipped/>
  </testcase> <!-- @BeforeMethod methodsPreRequisites -->
  <testcase classname="sew.ai.runner.TestRunner" name="@AfterMethod tearDownMethods" time="0.0">
    <skipped/>
  </testcase> <!-- @AfterMethod tearDownMethods -->
  <testcase classname="sew.ai.runner.TestRunner" name="@BeforeMethod methodsPreRequisites" time="0.0">
    <skipped/>
  </testcase> <!-- @BeforeMethod methodsPreRequisites -->
  <testcase classname="sew.ai.runner.TestRunner" name="@AfterMethod tearDownMethods" time="0.0">
    <skipped/>
  </testcase> <!-- @AfterMethod tearDownMethods -->
  <testcase classname="sew.ai.runner.TestRunner" name="@BeforeMethod methodsPreRequisites" time="0.0">
    <skipped/>
  </testcase> <!-- @BeforeMethod methodsPreRequisites -->
  <testcase classname="sew.ai.runner.TestRunner" name="@AfterMethod tearDownMethods" time="0.0">
    <skipped/>
  </testcase> <!-- @AfterMethod tearDownMethods -->
  <testcase classname="sew.ai.runner.TestRunner" name="@BeforeMethod methodsPreRequisites" time="0.0">
    <skipped/>
  </testcase> <!-- @BeforeMethod methodsPreRequisites -->
  <testcase classname="sew.ai.runner.TestRunner" name="@AfterMethod tearDownMethods" time="0.0">
    <skipped/>
  </testcase> <!-- @AfterMethod tearDownMethods -->
  <testcase classname="sew.ai.runner.TestRunner" name="@BeforeMethod methodsPreRequisites" time="0.0">
    <skipped/>
  </testcase> <!-- @BeforeMethod methodsPreRequisites -->
  <testcase classname="sew.ai.runner.TestRunner" name="@AfterMethod tearDownMethods" time="0.0">
    <skipped/>
  </testcase> <!-- @AfterMethod tearDownMethods -->
  <testcase classname="sew.ai.runner.TestRunner" name="@BeforeMethod methodsPreRequisites" time="0.0">
    <skipped/>
  </testcase> <!-- @BeforeMethod methodsPreRequisites -->
  <testcase classname="sew.ai.runner.TestRunner" name="@AfterMethod tearDownMethods" time="0.0">
    <skipped/>
  </testcase> <!-- @AfterMethod tearDownMethods -->
  <testcase classname="sew.ai.runner.TestRunner" name="@BeforeMethod methodsPreRequisites" time="0.0">
    <skipped/>
  </testcase> <!-- @BeforeMethod methodsPreRequisites -->
  <testcase classname="sew.ai.runner.TestRunner" name="@AfterMethod tearDownMethods" time="0.0">
    <skipped/>
  </testcase> <!-- @AfterMethod tearDownMethods -->
  <testcase classname="sew.ai.runner.TestRunner" name="@BeforeMethod methodsPreRequisites" time="0.0">
    <skipped/>
  </testcase> <!-- @BeforeMethod methodsPreRequisites -->
  <testcase classname="sew.ai.runner.TestRunner" name="@AfterMethod tearDownMethods" time="0.0">
    <skipped/>
  </testcase> <!-- @AfterMethod tearDownMethods -->
  <testcase classname="sew.ai.runner.TestRunner" name="@BeforeMethod methodsPreRequisites" time="0.0">
    <skipped/>
  </testcase> <!-- @BeforeMethod methodsPreRequisites -->
  <testcase classname="sew.ai.runner.TestRunner" name="@AfterMethod tearDownMethods" time="0.0">
    <skipped/>
  </testcase> <!-- @AfterMethod tearDownMethods -->
  <testcase classname="sew.ai.runner.TestRunner" name="@BeforeMethod methodsPreRequisites" time="0.0">
    <skipped/>
  </testcase> <!-- @BeforeMethod methodsPreRequisites -->
  <testcase classname="sew.ai.runner.TestRunner" name="@AfterMethod tearDownMethods" time="0.0">
    <skipped/>
  </testcase> <!-- @AfterMethod tearDownMethods -->
  <testcase classname="sew.ai.runner.TestRunner" name="@BeforeMethod methodsPreRequisites" time="0.0">
    <skipped/>
  </testcase> <!-- @BeforeMethod methodsPreRequisites -->
  <testcase classname="sew.ai.runner.TestRunner" name="@AfterMethod tearDownMethods" time="0.0">
    <skipped/>
  </testcase> <!-- @AfterMethod tearDownMethods -->
  <testcase classname="sew.ai.runner.TestRunner" name="@AfterClass tearDownClasses" time="0.0">
    <skipped/>
  </testcase> <!-- @AfterClass tearDownClasses -->
  <testcase classname="sew.ai.runner.TestRunner" name="@BeforeClass classPreRequisites" time="-1.697015483616E9">
    <failure type="org.testng.TestNGException" message="
Parameter &amp;apos;platformType&amp;apos; is required by BeforeClass on method classPreRequisites but has not been marked @Optional or defined
">
      <![CDATA[org.testng.TestNGException: 
Parameter 'platformType' is required by BeforeClass on method classPreRequisites but has not been marked @Optional or defined

at java.base/java.util.ArrayList.forEach(ArrayList.java:1511)
... Removed 27 stack frames]]>
    </failure>
  </testcase> <!-- @BeforeClass classPreRequisites -->
  <testcase classname="sew.ai.runner.TestRunner" name="@BeforeMethod methodsPreRequisites" time="0.0">
    <skipped/>
  </testcase> <!-- @BeforeMethod methodsPreRequisites -->
  <testcase classname="sew.ai.runner.TestRunner" name="@AfterMethod tearDownMethods" time="0.0">
    <skipped/>
  </testcase> <!-- @AfterMethod tearDownMethods -->
  <testcase classname="sew.ai.runner.TestRunner" name="@BeforeMethod methodsPreRequisites" time="0.0">
    <skipped/>
  </testcase> <!-- @BeforeMethod methodsPreRequisites -->
  <testcase classname="sew.ai.runner.TestRunner" name="@AfterMethod tearDownMethods" time="0.0">
    <skipped/>
  </testcase> <!-- @AfterMethod tearDownMethods -->
  <testcase classname="sew.ai.runner.TestRunner" name="@BeforeMethod methodsPreRequisites" time="0.0">
    <skipped/>
  </testcase> <!-- @BeforeMethod methodsPreRequisites -->
  <testcase classname="sew.ai.runner.TestRunner" name="@AfterMethod tearDownMethods" time="0.0">
    <skipped/>
  </testcase> <!-- @AfterMethod tearDownMethods -->
  <testcase classname="sew.ai.runner.TestRunner" name="@BeforeMethod methodsPreRequisites" time="0.0">
    <skipped/>
  </testcase> <!-- @BeforeMethod methodsPreRequisites -->
  <testcase classname="sew.ai.runner.TestRunner" name="@AfterMethod tearDownMethods" time="0.0">
    <skipped/>
  </testcase> <!-- @AfterMethod tearDownMethods -->
  <testcase classname="sew.ai.runner.TestRunner" name="@BeforeMethod methodsPreRequisites" time="0.0">
    <skipped/>
  </testcase> <!-- @BeforeMethod methodsPreRequisites -->
  <testcase classname="sew.ai.runner.TestRunner" name="@AfterMethod tearDownMethods" time="0.0">
    <skipped/>
  </testcase> <!-- @AfterMethod tearDownMethods -->
  <testcase classname="sew.ai.runner.TestRunner" name="@BeforeMethod methodsPreRequisites" time="0.0">
    <skipped/>
  </testcase> <!-- @BeforeMethod methodsPreRequisites -->
  <testcase classname="sew.ai.runner.TestRunner" name="@AfterMethod tearDownMethods" time="0.0">
    <skipped/>
  </testcase> <!-- @AfterMethod tearDownMethods -->
  <testcase classname="sew.ai.runner.TestRunner" name="@BeforeMethod methodsPreRequisites" time="0.0">
    <skipped/>
  </testcase> <!-- @BeforeMethod methodsPreRequisites -->
  <testcase classname="sew.ai.runner.TestRunner" name="@AfterMethod tearDownMethods" time="0.0">
    <skipped/>
  </testcase> <!-- @AfterMethod tearDownMethods -->
  <testcase classname="sew.ai.runner.TestRunner" name="@BeforeMethod methodsPreRequisites" time="0.0">
    <skipped/>
  </testcase> <!-- @BeforeMethod methodsPreRequisites -->
  <testcase classname="sew.ai.runner.TestRunner" name="@AfterMethod tearDownMethods" time="0.0">
    <skipped/>
  </testcase> <!-- @AfterMethod tearDownMethods -->
  <testcase classname="sew.ai.runner.TestRunner" name="@BeforeMethod methodsPreRequisites" time="0.0">
    <skipped/>
  </testcase> <!-- @BeforeMethod methodsPreRequisites -->
  <testcase classname="sew.ai.runner.TestRunner" name="@AfterMethod tearDownMethods" time="0.0">
    <skipped/>
  </testcase> <!-- @AfterMethod tearDownMethods -->
  <testcase classname="sew.ai.runner.TestRunner" name="@BeforeMethod methodsPreRequisites" time="0.0">
    <skipped/>
  </testcase> <!-- @BeforeMethod methodsPreRequisites -->
  <testcase classname="sew.ai.runner.TestRunner" name="@AfterMethod tearDownMethods" time="0.0">
    <skipped/>
  </testcase> <!-- @AfterMethod tearDownMethods -->
  <testcase classname="sew.ai.runner.TestRunner" name="@BeforeMethod methodsPreRequisites" time="0.0">
    <skipped/>
  </testcase> <!-- @BeforeMethod methodsPreRequisites -->
  <testcase classname="sew.ai.runner.TestRunner" name="@AfterMethod tearDownMethods" time="0.0">
    <skipped/>
  </testcase> <!-- @AfterMethod tearDownMethods -->
  <testcase classname="sew.ai.runner.TestRunner" name="@BeforeMethod methodsPreRequisites" time="0.0">
    <skipped/>
  </testcase> <!-- @BeforeMethod methodsPreRequisites -->
  <testcase classname="sew.ai.runner.TestRunner" name="@AfterMethod tearDownMethods" time="0.0">
    <skipped/>
  </testcase> <!-- @AfterMethod tearDownMethods -->
  <testcase classname="sew.ai.runner.TestRunner" name="@BeforeMethod methodsPreRequisites" time="0.0">
    <skipped/>
  </testcase> <!-- @BeforeMethod methodsPreRequisites -->
  <testcase classname="sew.ai.runner.TestRunner" name="@AfterMethod tearDownMethods" time="0.0">
    <skipped/>
  </testcase> <!-- @AfterMethod tearDownMethods -->
  <testcase classname="sew.ai.runner.TestRunner" name="@AfterClass tearDownClasses" time="0.0">
    <skipped/>
  </testcase> <!-- @AfterClass tearDownClasses -->
  <testcase classname="sew.ai.runner.TestRunner" name="@BeforeClass classPreRequisites" time="-1.697015483625E9">
    <failure type="org.testng.TestNGException" message="
Parameter &amp;apos;platformType&amp;apos; is required by BeforeClass on method classPreRequisites but has not been marked @Optional or defined
">
      <![CDATA[org.testng.TestNGException: 
Parameter 'platformType' is required by BeforeClass on method classPreRequisites but has not been marked @Optional or defined

at java.base/java.util.ArrayList.forEach(ArrayList.java:1511)
... Removed 27 stack frames]]>
    </failure>
  </testcase> <!-- @BeforeClass classPreRequisites -->
  <testcase classname="sew.ai.runner.TestRunner" name="@BeforeMethod methodsPreRequisites" time="0.0">
    <skipped/>
  </testcase> <!-- @BeforeMethod methodsPreRequisites -->
  <testcase classname="sew.ai.runner.TestRunner" name="@AfterMethod tearDownMethods" time="0.0">
    <skipped/>
  </testcase> <!-- @AfterMethod tearDownMethods -->
  <testcase classname="sew.ai.runner.TestRunner" name="@BeforeMethod methodsPreRequisites" time="0.0">
    <skipped/>
  </testcase> <!-- @BeforeMethod methodsPreRequisites -->
  <testcase classname="sew.ai.runner.TestRunner" name="@AfterMethod tearDownMethods" time="0.0">
    <skipped/>
  </testcase> <!-- @AfterMethod tearDownMethods -->
  <testcase classname="sew.ai.runner.TestRunner" name="@AfterClass tearDownClasses" time="0.0">
    <skipped/>
  </testcase> <!-- @AfterClass tearDownClasses -->
  <testcase classname="sew.ai.runner.TestRunner" name="@BeforeClass classPreRequisites" time="-1.697015483629E9">
    <failure type="org.testng.TestNGException" message="
Parameter &amp;apos;platformType&amp;apos; is required by BeforeClass on method classPreRequisites but has not been marked @Optional or defined
">
      <![CDATA[org.testng.TestNGException: 
Parameter 'platformType' is required by BeforeClass on method classPreRequisites but has not been marked @Optional or defined

at java.base/java.util.ArrayList.forEach(ArrayList.java:1511)
... Removed 27 stack frames]]>
    </failure>
  </testcase> <!-- @BeforeClass classPreRequisites -->
  <testcase classname="sew.ai.runner.TestRunner" name="@BeforeMethod methodsPreRequisites" time="0.0">
    <skipped/>
  </testcase> <!-- @BeforeMethod methodsPreRequisites -->
  <testcase classname="sew.ai.runner.TestRunner" name="@AfterMethod tearDownMethods" time="0.0">
    <skipped/>
  </testcase> <!-- @AfterMethod tearDownMethods -->
  <testcase classname="sew.ai.runner.TestRunner" name="@BeforeMethod methodsPreRequisites" time="0.0">
    <skipped/>
  </testcase> <!-- @BeforeMethod methodsPreRequisites -->
  <testcase classname="sew.ai.runner.TestRunner" name="@AfterMethod tearDownMethods" time="0.0">
    <skipped/>
  </testcase> <!-- @AfterMethod tearDownMethods -->
  <testcase classname="sew.ai.runner.TestRunner" name="@BeforeMethod methodsPreRequisites" time="0.0">
    <skipped/>
  </testcase> <!-- @BeforeMethod methodsPreRequisites -->
  <testcase classname="sew.ai.runner.TestRunner" name="@AfterMethod tearDownMethods" time="0.0">
    <skipped/>
  </testcase> <!-- @AfterMethod tearDownMethods -->
  <testcase classname="sew.ai.runner.TestRunner" name="@BeforeMethod methodsPreRequisites" time="0.0">
    <skipped/>
  </testcase> <!-- @BeforeMethod methodsPreRequisites -->
  <testcase classname="sew.ai.runner.TestRunner" name="@AfterMethod tearDownMethods" time="0.0">
    <skipped/>
  </testcase> <!-- @AfterMethod tearDownMethods -->
  <testcase classname="sew.ai.runner.TestRunner" name="@BeforeMethod methodsPreRequisites" time="0.0">
    <skipped/>
  </testcase> <!-- @BeforeMethod methodsPreRequisites -->
  <testcase classname="sew.ai.runner.TestRunner" name="@AfterMethod tearDownMethods" time="0.0">
    <skipped/>
  </testcase> <!-- @AfterMethod tearDownMethods -->
  <testcase classname="sew.ai.runner.TestRunner" name="@BeforeMethod methodsPreRequisites" time="0.0">
    <skipped/>
  </testcase> <!-- @BeforeMethod methodsPreRequisites -->
  <testcase classname="sew.ai.runner.TestRunner" name="@AfterMethod tearDownMethods" time="0.0">
    <skipped/>
  </testcase> <!-- @AfterMethod tearDownMethods -->
  <testcase classname="sew.ai.runner.TestRunner" name="@AfterClass tearDownClasses" time="0.0">
    <skipped/>
  </testcase> <!-- @AfterClass tearDownClasses -->
  <testcase classname="sew.ai.runner.TestRunner" name="@BeforeClass classPreRequisites" time="-1.697015483632E9">
    <failure type="org.testng.TestNGException" message="
Parameter &amp;apos;platformType&amp;apos; is required by BeforeClass on method classPreRequisites but has not been marked @Optional or defined
">
      <![CDATA[org.testng.TestNGException: 
Parameter 'platformType' is required by BeforeClass on method classPreRequisites but has not been marked @Optional or defined

at java.base/java.util.ArrayList.forEach(ArrayList.java:1511)
... Removed 27 stack frames]]>
    </failure>
  </testcase> <!-- @BeforeClass classPreRequisites -->
  <testcase classname="sew.ai.runner.TestRunner" name="@BeforeMethod methodsPreRequisites" time="0.0">
    <skipped/>
  </testcase> <!-- @BeforeMethod methodsPreRequisites -->
  <testcase classname="sew.ai.runner.TestRunner" name="@AfterMethod tearDownMethods" time="0.0">
    <skipped/>
  </testcase> <!-- @AfterMethod tearDownMethods -->
  <testcase classname="sew.ai.runner.TestRunner" name="@BeforeMethod methodsPreRequisites" time="0.0">
    <skipped/>
  </testcase> <!-- @BeforeMethod methodsPreRequisites -->
  <testcase classname="sew.ai.runner.TestRunner" name="@AfterMethod tearDownMethods" time="0.0">
    <skipped/>
  </testcase> <!-- @AfterMethod tearDownMethods -->
  <testcase classname="sew.ai.runner.TestRunner" name="@BeforeMethod methodsPreRequisites" time="0.0">
    <skipped/>
  </testcase> <!-- @BeforeMethod methodsPreRequisites -->
  <testcase classname="sew.ai.runner.TestRunner" name="@AfterMethod tearDownMethods" time="0.0">
    <skipped/>
  </testcase> <!-- @AfterMethod tearDownMethods -->
  <testcase classname="sew.ai.runner.TestRunner" name="@BeforeMethod methodsPreRequisites" time="0.0">
    <skipped/>
  </testcase> <!-- @BeforeMethod methodsPreRequisites -->
  <testcase classname="sew.ai.runner.TestRunner" name="@AfterMethod tearDownMethods" time="0.0">
    <skipped/>
  </testcase> <!-- @AfterMethod tearDownMethods -->
  <testcase classname="sew.ai.runner.TestRunner" name="@BeforeMethod methodsPreRequisites" time="0.0">
    <skipped/>
  </testcase> <!-- @BeforeMethod methodsPreRequisites -->
  <testcase classname="sew.ai.runner.TestRunner" name="@AfterMethod tearDownMethods" time="0.0">
    <skipped/>
  </testcase> <!-- @AfterMethod tearDownMethods -->
  <testcase classname="sew.ai.runner.TestRunner" name="@BeforeMethod methodsPreRequisites" time="0.0">
    <skipped/>
  </testcase> <!-- @BeforeMethod methodsPreRequisites -->
  <testcase classname="sew.ai.runner.TestRunner" name="@AfterMethod tearDownMethods" time="0.0">
    <skipped/>
  </testcase> <!-- @AfterMethod tearDownMethods -->
  <testcase classname="sew.ai.runner.TestRunner" name="@BeforeMethod methodsPreRequisites" time="0.0">
    <skipped/>
  </testcase> <!-- @BeforeMethod methodsPreRequisites -->
  <testcase classname="sew.ai.runner.TestRunner" name="@AfterMethod tearDownMethods" time="0.0">
    <skipped/>
  </testcase> <!-- @AfterMethod tearDownMethods -->
  <testcase classname="sew.ai.runner.TestRunner" name="@AfterClass tearDownClasses" time="0.0">
    <skipped/>
  </testcase> <!-- @AfterClass tearDownClasses -->
  <testcase classname="sew.ai.runner.TestRunner" name="@BeforeClass classPreRequisites" time="-1.697015483637E9">
    <failure type="org.testng.TestNGException" message="
Parameter &amp;apos;platformType&amp;apos; is required by BeforeClass on method classPreRequisites but has not been marked @Optional or defined
">
      <![CDATA[org.testng.TestNGException: 
Parameter 'platformType' is required by BeforeClass on method classPreRequisites but has not been marked @Optional or defined

at java.base/java.util.ArrayList.forEach(ArrayList.java:1511)
... Removed 27 stack frames]]>
    </failure>
  </testcase> <!-- @BeforeClass classPreRequisites -->
  <testcase classname="sew.ai.runner.TestRunner" name="@BeforeMethod methodsPreRequisites" time="0.0">
    <skipped/>
  </testcase> <!-- @BeforeMethod methodsPreRequisites -->
  <testcase classname="sew.ai.runner.TestRunner" name="@AfterMethod tearDownMethods" time="0.0">
    <skipped/>
  </testcase> <!-- @AfterMethod tearDownMethods -->
  <testcase classname="sew.ai.runner.TestRunner" name="@BeforeMethod methodsPreRequisites" time="0.0">
    <skipped/>
  </testcase> <!-- @BeforeMethod methodsPreRequisites -->
  <testcase classname="sew.ai.runner.TestRunner" name="@AfterMethod tearDownMethods" time="0.0">
    <skipped/>
  </testcase> <!-- @AfterMethod tearDownMethods -->
  <testcase classname="sew.ai.runner.TestRunner" name="@BeforeMethod methodsPreRequisites" time="0.0">
    <skipped/>
  </testcase> <!-- @BeforeMethod methodsPreRequisites -->
  <testcase classname="sew.ai.runner.TestRunner" name="@AfterMethod tearDownMethods" time="0.0">
    <skipped/>
  </testcase> <!-- @AfterMethod tearDownMethods -->
  <testcase classname="sew.ai.runner.TestRunner" name="@BeforeMethod methodsPreRequisites" time="0.0">
    <skipped/>
  </testcase> <!-- @BeforeMethod methodsPreRequisites -->
  <testcase classname="sew.ai.runner.TestRunner" name="@AfterMethod tearDownMethods" time="0.0">
    <skipped/>
  </testcase> <!-- @AfterMethod tearDownMethods -->
  <testcase classname="sew.ai.runner.TestRunner" name="@BeforeMethod methodsPreRequisites" time="0.0">
    <skipped/>
  </testcase> <!-- @BeforeMethod methodsPreRequisites -->
  <testcase classname="sew.ai.runner.TestRunner" name="@AfterMethod tearDownMethods" time="0.0">
    <skipped/>
  </testcase> <!-- @AfterMethod tearDownMethods -->
  <testcase classname="sew.ai.runner.TestRunner" name="@AfterClass tearDownClasses" time="0.0">
    <skipped/>
  </testcase> <!-- @AfterClass tearDownClasses -->
  <testcase classname="sew.ai.runner.TestRunner" name="@BeforeClass classPreRequisites" time="-1.697015483644E9">
    <failure type="org.testng.TestNGException" message="
Parameter &amp;apos;platformType&amp;apos; is required by BeforeClass on method classPreRequisites but has not been marked @Optional or defined
">
      <![CDATA[org.testng.TestNGException: 
Parameter 'platformType' is required by BeforeClass on method classPreRequisites but has not been marked @Optional or defined

at java.base/java.util.ArrayList.forEach(ArrayList.java:1511)
... Removed 27 stack frames]]>
    </failure>
  </testcase> <!-- @BeforeClass classPreRequisites -->
  <testcase classname="sew.ai.runner.TestRunner" name="@BeforeMethod methodsPreRequisites" time="0.0">
    <skipped/>
  </testcase> <!-- @BeforeMethod methodsPreRequisites -->
  <testcase classname="sew.ai.runner.TestRunner" name="@AfterMethod tearDownMethods" time="0.0">
    <skipped/>
  </testcase> <!-- @AfterMethod tearDownMethods -->
  <testcase classname="sew.ai.runner.TestRunner" name="@BeforeMethod methodsPreRequisites" time="0.0">
    <skipped/>
  </testcase> <!-- @BeforeMethod methodsPreRequisites -->
  <testcase classname="sew.ai.runner.TestRunner" name="@AfterMethod tearDownMethods" time="0.0">
    <skipped/>
  </testcase> <!-- @AfterMethod tearDownMethods -->
  <testcase classname="sew.ai.runner.TestRunner" name="@BeforeMethod methodsPreRequisites" time="0.0">
    <skipped/>
  </testcase> <!-- @BeforeMethod methodsPreRequisites -->
  <testcase classname="sew.ai.runner.TestRunner" name="@AfterMethod tearDownMethods" time="0.0">
    <skipped/>
  </testcase> <!-- @AfterMethod tearDownMethods -->
  <testcase classname="sew.ai.runner.TestRunner" name="@BeforeMethod methodsPreRequisites" time="0.0">
    <skipped/>
  </testcase> <!-- @BeforeMethod methodsPreRequisites -->
  <testcase classname="sew.ai.runner.TestRunner" name="@AfterMethod tearDownMethods" time="0.0">
    <skipped/>
  </testcase> <!-- @AfterMethod tearDownMethods -->
  <testcase classname="sew.ai.runner.TestRunner" name="@BeforeMethod methodsPreRequisites" time="0.0">
    <skipped/>
  </testcase> <!-- @BeforeMethod methodsPreRequisites -->
  <testcase classname="sew.ai.runner.TestRunner" name="@AfterMethod tearDownMethods" time="0.0">
    <skipped/>
  </testcase> <!-- @AfterMethod tearDownMethods -->
  <testcase classname="sew.ai.runner.TestRunner" name="@BeforeMethod methodsPreRequisites" time="0.0">
    <skipped/>
  </testcase> <!-- @BeforeMethod methodsPreRequisites -->
  <testcase classname="sew.ai.runner.TestRunner" name="@AfterMethod tearDownMethods" time="0.0">
    <skipped/>
  </testcase> <!-- @AfterMethod tearDownMethods -->
  <testcase classname="sew.ai.runner.TestRunner" name="@AfterClass tearDownClasses" time="0.0">
    <skipped/>
  </testcase> <!-- @AfterClass tearDownClasses -->
  <testcase classname="sew.ai.runner.TestRunner" name="@BeforeClass classPreRequisites" time="-1.69701548365E9">
    <failure type="org.testng.TestNGException" message="
Parameter &amp;apos;platformType&amp;apos; is required by BeforeClass on method classPreRequisites but has not been marked @Optional or defined
">
      <![CDATA[org.testng.TestNGException: 
Parameter 'platformType' is required by BeforeClass on method classPreRequisites but has not been marked @Optional or defined

at java.base/java.util.ArrayList.forEach(ArrayList.java:1511)
... Removed 27 stack frames]]>
    </failure>
  </testcase> <!-- @BeforeClass classPreRequisites -->
  <testcase classname="sew.ai.runner.TestRunner" name="@BeforeMethod methodsPreRequisites" time="0.0">
    <skipped/>
  </testcase> <!-- @BeforeMethod methodsPreRequisites -->
  <testcase classname="sew.ai.runner.TestRunner" name="@AfterMethod tearDownMethods" time="0.0">
    <skipped/>
  </testcase> <!-- @AfterMethod tearDownMethods -->
  <testcase classname="sew.ai.runner.TestRunner" name="@BeforeMethod methodsPreRequisites" time="0.0">
    <skipped/>
  </testcase> <!-- @BeforeMethod methodsPreRequisites -->
  <testcase classname="sew.ai.runner.TestRunner" name="@AfterMethod tearDownMethods" time="0.0">
    <skipped/>
  </testcase> <!-- @AfterMethod tearDownMethods -->
  <testcase classname="sew.ai.runner.TestRunner" name="@BeforeMethod methodsPreRequisites" time="0.0">
    <skipped/>
  </testcase> <!-- @BeforeMethod methodsPreRequisites -->
  <testcase classname="sew.ai.runner.TestRunner" name="@AfterMethod tearDownMethods" time="0.0">
    <skipped/>
  </testcase> <!-- @AfterMethod tearDownMethods -->
  <testcase classname="sew.ai.runner.TestRunner" name="@BeforeMethod methodsPreRequisites" time="0.0">
    <skipped/>
  </testcase> <!-- @BeforeMethod methodsPreRequisites -->
  <testcase classname="sew.ai.runner.TestRunner" name="@AfterMethod tearDownMethods" time="0.0">
    <skipped/>
  </testcase> <!-- @AfterMethod tearDownMethods -->
  <testcase classname="sew.ai.runner.TestRunner" name="@AfterClass tearDownClasses" time="0.0">
    <skipped/>
  </testcase> <!-- @AfterClass tearDownClasses -->
  <testcase classname="sew.ai.runner.TestRunner" name="@BeforeClass classPreRequisites" time="-1.697015483653E9">
    <failure type="org.testng.TestNGException" message="
Parameter &amp;apos;platformType&amp;apos; is required by BeforeClass on method classPreRequisites but has not been marked @Optional or defined
">
      <![CDATA[org.testng.TestNGException: 
Parameter 'platformType' is required by BeforeClass on method classPreRequisites but has not been marked @Optional or defined

at java.base/java.util.ArrayList.forEach(ArrayList.java:1511)
... Removed 27 stack frames]]>
    </failure>
  </testcase> <!-- @BeforeClass classPreRequisites -->
  <testcase classname="sew.ai.runner.TestRunner" name="@BeforeMethod methodsPreRequisites" time="0.0">
    <skipped/>
  </testcase> <!-- @BeforeMethod methodsPreRequisites -->
  <testcase classname="sew.ai.runner.TestRunner" name="@AfterMethod tearDownMethods" time="0.0">
    <skipped/>
  </testcase> <!-- @AfterMethod tearDownMethods -->
  <testcase classname="sew.ai.runner.TestRunner" name="@BeforeMethod methodsPreRequisites" time="0.0">
    <skipped/>
  </testcase> <!-- @BeforeMethod methodsPreRequisites -->
  <testcase classname="sew.ai.runner.TestRunner" name="@AfterMethod tearDownMethods" time="0.0">
    <skipped/>
  </testcase> <!-- @AfterMethod tearDownMethods -->
  <testcase classname="sew.ai.runner.TestRunner" name="@BeforeMethod methodsPreRequisites" time="0.0">
    <skipped/>
  </testcase> <!-- @BeforeMethod methodsPreRequisites -->
  <testcase classname="sew.ai.runner.TestRunner" name="@AfterMethod tearDownMethods" time="0.0">
    <skipped/>
  </testcase> <!-- @AfterMethod tearDownMethods -->
  <testcase classname="sew.ai.runner.TestRunner" name="@BeforeMethod methodsPreRequisites" time="0.0">
    <skipped/>
  </testcase> <!-- @BeforeMethod methodsPreRequisites -->
  <testcase classname="sew.ai.runner.TestRunner" name="@AfterMethod tearDownMethods" time="0.0">
    <skipped/>
  </testcase> <!-- @AfterMethod tearDownMethods -->
  <testcase classname="sew.ai.runner.TestRunner" name="@BeforeMethod methodsPreRequisites" time="0.0">
    <skipped/>
  </testcase> <!-- @BeforeMethod methodsPreRequisites -->
  <testcase classname="sew.ai.runner.TestRunner" name="@AfterMethod tearDownMethods" time="0.0">
    <skipped/>
  </testcase> <!-- @AfterMethod tearDownMethods -->
  <testcase classname="sew.ai.runner.TestRunner" name="@BeforeMethod methodsPreRequisites" time="0.0">
    <skipped/>
  </testcase> <!-- @BeforeMethod methodsPreRequisites -->
  <testcase classname="sew.ai.runner.TestRunner" name="@AfterMethod tearDownMethods" time="0.0">
    <skipped/>
  </testcase> <!-- @AfterMethod tearDownMethods -->
  <testcase classname="sew.ai.runner.TestRunner" name="@BeforeMethod methodsPreRequisites" time="0.0">
    <skipped/>
  </testcase> <!-- @BeforeMethod methodsPreRequisites -->
  <testcase classname="sew.ai.runner.TestRunner" name="@AfterMethod tearDownMethods" time="0.0">
    <skipped/>
  </testcase> <!-- @AfterMethod tearDownMethods -->
  <testcase classname="sew.ai.runner.TestRunner" name="@BeforeMethod methodsPreRequisites" time="0.0">
    <skipped/>
  </testcase> <!-- @BeforeMethod methodsPreRequisites -->
  <testcase classname="sew.ai.runner.TestRunner" name="@AfterMethod tearDownMethods" time="0.0">
    <skipped/>
  </testcase> <!-- @AfterMethod tearDownMethods -->
  <testcase classname="sew.ai.runner.TestRunner" name="@BeforeMethod methodsPreRequisites" time="0.0">
    <skipped/>
  </testcase> <!-- @BeforeMethod methodsPreRequisites -->
  <testcase classname="sew.ai.runner.TestRunner" name="@AfterMethod tearDownMethods" time="0.0">
    <skipped/>
  </testcase> <!-- @AfterMethod tearDownMethods -->
  <testcase classname="sew.ai.runner.TestRunner" name="@BeforeMethod methodsPreRequisites" time="0.0">
    <skipped/>
  </testcase> <!-- @BeforeMethod methodsPreRequisites -->
  <testcase classname="sew.ai.runner.TestRunner" name="@AfterMethod tearDownMethods" time="0.0">
    <skipped/>
  </testcase> <!-- @AfterMethod tearDownMethods -->
  <testcase classname="sew.ai.runner.TestRunner" name="@BeforeMethod methodsPreRequisites" time="0.0">
    <skipped/>
  </testcase> <!-- @BeforeMethod methodsPreRequisites -->
  <testcase classname="sew.ai.runner.TestRunner" name="@AfterMethod tearDownMethods" time="0.0">
    <skipped/>
  </testcase> <!-- @AfterMethod tearDownMethods -->
  <testcase classname="sew.ai.runner.TestRunner" name="@BeforeMethod methodsPreRequisites" time="0.0">
    <skipped/>
  </testcase> <!-- @BeforeMethod methodsPreRequisites -->
  <testcase classname="sew.ai.runner.TestRunner" name="@AfterMethod tearDownMethods" time="0.0">
    <skipped/>
  </testcase> <!-- @AfterMethod tearDownMethods -->
  <testcase classname="sew.ai.runner.TestRunner" name="@BeforeMethod methodsPreRequisites" time="0.0">
    <skipped/>
  </testcase> <!-- @BeforeMethod methodsPreRequisites -->
  <testcase classname="sew.ai.runner.TestRunner" name="@AfterMethod tearDownMethods" time="0.0">
    <skipped/>
  </testcase> <!-- @AfterMethod tearDownMethods -->
  <testcase classname="sew.ai.runner.TestRunner" name="@BeforeMethod methodsPreRequisites" time="0.0">
    <skipped/>
  </testcase> <!-- @BeforeMethod methodsPreRequisites -->
  <testcase classname="sew.ai.runner.TestRunner" name="@AfterMethod tearDownMethods" time="0.0">
    <skipped/>
  </testcase> <!-- @AfterMethod tearDownMethods -->
  <testcase classname="sew.ai.runner.TestRunner" name="@BeforeMethod methodsPreRequisites" time="0.0">
    <skipped/>
  </testcase> <!-- @BeforeMethod methodsPreRequisites -->
  <testcase classname="sew.ai.runner.TestRunner" name="@AfterMethod tearDownMethods" time="0.0">
    <skipped/>
  </testcase> <!-- @AfterMethod tearDownMethods -->
  <testcase classname="sew.ai.runner.TestRunner" name="@BeforeMethod methodsPreRequisites" time="0.0">
    <skipped/>
  </testcase> <!-- @BeforeMethod methodsPreRequisites -->
  <testcase classname="sew.ai.runner.TestRunner" name="@AfterMethod tearDownMethods" time="0.0">
    <skipped/>
  </testcase> <!-- @AfterMethod tearDownMethods -->
  <testcase classname="sew.ai.runner.TestRunner" name="@BeforeMethod methodsPreRequisites" time="0.0">
    <skipped/>
  </testcase> <!-- @BeforeMethod methodsPreRequisites -->
  <testcase classname="sew.ai.runner.TestRunner" name="@AfterMethod tearDownMethods" time="0.0">
    <skipped/>
  </testcase> <!-- @AfterMethod tearDownMethods -->
  <testcase classname="sew.ai.runner.TestRunner" name="@BeforeMethod methodsPreRequisites" time="0.0">
    <skipped/>
  </testcase> <!-- @BeforeMethod methodsPreRequisites -->
  <testcase classname="sew.ai.runner.TestRunner" name="@AfterMethod tearDownMethods" time="0.0">
    <skipped/>
  </testcase> <!-- @AfterMethod tearDownMethods -->
  <testcase classname="sew.ai.runner.TestRunner" name="@AfterClass tearDownClasses" time="0.0">
    <skipped/>
  </testcase> <!-- @AfterClass tearDownClasses -->
  <testcase classname="sew.ai.runner.TestRunner" name="@BeforeClass classPreRequisites" time="-1.697015483668E9">
    <failure type="org.testng.TestNGException" message="
Parameter &amp;apos;platformType&amp;apos; is required by BeforeClass on method classPreRequisites but has not been marked @Optional or defined
">
      <![CDATA[org.testng.TestNGException: 
Parameter 'platformType' is required by BeforeClass on method classPreRequisites but has not been marked @Optional or defined

at java.base/java.util.ArrayList.forEach(ArrayList.java:1511)
... Removed 27 stack frames]]>
    </failure>
  </testcase> <!-- @BeforeClass classPreRequisites -->
  <testcase classname="sew.ai.runner.TestRunner" name="@BeforeMethod methodsPreRequisites" time="0.0">
    <skipped/>
  </testcase> <!-- @BeforeMethod methodsPreRequisites -->
  <testcase classname="sew.ai.runner.TestRunner" name="@AfterMethod tearDownMethods" time="0.0">
    <skipped/>
  </testcase> <!-- @AfterMethod tearDownMethods -->
  <testcase classname="sew.ai.runner.TestRunner" name="@AfterClass tearDownClasses" time="0.0">
    <skipped/>
  </testcase> <!-- @AfterClass tearDownClasses -->
  <testcase classname="sew.ai.runner.TestRunner" name="@BeforeClass classPreRequisites" time="-1.697015483669E9">
    <failure type="org.testng.TestNGException" message="
Parameter &amp;apos;platformType&amp;apos; is required by BeforeClass on method classPreRequisites but has not been marked @Optional or defined
">
      <![CDATA[org.testng.TestNGException: 
Parameter 'platformType' is required by BeforeClass on method classPreRequisites but has not been marked @Optional or defined

at java.base/java.util.ArrayList.forEach(ArrayList.java:1511)
... Removed 27 stack frames]]>
    </failure>
  </testcase> <!-- @BeforeClass classPreRequisites -->
  <testcase classname="sew.ai.runner.TestRunner" name="@BeforeMethod methodsPreRequisites" time="0.0">
    <skipped/>
  </testcase> <!-- @BeforeMethod methodsPreRequisites -->
  <testcase classname="sew.ai.runner.TestRunner" name="@AfterMethod tearDownMethods" time="0.0">
    <skipped/>
  </testcase> <!-- @AfterMethod tearDownMethods -->
  <testcase classname="sew.ai.runner.TestRunner" name="@BeforeMethod methodsPreRequisites" time="0.0">
    <skipped/>
  </testcase> <!-- @BeforeMethod methodsPreRequisites -->
  <testcase classname="sew.ai.runner.TestRunner" name="@AfterMethod tearDownMethods" time="0.0">
    <skipped/>
  </testcase> <!-- @AfterMethod tearDownMethods -->
  <testcase classname="sew.ai.runner.TestRunner" name="@BeforeMethod methodsPreRequisites" time="0.0">
    <skipped/>
  </testcase> <!-- @BeforeMethod methodsPreRequisites -->
  <testcase classname="sew.ai.runner.TestRunner" name="@AfterMethod tearDownMethods" time="0.0">
    <skipped/>
  </testcase> <!-- @AfterMethod tearDownMethods -->
  <testcase classname="sew.ai.runner.TestRunner" name="@BeforeMethod methodsPreRequisites" time="0.0">
    <skipped/>
  </testcase> <!-- @BeforeMethod methodsPreRequisites -->
  <testcase classname="sew.ai.runner.TestRunner" name="@AfterMethod tearDownMethods" time="0.0">
    <skipped/>
  </testcase> <!-- @AfterMethod tearDownMethods -->
  <testcase classname="sew.ai.runner.TestRunner" name="@BeforeMethod methodsPreRequisites" time="0.0">
    <skipped/>
  </testcase> <!-- @BeforeMethod methodsPreRequisites -->
  <testcase classname="sew.ai.runner.TestRunner" name="@AfterMethod tearDownMethods" time="0.0">
    <skipped/>
  </testcase> <!-- @AfterMethod tearDownMethods -->
  <testcase classname="sew.ai.runner.TestRunner" name="@BeforeMethod methodsPreRequisites" time="0.0">
    <skipped/>
  </testcase> <!-- @BeforeMethod methodsPreRequisites -->
  <testcase classname="sew.ai.runner.TestRunner" name="@AfterMethod tearDownMethods" time="0.0">
    <skipped/>
  </testcase> <!-- @AfterMethod tearDownMethods -->
  <testcase classname="sew.ai.runner.TestRunner" name="@BeforeMethod methodsPreRequisites" time="0.0">
    <skipped/>
  </testcase> <!-- @BeforeMethod methodsPreRequisites -->
  <testcase classname="sew.ai.runner.TestRunner" name="@AfterMethod tearDownMethods" time="0.0">
    <skipped/>
  </testcase> <!-- @AfterMethod tearDownMethods -->
  <testcase classname="sew.ai.runner.TestRunner" name="@BeforeMethod methodsPreRequisites" time="0.0">
    <skipped/>
  </testcase> <!-- @BeforeMethod methodsPreRequisites -->
  <testcase classname="sew.ai.runner.TestRunner" name="@AfterMethod tearDownMethods" time="0.0">
    <skipped/>
  </testcase> <!-- @AfterMethod tearDownMethods -->
  <testcase classname="sew.ai.runner.TestRunner" name="@BeforeMethod methodsPreRequisites" time="0.0">
    <skipped/>
  </testcase> <!-- @BeforeMethod methodsPreRequisites -->
  <testcase classname="sew.ai.runner.TestRunner" name="@AfterMethod tearDownMethods" time="0.0">
    <skipped/>
  </testcase> <!-- @AfterMethod tearDownMethods -->
  <testcase classname="sew.ai.runner.TestRunner" name="@BeforeMethod methodsPreRequisites" time="0.0">
    <skipped/>
  </testcase> <!-- @BeforeMethod methodsPreRequisites -->
  <testcase classname="sew.ai.runner.TestRunner" name="@AfterMethod tearDownMethods" time="0.0">
    <skipped/>
  </testcase> <!-- @AfterMethod tearDownMethods -->
  <testcase classname="sew.ai.runner.TestRunner" name="@BeforeMethod methodsPreRequisites" time="0.0">
    <skipped/>
  </testcase> <!-- @BeforeMethod methodsPreRequisites -->
  <testcase classname="sew.ai.runner.TestRunner" name="@AfterMethod tearDownMethods" time="0.0">
    <skipped/>
  </testcase> <!-- @AfterMethod tearDownMethods -->
  <testcase classname="sew.ai.runner.TestRunner" name="@BeforeMethod methodsPreRequisites" time="0.0">
    <skipped/>
  </testcase> <!-- @BeforeMethod methodsPreRequisites -->
  <testcase classname="sew.ai.runner.TestRunner" name="@AfterMethod tearDownMethods" time="0.0">
    <skipped/>
  </testcase> <!-- @AfterMethod tearDownMethods -->
  <testcase classname="sew.ai.runner.TestRunner" name="@BeforeMethod methodsPreRequisites" time="0.0">
    <skipped/>
  </testcase> <!-- @BeforeMethod methodsPreRequisites -->
  <testcase classname="sew.ai.runner.TestRunner" name="@AfterMethod tearDownMethods" time="0.0">
    <skipped/>
  </testcase> <!-- @AfterMethod tearDownMethods -->
  <testcase classname="sew.ai.runner.TestRunner" name="@BeforeMethod methodsPreRequisites" time="0.0">
    <skipped/>
  </testcase> <!-- @BeforeMethod methodsPreRequisites -->
  <testcase classname="sew.ai.runner.TestRunner" name="@AfterMethod tearDownMethods" time="0.0">
    <skipped/>
  </testcase> <!-- @AfterMethod tearDownMethods -->
  <testcase classname="sew.ai.runner.TestRunner" name="@BeforeMethod methodsPreRequisites" time="0.0">
    <skipped/>
  </testcase> <!-- @BeforeMethod methodsPreRequisites -->
  <testcase classname="sew.ai.runner.TestRunner" name="@AfterMethod tearDownMethods" time="0.0">
    <skipped/>
  </testcase> <!-- @AfterMethod tearDownMethods -->
  <testcase classname="sew.ai.runner.TestRunner" name="@BeforeMethod methodsPreRequisites" time="0.0">
    <skipped/>
  </testcase> <!-- @BeforeMethod methodsPreRequisites -->
  <testcase classname="sew.ai.runner.TestRunner" name="@AfterMethod tearDownMethods" time="0.0">
    <skipped/>
  </testcase> <!-- @AfterMethod tearDownMethods -->
  <testcase classname="sew.ai.runner.TestRunner" name="@BeforeMethod methodsPreRequisites" time="0.0">
    <skipped/>
  </testcase> <!-- @BeforeMethod methodsPreRequisites -->
  <testcase classname="sew.ai.runner.TestRunner" name="@AfterMethod tearDownMethods" time="0.0">
    <skipped/>
  </testcase> <!-- @AfterMethod tearDownMethods -->
  <testcase classname="sew.ai.runner.TestRunner" name="@BeforeMethod methodsPreRequisites" time="0.0">
    <skipped/>
  </testcase> <!-- @BeforeMethod methodsPreRequisites -->
  <testcase classname="sew.ai.runner.TestRunner" name="@AfterMethod tearDownMethods" time="0.0">
    <skipped/>
  </testcase> <!-- @AfterMethod tearDownMethods -->
  <testcase classname="sew.ai.runner.TestRunner" name="@BeforeMethod methodsPreRequisites" time="0.0">
    <skipped/>
  </testcase> <!-- @BeforeMethod methodsPreRequisites -->
  <testcase classname="sew.ai.runner.TestRunner" name="@AfterMethod tearDownMethods" time="0.0">
    <skipped/>
  </testcase> <!-- @AfterMethod tearDownMethods -->
  <testcase classname="sew.ai.runner.TestRunner" name="@BeforeMethod methodsPreRequisites" time="0.0">
    <skipped/>
  </testcase> <!-- @BeforeMethod methodsPreRequisites -->
  <testcase classname="sew.ai.runner.TestRunner" name="@AfterMethod tearDownMethods" time="0.0">
    <skipped/>
  </testcase> <!-- @AfterMethod tearDownMethods -->
  <testcase classname="sew.ai.runner.TestRunner" name="@BeforeMethod methodsPreRequisites" time="0.0">
    <skipped/>
  </testcase> <!-- @BeforeMethod methodsPreRequisites -->
  <testcase classname="sew.ai.runner.TestRunner" name="@AfterMethod tearDownMethods" time="0.0">
    <skipped/>
  </testcase> <!-- @AfterMethod tearDownMethods -->
  <testcase classname="sew.ai.runner.TestRunner" name="@BeforeMethod methodsPreRequisites" time="0.0">
    <skipped/>
  </testcase> <!-- @BeforeMethod methodsPreRequisites -->
  <testcase classname="sew.ai.runner.TestRunner" name="@AfterMethod tearDownMethods" time="0.0">
    <skipped/>
  </testcase> <!-- @AfterMethod tearDownMethods -->
  <testcase classname="sew.ai.runner.TestRunner" name="@BeforeMethod methodsPreRequisites" time="0.0">
    <skipped/>
  </testcase> <!-- @BeforeMethod methodsPreRequisites -->
  <testcase classname="sew.ai.runner.TestRunner" name="@AfterMethod tearDownMethods" time="0.0">
    <skipped/>
  </testcase> <!-- @AfterMethod tearDownMethods -->
  <testcase classname="sew.ai.runner.TestRunner" name="@BeforeMethod methodsPreRequisites" time="0.0">
    <skipped/>
  </testcase> <!-- @BeforeMethod methodsPreRequisites -->
  <testcase classname="sew.ai.runner.TestRunner" name="@AfterMethod tearDownMethods" time="0.0">
    <skipped/>
  </testcase> <!-- @AfterMethod tearDownMethods -->
  <testcase classname="sew.ai.runner.TestRunner" name="@BeforeMethod methodsPreRequisites" time="0.0">
    <skipped/>
  </testcase> <!-- @BeforeMethod methodsPreRequisites -->
  <testcase classname="sew.ai.runner.TestRunner" name="@AfterMethod tearDownMethods" time="0.0">
    <skipped/>
  </testcase> <!-- @AfterMethod tearDownMethods -->
  <testcase classname="sew.ai.runner.TestRunner" name="@BeforeMethod methodsPreRequisites" time="0.0">
    <skipped/>
  </testcase> <!-- @BeforeMethod methodsPreRequisites -->
  <testcase classname="sew.ai.runner.TestRunner" name="@AfterMethod tearDownMethods" time="0.0">
    <skipped/>
  </testcase> <!-- @AfterMethod tearDownMethods -->
  <testcase classname="sew.ai.runner.TestRunner" name="@BeforeMethod methodsPreRequisites" time="0.0">
    <skipped/>
  </testcase> <!-- @BeforeMethod methodsPreRequisites -->
  <testcase classname="sew.ai.runner.TestRunner" name="@AfterMethod tearDownMethods" time="0.0">
    <skipped/>
  </testcase> <!-- @AfterMethod tearDownMethods -->
  <testcase classname="sew.ai.runner.TestRunner" name="@BeforeMethod methodsPreRequisites" time="0.0">
    <skipped/>
  </testcase> <!-- @BeforeMethod methodsPreRequisites -->
  <testcase classname="sew.ai.runner.TestRunner" name="@AfterMethod tearDownMethods" time="0.0">
    <skipped/>
  </testcase> <!-- @AfterMethod tearDownMethods -->
  <testcase classname="sew.ai.runner.TestRunner" name="@BeforeMethod methodsPreRequisites" time="0.0">
    <skipped/>
  </testcase> <!-- @BeforeMethod methodsPreRequisites -->
  <testcase classname="sew.ai.runner.TestRunner" name="@AfterMethod tearDownMethods" time="0.0">
    <skipped/>
  </testcase> <!-- @AfterMethod tearDownMethods -->
  <testcase classname="sew.ai.runner.TestRunner" name="@BeforeMethod methodsPreRequisites" time="0.0">
    <skipped/>
  </testcase> <!-- @BeforeMethod methodsPreRequisites -->
  <testcase classname="sew.ai.runner.TestRunner" name="@AfterMethod tearDownMethods" time="0.0">
    <skipped/>
  </testcase> <!-- @AfterMethod tearDownMethods -->
  <testcase classname="sew.ai.runner.TestRunner" name="@BeforeMethod methodsPreRequisites" time="0.0">
    <skipped/>
  </testcase> <!-- @BeforeMethod methodsPreRequisites -->
  <testcase classname="sew.ai.runner.TestRunner" name="@AfterMethod tearDownMethods" time="0.0">
    <skipped/>
  </testcase> <!-- @AfterMethod tearDownMethods -->
  <testcase classname="sew.ai.runner.TestRunner" name="@AfterClass tearDownClasses" time="0.0">
    <skipped/>
  </testcase> <!-- @AfterClass tearDownClasses -->
  <testcase classname="sew.ai.runner.TestRunner" name="@BeforeClass classPreRequisites" time="-1.697015483695E9">
    <failure type="org.testng.TestNGException" message="
Parameter &amp;apos;platformType&amp;apos; is required by BeforeClass on method classPreRequisites but has not been marked @Optional or defined
">
      <![CDATA[org.testng.TestNGException: 
Parameter 'platformType' is required by BeforeClass on method classPreRequisites but has not been marked @Optional or defined

at java.base/java.util.ArrayList.forEach(ArrayList.java:1511)
... Removed 27 stack frames]]>
    </failure>
  </testcase> <!-- @BeforeClass classPreRequisites -->
  <testcase classname="sew.ai.runner.TestRunner" name="@BeforeMethod methodsPreRequisites" time="0.0">
    <skipped/>
  </testcase> <!-- @BeforeMethod methodsPreRequisites -->
  <testcase classname="sew.ai.runner.TestRunner" name="@AfterMethod tearDownMethods" time="0.0">
    <skipped/>
  </testcase> <!-- @AfterMethod tearDownMethods -->
  <testcase classname="sew.ai.runner.TestRunner" name="@BeforeMethod methodsPreRequisites" time="0.0">
    <skipped/>
  </testcase> <!-- @BeforeMethod methodsPreRequisites -->
  <testcase classname="sew.ai.runner.TestRunner" name="@AfterMethod tearDownMethods" time="0.0">
    <skipped/>
  </testcase> <!-- @AfterMethod tearDownMethods -->
  <testcase classname="sew.ai.runner.TestRunner" name="@BeforeMethod methodsPreRequisites" time="0.0">
    <skipped/>
  </testcase> <!-- @BeforeMethod methodsPreRequisites -->
  <testcase classname="sew.ai.runner.TestRunner" name="@AfterMethod tearDownMethods" time="0.0">
    <skipped/>
  </testcase> <!-- @AfterMethod tearDownMethods -->
  <testcase classname="sew.ai.runner.TestRunner" name="@AfterClass tearDownClasses" time="0.0">
    <skipped/>
  </testcase> <!-- @AfterClass tearDownClasses -->
  <testcase classname="alectra.tests.scp.LoginAlectraTests" name="verifyValidLogin" time="0.0">
    <skipped/>
  </testcase> <!-- verifyValidLogin -->
  <testcase classname="alectra.tests.scp.ResBillPayHistoryTests" name="usageOverview" time="0.0">
    <skipped/>
  </testcase> <!-- usageOverview -->
  <testcase classname="sew.ai.tests.csp.AdminCustomerTests" name="verifyActionAdvSearchFilterForCustomerTab" time="0.0">
    <skipped/>
  </testcase> <!-- verifyActionAdvSearchFilterForCustomerTab -->
  <testcase classname="sew.ai.tests.csp.AdminCustomerTests" name="verifyActionAdvSearchFilterForUsersTab" time="0.0">
    <skipped/>
  </testcase> <!-- verifyActionAdvSearchFilterForUsersTab -->
  <testcase classname="sew.ai.tests.csp.AdminCustomerTests" name="verifyActionsAdvSearchFilterServiceAcc" time="0.0">
    <skipped/>
  </testcase> <!-- verifyActionsAdvSearchFilterServiceAcc -->
  <testcase classname="sew.ai.tests.csp.AdminCustomerTests" name="verifyAddCustomerLinkCSR" time="0.0">
    <skipped/>
  </testcase> <!-- verifyAddCustomerLinkCSR -->
  <testcase classname="sew.ai.tests.csp.AdminCustomerTests" name="verifyAdvFilterServiceAccTab" time="0.0">
    <skipped/>
  </testcase> <!-- verifyAdvFilterServiceAccTab -->
  <testcase classname="sew.ai.tests.csp.AdminCustomerTests" name="verifyAdvanceFilterCustomerWithAccountType" time="0.0">
    <skipped/>
  </testcase> <!-- verifyAdvanceFilterCustomerWithAccountType -->
  <testcase classname="sew.ai.tests.csp.AdminCustomerTests" name="verifyAdvanceFilterCustomerWithZipAndEmail" time="0.0">
    <skipped/>
  </testcase> <!-- verifyAdvanceFilterCustomerWithZipAndEmail -->
  <testcase classname="sew.ai.tests.csp.AdminCustomerTests" name="verifyAdvanceSearchFilterSCMCustomerTab" time="0.0">
    <skipped/>
  </testcase> <!-- verifyAdvanceSearchFilterSCMCustomerTab -->
  <testcase classname="sew.ai.tests.csp.AdminCustomerTests" name="verifyAdvanceSearchFilterSCMUserTab" time="0.0">
    <skipped/>
  </testcase> <!-- verifyAdvanceSearchFilterSCMUserTab -->
  <testcase classname="sew.ai.tests.csp.AdminCustomerTests" name="verifyAdvanceSearchFilterServiceAccountTab" time="0.0">
    <skipped/>
  </testcase> <!-- verifyAdvanceSearchFilterServiceAccountTab -->
  <testcase classname="sew.ai.tests.csp.AdminCustomerTests" name="verifyBillTypeDetails360View" time="0.0">
    <skipped/>
  </testcase> <!-- verifyBillTypeDetails360View -->
  <testcase classname="sew.ai.tests.csp.AdminCustomerTests" name="verifyBillTypeStatusesDetailsView" time="0.0">
    <skipped/>
  </testcase> <!-- verifyBillTypeStatusesDetailsView -->
  <testcase classname="sew.ai.tests.csp.AdminCustomerTests" name="verifyBilling360View" time="0.001">
    <skipped/>
  </testcase> <!-- verifyBilling360View -->
  <testcase classname="sew.ai.tests.csp.AdminCustomerTests" name="verifyCSRTabFunctionality" time="0.0">
    <skipped/>
  </testcase> <!-- verifyCSRTabFunctionality -->
  <testcase classname="sew.ai.tests.csp.AdminCustomerTests" name="verifyCSRTabPaginationFeature" time="0.0">
    <skipped/>
  </testcase> <!-- verifyCSRTabPaginationFeature -->
  <testcase classname="sew.ai.tests.csp.AdminCustomerTests" name="verifyCSRTabSortingFeature" time="0.0">
    <skipped/>
  </testcase> <!-- verifyCSRTabSortingFeature -->
  <testcase classname="sew.ai.tests.csp.AdminCustomerTests" name="verifyCSRworkbenchUI" time="0.0">
    <skipped/>
  </testcase> <!-- verifyCSRworkbenchUI -->
  <testcase classname="sew.ai.tests.csp.AdminCustomerTests" name="verifyCountRegUnRegAccountsAdvSearchWithDB" time="0.0">
    <skipped/>
  </testcase> <!-- verifyCountRegUnRegAccountsAdvSearchWithDB -->
  <testcase classname="sew.ai.tests.csp.AdminCustomerTests" name="verifyCustomerDetailsPopUpTabs" time="0.0">
    <skipped/>
  </testcase> <!-- verifyCustomerDetailsPopUpTabs -->
  <testcase classname="sew.ai.tests.csp.AdminCustomerTests" name="verifyCustomerInformation360View" time="0.0">
    <skipped/>
  </testcase> <!-- verifyCustomerInformation360View -->
  <testcase classname="sew.ai.tests.csp.AdminCustomerTests" name="verifyEditCustomer" time="0.0">
    <skipped/>
  </testcase> <!-- verifyEditCustomer -->
  <testcase classname="sew.ai.tests.csp.AdminCustomerTests" name="verifyEfficiency360View" time="0.0">
    <skipped/>
  </testcase> <!-- verifyEfficiency360View -->
  <testcase classname="sew.ai.tests.csp.AdminCustomerTests" name="verifyExportCustomerFile" time="0.001">
    <skipped/>
  </testcase> <!-- verifyExportCustomerFile -->
  <testcase classname="sew.ai.tests.csp.AdminCustomerTests" name="verifyExportCustomerFileServiceTab" time="0.0">
    <skipped/>
  </testcase> <!-- verifyExportCustomerFileServiceTab -->
  <testcase classname="sew.ai.tests.csp.AdminCustomerTests" name="verifyExportSCMUserFile" time="0.0">
    <skipped/>
  </testcase> <!-- verifyExportSCMUserFile -->
  <testcase classname="sew.ai.tests.csp.AdminCustomerTests" name="verifyFieldsCSRActiveInactiveUsersTab" time="0.0">
    <skipped/>
  </testcase> <!-- verifyFieldsCSRActiveInactiveUsersTab -->
  <testcase classname="sew.ai.tests.csp.AdminCustomerTests" name="verifyGuest360View" time="0.0">
    <skipped/>
  </testcase> <!-- verifyGuest360View -->
  <testcase classname="sew.ai.tests.csp.AdminCustomerTests" name="verifyLastLogin" time="0.0">
    <skipped/>
  </testcase> <!-- verifyLastLogin -->
  <testcase classname="sew.ai.tests.csp.AdminCustomerTests" name="verifyLockUnLockUser" time="0.0">
    <skipped/>
  </testcase> <!-- verifyLockUnLockUser -->
  <testcase classname="sew.ai.tests.csp.AdminCustomerTests" name="verifyLoginToCustomerPortal" time="0.0">
    <skipped/>
  </testcase> <!-- verifyLoginToCustomerPortal -->
  <testcase classname="sew.ai.tests.csp.AdminCustomerTests" name="verifyMarketingPreferences" time="0.0">
    <skipped/>
  </testcase> <!-- verifyMarketingPreferences -->
  <testcase classname="sew.ai.tests.csp.AdminCustomerTests" name="verifyOutage360View" time="0.0">
    <skipped/>
  </testcase> <!-- verifyOutage360View -->
  <testcase classname="sew.ai.tests.csp.AdminCustomerTests" name="verifyPayment360View" time="0.0">
    <skipped/>
  </testcase> <!-- verifyPayment360View -->
  <testcase classname="sew.ai.tests.csp.AdminCustomerTests" name="verifyPostpaidUserDetailsView" time="0.0">
    <skipped/>
  </testcase> <!-- verifyPostpaidUserDetailsView -->
  <testcase classname="sew.ai.tests.csp.AdminCustomerTests" name="verifyPrepaidUserDetailsView" time="0.0">
    <skipped/>
  </testcase> <!-- verifyPrepaidUserDetailsView -->
  <testcase classname="sew.ai.tests.csp.AdminCustomerTests" name="verifyPropertyTab360View" time="0.0">
    <skipped/>
  </testcase> <!-- verifyPropertyTab360View -->
  <testcase classname="sew.ai.tests.csp.AdminCustomerTests" name="verifyRegisterUserGridUIFields" time="0.0">
    <skipped/>
  </testcase> <!-- verifyRegisterUserGridUIFields -->
  <testcase classname="sew.ai.tests.csp.AdminCustomerTests" name="verifyRegisteredServiceAccountDetailsC360AndSCPWithDB" time="0.0">
    <skipped/>
  </testcase> <!-- verifyRegisteredServiceAccountDetailsC360AndSCPWithDB -->
  <testcase classname="sew.ai.tests.csp.AdminCustomerTests" name="verifyRegisteredUsertabsAndCount" time="0.0">
    <skipped/>
  </testcase> <!-- verifyRegisteredUsertabsAndCount -->
  <testcase classname="sew.ai.tests.csp.AdminCustomerTests" name="verifyRegistrationPendingActivationLink" time="0.0">
    <skipped/>
  </testcase> <!-- verifyRegistrationPendingActivationLink -->
  <testcase classname="sew.ai.tests.csp.AdminCustomerTests" name="verifyResetButtonAdvanceSearchCustomer" time="0.0">
    <skipped/>
  </testcase> <!-- verifyResetButtonAdvanceSearchCustomer -->
  <testcase classname="sew.ai.tests.csp.AdminCustomerTests" name="verifyResetButtonAdvanceSearchServiceAccountTab" time="0.0">
    <skipped/>
  </testcase> <!-- verifyResetButtonAdvanceSearchServiceAccountTab -->
  <testcase classname="sew.ai.tests.csp.AdminCustomerTests" name="verifyResetButtonAdvanceSearchUser" time="0.0">
    <skipped/>
  </testcase> <!-- verifyResetButtonAdvanceSearchUser -->
  <testcase classname="sew.ai.tests.csp.AdminCustomerTests" name="verifyResetTemporaryPasswordCSP" time="0.0">
    <skipped/>
  </testcase> <!-- verifyResetTemporaryPasswordCSP -->
  <testcase classname="sew.ai.tests.csp.AdminCustomerTests" name="verifySCMUserEditRecord" time="0.0">
    <skipped/>
  </testcase> <!-- verifySCMUserEditRecord -->
  <testcase classname="sew.ai.tests.csp.AdminCustomerTests" name="verifySearchServiceAccountTab" time="0.0">
    <skipped/>
  </testcase> <!-- verifySearchServiceAccountTab -->
  <testcase classname="sew.ai.tests.csp.AdminCustomerTests" name="verifySendNotification" time="0.0">
    <skipped/>
  </testcase> <!-- verifySendNotification -->
  <testcase classname="sew.ai.tests.csp.AdminCustomerTests" name="verifyServicePlanProfileView" time="0.0">
    <skipped/>
  </testcase> <!-- verifyServicePlanProfileView -->
  <testcase classname="sew.ai.tests.csp.AdminCustomerTests" name="verifyUnRegisteredServiceAccountDetailsC360AndSCP" time="0.0">
    <skipped/>
  </testcase> <!-- verifyUnRegisteredServiceAccountDetailsC360AndSCP -->
  <testcase classname="sew.ai.tests.csp.AdminCustomerTests" name="verifyUserDetails360View" time="0.0">
    <skipped/>
  </testcase> <!-- verifyUserDetails360View -->
  <testcase classname="sew.ai.tests.csp.AdminCustomerTests" name="verifyUserLinkedAccount" time="0.0">
    <skipped/>
  </testcase> <!-- verifyUserLinkedAccount -->
  <testcase classname="sew.ai.tests.csp.AdminCustomerTests" name="verifyUserPageSize" time="0.0">
    <skipped/>
  </testcase> <!-- verifyUserPageSize -->
  <testcase classname="sew.ai.tests.csp.AdminCustomerTests" name="verifyUserStatusDBValueAndColor" time="0.0">
    <skipped/>
  </testcase> <!-- verifyUserStatusDBValueAndColor -->
  <testcase classname="sew.ai.tests.csp.AdminCustomerTests" name="verifyUsersDataGridSorting" time="0.0">
    <skipped/>
  </testcase> <!-- verifyUsersDataGridSorting -->
  <testcase classname="sew.ai.tests.csp.AdminHomeTests" name="verifyChangePassword" time="0.0">
    <skipped/>
  </testcase> <!-- verifyChangePassword -->
  <testcase classname="sew.ai.tests.csp.AdminHomeTests" name="verifyWelcomeMsgAndSignOut" time="0.0">
    <skipped/>
  </testcase> <!-- verifyWelcomeMsgAndSignOut -->
  <testcase classname="sew.ai.tests.csp.AdminLoginTests" name="verifyAlertMessageBlankLoginFields" time="0.0">
    <skipped/>
  </testcase> <!-- verifyAlertMessageBlankLoginFields -->
  <testcase classname="sew.ai.tests.csp.AdminLoginTests" name="verifyCSPRememberMeCheckBox" time="0.0">
    <skipped/>
  </testcase> <!-- verifyCSPRememberMeCheckBox -->
  <testcase classname="sew.ai.tests.csp.AdminLoginTests" name="verifyInvalidAdminLogin" time="0.0">
    <skipped/>
  </testcase> <!-- verifyInvalidAdminLogin -->
  <testcase classname="sew.ai.tests.csp.AdminLoginTests" name="verifyLoginObjectAndCommonElements" time="0.0">
    <skipped/>
  </testcase> <!-- verifyLoginObjectAndCommonElements -->
  <testcase classname="sew.ai.tests.csp.AdminLoginTests" name="verifySEWlogoAndAppVersion" time="0.0">
    <skipped/>
  </testcase> <!-- verifySEWlogoAndAppVersion -->
  <testcase classname="sew.ai.tests.csp.AdminLoginTests" name="verifyUnlockingUserIP" time="0.0">
    <skipped/>
  </testcase> <!-- verifyUnlockingUserIP -->
  <testcase classname="sew.ai.tests.csp.AdminLoginTests" name="verifyValidAdminLogin" time="0.0">
    <skipped/>
  </testcase> <!-- verifyValidAdminLogin -->
  <testcase classname="sew.ai.tests.csp.AdminNotificationTests" name="verifyAllEmailTabAndMultipleSelection" time="0.0">
    <skipped/>
  </testcase> <!-- verifyAllEmailTabAndMultipleSelection -->
  <testcase classname="sew.ai.tests.csp.AdminNotificationTests" name="verifyCheckBoxOnNotifications" time="0.0">
    <skipped/>
  </testcase> <!-- verifyCheckBoxOnNotifications -->
  <testcase classname="sew.ai.tests.csp.AdminNotificationTests" name="verifyClearButtonSearchBy" time="0.0">
    <skipped/>
  </testcase> <!-- verifyClearButtonSearchBy -->
  <testcase classname="sew.ai.tests.csp.AdminNotificationTests" name="verifyCommentsFieldOnNotification" time="0.0">
    <skipped/>
  </testcase> <!-- verifyCommentsFieldOnNotification -->
  <testcase classname="sew.ai.tests.csp.AdminNotificationTests" name="verifyCompleteFeatureConnectMeFolder" time="0.0">
    <skipped/>
  </testcase> <!-- verifyCompleteFeatureConnectMeFolder -->
  <testcase classname="sew.ai.tests.csp.AdminNotificationTests" name="verifyCompleteFeatureToSavedFolder" time="0.0">
    <skipped/>
  </testcase> <!-- verifyCompleteFeatureToSavedFolder -->
  <testcase classname="sew.ai.tests.csp.AdminNotificationTests" name="verifyCustNameMobileNotClickableNotification" time="0.0">
    <skipped/>
  </testcase> <!-- verifyCustNameMobileNotClickableNotification -->
  <testcase classname="sew.ai.tests.csp.AdminNotificationTests" name="verifyCustomerInformationInboxMail" time="0.0">
    <skipped/>
  </testcase> <!-- verifyCustomerInformationInboxMail -->
  <testcase classname="sew.ai.tests.csp.AdminNotificationTests" name="verifyDoneFunctionalityTrashFolder" time="0.0">
    <skipped/>
  </testcase> <!-- verifyDoneFunctionalityTrashFolder -->
  <testcase classname="sew.ai.tests.csp.AdminNotificationTests" name="verifyFromColumnNotificationInbox" time="0.0">
    <skipped/>
  </testcase> <!-- verifyFromColumnNotificationInbox -->
  <testcase classname="sew.ai.tests.csp.AdminNotificationTests" name="verifyInboxConnectMeNotifications" time="0.0">
    <skipped/>
  </testcase> <!-- verifyInboxConnectMeNotifications -->
  <testcase classname="sew.ai.tests.csp.AdminNotificationTests" name="verifyInboxNewRepliedNotifications" time="0.0">
    <skipped/>
  </testcase> <!-- verifyInboxNewRepliedNotifications -->
  <testcase classname="sew.ai.tests.csp.AdminNotificationTests" name="verifyInboxServiceNotifications" time="0.0">
    <skipped/>
  </testcase> <!-- verifyInboxServiceNotifications -->
  <testcase classname="sew.ai.tests.csp.AdminNotificationTests" name="verifyMessageDetailsNotification" time="0.0">
    <skipped/>
  </testcase> <!-- verifyMessageDetailsNotification -->
  <testcase classname="sew.ai.tests.csp.AdminNotificationTests" name="verifyNoDataForTabNotification" time="0.0">
    <skipped/>
  </testcase> <!-- verifyNoDataForTabNotification -->
  <testcase classname="sew.ai.tests.csp.AdminNotificationTests" name="verifyNotificationAutoResponseEditor" time="0.0">
    <skipped/>
  </testcase> <!-- verifyNotificationAutoResponseEditor -->
  <testcase classname="sew.ai.tests.csp.AdminNotificationTests" name="verifyNotificationMsgBoxLenCriteria" time="0.0">
    <skipped/>
  </testcase> <!-- verifyNotificationMsgBoxLenCriteria -->
  <testcase classname="sew.ai.tests.csp.AdminNotificationTests" name="verifyNotificationSorting" time="0.0">
    <skipped/>
  </testcase> <!-- verifyNotificationSorting -->
  <testcase classname="sew.ai.tests.csp.AdminNotificationTests" name="verifyNotificationUIAndSubTabs" time="0.0">
    <skipped/>
  </testcase> <!-- verifyNotificationUIAndSubTabs -->
  <testcase classname="sew.ai.tests.csp.AdminNotificationTests" name="verifyNotifyPreLogConnectMeServices" time="0.0">
    <skipped/>
  </testcase> <!-- verifyNotifyPreLogConnectMeServices -->
  <testcase classname="sew.ai.tests.csp.AdminNotificationTests" name="verifyPaginationNotificationInbox" time="0.0">
    <skipped/>
  </testcase> <!-- verifyPaginationNotificationInbox -->
  <testcase classname="sew.ai.tests.csp.AdminNotificationTests" name="verifyProblemsSigningInCSPNotificationRequest" time="0.0">
    <skipped/>
  </testcase> <!-- verifyProblemsSigningInCSPNotificationRequest -->
  <testcase classname="sew.ai.tests.csp.AdminNotificationTests" name="verifyPutBackFeatureNotification" time="0.0">
    <skipped/>
  </testcase> <!-- verifyPutBackFeatureNotification -->
  <testcase classname="sew.ai.tests.csp.AdminNotificationTests" name="verifyReadUnreadMessagesText" time="0.0">
    <skipped/>
  </testcase> <!-- verifyReadUnreadMessagesText -->
  <testcase classname="sew.ai.tests.csp.AdminNotificationTests" name="verifyReplySectionNotification" time="0.0">
    <skipped/>
  </testcase> <!-- verifyReplySectionNotification -->
  <testcase classname="sew.ai.tests.csp.AdminNotificationTests" name="verifySaveMessageFunctionality" time="0.0">
    <skipped/>
  </testcase> <!-- verifySaveMessageFunctionality -->
  <testcase classname="sew.ai.tests.csp.AdminNotificationTests" name="verifySavedFolderToCompleteFeature" time="0.001">
    <skipped/>
  </testcase> <!-- verifySavedFolderToCompleteFeature -->
  <testcase classname="sew.ai.tests.csp.AdminNotificationTests" name="verifySearchByFeature" time="0.0">
    <skipped/>
  </testcase> <!-- verifySearchByFeature -->
  <testcase classname="sew.ai.tests.csp.AdminNotificationTests" name="verifySearchByValidationMessages" time="0.0">
    <skipped/>
  </testcase> <!-- verifySearchByValidationMessages -->
  <testcase classname="sew.ai.tests.csp.AdminNotificationTests" name="verifySearchResultsRefreshSearchBy" time="0.001">
    <skipped/>
  </testcase> <!-- verifySearchResultsRefreshSearchBy -->
  <testcase classname="sew.ai.tests.csp.AdminNotificationTests" name="verifySendNotificationTab" time="0.0">
    <skipped/>
  </testcase> <!-- verifySendNotificationTab -->
  <testcase classname="sew.ai.tests.csp.AdminNotificationTests" name="verifySentMailTab" time="0.0">
    <skipped/>
  </testcase> <!-- verifySentMailTab -->
  <testcase classname="sew.ai.tests.csp.AdminNotificationTests" name="verifyThreadsModuleNotifications" time="0.0">
    <skipped/>
  </testcase> <!-- verifyThreadsModuleNotifications -->
  <testcase classname="sew.ai.tests.csp.AdminNotificationTests" name="verifyTrashTabFunctionality" time="0.0">
    <skipped/>
  </testcase> <!-- verifyTrashTabFunctionality -->
  <testcase classname="sew.ai.tests.csp.AdminUniversalSearchTests" name="verifyBlankSearch" time="0.0">
    <skipped/>
  </testcase> <!-- verifyBlankSearch -->
  <testcase classname="sew.ai.tests.csp.AdminUniversalSearchTests" name="verifyHyperLinkCustomerName" time="0.0">
    <skipped/>
  </testcase> <!-- verifyHyperLinkCustomerName -->
  <testcase classname="sew.ai.tests.csp.AdminUniversalSearchTests" name="verifyUniversalSearchField" time="0.0">
    <skipped/>
  </testcase> <!-- verifyUniversalSearchField -->
  <testcase classname="sew.ai.tests.csp.AdminUniversalSearchTests" name="verifyUniversalSearchFieldsAndReportGridInfo" time="0.0">
    <skipped/>
  </testcase> <!-- verifyUniversalSearchFieldsAndReportGridInfo -->
  <testcase classname="sew.ai.tests.csp.ForgotPasswordTests" name="verifyForgotPassword" time="0.0">
    <skipped/>
  </testcase> <!-- verifyForgotPassword -->
  <testcase classname="sew.ai.tests.csp.OutageTests" name="verifyObjectsAdminOutagePage" time="0.0">
    <skipped/>
  </testcase> <!-- verifyObjectsAdminOutagePage -->
  <testcase classname="sew.ai.tests.csp.OutageTests" name="verifySelectedOutageDetails" time="0.0">
    <skipped/>
  </testcase> <!-- verifySelectedOutageDetails -->
  <testcase classname="sew.ai.tests.csp.WaysToSaveTests" name="verifyAddEfficiencyForm" time="0.0">
    <skipped/>
  </testcase> <!-- verifyAddEfficiencyForm -->
  <testcase classname="sew.ai.tests.csp.WaysToSaveTests" name="verifyAddUpdateDeleteEducationalTipsEfficiency" time="0.0">
    <skipped/>
  </testcase> <!-- verifyAddUpdateDeleteEducationalTipsEfficiency -->
  <testcase classname="sew.ai.tests.csp.WaysToSaveTests" name="verifyAddUpdateDeleteEfficiency" time="0.0">
    <skipped/>
  </testcase> <!-- verifyAddUpdateDeleteEfficiency -->
  <testcase classname="sew.ai.tests.csp.WaysToSaveTests" name="verifyAddUpdateDeleteProgramsEfficiency" time="0.0">
    <skipped/>
  </testcase> <!-- verifyAddUpdateDeleteProgramsEfficiency -->
  <testcase classname="sew.ai.tests.csp.WaysToSaveTests" name="verifyAddUpdateDeleteRebatesEfficiency" time="0.0">
    <skipped/>
  </testcase> <!-- verifyAddUpdateDeleteRebatesEfficiency -->
  <testcase classname="sew.ai.tests.csp.WaysToSaveTests" name="verifyAddUpdateDeleteSavingsTipsEfficiency" time="0.0">
    <skipped/>
  </testcase> <!-- verifyAddUpdateDeleteSavingsTipsEfficiency -->
  <testcase classname="sew.ai.tests.csp.WaysToSaveTests" name="verifyAddWaysToSaveMultiAcctType" time="0.0">
    <skipped/>
  </testcase> <!-- verifyAddWaysToSaveMultiAcctType -->
  <testcase classname="sew.ai.tests.csp.WaysToSaveTests" name="verifyEducationalTipsOrderAndTitle" time="0.0">
    <skipped/>
  </testcase> <!-- verifyEducationalTipsOrderAndTitle -->
  <testcase classname="sew.ai.tests.csp.WaysToSaveTests" name="verifyExternalLinkEfficiency" time="0.0">
    <skipped/>
  </testcase> <!-- verifyExternalLinkEfficiency -->
  <testcase classname="sew.ai.tests.csp.WaysToSaveTests" name="verifyFieldsAfterSelectingCategory" time="0.0">
    <skipped/>
  </testcase> <!-- verifyFieldsAfterSelectingCategory -->
  <testcase classname="sew.ai.tests.csp.WaysToSaveTests" name="verifyImageFunctionality" time="0.0">
    <skipped/>
  </testcase> <!-- verifyImageFunctionality -->
  <testcase classname="sew.ai.tests.csp.WaysToSaveTests" name="verifyInactiveActiveWaysToSave" time="0.0">
    <skipped/>
  </testcase> <!-- verifyInactiveActiveWaysToSave -->
  <testcase classname="sew.ai.tests.csp.WaysToSaveTests" name="verifyProgramsOrderAndTitle" time="0.0">
    <skipped/>
  </testcase> <!-- verifyProgramsOrderAndTitle -->
  <testcase classname="sew.ai.tests.csp.WaysToSaveTests" name="verifyRebatesOrderAndTitle" time="0.0">
    <skipped/>
  </testcase> <!-- verifyRebatesOrderAndTitle -->
  <testcase classname="sew.ai.tests.csp.WaysToSaveTests" name="verifySavingTipsOrderAndTitle" time="0.0">
    <skipped/>
  </testcase> <!-- verifySavingTipsOrderAndTitle -->
  <testcase classname="sew.ai.tests.csp.WaysToSaveTests" name="verifyUpdateWaysToSaveFieldsAndValidationMsg" time="0.0">
    <skipped/>
  </testcase> <!-- verifyUpdateWaysToSaveFieldsAndValidationMsg -->
  <testcase classname="sew.ai.tests.csp.WaysToSaveTests" name="verifyUpdateWaysToSaveMultiAcctType" time="0.0">
    <skipped/>
  </testcase> <!-- verifyUpdateWaysToSaveMultiAcctType -->
  <testcase classname="sew.ai.tests.csp.WaysToSaveTests" name="verifyWaysToSaveDashboard" time="0.0">
    <skipped/>
  </testcase> <!-- verifyWaysToSaveDashboard -->
  <testcase classname="sew.ai.tests.csp.WaysToSaveTests" name="verifyWaysToSaveViewPopupDetailsCSP" time="0.0">
    <skipped/>
  </testcase> <!-- verifyWaysToSaveViewPopupDetailsCSP -->
  <testcase classname="sew.ai.tests.scp.AccountInformationTests" name="verifyCISValidationMessageForLinkAccount" time="0.001">
    <skipped/>
  </testcase> <!-- verifyCISValidationMessageForLinkAccount -->
  <testcase classname="sew.ai.tests.scp.AccountInformationTests" name="verifyDropdownOnLinkDeLinkAccounts" time="0.0">
    <skipped/>
  </testcase> <!-- verifyDropdownOnLinkDeLinkAccounts -->
  <testcase classname="sew.ai.tests.scp.AccountInformationTests" name="verifyLinkAccountAndDeleteLinkedAccount" time="0.0">
    <skipped/>
  </testcase> <!-- verifyLinkAccountAndDeleteLinkedAccount -->
  <testcase classname="sew.ai.tests.scp.AccountInformationTests" name="verifyLinkAccountUIAndValidation" time="0.0">
    <skipped/>
  </testcase> <!-- verifyLinkAccountUIAndValidation -->
  <testcase classname="sew.ai.tests.scp.AccountInformationTests" name="verifyLinkAlreadyRegisteredActiveAccount" time="0.0">
    <skipped/>
  </testcase> <!-- verifyLinkAlreadyRegisteredActiveAccount -->
  <testcase classname="sew.ai.tests.scp.AccountInformationTests" name="verifyLinkInactiveAccount" time="0.0">
    <skipped/>
  </testcase> <!-- verifyLinkInactiveAccount -->
  <testcase classname="sew.ai.tests.scp.AccountInformationTests" name="verifyLinkRegisteredButItsActivationLinkExpiredAccount" time="0.0">
    <skipped/>
  </testcase> <!-- verifyLinkRegisteredButItsActivationLinkExpiredAccount -->
  <testcase classname="sew.ai.tests.scp.AccountInformationTests" name="verifyMakeDefaultForMultiLinkAccount" time="0.0">
    <skipped/>
  </testcase> <!-- verifyMakeDefaultForMultiLinkAccount -->
  <testcase classname="sew.ai.tests.scp.AccountInformationTests" name="verifyMultiAccountDelinkAndregistration" time="0.0">
    <skipped/>
  </testcase> <!-- verifyMultiAccountDelinkAndregistration -->
  <testcase classname="sew.ai.tests.scp.AccountInformationTests" name="verifyMultiAccountregistrationandDelinkedAccount" time="0.0">
    <skipped/>
  </testcase> <!-- verifyMultiAccountregistrationandDelinkedAccount -->
  <testcase classname="sew.ai.tests.scp.AccountInformationTests" name="verifyMultiLinkAccountAndDeleteAgainLinkedAccount" time="0.0">
    <skipped/>
  </testcase> <!-- verifyMultiLinkAccountAndDeleteAgainLinkedAccount -->
  <testcase classname="sew.ai.tests.scp.AccountInformationTests" name="verifyMultiLinkAccountAndDeleteCommericalLinkedAccount" time="0.0">
    <skipped/>
  </testcase> <!-- verifyMultiLinkAccountAndDeleteCommericalLinkedAccount -->
  <testcase classname="sew.ai.tests.scp.AccountInformationTests" name="verifyMultiLinkAccountAndDeleteLinkedAccount" time="0.0">
    <skipped/>
  </testcase> <!-- verifyMultiLinkAccountAndDeleteLinkedAccount -->
  <testcase classname="sew.ai.tests.scp.AccountInformationTests" name="verifyUnableLinkResidentialAccountInCommercialSectionAndViceVersa" time="0.0">
    <skipped/>
  </testcase> <!-- verifyUnableLinkResidentialAccountInCommercialSectionAndViceVersa -->
  <testcase classname="sew.ai.tests.scp.DashboardTests" name="verifyDashboardPageObjects" time="0.0">
    <skipped/>
  </testcase> <!-- verifyDashboardPageObjects -->
  <testcase classname="sew.ai.tests.scp.DashboardTests" name="verifyBillingSummarySectionObjects" time="0.0">
    <skipped/>
  </testcase> <!-- verifyBillingSummarySectionObjects -->
  <testcase classname="sew.ai.tests.scp.DashboardTests" name="verifyBillingSectionWithMultipleAcc" time="0.0">
    <skipped/>
  </testcase> <!-- verifyBillingSectionWithMultipleAcc -->
  <testcase classname="sew.ai.tests.scp.DashboardTests" name="verifyBillingSectionForPayAsYouGo" time="0.0">
    <skipped/>
  </testcase> <!-- verifyBillingSectionForPayAsYouGo -->
  <testcase classname="sew.ai.tests.scp.DashboardTests" name="verifyUsageFeatureOnDashboard" time="0.0">
    <skipped/>
  </testcase> <!-- verifyUsageFeatureOnDashboard -->
  <testcase classname="sew.ai.tests.scp.DashboardTests" name="verifyAutoPayCarousel" time="0.0">
    <skipped/>
  </testcase> <!-- verifyAutoPayCarousel -->
  <testcase classname="sew.ai.tests.scp.DashboardTests" name="verifySmartHomeCarousel" time="0.0">
    <skipped/>
  </testcase> <!-- verifySmartHomeCarousel -->
  <testcase classname="sew.ai.tests.scp.FootPrintTests" name="verifyFootPrintPageObjects" time="0.0">
    <skipped/>
  </testcase> <!-- verifyFootPrintPageObjects -->
  <testcase classname="sew.ai.tests.scp.FootPrintTests" name="verifyPinedPopUpDetails" time="0.0">
    <skipped/>
  </testcase> <!-- verifyPinedPopUpDetails -->
  <testcase classname="sew.ai.tests.scp.ForgetPasswordTests" name="validateForgotPassword" time="0.0">
    <skipped/>
  </testcase> <!-- validateForgotPassword -->
  <testcase classname="sew.ai.tests.scp.ForgetPasswordTests" name="verifyForgotPwdWithInactiveAcc" time="0.0">
    <skipped/>
  </testcase> <!-- verifyForgotPwdWithInactiveAcc -->
  <testcase classname="sew.ai.tests.scp.ForgetPasswordTests" name="verifyResetPasswordLinkFunctionality" time="0.0">
    <skipped/>
  </testcase> <!-- verifyResetPasswordLinkFunctionality -->
  <testcase classname="sew.ai.tests.scp.ForgetPasswordTests" name="verifyResetPasswordUsingEmail" time="0.0">
    <skipped/>
  </testcase> <!-- verifyResetPasswordUsingEmail -->
  <testcase classname="sew.ai.tests.scp.ForgetPasswordTests" name="verifyUserStatusTempLock" time="0.0">
    <skipped/>
  </testcase> <!-- verifyUserStatusTempLock -->
  <testcase classname="sew.ai.tests.scp.ForgetUsernameTest" name="resetUsernameUsingWrongEmail" time="0.0">
    <skipped/>
  </testcase> <!-- resetUsernameUsingWrongEmail -->
  <testcase classname="sew.ai.tests.scp.ForgetUsernameTest" name="validateResetUsername" time="0.0">
    <skipped/>
  </testcase> <!-- validateResetUsername -->
  <testcase classname="sew.ai.tests.scp.ForgetUsernameTest" name="verifyForgotUsernameWithInactiveAcc" time="0.0">
    <skipped/>
  </testcase> <!-- verifyForgotUsernameWithInactiveAcc -->
  <testcase classname="sew.ai.tests.scp.ForgetUsernameTest" name="verifyMaxResetUsernameAccountBlock" time="0.0">
    <skipped/>
  </testcase> <!-- verifyMaxResetUsernameAccountBlock -->
  <testcase classname="sew.ai.tests.scp.ForgetUsernameTest" name="verifyMinMaxValueForgotUsername" time="0.0">
    <skipped/>
  </testcase> <!-- verifyMinMaxValueForgotUsername -->
  <testcase classname="sew.ai.tests.scp.GuestUserTests" name="verifyEditAndResendGuestUserInvites" time="0.0">
    <skipped/>
  </testcase> <!-- verifyEditAndResendGuestUserInvites -->
  <testcase classname="sew.ai.tests.scp.GuestUserTests" name="verifyErrorMsgForInviteUserPopup" time="0.0">
    <skipped/>
  </testcase> <!-- verifyErrorMsgForInviteUserPopup -->
  <testcase classname="sew.ai.tests.scp.GuestUserTests" name="verifyGuestAccessExpireOnEndDate" time="0.0">
    <skipped/>
  </testcase> <!-- verifyGuestAccessExpireOnEndDate -->
  <testcase classname="sew.ai.tests.scp.GuestUserTests" name="verifyGuestUserEditPrimaryEmail" time="0.0">
    <skipped/>
  </testcase> <!-- verifyGuestUserEditPrimaryEmail -->
  <testcase classname="sew.ai.tests.scp.GuestUserTests" name="verifyGuestUserPageObject" time="0.0">
    <skipped/>
  </testcase> <!-- verifyGuestUserPageObject -->
  <testcase classname="sew.ai.tests.scp.GuestUserTests" name="verifyGuestUserRegistrationFieldValidations" time="0.0">
    <skipped/>
  </testcase> <!-- verifyGuestUserRegistrationFieldValidations -->
  <testcase classname="sew.ai.tests.scp.GuestUserTests" name="verifyInviteExistingUserWithGuestAccess" time="0.0">
    <skipped/>
  </testcase> <!-- verifyInviteExistingUserWithGuestAccess -->
  <testcase classname="sew.ai.tests.scp.GuestUserTests" name="verifyInviteNewUserAsGuest" time="0.0">
    <skipped/>
  </testcase> <!-- verifyInviteNewUserAsGuest -->
  <testcase classname="sew.ai.tests.scp.GuestUserTests" name="verifyLinkExpirationForNewUserAsGuest" time="0.0">
    <skipped/>
  </testcase> <!-- verifyLinkExpirationForNewUserAsGuest -->
  <testcase classname="sew.ai.tests.scp.GuestUserTests" name="verifyMaxNoGuestUserInvite" time="0.0">
    <skipped/>
  </testcase> <!-- verifyMaxNoGuestUserInvite -->
  <testcase classname="sew.ai.tests.scp.GuestUserTests" name="verifyPropertyManagerAccessExpireOnEndDate" time="0.0">
    <skipped/>
  </testcase> <!-- verifyPropertyManagerAccessExpireOnEndDate -->
  <testcase classname="sew.ai.tests.scp.GuestUserTests" name="verifyUpdateNickNameForGuestAccountCard" time="0.0">
    <skipped/>
  </testcase> <!-- verifyUpdateNickNameForGuestAccountCard -->
  <testcase classname="sew.ai.tests.scp.LoginTests" name="verifyLoginPageObjects" time="0.0">
    <skipped/>
  </testcase> <!-- verifyLoginPageObjects -->
  <testcase classname="sew.ai.tests.scp.LoginTests" name="verifyValidLogin" time="0.0">
    <skipped/>
  </testcase> <!-- verifyValidLogin -->
  <testcase classname="sew.ai.tests.scp.LoginTests" name="verifyInvalidLogin" time="0.0">
    <skipped/>
  </testcase> <!-- verifyInvalidLogin -->
  <testcase classname="sew.ai.tests.scp.LoginTests" name="verifyRememberMeLoginFunctionality" time="0.0">
    <skipped/>
  </testcase> <!-- verifyRememberMeLoginFunctionality -->
  <testcase classname="sew.ai.tests.scp.LoginTests" name="verifyLoginWithDeactiveUser" time="0.0">
    <skipped/>
  </testcase> <!-- verifyLoginWithDeactiveUser -->
  <testcase classname="sew.ai.tests.scp.LoginTests" name="verifyLoginWithClosedAccounts" time="0.0">
    <skipped/>
  </testcase> <!-- verifyLoginWithClosedAccounts -->
  <testcase classname="sew.ai.tests.scp.LoginTests" name="verifySwitchLanguageFunctionality" time="0.0">
    <skipped/>
  </testcase> <!-- verifySwitchLanguageFunctionality -->
  <testcase classname="sew.ai.tests.scp.LoginTests" name="verifyAccountBlockOnLogin" time="0.0">
    <skipped/>
  </testcase> <!-- verifyAccountBlockOnLogin -->
  <testcase classname="sew.ai.tests.scp.LoginTests" name="verifyIPBlockOnLogin" time="0.0">
    <skipped/>
  </testcase> <!-- verifyIPBlockOnLogin -->
  <testcase classname="sew.ai.tests.scp.LoginTests" name="verifyEfficiencyWidgetsProgram" time="0.0">
    <skipped/>
  </testcase> <!-- verifyEfficiencyWidgetsProgram -->
  <testcase classname="sew.ai.tests.scp.LoginTests" name="verifyChatWindow" time="0.0">
    <skipped/>
  </testcase> <!-- verifyChatWindow -->
  <testcase classname="sew.ai.tests.scp.LoginTests" name="verifyLoginForMigratedUser" time="0.0">
    <skipped/>
  </testcase> <!-- verifyLoginForMigratedUser -->
  <testcase classname="sew.ai.tests.scp.LoginTests" name="verifyUsernamePasswordAcceptanceCriteria" time="0.0">
    <skipped/>
  </testcase> <!-- verifyUsernamePasswordAcceptanceCriteria -->
  <testcase classname="sew.ai.tests.scp.MarketingPreferenceTests" name="verifyMarketingPreferencesObjects" time="0.0">
    <skipped/>
  </testcase> <!-- verifyMarketingPreferencesObjects -->
  <testcase classname="sew.ai.tests.scp.MarketingPreferenceTests" name="verifyMarketingPreferencesNewUser" time="0.0">
    <skipped/>
  </testcase> <!-- verifyMarketingPreferencesNewUser -->
  <testcase classname="sew.ai.tests.scp.MultiFactorAuthTests" name="verifyContactMethodOnMFAScreen" time="0.0">
    <skipped/>
  </testcase> <!-- verifyContactMethodOnMFAScreen -->
  <testcase classname="sew.ai.tests.scp.MultiFactorAuthTests" name="verifyExceededResendOTPForMFA_Email_And_Text" time="0.0">
    <skipped/>
  </testcase> <!-- verifyExceededResendOTPForMFA_Email_And_Text -->
  <testcase classname="sew.ai.tests.scp.MultiFactorAuthTests" name="verifyMFAExpirationFeature" time="0.0">
    <skipped/>
  </testcase> <!-- verifyMFAExpirationFeature -->
  <testcase classname="sew.ai.tests.scp.MultiFactorAuthTests" name="verifyMFAUIAndValidation" time="0.0">
    <skipped/>
  </testcase> <!-- verifyMFAUIAndValidation -->
  <testcase classname="sew.ai.tests.scp.MultiFactorAuthTests" name="verifyMFAwithEmailORText" time="0.0">
    <skipped/>
  </testcase> <!-- verifyMFAwithEmailORText -->
  <testcase classname="sew.ai.tests.scp.MultiFactorAuthTests" name="verifyUserNotLockedForMaxWrongAttemptMFA" time="0.0">
    <skipped/>
  </testcase> <!-- verifyUserNotLockedForMaxWrongAttemptMFA -->
  <testcase classname="sew.ai.tests.scp.MyAccountAboutMyHomeTests" name="verifyAboutMyHomePageNavigation" time="0.0">
    <skipped/>
  </testcase> <!-- verifyAboutMyHomePageNavigation -->
  <testcase classname="sew.ai.tests.scp.MyProfileTests" name="verifyProfileInformationPageUI" time="0.0">
    <skipped/>
  </testcase> <!-- verifyProfileInformationPageUI -->
  <testcase classname="sew.ai.tests.scp.MyProfileTests" name="verifyPersonalInfoSection" time="0.0">
    <skipped/>
  </testcase> <!-- verifyPersonalInfoSection -->
  <testcase classname="sew.ai.tests.scp.MyProfileTests" name="verifyValidationsProfileInformation" time="0.0">
    <skipped/>
  </testcase> <!-- verifyValidationsProfileInformation -->
  <testcase classname="sew.ai.tests.scp.MyProfileTests" name="verifyContactTypeProfileInformation" time="0.0">
    <skipped/>
  </testcase> <!-- verifyContactTypeProfileInformation -->
  <testcase classname="sew.ai.tests.scp.MyProfileTests" name="verifyUpdateProfileInformation" time="0.0">
    <skipped/>
  </testcase> <!-- verifyUpdateProfileInformation -->
  <testcase classname="sew.ai.tests.scp.MyProfileTests" name="validateChangeUsername" time="0.0">
    <skipped/>
  </testcase> <!-- validateChangeUsername -->
  <testcase classname="sew.ai.tests.scp.MyProfileTests" name="verifyChangeUsernameAcceptanceCriteria" time="0.0">
    <skipped/>
  </testcase> <!-- verifyChangeUsernameAcceptanceCriteria -->
  <testcase classname="sew.ai.tests.scp.MyProfileTests" name="verifyDownloadMyPersonalData" time="0.0">
    <skipped/>
  </testcase> <!-- verifyDownloadMyPersonalData -->
  <testcase classname="sew.ai.tests.scp.MyProfileTests" name="validationMsgAndChangeUsername" time="0.0">
    <skipped/>
  </testcase> <!-- validationMsgAndChangeUsername -->
  <testcase classname="sew.ai.tests.scp.MyProfileTests" name="verifyDefaultTimeZoneOfNewRegisteredUser" time="0.0">
    <skipped/>
  </testcase> <!-- verifyDefaultTimeZoneOfNewRegisteredUser -->
  <testcase classname="sew.ai.tests.scp.MyProfileTests" name="verifyDropdownOnLinkDeLinkAccounts" time="0.0">
    <skipped/>
  </testcase> <!-- verifyDropdownOnLinkDeLinkAccounts -->
  <testcase classname="sew.ai.tests.scp.MyProfileTests" name="verifyTimeZoneSaveFunctionality" time="0.0">
    <skipped/>
  </testcase> <!-- verifyTimeZoneSaveFunctionality -->
  <testcase classname="sew.ai.tests.scp.MyProfileTests" name="verifyDeleteMyProfile" time="0.0">
    <skipped/>
  </testcase> <!-- verifyDeleteMyProfile -->
  <testcase classname="sew.ai.tests.scp.MyProfileTests" name="verifyNewUserDownloadMyPersonalData" time="0.0">
    <skipped/>
  </testcase> <!-- verifyNewUserDownloadMyPersonalData -->
  <testcase classname="sew.ai.tests.scp.MyProfileTests" name="verifyChangeUsernameNotAvailable" time="0.0">
    <skipped/>
  </testcase> <!-- verifyChangeUsernameNotAvailable -->
  <testcase classname="sew.ai.tests.scp.MyProfileTests" name="verifyDefaultServiceAddress" time="0.0">
    <skipped/>
  </testcase> <!-- verifyDefaultServiceAddress -->
  <testcase classname="sew.ai.tests.scp.NotificationPreferenceTests" name="hideAndUnHideNotificationPreference" time="0.0">
    <skipped/>
  </testcase> <!-- hideAndUnHideNotificationPreference -->
  <testcase classname="sew.ai.tests.scp.NotificationPreferenceTests" name="verifyAddNotificationChannelFunctionality" time="0.0">
    <skipped/>
  </testcase> <!-- verifyAddNotificationChannelFunctionality -->
  <testcase classname="sew.ai.tests.scp.NotificationPreferenceTests" name="verifyNotificationAlertStatusAndNoImpactOfQuietHOursOnEmail" time="0.0">
    <skipped/>
  </testcase> <!-- verifyNotificationAlertStatusAndNoImpactOfQuietHOursOnEmail -->
  <testcase classname="sew.ai.tests.scp.NotificationPreferenceTests" name="verifyNotificationAlertsValidationMessages" time="0.0">
    <skipped/>
  </testcase> <!-- verifyNotificationAlertsValidationMessages -->
  <testcase classname="sew.ai.tests.scp.NotificationPreferenceTests" name="verifyNotificationInboxOnNoPreferenceAlert" time="0.0">
    <skipped/>
  </testcase> <!-- verifyNotificationInboxOnNoPreferenceAlert -->
  <testcase classname="sew.ai.tests.scp.NotificationPreferenceTests" name="verifyNotificationMaintainOnAccountLevel" time="0.0">
    <skipped/>
  </testcase> <!-- verifyNotificationMaintainOnAccountLevel -->
  <testcase classname="sew.ai.tests.scp.NotificationPreferenceTests" name="verifyNotificationMobileNumberEmailAddress" time="0.0">
    <skipped/>
  </testcase> <!-- verifyNotificationMobileNumberEmailAddress -->
  <testcase classname="sew.ai.tests.scp.NotificationPreferenceTests" name="verifyNotificationPreferenceForRegisteredUser" time="0.0">
    <skipped/>
  </testcase> <!-- verifyNotificationPreferenceForRegisteredUser -->
  <testcase classname="sew.ai.tests.scp.NotificationPreferenceTests" name="verifyNotificationPreferencePageObjects" time="0.0">
    <skipped/>
  </testcase> <!-- verifyNotificationPreferencePageObjects -->
  <testcase classname="sew.ai.tests.scp.NotificationPreferenceTests" name="verifyNotificationsChannelsValidations" time="0.0">
    <skipped/>
  </testcase> <!-- verifyNotificationsChannelsValidations -->
  <testcase classname="sew.ai.tests.scp.NotificationPreferenceTests" name="verifyQuietHoursFunctionalityAndUI" time="0.0">
    <skipped/>
  </testcase> <!-- verifyQuietHoursFunctionalityAndUI -->
  <testcase classname="sew.ai.tests.scp.NotificationPreferenceTests" name="verifyQuietHoursFunctionalityAndUIforEmailAddress" time="0.0">
    <skipped/>
  </testcase> <!-- verifyQuietHoursFunctionalityAndUIforEmailAddress -->
  <testcase classname="sew.ai.tests.scp.NotificationPreferenceTests" name="verifyTcpaCompliancePopup" time="0.0">
    <skipped/>
  </testcase> <!-- verifyTcpaCompliancePopup -->
  <testcase classname="sew.ai.tests.scp.NotificationTests" name="verifyNotificationsPageNavigationAndUI" time="0.0">
    <skipped/>
  </testcase> <!-- verifyNotificationsPageNavigationAndUI -->
  <testcase classname="sew.ai.tests.scp.NotificationTests" name="verifyOutageNotificationMails" time="0.0">
    <skipped/>
  </testcase> <!-- verifyOutageNotificationMails -->
  <testcase classname="sew.ai.tests.scp.PostLogConnectMeTests" name="verifyAttachmentsForSubmitingForm" time="0.0">
    <skipped/>
  </testcase> <!-- verifyAttachmentsForSubmitingForm -->
  <testcase classname="sew.ai.tests.scp.PostLogConnectMeTests" name="verifyPostLogCreateTrackContactReq" time="0.0">
    <skipped/>
  </testcase> <!-- verifyPostLogCreateTrackContactReq -->
  <testcase classname="sew.ai.tests.scp.PostLogConnectMeTests" name="verifyPostLoginConnectMePage" time="0.0">
    <skipped/>
  </testcase> <!-- verifyPostLoginConnectMePage -->
  <testcase classname="sew.ai.tests.scp.PostLogConnectMeTests" name="verifyPostLoginSavedFormsPage" time="0.0">
    <skipped/>
  </testcase> <!-- verifyPostLoginSavedFormsPage -->
  <testcase classname="sew.ai.tests.scp.PostLogConnectMeTests" name="verifyPostLoginSocialMediaPage" time="0.0">
    <skipped/>
  </testcase> <!-- verifyPostLoginSocialMediaPage -->
  <testcase classname="sew.ai.tests.scp.PostLogConnectMeTests" name="verifySubmitBillingQueryWithValidAttachment" time="0.0">
    <skipped/>
  </testcase> <!-- verifySubmitBillingQueryWithValidAttachment -->
  <testcase classname="sew.ai.tests.scp.PostLogServiceRequestTests" name="validatePostLogOthersReqPage" time="0.0">
    <skipped/>
  </testcase> <!-- validatePostLogOthersReqPage -->
  <testcase classname="sew.ai.tests.scp.PostLogServiceRequestTests" name="validatePostLogSavedServiceReq" time="0.0">
    <skipped/>
  </testcase> <!-- validatePostLogSavedServiceReq -->
  <testcase classname="sew.ai.tests.scp.PostLogServiceRequestTests" name="validatePostLogServiceReqPage" time="0.001">
    <skipped/>
  </testcase> <!-- validatePostLogServiceReqPage -->
  <testcase classname="sew.ai.tests.scp.PostLogServiceRequestTests" name="validatePostLogTrackReqPage" time="0.0">
    <skipped/>
  </testcase> <!-- validatePostLogTrackReqPage -->
  <testcase classname="sew.ai.tests.scp.PostLogServiceRequestTests" name="validatePostLoginMoveInPage" time="0.0">
    <skipped/>
  </testcase> <!-- validatePostLoginMoveInPage -->
  <testcase classname="sew.ai.tests.scp.PostLogServiceRequestTests" name="validatePostLoginMoveOutPage" time="0.0">
    <skipped/>
  </testcase> <!-- validatePostLoginMoveOutPage -->
  <testcase classname="sew.ai.tests.scp.PostLogServiceRequestTests" name="validatePostLoginServiceTransferReqPage" time="0.0">
    <skipped/>
  </testcase> <!-- validatePostLoginServiceTransferReqPage -->
  <testcase classname="sew.ai.tests.scp.PreLogConnectMeTests" name="verifyPreLogConnectMePage" time="0.0">
    <skipped/>
  </testcase> <!-- verifyPreLogConnectMePage -->
  <testcase classname="sew.ai.tests.scp.PreLogConnectMeTests" name="verifyPreLogTrackContactReq" time="0.0">
    <skipped/>
  </testcase> <!-- verifyPreLogTrackContactReq -->
  <testcase classname="sew.ai.tests.scp.PreLogConnectMeTests" name="verifyPreLoginConnectMeFaqModule" time="0.0">
    <skipped/>
  </testcase> <!-- verifyPreLoginConnectMeFaqModule -->
  <testcase classname="sew.ai.tests.scp.PreLogConnectMeTests" name="verifyPreLoginSavedFormsPage" time="0.0">
    <skipped/>
  </testcase> <!-- verifyPreLoginSavedFormsPage -->
  <testcase classname="sew.ai.tests.scp.PreLogConnectMeTests" name="verifyPreLoginSocialMediaPage" time="0.0">
    <skipped/>
  </testcase> <!-- verifyPreLoginSocialMediaPage -->
  <testcase classname="sew.ai.tests.scp.PreLogServiceRequestTests" name="validatePreLogMoveOutReqPage" time="0.0">
    <skipped/>
  </testcase> <!-- validatePreLogMoveOutReqPage -->
  <testcase classname="sew.ai.tests.scp.PreLogServiceRequestTests" name="validatePreLogOthersReqPage" time="0.0">
    <skipped/>
  </testcase> <!-- validatePreLogOthersReqPage -->
  <testcase classname="sew.ai.tests.scp.PreLogServiceRequestTests" name="validatePreLogSaveServiceReqPage" time="0.0">
    <skipped/>
  </testcase> <!-- validatePreLogSaveServiceReqPage -->
  <testcase classname="sew.ai.tests.scp.PreLogServiceRequestTests" name="validatePreLogServiceReqPage" time="0.0">
    <skipped/>
  </testcase> <!-- validatePreLogServiceReqPage -->
  <testcase classname="sew.ai.tests.scp.PreLogServiceRequestTests" name="validatePreLogServiceTransferReqPage" time="0.0">
    <skipped/>
  </testcase> <!-- validatePreLogServiceTransferReqPage -->
  <testcase classname="sew.ai.tests.scp.PreLogServiceRequestTests" name="validatePreLogTrackReqPage" time="0.0">
    <skipped/>
  </testcase> <!-- validatePreLogTrackReqPage -->
  <testcase classname="sew.ai.tests.scp.ProblemSigningInTest" name="validateProblemSignInPage" time="0.0">
    <skipped/>
  </testcase> <!-- validateProblemSignInPage -->
  <testcase classname="sew.ai.tests.scp.ProblemSigningInTest" name="verifyMinMaxValueProblemsSignIn" time="0.0">
    <skipped/>
  </testcase> <!-- verifyMinMaxValueProblemsSignIn -->
  <testcase classname="sew.ai.tests.scp.ProblemSigningInTest" name="verifyProbSignInReqForInactiveUser" time="0.0">
    <skipped/>
  </testcase> <!-- verifyProbSignInReqForInactiveUser -->
  <testcase classname="sew.ai.tests.scp.ProblemSigningInTest" name="verifyProblemSignInFieldValidations" time="0.0">
    <skipped/>
  </testcase> <!-- verifyProblemSignInFieldValidations -->
  <testcase classname="sew.ai.tests.scp.RegistrationTests" name="verifyCommercialRegistrationResidentialTemp" time="0.0">
    <skipped/>
  </testcase> <!-- verifyCommercialRegistrationResidentialTemp -->
  <testcase classname="sew.ai.tests.scp.RegistrationTests" name="verifyEmailFieldValidation" time="0.0">
    <skipped/>
  </testcase> <!-- verifyEmailFieldValidation -->
  <testcase classname="sew.ai.tests.scp.RegistrationTests" name="verifyFieldNotRetainValuesOnRegFail" time="0.0">
    <skipped/>
  </testcase> <!-- verifyFieldNotRetainValuesOnRegFail -->
  <testcase classname="sew.ai.tests.scp.RegistrationTests" name="verifyFieldValidationsCommercialTemp" time="0.0">
    <skipped/>
  </testcase> <!-- verifyFieldValidationsCommercialTemp -->
  <testcase classname="sew.ai.tests.scp.RegistrationTests" name="verifyFieldValidationsResidentialTemp" time="0.0">
    <skipped/>
  </testcase> <!-- verifyFieldValidationsResidentialTemp -->
  <testcase classname="sew.ai.tests.scp.RegistrationTests" name="verifyMultipleAccountsAfterCommercialRegistration" time="0.0">
    <skipped/>
  </testcase> <!-- verifyMultipleAccountsAfterCommercialRegistration -->
  <testcase classname="sew.ai.tests.scp.RegistrationTests" name="verifyMultipleAccountsAfterResidentialRegistration" time="0.0">
    <skipped/>
  </testcase> <!-- verifyMultipleAccountsAfterResidentialRegistration -->
  <testcase classname="sew.ai.tests.scp.RegistrationTests" name="verifyPasswordFieldValidations" time="0.0">
    <skipped/>
  </testcase> <!-- verifyPasswordFieldValidations -->
  <testcase classname="sew.ai.tests.scp.RegistrationTests" name="verifyPasswordMismatch" time="0.0">
    <skipped/>
  </testcase> <!-- verifyPasswordMismatch -->
  <testcase classname="sew.ai.tests.scp.RegistrationTests" name="verifyRegByInActiveAccount" time="0.0">
    <skipped/>
  </testcase> <!-- verifyRegByInActiveAccount -->
  <testcase classname="sew.ai.tests.scp.RegistrationTests" name="verifyRegByOptingBothPreferences" time="0.0">
    <skipped/>
  </testcase> <!-- verifyRegByOptingBothPreferences -->
  <testcase classname="sew.ai.tests.scp.RegistrationTests" name="verifyRegByOptingPaperBillPref" time="0.0">
    <skipped/>
  </testcase> <!-- verifyRegByOptingPaperBillPref -->
  <testcase classname="sew.ai.tests.scp.RegistrationTests" name="verifyRegByOptingPaperLessPref" time="0.0">
    <skipped/>
  </testcase> <!-- verifyRegByOptingPaperLessPref -->
  <testcase classname="sew.ai.tests.scp.RegistrationTests" name="verifyRegMFA_Validations" time="0.0">
    <skipped/>
  </testcase> <!-- verifyRegMFA_Validations -->
  <testcase classname="sew.ai.tests.scp.RegistrationTests" name="verifyRegistrationPageObjects" time="0.0">
    <skipped/>
  </testcase> <!-- verifyRegistrationPageObjects -->
  <testcase classname="sew.ai.tests.scp.RegistrationTests" name="verifyRegistrationTemplate" time="0.0">
    <skipped/>
  </testcase> <!-- verifyRegistrationTemplate -->
  <testcase classname="sew.ai.tests.scp.RegistrationTests" name="verifyResidentialRegistrationCommercialTemp" time="0.0">
    <skipped/>
  </testcase> <!-- verifyResidentialRegistrationCommercialTemp -->
  <testcase classname="sew.ai.tests.scp.RegistrationTests" name="verifyTabOrderForRegForm" time="0.0">
    <skipped/>
  </testcase> <!-- verifyTabOrderForRegForm -->
  <testcase classname="sew.ai.tests.scp.RegistrationUGITests" name="fillRegFormWithPaperLessBilling" time="0.0">
    <skipped/>
  </testcase> <!-- fillRegFormWithPaperLessBilling -->
  <testcase classname="sew.ai.tests.scp.UsagesTests" name="verifyElectricUsagePageObjects" time="0.0">
    <skipped/>
  </testcase> <!-- verifyElectricUsagePageObjects -->
  <testcase classname="sew.ai.tests.scp.UsagesTests" name="verifyWaterUsagePageObjects" time="0.0">
    <skipped/>
  </testcase> <!-- verifyWaterUsagePageObjects -->
  <testcase classname="sew.ai.tests.scp.UsagesTests" name="verifyGasUsagePageObjects" time="0.0">
    <skipped/>
  </testcase> <!-- verifyGasUsagePageObjects -->
  <testcase classname="sew.ai.tests.scp.UsagesTests" name="verifySolarUsagePageObjects" time="0.0">
    <skipped/>
  </testcase> <!-- verifySolarUsagePageObjects -->
  <testcase classname="sew.ai.tests.scp.UsagesTests" name="verifyMonthlyElectricUsageData" time="0.0">
    <skipped/>
  </testcase> <!-- verifyMonthlyElectricUsageData -->
  <testcase classname="sew.ai.tests.scp.UsagesTests" name="verifyDailyElectricUsageData" time="0.0">
    <skipped/>
  </testcase> <!-- verifyDailyElectricUsageData -->
  <testcase classname="sew.ai.tests.scp.UsagesTests" name="verifyHourlyElectricUsageData" time="0.0">
    <skipped/>
  </testcase> <!-- verifyHourlyElectricUsageData -->
  <testcase classname="sew.ai.tests.scp.UsagesTests" name="verifyMinutesElectricUsageData" time="0.0">
    <skipped/>
  </testcase> <!-- verifyMinutesElectricUsageData -->
  <testcase classname="sew.ai.tests.scp.UsagesTests" name="verifyMonthlyWaterUsageData" time="0.0">
    <skipped/>
  </testcase> <!-- verifyMonthlyWaterUsageData -->
  <testcase classname="sew.ai.tests.scp.UsagesTests" name="verifyDailyWaterUsageData" time="0.0">
    <skipped/>
  </testcase> <!-- verifyDailyWaterUsageData -->
  <testcase classname="sew.ai.tests.scp.UsagesTests" name="verifyHourlyWaterUsageData" time="0.0">
    <skipped/>
  </testcase> <!-- verifyHourlyWaterUsageData -->
  <testcase classname="sew.ai.tests.scp.UsagesTests" name="verifyMinutesWaterUsageData" time="0.002">
    <skipped/>
  </testcase> <!-- verifyMinutesWaterUsageData -->
  <testcase classname="sew.ai.tests.scp.UsagesTests" name="verifyMonthlyGasUsageData" time="0.0">
    <skipped/>
  </testcase> <!-- verifyMonthlyGasUsageData -->
  <testcase classname="sew.ai.tests.scp.UsagesTests" name="verifyDailyGasUsageData" time="0.0">
    <skipped/>
  </testcase> <!-- verifyDailyGasUsageData -->
  <testcase classname="sew.ai.tests.scp.UsagesTests" name="verifyHourlyGasUsageData" time="0.0">
    <skipped/>
  </testcase> <!-- verifyHourlyGasUsageData -->
  <testcase classname="sew.ai.tests.scp.UsagesTests" name="verifyMinutesGasUsageData" time="0.0">
    <skipped/>
  </testcase> <!-- verifyMinutesGasUsageData -->
  <testcase classname="sew.ai.tests.scp.UsagesTests" name="verifySolarUsageData" time="0.0">
    <skipped/>
  </testcase> <!-- verifySolarUsageData -->
  <testcase classname="sew.ai.tests.scp.UsagesTests" name="verifyExportToExcelElectricData" time="0.0">
    <skipped/>
  </testcase> <!-- verifyExportToExcelElectricData -->
  <testcase classname="sew.ai.tests.scp.UsagesTests" name="verifyExportToExcelWaterData" time="0.0">
    <skipped/>
  </testcase> <!-- verifyExportToExcelWaterData -->
  <testcase classname="sew.ai.tests.scp.UsagesTests" name="verifyExportToExcelGasData" time="0.0">
    <skipped/>
  </testcase> <!-- verifyExportToExcelGasData -->
  <testcase classname="sew.ai.tests.scp.UsagesTests" name="verifyExportToExcelGenerationData" time="0.0">
    <skipped/>
  </testcase> <!-- verifyExportToExcelGenerationData -->
  <testcase classname="sew.ai.tests.scp.UsagesTests" name="verifyElectricUsageColorLogic" time="0.0">
    <skipped/>
  </testcase> <!-- verifyElectricUsageColorLogic -->
  <testcase classname="sew.ai.tests.scp.UsagesTests" name="verifyWaterUsageColorLogic" time="0.0">
    <skipped/>
  </testcase> <!-- verifyWaterUsageColorLogic -->
  <testcase classname="sew.ai.tests.scp.UsagesTests" name="verifyGasUsageColorLogic" time="0.0">
    <skipped/>
  </testcase> <!-- verifyGasUsageColorLogic -->
  <testcase classname="sew.ai.tests.scp.UsagesTests" name="verifyAverageHighestElectricUsage" time="0.0">
    <skipped/>
  </testcase> <!-- verifyAverageHighestElectricUsage -->
  <testcase classname="sew.ai.tests.scp.UsagesTests" name="verifyAverageHighestWaterUsage" time="0.0">
    <skipped/>
  </testcase> <!-- verifyAverageHighestWaterUsage -->
  <testcase classname="sew.ai.tests.scp.UsagesTests" name="verifyAverageHighestGasUsage" time="0.0">
    <skipped/>
  </testcase> <!-- verifyAverageHighestGasUsage -->
  <testcase classname="sew.ai.tests.scp.UsagesTests" name="verifySoFarProjectedElectricUsage" time="0.0">
    <skipped/>
  </testcase> <!-- verifySoFarProjectedElectricUsage -->
  <testcase classname="sew.ai.tests.scp.UsagesTests" name="verifyWeatherOverlayElectricData" time="0.0">
    <skipped/>
  </testcase> <!-- verifyWeatherOverlayElectricData -->
  <testcase classname="sew.ai.tests.scp.UsagesTests" name="verifySoFarProjectedWaterUsage" time="0.0">
    <skipped/>
  </testcase> <!-- verifySoFarProjectedWaterUsage -->
  <testcase classname="sew.ai.tests.scp.UsagesTests" name="verifySoFarProjectedGasUsage" time="0.0">
    <skipped/>
  </testcase> <!-- verifySoFarProjectedGasUsage -->
  <testcase classname="sew.test.scp.LoginSewTests" name="BillingQuery" time="0.0">
    <skipped/>
  </testcase> <!-- BillingQuery -->
  <testcase classname="sew.test.scp.LoginSewTests" name="makePayment" time="0.0">
    <skipped/>
  </testcase> <!-- makePayment -->
  <testcase classname="sew.test.scp.LoginSewTests" name="usageOverview" time="0.0">
    <skipped/>
  </testcase> <!-- usageOverview -->
</testsuite> <!-- Surefire test -->
