<?xml version="1.0" encoding="UTF-8"?>
<!-- Generated by org.testng.reporters.JUnitXMLReporter -->
<testsuite ignored="0" hostname="USNIYKXJ7C" failures="0" tests="8" name="Default test" time="0.221" errors="0" timestamp="2024-01-30T17:29:02 IST">
  <testcase classname="sew.ai.runner.TestRunner" name="@BeforeTest testPreRequisites" time="0.059">
    <failure type="java.lang.NullPointerException" message="Cannot invoke &amp;quot;String.equalsIgnoreCase(String)&amp;quot; because &amp;quot;platformType&amp;quot; is null">
      <![CDATA[java.lang.NullPointerException: Cannot invoke "String.equalsIgnoreCase(String)" because "platformType" is null
at sew.ai.runner.TestRunner.testPreRequisites(TestRunner.java:25)
at java.base/jdk.internal.reflect.NativeMethodAccessorImpl.invoke0(Native Method)
at java.base/jdk.internal.reflect.NativeMethodAccessorImpl.invoke(NativeMethodAccessorImpl.java:77)
at java.base/jdk.internal.reflect.DelegatingMethodAccessorImpl.invoke(DelegatingMethodAccessorImpl.java:43)
at java.base/java.lang.reflect.Method.invoke(Method.java:568)
at org.testng.internal.invokers.MethodInvocationHelper.invokeMethod(MethodInvocationHelper.java:139)
at org.testng.internal.invokers.MethodInvocationHelper.invokeMethodConsideringTimeout(MethodInvocationHelper.java:69)
at org.testng.internal.invokers.ConfigInvoker.invokeConfigurationMethod(ConfigInvoker.java:390)
at org.testng.internal.invokers.ConfigInvoker.invokeConfigurations(ConfigInvoker.java:325)
at org.testng.TestRunner.invokeTestConfigurations(TestRunner.java:663)
at org.testng.TestRunner.beforeRun(TestRunner.java:652)
at org.testng.TestRunner.run(TestRunner.java:614)
at org.testng.SuiteRunner.runTest(SuiteRunner.java:443)
at org.testng.SuiteRunner.runSequentially(SuiteRunner.java:437)
at org.testng.SuiteRunner.privateRun(SuiteRunner.java:397)
at org.testng.SuiteRunner.run(SuiteRunner.java:336)
at org.testng.SuiteRunnerWorker.runSuite(SuiteRunnerWorker.java:52)
at org.testng.SuiteRunnerWorker.run(SuiteRunnerWorker.java:95)
at org.testng.TestNG.runSuitesSequentially(TestNG.java:1280)
at org.testng.TestNG.runSuitesLocally(TestNG.java:1200)
at org.testng.TestNG.runSuites(TestNG.java:1114)
at org.testng.TestNG.run(TestNG.java:1082)
at org.testng.remote.AbstractRemoteTestNG.run(AbstractRemoteTestNG.java:115)
at org.testng.remote.RemoteTestNG.initAndRun(RemoteTestNG.java:251)
at org.testng.remote.RemoteTestNG.main(RemoteTestNG.java:77)
]]>
    </failure>
  </testcase> <!-- @BeforeTest testPreRequisites -->
  <testcase classname="sew.ai.runner.TestRunner" name="@BeforeClass classPreRequisites" time="0.0">
    <skipped/>
  </testcase> <!-- @BeforeClass classPreRequisites -->
  <testcase classname="sew.ai.runner.TestRunner" name="@BeforeMethod methodsPreRequisites" time="0.0">
    <skipped/>
  </testcase> <!-- @BeforeMethod methodsPreRequisites -->
  <testcase classname="sew.ai.runner.TestRunner" name="@AfterMethod tearDownMethods" time="0.0">
    <skipped/>
  </testcase> <!-- @AfterMethod tearDownMethods -->
  <testcase classname="sew.ai.runner.TestRunner" name="@BeforeMethod methodsPreRequisites" time="0.0">
    <skipped/>
  </testcase> <!-- @BeforeMethod methodsPreRequisites -->
  <testcase classname="sew.ai.runner.TestRunner" name="@AfterMethod tearDownMethods" time="0.0">
    <skipped/>
  </testcase> <!-- @AfterMethod tearDownMethods -->
  <testcase classname="sew.ai.runner.TestRunner" name="@BeforeMethod methodsPreRequisites" time="0.0">
    <skipped/>
  </testcase> <!-- @BeforeMethod methodsPreRequisites -->
  <testcase classname="sew.ai.runner.TestRunner" name="@AfterMethod tearDownMethods" time="0.0">
    <skipped/>
  </testcase> <!-- @AfterMethod tearDownMethods -->
  <testcase classname="sew.ai.runner.TestRunner" name="@BeforeMethod methodsPreRequisites" time="0.0">
    <skipped/>
  </testcase> <!-- @BeforeMethod methodsPreRequisites -->
  <testcase classname="sew.ai.runner.TestRunner" name="@AfterMethod tearDownMethods" time="0.0">
    <skipped/>
  </testcase> <!-- @AfterMethod tearDownMethods -->
  <testcase classname="sew.ai.runner.TestRunner" name="@BeforeMethod methodsPreRequisites" time="0.0">
    <skipped/>
  </testcase> <!-- @BeforeMethod methodsPreRequisites -->
  <testcase classname="sew.ai.runner.TestRunner" name="@AfterMethod tearDownMethods" time="0.0">
    <skipped/>
  </testcase> <!-- @AfterMethod tearDownMethods -->
  <testcase classname="sew.ai.runner.TestRunner" name="@BeforeMethod methodsPreRequisites" time="0.0">
    <skipped/>
  </testcase> <!-- @BeforeMethod methodsPreRequisites -->
  <testcase classname="sew.ai.runner.TestRunner" name="@AfterMethod tearDownMethods" time="0.0">
    <skipped/>
  </testcase> <!-- @AfterMethod tearDownMethods -->
  <testcase classname="sew.ai.runner.TestRunner" name="@BeforeMethod methodsPreRequisites" time="0.0">
    <skipped/>
  </testcase> <!-- @BeforeMethod methodsPreRequisites -->
  <testcase classname="sew.ai.runner.TestRunner" name="@AfterMethod tearDownMethods" time="0.0">
    <skipped/>
  </testcase> <!-- @AfterMethod tearDownMethods -->
  <testcase classname="sew.ai.runner.TestRunner" name="@BeforeMethod methodsPreRequisites" time="0.0">
    <skipped/>
  </testcase> <!-- @BeforeMethod methodsPreRequisites -->
  <testcase classname="sew.ai.runner.TestRunner" name="@AfterMethod tearDownMethods" time="0.0">
    <skipped/>
  </testcase> <!-- @AfterMethod tearDownMethods -->
  <testcase classname="sew.ai.runner.TestRunner" name="@AfterClass tearDownClasses" time="0.0">
    <skipped/>
  </testcase> <!-- @AfterClass tearDownClasses -->
  <testcase classname="demo.tests.scp.PaymentInfoTests" name="verifyPaymentInformationPageObjects" time="0.0">
    <skipped/>
  </testcase> <!-- verifyPaymentInformationPageObjects -->
  <testcase classname="demo.tests.scp.PaymentInfoTests" name="verifyBankPaymentFormFields" time="0.0">
    <skipped/>
  </testcase> <!-- verifyBankPaymentFormFields -->
  <testcase classname="demo.tests.scp.PaymentInfoTests" name="verifyBankPaymentFormFieldsValidation" time="0.0">
    <skipped/>
  </testcase> <!-- verifyBankPaymentFormFieldsValidation -->
  <testcase classname="demo.tests.scp.PaymentInfoTests" name="verifyAddingBankPaymentProfile" time="0.0">
    <skipped/>
  </testcase> <!-- verifyAddingBankPaymentProfile -->
  <testcase classname="demo.tests.scp.PaymentInfoTests" name="verifyMultipleBankPaymentProfileAndDeletion" time="0.0">
    <skipped/>
  </testcase> <!-- verifyMultipleBankPaymentProfileAndDeletion -->
  <testcase classname="demo.tests.scp.PaymentInfoTests" name="verifyMakePaymentWithNewCC" time="0.0">
    <skipped/>
  </testcase> <!-- verifyMakePaymentWithNewCC -->
  <testcase classname="demo.tests.scp.PaymentInfoTests" name="verifyCeditCardPaymentFormFieldsValidation" time="0.0">
    <skipped/>
  </testcase> <!-- verifyCeditCardPaymentFormFieldsValidation -->
  <testcase classname="demo.tests.scp.PaymentInfoTests" name="verifyCreditCardPaymentFormFields" time="0.0">
    <skipped/>
  </testcase> <!-- verifyCreditCardPaymentFormFields -->
</testsuite> <!-- Default test -->
