<?xml version="1.0" encoding="UTF-8"?>
<!-- Generated by org.testng.reporters.JUnitXMLReporter -->
<testsuite ignored="15" hostname="USVXKAYO2T" failures="26" tests="79" name="E2E Test Suite On Web - Chrome" time="4155.861" errors="0" timestamp="2024-06-24T15:44:28 IST">
  <testcase classname="demo.tests.scp.BillingHistoryTests" name="verifyExportToExcelAndItsContents" time="36.77">
    <failure type="java.lang.NullPointerException" message="Cannot invoke &amp;quot;org.apache.poi.ss.usermodel.Workbook.getSheetAt(int)&amp;quot; because &amp;quot;sew.ai.utils.ExcelUtils.workbook&amp;quot; is null">
      <![CDATA[java.lang.NullPointerException: Cannot invoke "org.apache.poi.ss.usermodel.Workbook.getSheetAt(int)" because "sew.ai.utils.ExcelUtils.workbook" is null
at sew.ai.utils.ExcelUtils.getSheetName(ExcelUtils.java:85)
at demo.steps.scp.BillingHistorySteps.verifyExportToExcelAndItsContents(BillingHistorySteps.java:263)
at demo.tests.scp.BillingHistoryTests.verifyExportToExcelAndItsContents(BillingHistoryTests.java:36)
at java.base/java.util.ArrayList.forEach(ArrayList.java:1596)
... Removed 25 stack frames]]>
    </failure>
  </testcase> <!-- verifyExportToExcelAndItsContents -->
  <testcase classname="demo.tests.scp.BillingHistoryTests" name="verifyBillHistoryUIAndObjects" time="40.371">
    <failure type="java.lang.AssertionError" message="The following asserts failed:
	Currency Symbol is not matching as $ expected [$] but found [+]">
      <![CDATA[java.lang.AssertionError: The following asserts failed:
Currency Symbol is not matching as $ expected [$] but found [+]
at demo.tests.scp.BillingHistoryTests.verifyBillHistoryUIAndObjects(BillingHistoryTests.java:52)
at java.base/java.util.ArrayList.forEach(ArrayList.java:1596)
... Removed 27 stack frames]]>
    </failure>
  </testcase> <!-- verifyBillHistoryUIAndObjects -->
  <testcase classname="demo.tests.scp.NotificationTests" name="verifyDeleteMultipleNotifications" time="16.597"/>
  <testcase classname="demo.tests.scp.NotificationTests" name="verifyDeleteNotification" time="17.134"/>
  <testcase classname="demo.tests.scp.NotificationTests" name="verifyDeleteNotificationsPermanantly" time="17.827"/>
  <testcase classname="demo.tests.scp.NotificationTests" name="verifyNegativeValidationsNotifications" time="14.22"/>
  <testcase classname="demo.tests.scp.NotificationTests" name="verifyNotificationsPageNavigationAndUI" time="24.028"/>
  <testcase classname="demo.tests.scp.NotificationTests" name="verifyReplyNotifications" time="18.384"/>
  <testcase classname="demo.tests.scp.NotificationTests" name="verifyReplyNotifications" time="19.317"/>
  <testcase classname="demo.tests.scp.NotificationTests" name="verifyUnsaveAllNotifications" time="18.957"/>
  <testcase classname="demo.tests.scp.NotificationTests" name="verifyputBackNotifications" time="16.581"/>
  <testcase classname="demo.tests.scp.NotificationTests" name="verifysaveMultipleNotifications" time="19.117"/>
  <testcase classname="demo.tests.scp.ForgetUsernameTest" name="validateForgotUsernamePageObjects" time="5.97"/>
  <testcase classname="demo.tests.scp.ForgetUsernameTest" name="resetUsernameFieldVerification" time="3.742">
    <failure type="org.junit.ComparisonFailure" message="expected:&amp;lt;... valid email address[.]&amp;gt; but was:&amp;lt;... valid email address[]&amp;gt;">
      <![CDATA[org.junit.ComparisonFailure: expected:<... valid email address[.]> but was:<... valid email address[]>
at org.junit.Assert.assertEquals(Assert.java:125)
at org.junit.Assert.assertEquals(Assert.java:147)
at demo.steps.scp.ForgetUsernameSteps.emailFeildVerification(ForgetUsernameSteps.java:64)
at demo.tests.scp.ForgetUsernameTest.resetUsernameFieldVerification(ForgetUsernameTest.java:39)
at java.base/java.util.ArrayList.forEach(ArrayList.java:1596)
... Removed 25 stack frames]]>
    </failure>
  </testcase> <!-- resetUsernameFieldVerification -->
  <testcase classname="demo.tests.scp.ForgetUsernameTest" name="resetUsernameValidEmailId" time="5.642">
    <failure type="org.junit.ComparisonFailure" message="expected:&amp;lt;... account exists for [User@pwc.com], you will get an em...&amp;gt; but was:&amp;lt;... account exists for [${email}], you will get an em...&amp;gt;">
      <![CDATA[org.junit.ComparisonFailure: expected:<... account exists for [User@pwc.com], you will get an em...> but was:<... account exists for [${email}], you will get an em...>
at org.junit.Assert.assertEquals(Assert.java:125)
at org.junit.Assert.assertEquals(Assert.java:147)
at demo.steps.scp.ForgetUsernameSteps.validEmailFeildVerification(ForgetUsernameSteps.java:87)
at demo.tests.scp.ForgetUsernameTest.resetUsernameValidEmailId(ForgetUsernameTest.java:53)
at java.base/java.util.ArrayList.forEach(ArrayList.java:1596)
... Removed 25 stack frames]]>
    </failure>
  </testcase> <!-- resetUsernameValidEmailId -->
  <testcase classname="demo.tests.scp.NotificationPreferenceTests" name="verifyNotificationAlertsValidationMessages" time="76.521">
    <failure type="java.lang.AssertionError" message="The following asserts failed:
	Email blank validation message is not correct expected [Please Enter Email Address.] but found [Please Enter Email Address]">
      <![CDATA[java.lang.AssertionError: The following asserts failed:
Email blank validation message is not correct expected [Please Enter Email Address.] but found [Please Enter Email Address]
at demo.tests.scp.NotificationPreferenceTests.verifyNotificationAlertsValidationMessages(NotificationPreferenceTests.java:105)
at java.base/java.util.ArrayList.forEach(ArrayList.java:1596)
... Removed 27 stack frames]]>
    </failure>
  </testcase> <!-- verifyNotificationAlertsValidationMessages -->
  <testcase classname="demo.tests.scp.NotificationPreferenceTests" name="verifyNotificationPreferencePageObjects" time="28.485"/>
  <testcase classname="demo.tests.scp.NotificationPreferenceTests" name="verifyQuietHoursFunctionalityAndUI" time="18.183"/>
  <testcase classname="demo.tests.scp.NotificationPreferenceTests" name="verifyTcpaCompliancePopup" time="65.972"/>
  <testcase classname="demo.tests.scp.ProblemSigningInTest" name="validateProblemSignInPage" time="3.481"/>
  <testcase classname="demo.tests.scp.ProblemSigningInTest" name="verifyProblemSignInFeildInvalidValidations" time="7.054">
    <failure type="org.junit.ComparisonFailure" message="expected:&amp;lt;[Thank you for writing in. We will get back to you in 2 working days].&amp;gt; but was:&amp;lt;[Account Number does not match our record. Please check and try again].&amp;gt;">
      <![CDATA[org.junit.ComparisonFailure: expected:<[Thank you for writing in. We will get back to you in 2 working days].> but was:<[Account Number does not match our record. Please check and try again].>
at org.junit.Assert.assertEquals(Assert.java:125)
at org.junit.Assert.assertEquals(Assert.java:147)
at demo.steps.scp.ProblemSigningInSteps.verifyProblemSigningInFormwithInValidData(ProblemSigningInSteps.java:83)
at demo.tests.scp.ProblemSigningInTest.verifyProblemSignInFeildInvalidValidations(ProblemSigningInTest.java:38)
at java.base/java.util.ArrayList.forEach(ArrayList.java:1596)
... Removed 25 stack frames]]>
    </failure>
  </testcase> <!-- verifyProblemSignInFeildInvalidValidations -->
  <testcase classname="demo.tests.scp.ProblemSigningInTest" name="verifyProblemSignInFieldValidations" time="13.42"/>
  <testcase classname="demo.tests.scp.ProblemSigningInTest" name="verifyMinMaxValueProblemsSignIn" time="4.884">
    <failure type="org.junit.ComparisonFailure" message="expected:&amp;lt;... valid email address[.]&amp;gt; but was:&amp;lt;... valid email address[]&amp;gt;">
      <![CDATA[org.junit.ComparisonFailure: expected:<... valid email address[.]> but was:<... valid email address[]>
at org.junit.Assert.assertEquals(Assert.java:125)
at org.junit.Assert.assertEquals(Assert.java:147)
at demo.steps.scp.ProblemSigningInSteps.verifyMinMaxValueOfTextBox(ProblemSigningInSteps.java:190)
at demo.tests.scp.ProblemSigningInTest.verifyMinMaxValueProblemsSignIn(ProblemSigningInTest.java:65)
at java.base/java.util.ArrayList.forEach(ArrayList.java:1596)
... Removed 25 stack frames]]>
    </failure>
  </testcase> <!-- verifyMinMaxValueProblemsSignIn -->
  <testcase classname="demo.tests.scp.ForgetPasswordTests" name="validateForgotPasswordObjects" time="3.394"/>
  <testcase classname="demo.tests.scp.ForgetPasswordTests" name="validateForgotPassword" time="3.106">
    <failure type="org.junit.ComparisonFailure" message="expected:&amp;lt;Please [E]nter Username.&amp;gt; but was:&amp;lt;Please [e]nter Username.&amp;gt;">
      <![CDATA[org.junit.ComparisonFailure: expected:<Please [E]nter Username.> but was:<Please [e]nter Username.>
at org.junit.Assert.assertEquals(Assert.java:125)
at org.junit.Assert.assertEquals(Assert.java:147)
at demo.steps.scp.ForgetPasswordSteps.verifySubmitBlankUserName(ForgetPasswordSteps.java:70)
at demo.tests.scp.ForgetPasswordTests.validateForgotPassword(ForgetPasswordTests.java:35)
at java.base/java.util.ArrayList.forEach(ArrayList.java:1596)
... Removed 25 stack frames]]>
    </failure>
  </testcase> <!-- validateForgotPassword -->
  <testcase classname="demo.tests.scp.ForgetPasswordTests" name="validateForgotPasswordWithValidandInvalidData" time="22.868"/>
  <testcase classname="demo.tests.scp.MyProfileTests" name="verifyDownloadMyProfilePersonalData" time="36.762">
    <failure type="org.openqa.selenium.NoSuchElementException" message="no such element: Unable to locate element: {&amp;quot;method&amp;quot;:&amp;quot;css selector&amp;quot;,&amp;quot;selector&amp;quot;:&amp;quot;a[globalize=&amp;apos;ML_ACCOUNT_Lnk_DownloadData&amp;apos;]&amp;quot;}
  (Session info: chrome=126.0.6478.114)
For documentation on this error, please visit: https://www.selenium.dev/documentation/webdriver/troubleshooting/errors#no-such-element-exception
Build info: version: &amp;apos;4.13.0&amp;apos;, revision: &amp;apos;ba948ece5b*&amp;apos;
System info: os.name: &amp;apos;Windows 11&amp;apos;, os.arch: &amp;apos;amd64&amp;apos;, os.version: &amp;apos;10.0&amp;apos;, java.version: &amp;apos;21.0.2&amp;apos;
Driver info: org.openqa.selenium.chrome.ChromeDriver
Command: [b649d9954bcd1328d697d2751327e0f6, findElement {using=css selector, value=a[globalize=&amp;apos;ML_ACCOUNT_Lnk_DownloadData&amp;apos;]}]
Capabilities {acceptInsecureCerts: false, browserName: chrome, browserVersion: 126.0.6478.114, chrome: {chromedriverVersion: 126.0.6478.63 (df799988fdc9..., userDataDir: C:\Windows\SystemTemp\scope...}, fedcm:accounts: true, goog:chromeOptions: {debuggerAddress: localhost:51387}, networkConnectionEnabled: false, pageLoadStrategy: normal, platformName: windows, proxy: Proxy(), se:cdp: ws://localhost:51387/devtoo..., se:cdpVersion: 126.0.6478.114, setWindowRect: true, strictFileInteractability: false, timeouts: {implicit: 0, pageLoad: 300000, script: 30000}, unhandledPromptBehavior: dismiss and notify, webauthn:extension:credBlob: true, webauthn:extension:largeBlob: true, webauthn:extension:minPinLength: true, webauthn:extension:prf: true, webauthn:virtualAuthenticators: true}
Session ID: b649d9954bcd1328d697d2751327e0f6">
      <![CDATA[org.openqa.selenium.NoSuchElementException: no such element: Unable to locate element: {"method":"css selector","selector":"a[globalize='ML_ACCOUNT_Lnk_DownloadData']"}
  (Session info: chrome=126.0.6478.114)
For documentation on this error, please visit: https://www.selenium.dev/documentation/webdriver/troubleshooting/errors#no-such-element-exception
Build info: version: '4.13.0', revision: 'ba948ece5b*'
System info: os.name: 'Windows 11', os.arch: 'amd64', os.version: '10.0', java.version: '21.0.2'
Driver info: org.openqa.selenium.chrome.ChromeDriver
Command: [b649d9954bcd1328d697d2751327e0f6, findElement {using=css selector, value=a[globalize='ML_ACCOUNT_Lnk_DownloadData']}]
Capabilities {acceptInsecureCerts: false, browserName: chrome, browserVersion: 126.0.6478.114, chrome: {chromedriverVersion: 126.0.6478.63 (df799988fdc9..., userDataDir: C:\Windows\SystemTemp\scope...}, fedcm:accounts: true, goog:chromeOptions: {debuggerAddress: localhost:51387}, networkConnectionEnabled: false, pageLoadStrategy: normal, platformName: windows, proxy: Proxy(), se:cdp: ws://localhost:51387/devtoo..., se:cdpVersion: 126.0.6478.114, setWindowRect: true, strictFileInteractability: false, timeouts: {implicit: 0, pageLoad: 300000, script: 30000}, unhandledPromptBehavior: dismiss and notify, webauthn:extension:credBlob: true, webauthn:extension:largeBlob: true, webauthn:extension:minPinLength: true, webauthn:extension:prf: true, webauthn:virtualAuthenticators: true}
Session ID: b649d9954bcd1328d697d2751327e0f6
at org.openqa.selenium.remote.codec.w3c.W3CHttpResponseCodec.createException(W3CHttpResponseCodec.java:200)
at org.openqa.selenium.remote.codec.w3c.W3CHttpResponseCodec.decode(W3CHttpResponseCodec.java:133)
at org.openqa.selenium.remote.codec.w3c.W3CHttpResponseCodec.decode(W3CHttpResponseCodec.java:52)
at org.openqa.selenium.remote.HttpCommandExecutor.execute(HttpCommandExecutor.java:191)
at org.openqa.selenium.remote.service.DriverCommandExecutor.invokeExecute(DriverCommandExecutor.java:196)
at org.openqa.selenium.remote.service.DriverCommandExecutor.execute(DriverCommandExecutor.java:171)
at org.openqa.selenium.remote.RemoteWebDriver.execute(RemoteWebDriver.java:602)
at org.openqa.selenium.remote.ElementLocation$ElementFinder$2.findElement(ElementLocation.java:165)
at org.openqa.selenium.remote.ElementLocation.findElement(ElementLocation.java:59)
at org.openqa.selenium.remote.RemoteWebDriver.findElement(RemoteWebDriver.java:359)
at org.openqa.selenium.remote.RemoteWebDriver.findElement(RemoteWebDriver.java:353)
at org.openqa.selenium.support.pagefactory.DefaultElementLocator.findElement(DefaultElementLocator.java:68)
at org.openqa.selenium.support.pagefactory.internal.LocatingElementHandler.invoke(LocatingElementHandler.java:38)
at jdk.proxy2/jdk.proxy2.$Proxy33.isDisplayed(Unknown Source)
at sew.ai.driver.Page.isElementVisible(Page.java:303)
at demo.pageobjects.MyProfilePage.isDownloadMyDataVisible(MyProfilePage.java:968)
at demo.steps.scp.MyProfileSteps.verifyDownloadMyProfilePersonalData(MyProfileSteps.java:91)
at demo.tests.scp.MyProfileTests.verifyDownloadMyProfilePersonalData(MyProfileTests.java:95)
at java.base/java.util.ArrayList.forEach(ArrayList.java:1596)
... Removed 28 stack frames]]>
    </failure>
  </testcase> <!-- verifyDownloadMyProfilePersonalData -->
  <testcase classname="demo.tests.scp.MyProfileTests" name="verifyMyProfileInformationPageUI" time="29.075"/>
  <testcase classname="demo.tests.scp.MyProfileTests" name="verifyNegativeValidationForMyProfilePage" time="25.454"/>
  <testcase classname="demo.tests.scp.UserDashboardTests" name="verifyDashboardPageObjects" time="29.336"/>
  <testcase classname="demo.tests.scp.UserDashboardTests" name="verifyBillingSummarySectionObjects" time="157.77">
    <failure type="org.openqa.selenium.TimeoutException" message="Expected condition failed: waiting for element to be clickable: [[ChromeDriver: chrome on windows (095d54220562fca401dbe8b56f0e6dec)] -&amp;gt; css selector: a[globalize = &amp;apos;ML_DASHBOARD_Anchor_ViewBill&amp;apos;]] (tried for 120 second(s) with 500 milliseconds interval)
Build info: version: &amp;apos;4.13.0&amp;apos;, revision: &amp;apos;ba948ece5b*&amp;apos;
System info: os.name: &amp;apos;Windows 11&amp;apos;, os.arch: &amp;apos;amd64&amp;apos;, os.version: &amp;apos;10.0&amp;apos;, java.version: &amp;apos;21.0.2&amp;apos;
Driver info: org.openqa.selenium.chrome.ChromeDriver
Capabilities {acceptInsecureCerts: false, browserName: chrome, browserVersion: 126.0.6478.114, chrome: {chromedriverVersion: 126.0.6478.63 (df799988fdc9..., userDataDir: C:\Windows\SystemTemp\scope...}, fedcm:accounts: true, goog:chromeOptions: {debuggerAddress: localhost:51813}, networkConnectionEnabled: false, pageLoadStrategy: normal, platformName: windows, proxy: Proxy(), se:cdp: ws://localhost:51813/devtoo..., se:cdpVersion: 126.0.6478.114, setWindowRect: true, strictFileInteractability: false, timeouts: {implicit: 0, pageLoad: 300000, script: 30000}, unhandledPromptBehavior: dismiss and notify, webauthn:extension:credBlob: true, webauthn:extension:largeBlob: true, webauthn:extension:minPinLength: true, webauthn:extension:prf: true, webauthn:virtualAuthenticators: true}
Session ID: 095d54220562fca401dbe8b56f0e6dec">
      <![CDATA[org.openqa.selenium.TimeoutException: Expected condition failed: waiting for element to be clickable: [[ChromeDriver: chrome on windows (095d54220562fca401dbe8b56f0e6dec)] -> css selector: a[globalize = 'ML_DASHBOARD_Anchor_ViewBill']] (tried for 120 second(s) with 500 milliseconds interval)
Build info: version: '4.13.0', revision: 'ba948ece5b*'
System info: os.name: 'Windows 11', os.arch: 'amd64', os.version: '10.0', java.version: '21.0.2'
Driver info: org.openqa.selenium.chrome.ChromeDriver
Capabilities {acceptInsecureCerts: false, browserName: chrome, browserVersion: 126.0.6478.114, chrome: {chromedriverVersion: 126.0.6478.63 (df799988fdc9..., userDataDir: C:\Windows\SystemTemp\scope...}, fedcm:accounts: true, goog:chromeOptions: {debuggerAddress: localhost:51813}, networkConnectionEnabled: false, pageLoadStrategy: normal, platformName: windows, proxy: Proxy(), se:cdp: ws://localhost:51813/devtoo..., se:cdpVersion: 126.0.6478.114, setWindowRect: true, strictFileInteractability: false, timeouts: {implicit: 0, pageLoad: 300000, script: 30000}, unhandledPromptBehavior: dismiss and notify, webauthn:extension:credBlob: true, webauthn:extension:largeBlob: true, webauthn:extension:minPinLength: true, webauthn:extension:prf: true, webauthn:virtualAuthenticators: true}
Session ID: 095d54220562fca401dbe8b56f0e6dec
at org.openqa.selenium.support.ui.WebDriverWait.timeoutException(WebDriverWait.java:84)
at org.openqa.selenium.support.ui.FluentWait.until(FluentWait.java:230)
at sew.ai.driver.Page.waitForElementToBeClickable(Page.java:234)
at sew.ai.driver.Page.click(Page.java:59)
at demo.pageobjects.DashboardPage.clickViewBillLink(DashboardPage.java:1322)
at demo.steps.scp.UserDashboardSteps.verifyBillingSummarySectionSteps(UserDashboardSteps.java:147)
at demo.tests.scp.UserDashboardTests.verifyBillingSummarySectionObjects(UserDashboardTests.java:49)
at java.base/java.util.ArrayList.forEach(ArrayList.java:1596)
... Removed 25 stack frames]]>
    </failure>
  </testcase> <!-- verifyBillingSummarySectionObjects -->
  <testcase classname="demo.tests.scp.UserDashboardTests" name="verifyUsageFeatureOnDashboard" time="10.082"/>
  <testcase classname="demo.tests.scp.UserDashboardTests" name="verifyAutoPayCarouselFeatureOnDashboard" time="8.566"/>
  <testcase classname="demo.tests.scp.UserDashboardTests" name="verifySmartHomeCarouselFeatureOnDashboard" time="9.472"/>
  <testcase classname="demo.tests.scp.PostLogContactUsTests" name="verifyPostLogCreateTrackContactReq" time="23.561">
    <failure type="org.openqa.selenium.StaleElementReferenceException" message="stale element reference: stale element not found in the current frame
  (Session info: chrome=126.0.6478.114)
For documentation on this error, please visit: https://www.selenium.dev/documentation/webdriver/troubleshooting/errors#stale-element-reference-exception
Build info: version: &amp;apos;4.13.0&amp;apos;, revision: &amp;apos;ba948ece5b*&amp;apos;
System info: os.name: &amp;apos;Windows 11&amp;apos;, os.arch: &amp;apos;amd64&amp;apos;, os.version: &amp;apos;10.0&amp;apos;, java.version: &amp;apos;21.0.2&amp;apos;
Driver info: org.openqa.selenium.chrome.ChromeDriver
Command: [a484fcb5a56e8c6bd36f70ad4ec6a7b6, isElementDisplayed {id=f.187593C79686F2AAF5997F79EA5CCA76.d.2041FBB1D74247A8AC73440742B445E4.e.498}]
Capabilities {acceptInsecureCerts: false, browserName: chrome, browserVersion: 126.0.6478.114, chrome: {chromedriverVersion: 126.0.6478.63 (df799988fdc9..., userDataDir: C:\Windows\SystemTemp\scope...}, fedcm:accounts: true, goog:chromeOptions: {debuggerAddress: localhost:52388}, networkConnectionEnabled: false, pageLoadStrategy: normal, platformName: windows, proxy: Proxy(), se:cdp: ws://localhost:52388/devtoo..., se:cdpVersion: 126.0.6478.114, setWindowRect: true, strictFileInteractability: false, timeouts: {implicit: 0, pageLoad: 300000, script: 30000}, unhandledPromptBehavior: dismiss and notify, webauthn:extension:credBlob: true, webauthn:extension:largeBlob: true, webauthn:extension:minPinLength: true, webauthn:extension:prf: true, webauthn:virtualAuthenticators: true}
Element: [[ChromeDriver: chrome on windows (a484fcb5a56e8c6bd36f70ad4ec6a7b6)] -&amp;gt; xpath: //label[text()=&amp;apos;Email Address&amp;apos;]/..//input]
Session ID: a484fcb5a56e8c6bd36f70ad4ec6a7b6">
      <![CDATA[org.openqa.selenium.StaleElementReferenceException: stale element reference: stale element not found in the current frame
  (Session info: chrome=126.0.6478.114)
For documentation on this error, please visit: https://www.selenium.dev/documentation/webdriver/troubleshooting/errors#stale-element-reference-exception
Build info: version: '4.13.0', revision: 'ba948ece5b*'
System info: os.name: 'Windows 11', os.arch: 'amd64', os.version: '10.0', java.version: '21.0.2'
Driver info: org.openqa.selenium.chrome.ChromeDriver
Command: [a484fcb5a56e8c6bd36f70ad4ec6a7b6, isElementDisplayed {id=f.187593C79686F2AAF5997F79EA5CCA76.d.2041FBB1D74247A8AC73440742B445E4.e.498}]
Capabilities {acceptInsecureCerts: false, browserName: chrome, browserVersion: 126.0.6478.114, chrome: {chromedriverVersion: 126.0.6478.63 (df799988fdc9..., userDataDir: C:\Windows\SystemTemp\scope...}, fedcm:accounts: true, goog:chromeOptions: {debuggerAddress: localhost:52388}, networkConnectionEnabled: false, pageLoadStrategy: normal, platformName: windows, proxy: Proxy(), se:cdp: ws://localhost:52388/devtoo..., se:cdpVersion: 126.0.6478.114, setWindowRect: true, strictFileInteractability: false, timeouts: {implicit: 0, pageLoad: 300000, script: 30000}, unhandledPromptBehavior: dismiss and notify, webauthn:extension:credBlob: true, webauthn:extension:largeBlob: true, webauthn:extension:minPinLength: true, webauthn:extension:prf: true, webauthn:virtualAuthenticators: true}
Element: [[ChromeDriver: chrome on windows (a484fcb5a56e8c6bd36f70ad4ec6a7b6)] -> xpath: //label[text()='Email Address']/..//input]
Session ID: a484fcb5a56e8c6bd36f70ad4ec6a7b6
at org.openqa.selenium.remote.codec.w3c.W3CHttpResponseCodec.createException(W3CHttpResponseCodec.java:200)
at org.openqa.selenium.remote.codec.w3c.W3CHttpResponseCodec.decode(W3CHttpResponseCodec.java:133)
at org.openqa.selenium.remote.codec.w3c.W3CHttpResponseCodec.decode(W3CHttpResponseCodec.java:52)
at org.openqa.selenium.remote.HttpCommandExecutor.execute(HttpCommandExecutor.java:191)
at org.openqa.selenium.remote.service.DriverCommandExecutor.invokeExecute(DriverCommandExecutor.java:196)
at org.openqa.selenium.remote.service.DriverCommandExecutor.execute(DriverCommandExecutor.java:171)
at org.openqa.selenium.remote.RemoteWebDriver.execute(RemoteWebDriver.java:602)
at org.openqa.selenium.remote.RemoteWebElement.execute(RemoteWebElement.java:224)
at org.openqa.selenium.remote.RemoteWebElement.isDisplayed(RemoteWebElement.java:283)
at org.openqa.selenium.support.pagefactory.internal.LocatingElementHandler.invoke(LocatingElementHandler.java:51)
at jdk.proxy2/jdk.proxy2.$Proxy33.isDisplayed(Unknown Source)
at sew.ai.driver.Page.isElementVisible(Page.java:303)
at demo.pageobjects.PostLogConnectUsPage.isEmailAddressTxtVisible(PostLogConnectUsPage.java:1476)
at demo.steps.scp.PostLogContactUsSteps.verifyCreateContactRequest(PostLogContactUsSteps.java:113)
at demo.tests.scp.PostLogContactUsTests.verifyPostLogCreateTrackContactReq(PostLogContactUsTests.java:64)
at java.base/java.util.ArrayList.forEach(ArrayList.java:1596)
... Removed 30 stack frames]]>
    </failure>
  </testcase> <!-- verifyPostLogCreateTrackContactReq -->
  <testcase classname="demo.tests.scp.PostLogContactUsTests" name="verifyPostLoginContactUsPage" time="22.647">
    <failure type="org.openqa.selenium.StaleElementReferenceException" message="stale element reference: stale element not found in the current frame
  (Session info: chrome=126.0.6478.114)
For documentation on this error, please visit: https://www.selenium.dev/documentation/webdriver/troubleshooting/errors#stale-element-reference-exception
Build info: version: &amp;apos;4.13.0&amp;apos;, revision: &amp;apos;ba948ece5b*&amp;apos;
System info: os.name: &amp;apos;Windows 11&amp;apos;, os.arch: &amp;apos;amd64&amp;apos;, os.version: &amp;apos;10.0&amp;apos;, java.version: &amp;apos;21.0.2&amp;apos;
Driver info: org.openqa.selenium.chrome.ChromeDriver
Command: [868feb3a8487f2227a1c03642e110e31, isElementDisplayed {id=f.522BA0EAB1BB3609A523422B56D3BA5F.d.608427BEAA52887255BFEE1010B970CA.e.484}]
Capabilities {acceptInsecureCerts: false, browserName: chrome, browserVersion: 126.0.6478.114, chrome: {chromedriverVersion: 126.0.6478.63 (df799988fdc9..., userDataDir: C:\Windows\SystemTemp\scope...}, fedcm:accounts: true, goog:chromeOptions: {debuggerAddress: localhost:52529}, networkConnectionEnabled: false, pageLoadStrategy: normal, platformName: windows, proxy: Proxy(), se:cdp: ws://localhost:52529/devtoo..., se:cdpVersion: 126.0.6478.114, setWindowRect: true, strictFileInteractability: false, timeouts: {implicit: 0, pageLoad: 300000, script: 30000}, unhandledPromptBehavior: dismiss and notify, webauthn:extension:credBlob: true, webauthn:extension:largeBlob: true, webauthn:extension:minPinLength: true, webauthn:extension:prf: true, webauthn:virtualAuthenticators: true}
Element: [[ChromeDriver: chrome on windows (868feb3a8487f2227a1c03642e110e31)] -&amp;gt; xpath: //input[@inputtype=&amp;apos;Email&amp;apos;]]
Session ID: 868feb3a8487f2227a1c03642e110e31">
      <![CDATA[org.openqa.selenium.StaleElementReferenceException: stale element reference: stale element not found in the current frame
  (Session info: chrome=126.0.6478.114)
For documentation on this error, please visit: https://www.selenium.dev/documentation/webdriver/troubleshooting/errors#stale-element-reference-exception
Build info: version: '4.13.0', revision: 'ba948ece5b*'
System info: os.name: 'Windows 11', os.arch: 'amd64', os.version: '10.0', java.version: '21.0.2'
Driver info: org.openqa.selenium.chrome.ChromeDriver
Command: [868feb3a8487f2227a1c03642e110e31, isElementDisplayed {id=f.522BA0EAB1BB3609A523422B56D3BA5F.d.608427BEAA52887255BFEE1010B970CA.e.484}]
Capabilities {acceptInsecureCerts: false, browserName: chrome, browserVersion: 126.0.6478.114, chrome: {chromedriverVersion: 126.0.6478.63 (df799988fdc9..., userDataDir: C:\Windows\SystemTemp\scope...}, fedcm:accounts: true, goog:chromeOptions: {debuggerAddress: localhost:52529}, networkConnectionEnabled: false, pageLoadStrategy: normal, platformName: windows, proxy: Proxy(), se:cdp: ws://localhost:52529/devtoo..., se:cdpVersion: 126.0.6478.114, setWindowRect: true, strictFileInteractability: false, timeouts: {implicit: 0, pageLoad: 300000, script: 30000}, unhandledPromptBehavior: dismiss and notify, webauthn:extension:credBlob: true, webauthn:extension:largeBlob: true, webauthn:extension:minPinLength: true, webauthn:extension:prf: true, webauthn:virtualAuthenticators: true}
Element: [[ChromeDriver: chrome on windows (868feb3a8487f2227a1c03642e110e31)] -> xpath: //input[@inputtype='Email']]
Session ID: 868feb3a8487f2227a1c03642e110e31
at org.openqa.selenium.remote.codec.w3c.W3CHttpResponseCodec.createException(W3CHttpResponseCodec.java:200)
at org.openqa.selenium.remote.codec.w3c.W3CHttpResponseCodec.decode(W3CHttpResponseCodec.java:133)
at org.openqa.selenium.remote.codec.w3c.W3CHttpResponseCodec.decode(W3CHttpResponseCodec.java:52)
at org.openqa.selenium.remote.HttpCommandExecutor.execute(HttpCommandExecutor.java:191)
at org.openqa.selenium.remote.service.DriverCommandExecutor.invokeExecute(DriverCommandExecutor.java:196)
at org.openqa.selenium.remote.service.DriverCommandExecutor.execute(DriverCommandExecutor.java:171)
at org.openqa.selenium.remote.RemoteWebDriver.execute(RemoteWebDriver.java:602)
at org.openqa.selenium.remote.RemoteWebElement.execute(RemoteWebElement.java:224)
at org.openqa.selenium.remote.RemoteWebElement.isDisplayed(RemoteWebElement.java:283)
at org.openqa.selenium.support.pagefactory.internal.LocatingElementHandler.invoke(LocatingElementHandler.java:51)
at jdk.proxy2/jdk.proxy2.$Proxy33.isDisplayed(Unknown Source)
at org.openqa.selenium.support.ui.ExpectedConditions.elementIfVisible(ExpectedConditions.java:304)
at org.openqa.selenium.support.ui.ExpectedConditions.access$000(ExpectedConditions.java:37)
at org.openqa.selenium.support.ui.ExpectedConditions$10.apply(ExpectedConditions.java:290)
at org.openqa.selenium.support.ui.ExpectedConditions$10.apply(ExpectedConditions.java:287)
at org.openqa.selenium.support.ui.FluentWait.until(FluentWait.java:205)
at sew.ai.driver.Page.waitForElementToBeVisible(Page.java:259)
at sew.ai.driver.Page.getAttribute(Page.java:185)
at demo.pageobjects.PostLogConnectUsPage.getCustomerEmailValue(PostLogConnectUsPage.java:965)
at demo.steps.scp.PostLogContactUsSteps.verifyCreateContactRequest(PostLogContactUsSteps.java:114)
at demo.tests.scp.PostLogContactUsTests.verifyPostLoginContactUsPage(PostLogContactUsTests.java:39)
at java.base/java.util.ArrayList.forEach(ArrayList.java:1596)
... Removed 30 stack frames]]>
    </failure>
  </testcase> <!-- verifyPostLoginContactUsPage -->
  <testcase classname="demo.tests.scp.PostLogContactUsTests" name="verifyPostLoginSavedFormsPage" time="30.45"/>
  <testcase classname="demo.tests.scp.PostLogContactUsTests" name="verifyPostLoginSocialMediaPage" time="26.605">
    <failure type="org.openqa.selenium.ElementClickInterceptedException" message="element click intercepted: Element &amp;lt;a href=&amp;quot;javascript:void(0)&amp;quot; id=&amp;quot;social_newtb&amp;quot; tabindex=&amp;quot;0&amp;quot;&amp;gt;...&amp;lt;/a&amp;gt; is not clickable at point (435, 25). Other element would receive the click: &amp;lt;div id=&amp;quot;page_loader&amp;quot; style=&amp;quot;display: block;&amp;quot;&amp;gt;...&amp;lt;/div&amp;gt;
  (Session info: chrome=126.0.6478.114)
Build info: version: &amp;apos;4.13.0&amp;apos;, revision: &amp;apos;ba948ece5b*&amp;apos;
System info: os.name: &amp;apos;Windows 11&amp;apos;, os.arch: &amp;apos;amd64&amp;apos;, os.version: &amp;apos;10.0&amp;apos;, java.version: &amp;apos;21.0.2&amp;apos;
Driver info: org.openqa.selenium.chrome.ChromeDriver
Command: [30711aa1042f9d850aec3aa46ad5d428, clickElement {id=f.E91344ADE4100E4D257B6BA2F0AD46F5.d.4D9E44EE3E0A8FA1C4E6FCDCDBC8713D.e.735}]
Capabilities {acceptInsecureCerts: false, browserName: chrome, browserVersion: 126.0.6478.114, chrome: {chromedriverVersion: 126.0.6478.63 (df799988fdc9..., userDataDir: C:\Windows\SystemTemp\scope...}, fedcm:accounts: true, goog:chromeOptions: {debuggerAddress: localhost:52819}, networkConnectionEnabled: false, pageLoadStrategy: normal, platformName: windows, proxy: Proxy(), se:cdp: ws://localhost:52819/devtoo..., se:cdpVersion: 126.0.6478.114, setWindowRect: true, strictFileInteractability: false, timeouts: {implicit: 0, pageLoad: 300000, script: 30000}, unhandledPromptBehavior: dismiss and notify, webauthn:extension:credBlob: true, webauthn:extension:largeBlob: true, webauthn:extension:minPinLength: true, webauthn:extension:prf: true, webauthn:virtualAuthenticators: true}
Element: [[ChromeDriver: chrome on windows (30711aa1042f9d850aec3aa46ad5d428)] -&amp;gt; css selector: ul #social_newtb]
Session ID: 30711aa1042f9d850aec3aa46ad5d428">
      <![CDATA[org.openqa.selenium.ElementClickInterceptedException: element click intercepted: Element <a href="javascript:void(0)" id="social_newtb" tabindex="0">...</a> is not clickable at point (435, 25). Other element would receive the click: <div id="page_loader" style="display: block;">...</div>
  (Session info: chrome=126.0.6478.114)
Build info: version: '4.13.0', revision: 'ba948ece5b*'
System info: os.name: 'Windows 11', os.arch: 'amd64', os.version: '10.0', java.version: '21.0.2'
Driver info: org.openqa.selenium.chrome.ChromeDriver
Command: [30711aa1042f9d850aec3aa46ad5d428, clickElement {id=f.E91344ADE4100E4D257B6BA2F0AD46F5.d.4D9E44EE3E0A8FA1C4E6FCDCDBC8713D.e.735}]
Capabilities {acceptInsecureCerts: false, browserName: chrome, browserVersion: 126.0.6478.114, chrome: {chromedriverVersion: 126.0.6478.63 (df799988fdc9..., userDataDir: C:\Windows\SystemTemp\scope...}, fedcm:accounts: true, goog:chromeOptions: {debuggerAddress: localhost:52819}, networkConnectionEnabled: false, pageLoadStrategy: normal, platformName: windows, proxy: Proxy(), se:cdp: ws://localhost:52819/devtoo..., se:cdpVersion: 126.0.6478.114, setWindowRect: true, strictFileInteractability: false, timeouts: {implicit: 0, pageLoad: 300000, script: 30000}, unhandledPromptBehavior: dismiss and notify, webauthn:extension:credBlob: true, webauthn:extension:largeBlob: true, webauthn:extension:minPinLength: true, webauthn:extension:prf: true, webauthn:virtualAuthenticators: true}
Element: [[ChromeDriver: chrome on windows (30711aa1042f9d850aec3aa46ad5d428)] -> css selector: ul #social_newtb]
Session ID: 30711aa1042f9d850aec3aa46ad5d428
at org.openqa.selenium.remote.codec.w3c.W3CHttpResponseCodec.createException(W3CHttpResponseCodec.java:200)
at org.openqa.selenium.remote.codec.w3c.W3CHttpResponseCodec.decode(W3CHttpResponseCodec.java:133)
at org.openqa.selenium.remote.codec.w3c.W3CHttpResponseCodec.decode(W3CHttpResponseCodec.java:52)
at org.openqa.selenium.remote.HttpCommandExecutor.execute(HttpCommandExecutor.java:191)
at org.openqa.selenium.remote.service.DriverCommandExecutor.invokeExecute(DriverCommandExecutor.java:196)
at org.openqa.selenium.remote.service.DriverCommandExecutor.execute(DriverCommandExecutor.java:171)
at org.openqa.selenium.remote.RemoteWebDriver.execute(RemoteWebDriver.java:602)
at org.openqa.selenium.remote.RemoteWebElement.execute(RemoteWebElement.java:224)
at org.openqa.selenium.remote.RemoteWebElement.click(RemoteWebElement.java:77)
at org.openqa.selenium.support.pagefactory.internal.LocatingElementHandler.invoke(LocatingElementHandler.java:51)
at jdk.proxy2/jdk.proxy2.$Proxy33.click(Unknown Source)
at sew.ai.driver.Page.click(Page.java:60)
at demo.pageobjects.PostLogConnectUsPage.clickSocialMedia(PostLogConnectUsPage.java:259)
at demo.steps.scp.PostLogContactUsSteps.verifySocialMediaObject(PostLogContactUsSteps.java:200)
at demo.tests.scp.PostLogContactUsTests.verifyPostLoginSocialMediaPage(PostLogContactUsTests.java:153)
at java.base/java.util.ArrayList.forEach(ArrayList.java:1596)
... Removed 30 stack frames]]>
    </failure>
  </testcase> <!-- verifyPostLoginSocialMediaPage -->
  <testcase classname="demo.tests.scp.PostLogContactUsTests" name="verifySubmitBillingQueryWithInValidAttachment" time="40.288"/>
  <testcase classname="demo.tests.scp.PostLogContactUsTests" name="verifySubmitBillingQueryWithValidAttachment" time="33.066"/>
  <testcase classname="demo.tests.scp.PreLoginTests" name="verifyLoginPageObjects" time="1.691"/>
  <testcase classname="demo.tests.scp.PreLoginTests" name="verifyPreLogChatBox" time="11.244"/>
  <testcase classname="demo.tests.scp.PreLoginTests" name="verifyValidLogin" time="7.697"/>
  <testcase classname="demo.tests.scp.PreLoginTests" name="verifyInvalidLogin" time="0.197"/>
  <testcase classname="demo.tests.scp.PreLoginTests" name="verifyInvalidPaymentDetails" time="6.167">
    <failure type="java.lang.AssertionError" message="The following asserts failed:
	Blank username field validation not correct. expected [Please Enter Service Account Number.] but found [Please Enter Service Account Number]">
      <![CDATA[java.lang.AssertionError: The following asserts failed:
Blank username field validation not correct. expected [Please Enter Service Account Number.] but found [Please Enter Service Account Number]
at demo.tests.scp.PreLoginTests.verifyInvalidPaymentDetails(PreLoginTests.java:182)
at java.base/java.util.ArrayList.forEach(ArrayList.java:1596)
... Removed 27 stack frames]]>
    </failure>
  </testcase> <!-- verifyInvalidPaymentDetails -->
  <testcase classname="demo.tests.scp.PreLoginTests" name="verifyWaysToSavePage" time="7.5"/>
  <testcase classname="demo.tests.scp.PreLoginTests" name="verifyRememberMeLoginFunctionality" time="31.893"/>
  <testcase classname="demo.tests.scp.PreLoginTests" name="verifyPreLogPaymentLocations" time="8.237"/>
  <testcase classname="demo.tests.scp.PreLoginTests" name="verifyPreLogTrackContactReq" time="9.558">
    <failure type="java.lang.AssertionError" message="Page Title &amp;amp; URL does not Match expected [true] but found [false]">
      <![CDATA[java.lang.AssertionError: Page Title & URL does not Match expected [true] but found [false]
at demo.steps.scp.PreLoginSteps.verifyPreLogConnectMeObject(PreLoginSteps.java:267)
at demo.tests.scp.PreLoginTests.verifyPreLogTrackContactReq(PreLoginTests.java:109)
at java.base/java.util.ArrayList.forEach(ArrayList.java:1596)
... Removed 28 stack frames]]>
    </failure>
  </testcase> <!-- verifyPreLogTrackContactReq -->
  <testcase classname="demo.tests.scp.PreLoginTests" name="verifyPreLogTrackContactReqForWaterWaste" time="27.387"/>
  <testcase classname="demo.tests.scp.PaymentInfoTests" name="verifyPaymentInformationPageObjects" time="38.23"/>
  <testcase classname="demo.tests.scp.PaymentInfoTests" name="verifyBankPaymentFormFields" time="30.046">
    <failure type="org.openqa.selenium.ElementClickInterceptedException" message="element click intercepted: Element &amp;lt;input title=&amp;quot;Bank Account Number&amp;quot; class=&amp;quot;mdl-textfield__input isNumbericOnly&amp;quot; pattern=&amp;quot;[0-9]*&amp;quot; inputmode=&amp;quot;numeric&amp;quot; onpaste=&amp;quot;return false;&amp;quot; type=&amp;quot;password&amp;quot; id=&amp;quot;bnkaccno&amp;quot; maxlength=&amp;quot;17&amp;quot; autocomplete=&amp;quot;off&amp;quot;&amp;gt; is not clickable at point (753, 28). Other element would receive the click: &amp;lt;div class=&amp;quot;spinner&amp;quot;&amp;gt;...&amp;lt;/div&amp;gt;
  (Session info: chrome=126.0.6478.114)
Build info: version: &amp;apos;4.13.0&amp;apos;, revision: &amp;apos;ba948ece5b*&amp;apos;
System info: os.name: &amp;apos;Windows 11&amp;apos;, os.arch: &amp;apos;amd64&amp;apos;, os.version: &amp;apos;10.0&amp;apos;, java.version: &amp;apos;21.0.2&amp;apos;
Driver info: org.openqa.selenium.chrome.ChromeDriver
Command: [41c93e47b64280664d44e3c3848c9e21, clickElement {id=f.5E04A5D78DD281C850901E0C29EDADFE.d.FF0879D22F3A620D63EC03A8A3BD2289.e.499}]
Capabilities {acceptInsecureCerts: false, browserName: chrome, browserVersion: 126.0.6478.114, chrome: {chromedriverVersion: 126.0.6478.63 (df799988fdc9..., userDataDir: C:\Windows\SystemTemp\scope...}, fedcm:accounts: true, goog:chromeOptions: {debuggerAddress: localhost:54633}, networkConnectionEnabled: false, pageLoadStrategy: normal, platformName: windows, proxy: Proxy(), se:cdp: ws://localhost:54633/devtoo..., se:cdpVersion: 126.0.6478.114, setWindowRect: true, strictFileInteractability: false, timeouts: {implicit: 0, pageLoad: 300000, script: 30000}, unhandledPromptBehavior: dismiss and notify, webauthn:extension:credBlob: true, webauthn:extension:largeBlob: true, webauthn:extension:minPinLength: true, webauthn:extension:prf: true, webauthn:virtualAuthenticators: true}
Element: [[ChromeDriver: chrome on windows (41c93e47b64280664d44e3c3848c9e21)] -&amp;gt; id: bnkaccno]
Session ID: 41c93e47b64280664d44e3c3848c9e21">
      <![CDATA[org.openqa.selenium.ElementClickInterceptedException: element click intercepted: Element <input title="Bank Account Number" class="mdl-textfield__input isNumbericOnly" pattern="[0-9]*" inputmode="numeric" onpaste="return false;" type="password" id="bnkaccno" maxlength="17" autocomplete="off"> is not clickable at point (753, 28). Other element would receive the click: <div class="spinner">...</div>
  (Session info: chrome=126.0.6478.114)
Build info: version: '4.13.0', revision: 'ba948ece5b*'
System info: os.name: 'Windows 11', os.arch: 'amd64', os.version: '10.0', java.version: '21.0.2'
Driver info: org.openqa.selenium.chrome.ChromeDriver
Command: [41c93e47b64280664d44e3c3848c9e21, clickElement {id=f.5E04A5D78DD281C850901E0C29EDADFE.d.FF0879D22F3A620D63EC03A8A3BD2289.e.499}]
Capabilities {acceptInsecureCerts: false, browserName: chrome, browserVersion: 126.0.6478.114, chrome: {chromedriverVersion: 126.0.6478.63 (df799988fdc9..., userDataDir: C:\Windows\SystemTemp\scope...}, fedcm:accounts: true, goog:chromeOptions: {debuggerAddress: localhost:54633}, networkConnectionEnabled: false, pageLoadStrategy: normal, platformName: windows, proxy: Proxy(), se:cdp: ws://localhost:54633/devtoo..., se:cdpVersion: 126.0.6478.114, setWindowRect: true, strictFileInteractability: false, timeouts: {implicit: 0, pageLoad: 300000, script: 30000}, unhandledPromptBehavior: dismiss and notify, webauthn:extension:credBlob: true, webauthn:extension:largeBlob: true, webauthn:extension:minPinLength: true, webauthn:extension:prf: true, webauthn:virtualAuthenticators: true}
Element: [[ChromeDriver: chrome on windows (41c93e47b64280664d44e3c3848c9e21)] -> id: bnkaccno]
Session ID: 41c93e47b64280664d44e3c3848c9e21
at org.openqa.selenium.remote.codec.w3c.W3CHttpResponseCodec.createException(W3CHttpResponseCodec.java:200)
at org.openqa.selenium.remote.codec.w3c.W3CHttpResponseCodec.decode(W3CHttpResponseCodec.java:133)
at org.openqa.selenium.remote.codec.w3c.W3CHttpResponseCodec.decode(W3CHttpResponseCodec.java:52)
at org.openqa.selenium.remote.HttpCommandExecutor.execute(HttpCommandExecutor.java:191)
at org.openqa.selenium.remote.service.DriverCommandExecutor.invokeExecute(DriverCommandExecutor.java:196)
at org.openqa.selenium.remote.service.DriverCommandExecutor.execute(DriverCommandExecutor.java:171)
at org.openqa.selenium.remote.RemoteWebDriver.execute(RemoteWebDriver.java:602)
at org.openqa.selenium.remote.RemoteWebElement.execute(RemoteWebElement.java:224)
at org.openqa.selenium.remote.RemoteWebElement.click(RemoteWebElement.java:77)
at org.openqa.selenium.support.pagefactory.internal.LocatingElementHandler.invoke(LocatingElementHandler.java:51)
at jdk.proxy2/jdk.proxy2.$Proxy33.click(Unknown Source)
at sew.ai.driver.Page.click(Page.java:60)
at demo.steps.scp.PaymentInformationSteps.copyPasteUsingActionClassInTextFeild(PaymentInformationSteps.java:242)
at demo.steps.scp.PaymentInformationSteps.verifyTheBankPaymentFormFields(PaymentInformationSteps.java:164)
at demo.tests.scp.PaymentInfoTests.verifyBankPaymentFormFields(PaymentInfoTests.java:58)
at java.base/java.util.ArrayList.forEach(ArrayList.java:1596)
... Removed 30 stack frames]]>
    </failure>
  </testcase> <!-- verifyBankPaymentFormFields -->
  <testcase classname="demo.tests.scp.PaymentInfoTests" name="verifyBankPaymentFormFieldsValidation" time="44.322">
    <failure type="org.openqa.selenium.ElementClickInterceptedException" message="element click intercepted: Element &amp;lt;a globalize=&amp;quot;ML_HeaderMenu_span_MyAccount&amp;quot; tabindex=&amp;quot;0&amp;quot; href=&amp;quot;#&amp;quot; data-toggle=&amp;quot;dropdown&amp;quot; aria-expanded=&amp;quot;false&amp;quot; inputtype=&amp;quot;&amp;quot; validatemessage=&amp;quot;&amp;quot; title=&amp;quot;Click to navigate to &amp;apos;My Account&amp;apos; module&amp;quot;&amp;gt;...&amp;lt;/a&amp;gt; is not clickable at point (529, 16). Other element would receive the click: &amp;lt;div class=&amp;quot;toast toast-error&amp;quot; style=&amp;quot;&amp;quot;&amp;gt;...&amp;lt;/div&amp;gt;
  (Session info: chrome=126.0.6478.114)
Build info: version: &amp;apos;4.13.0&amp;apos;, revision: &amp;apos;ba948ece5b*&amp;apos;
System info: os.name: &amp;apos;Windows 11&amp;apos;, os.arch: &amp;apos;amd64&amp;apos;, os.version: &amp;apos;10.0&amp;apos;, java.version: &amp;apos;21.0.2&amp;apos;
Driver info: org.openqa.selenium.chrome.ChromeDriver
Command: [abddae98d734d37dcf77b5d1dbbfac23, clickElement {id=f.D2782A6057A934B5EF7B26285126EEB9.d.900C8854F99C9D396CC3AC170D8517FE.e.494}]
Capabilities {acceptInsecureCerts: false, browserName: chrome, browserVersion: 126.0.6478.114, chrome: {chromedriverVersion: 126.0.6478.63 (df799988fdc9..., userDataDir: C:\Windows\SystemTemp\scope...}, fedcm:accounts: true, goog:chromeOptions: {debuggerAddress: localhost:54797}, networkConnectionEnabled: false, pageLoadStrategy: normal, platformName: windows, proxy: Proxy(), se:cdp: ws://localhost:54797/devtoo..., se:cdpVersion: 126.0.6478.114, setWindowRect: true, strictFileInteractability: false, timeouts: {implicit: 0, pageLoad: 300000, script: 30000}, unhandledPromptBehavior: dismiss and notify, webauthn:extension:credBlob: true, webauthn:extension:largeBlob: true, webauthn:extension:minPinLength: true, webauthn:extension:prf: true, webauthn:virtualAuthenticators: true}
Element: [[ChromeDriver: chrome on windows (abddae98d734d37dcf77b5d1dbbfac23)] -&amp;gt; css selector: .myaccount.dropdown &amp;gt; a]
Session ID: abddae98d734d37dcf77b5d1dbbfac23">
      <![CDATA[org.openqa.selenium.ElementClickInterceptedException: element click intercepted: Element <a globalize="ML_HeaderMenu_span_MyAccount" tabindex="0" href="#" data-toggle="dropdown" aria-expanded="false" inputtype="" validatemessage="" title="Click to navigate to 'My Account' module">...</a> is not clickable at point (529, 16). Other element would receive the click: <div class="toast toast-error" style="">...</div>
  (Session info: chrome=126.0.6478.114)
Build info: version: '4.13.0', revision: 'ba948ece5b*'
System info: os.name: 'Windows 11', os.arch: 'amd64', os.version: '10.0', java.version: '21.0.2'
Driver info: org.openqa.selenium.chrome.ChromeDriver
Command: [abddae98d734d37dcf77b5d1dbbfac23, clickElement {id=f.D2782A6057A934B5EF7B26285126EEB9.d.900C8854F99C9D396CC3AC170D8517FE.e.494}]
Capabilities {acceptInsecureCerts: false, browserName: chrome, browserVersion: 126.0.6478.114, chrome: {chromedriverVersion: 126.0.6478.63 (df799988fdc9..., userDataDir: C:\Windows\SystemTemp\scope...}, fedcm:accounts: true, goog:chromeOptions: {debuggerAddress: localhost:54797}, networkConnectionEnabled: false, pageLoadStrategy: normal, platformName: windows, proxy: Proxy(), se:cdp: ws://localhost:54797/devtoo..., se:cdpVersion: 126.0.6478.114, setWindowRect: true, strictFileInteractability: false, timeouts: {implicit: 0, pageLoad: 300000, script: 30000}, unhandledPromptBehavior: dismiss and notify, webauthn:extension:credBlob: true, webauthn:extension:largeBlob: true, webauthn:extension:minPinLength: true, webauthn:extension:prf: true, webauthn:virtualAuthenticators: true}
Element: [[ChromeDriver: chrome on windows (abddae98d734d37dcf77b5d1dbbfac23)] -> css selector: .myaccount.dropdown > a]
Session ID: abddae98d734d37dcf77b5d1dbbfac23
at org.openqa.selenium.remote.codec.w3c.W3CHttpResponseCodec.createException(W3CHttpResponseCodec.java:200)
at org.openqa.selenium.remote.codec.w3c.W3CHttpResponseCodec.decode(W3CHttpResponseCodec.java:133)
at org.openqa.selenium.remote.codec.w3c.W3CHttpResponseCodec.decode(W3CHttpResponseCodec.java:52)
at org.openqa.selenium.remote.HttpCommandExecutor.execute(HttpCommandExecutor.java:191)
at org.openqa.selenium.remote.service.DriverCommandExecutor.invokeExecute(DriverCommandExecutor.java:196)
at org.openqa.selenium.remote.service.DriverCommandExecutor.execute(DriverCommandExecutor.java:171)
at org.openqa.selenium.remote.RemoteWebDriver.execute(RemoteWebDriver.java:602)
at org.openqa.selenium.remote.RemoteWebElement.execute(RemoteWebElement.java:224)
at org.openqa.selenium.remote.RemoteWebElement.click(RemoteWebElement.java:77)
at org.openqa.selenium.support.pagefactory.internal.LocatingElementHandler.invoke(LocatingElementHandler.java:51)
at jdk.proxy2/jdk.proxy2.$Proxy33.click(Unknown Source)
at sew.ai.driver.Page.click(Page.java:60)
at sew.ai.pageObjects.scp.HomePage.clickMyAccountLink(HomePage.java:243)
at sew.ai.steps.scp.HomeSteps.navigateToPaymentInfo(HomeSteps.java:50)
at demo.steps.scp.PaymentInformationSteps.verifyTheBankPaymentFormFieldValidation(PaymentInformationSteps.java:267)
at demo.tests.scp.PaymentInfoTests.verifyBankPaymentFormFieldsValidation(PaymentInfoTests.java:78)
at java.base/java.util.ArrayList.forEach(ArrayList.java:1596)
... Removed 30 stack frames]]>
    </failure>
  </testcase> <!-- verifyBankPaymentFormFieldsValidation -->
  <testcase classname="demo.tests.scp.PaymentInfoTests" name="verifyAddingBankPaymentProfile" time="126.292">
    <failure type="java.lang.AssertionError" message="The following asserts failed:
	Blank First Name, successful Msg do not match expected [Payment method already added.] but found [Payment method successfully added]">
      <![CDATA[java.lang.AssertionError: The following asserts failed:
Blank First Name, successful Msg do not match expected [Payment method already added.] but found [Payment method successfully added]
at demo.tests.scp.PaymentInfoTests.verifyAddingBankPaymentProfile(PaymentInfoTests.java:99)
at java.base/java.util.ArrayList.forEach(ArrayList.java:1596)
... Removed 27 stack frames]]>
    </failure>
  </testcase> <!-- verifyAddingBankPaymentProfile -->
  <testcase classname="demo.tests.scp.PaymentInfoTests" name="verifyMultipleBankPaymentProfileAndDeletion" time="86.24">
    <failure type="org.openqa.selenium.TimeoutException" message="Expected condition failed: waiting for value to contain &amp;quot;display: none;&amp;quot;. (tried for 60 second(s) with 500 milliseconds interval)
Build info: version: &amp;apos;4.13.0&amp;apos;, revision: &amp;apos;ba948ece5b*&amp;apos;
System info: os.name: &amp;apos;Windows 11&amp;apos;, os.arch: &amp;apos;amd64&amp;apos;, os.version: &amp;apos;10.0&amp;apos;, java.version: &amp;apos;21.0.2&amp;apos;
Driver info: org.openqa.selenium.chrome.ChromeDriver
Capabilities {acceptInsecureCerts: false, browserName: chrome, browserVersion: 126.0.6478.114, chrome: {chromedriverVersion: 126.0.6478.63 (df799988fdc9..., userDataDir: C:\Windows\SystemTemp\scope...}, fedcm:accounts: true, goog:chromeOptions: {debuggerAddress: localhost:55357}, networkConnectionEnabled: false, pageLoadStrategy: normal, platformName: windows, proxy: Proxy(), se:cdp: ws://localhost:55357/devtoo..., se:cdpVersion: 126.0.6478.114, setWindowRect: true, strictFileInteractability: false, timeouts: {implicit: 0, pageLoad: 300000, script: 30000}, unhandledPromptBehavior: dismiss and notify, webauthn:extension:credBlob: true, webauthn:extension:largeBlob: true, webauthn:extension:minPinLength: true, webauthn:extension:prf: true, webauthn:virtualAuthenticators: true}
Session ID: ca3b66a1e7d682d72c0cef12347a2de0">
      <![CDATA[org.openqa.selenium.TimeoutException: Expected condition failed: waiting for value to contain "display: none;". (tried for 60 second(s) with 500 milliseconds interval)
Build info: version: '4.13.0', revision: 'ba948ece5b*'
System info: os.name: 'Windows 11', os.arch: 'amd64', os.version: '10.0', java.version: '21.0.2'
Driver info: org.openqa.selenium.chrome.ChromeDriver
Capabilities {acceptInsecureCerts: false, browserName: chrome, browserVersion: 126.0.6478.114, chrome: {chromedriverVersion: 126.0.6478.63 (df799988fdc9..., userDataDir: C:\Windows\SystemTemp\scope...}, fedcm:accounts: true, goog:chromeOptions: {debuggerAddress: localhost:55357}, networkConnectionEnabled: false, pageLoadStrategy: normal, platformName: windows, proxy: Proxy(), se:cdp: ws://localhost:55357/devtoo..., se:cdpVersion: 126.0.6478.114, setWindowRect: true, strictFileInteractability: false, timeouts: {implicit: 0, pageLoad: 300000, script: 30000}, unhandledPromptBehavior: dismiss and notify, webauthn:extension:credBlob: true, webauthn:extension:largeBlob: true, webauthn:extension:minPinLength: true, webauthn:extension:prf: true, webauthn:virtualAuthenticators: true}
Session ID: ca3b66a1e7d682d72c0cef12347a2de0
at org.openqa.selenium.support.ui.WebDriverWait.timeoutException(WebDriverWait.java:84)
at org.openqa.selenium.support.ui.FluentWait.until(FluentWait.java:230)
at demo.pageobjects.PaymentInformationsPage.waitUntilCompletePageLoad(PaymentInformationsPage.java:44)
at demo.steps.scp.PaymentInformationSteps.verifyTheMultipleBankPaymentProfileAndDeletion(PaymentInformationSteps.java:610)
at demo.tests.scp.PaymentInfoTests.verifyMultipleBankPaymentProfileAndDeletion(PaymentInfoTests.java:116)
at java.base/java.util.ArrayList.forEach(ArrayList.java:1596)
... Removed 25 stack frames]]>
    </failure>
  </testcase> <!-- verifyMultipleBankPaymentProfileAndDeletion -->
  <testcase classname="demo.tests.scp.PaymentInfoTests" name="verifyMakePaymentWithNewCC" time="176.762">
    <failure type="org.openqa.selenium.TimeoutException" message="Expected condition failed: waiting for element to be clickable: [[ChromeDriver: chrome on windows (125020d12539feb9f3f55a9a024545c0)] -&amp;gt; xpath: //*[@id=&amp;apos;submitNext&amp;apos;]] (tried for 120 second(s) with 500 milliseconds interval)
Build info: version: &amp;apos;4.13.0&amp;apos;, revision: &amp;apos;ba948ece5b*&amp;apos;
System info: os.name: &amp;apos;Windows 11&amp;apos;, os.arch: &amp;apos;amd64&amp;apos;, os.version: &amp;apos;10.0&amp;apos;, java.version: &amp;apos;21.0.2&amp;apos;
Driver info: org.openqa.selenium.chrome.ChromeDriver
Capabilities {acceptInsecureCerts: false, browserName: chrome, browserVersion: 126.0.6478.114, chrome: {chromedriverVersion: 126.0.6478.63 (df799988fdc9..., userDataDir: C:\Windows\SystemTemp\scope...}, fedcm:accounts: true, goog:chromeOptions: {debuggerAddress: localhost:55569}, networkConnectionEnabled: false, pageLoadStrategy: normal, platformName: windows, proxy: Proxy(), se:cdp: ws://localhost:55569/devtoo..., se:cdpVersion: 126.0.6478.114, setWindowRect: true, strictFileInteractability: false, timeouts: {implicit: 0, pageLoad: 300000, script: 30000}, unhandledPromptBehavior: dismiss and notify, webauthn:extension:credBlob: true, webauthn:extension:largeBlob: true, webauthn:extension:minPinLength: true, webauthn:extension:prf: true, webauthn:virtualAuthenticators: true}
Session ID: 125020d12539feb9f3f55a9a024545c0">
      <![CDATA[org.openqa.selenium.TimeoutException: Expected condition failed: waiting for element to be clickable: [[ChromeDriver: chrome on windows (125020d12539feb9f3f55a9a024545c0)] -> xpath: //*[@id='submitNext']] (tried for 120 second(s) with 500 milliseconds interval)
Build info: version: '4.13.0', revision: 'ba948ece5b*'
System info: os.name: 'Windows 11', os.arch: 'amd64', os.version: '10.0', java.version: '21.0.2'
Driver info: org.openqa.selenium.chrome.ChromeDriver
Capabilities {acceptInsecureCerts: false, browserName: chrome, browserVersion: 126.0.6478.114, chrome: {chromedriverVersion: 126.0.6478.63 (df799988fdc9..., userDataDir: C:\Windows\SystemTemp\scope...}, fedcm:accounts: true, goog:chromeOptions: {debuggerAddress: localhost:55569}, networkConnectionEnabled: false, pageLoadStrategy: normal, platformName: windows, proxy: Proxy(), se:cdp: ws://localhost:55569/devtoo..., se:cdpVersion: 126.0.6478.114, setWindowRect: true, strictFileInteractability: false, timeouts: {implicit: 0, pageLoad: 300000, script: 30000}, unhandledPromptBehavior: dismiss and notify, webauthn:extension:credBlob: true, webauthn:extension:largeBlob: true, webauthn:extension:minPinLength: true, webauthn:extension:prf: true, webauthn:virtualAuthenticators: true}
Session ID: 125020d12539feb9f3f55a9a024545c0
at org.openqa.selenium.support.ui.WebDriverWait.timeoutException(WebDriverWait.java:84)
at org.openqa.selenium.support.ui.FluentWait.until(FluentWait.java:230)
at sew.ai.driver.Page.waitForElementToBeClickable(Page.java:234)
at demo.pageobjects.PaymentInformationsPage.clickbtnAdd(PaymentInformationsPage.java:750)
at demo.steps.scp.BillingPaymentSteps.verifyMakePaymentWithNewCC(BillingPaymentSteps.java:46)
at demo.tests.scp.PaymentInfoTests.verifyMakePaymentWithNewCC(PaymentInfoTests.java:136)
at java.base/java.util.ArrayList.forEach(ArrayList.java:1596)
... Removed 25 stack frames]]>
    </failure>
  </testcase> <!-- verifyMakePaymentWithNewCC -->
  <testcase classname="demo.tests.scp.PaymentInfoTests" name="verifyCeditCardPaymentFormFieldsValidation" time="178.593">
    <failure type="org.openqa.selenium.TimeoutException" message="Expected condition failed: waiting for element to be clickable: [[ChromeDriver: chrome on windows (fcde9f8e4842be54ae46bdd4abdb2d29)] -&amp;gt; xpath: //*[@id=&amp;apos;submitNext&amp;apos;]] (tried for 120 second(s) with 500 milliseconds interval)
Build info: version: &amp;apos;4.13.0&amp;apos;, revision: &amp;apos;ba948ece5b*&amp;apos;
System info: os.name: &amp;apos;Windows 11&amp;apos;, os.arch: &amp;apos;amd64&amp;apos;, os.version: &amp;apos;10.0&amp;apos;, java.version: &amp;apos;21.0.2&amp;apos;
Driver info: org.openqa.selenium.chrome.ChromeDriver
Capabilities {acceptInsecureCerts: false, browserName: chrome, browserVersion: 126.0.6478.114, chrome: {chromedriverVersion: 126.0.6478.63 (df799988fdc9..., userDataDir: C:\Windows\SystemTemp\scope...}, fedcm:accounts: true, goog:chromeOptions: {debuggerAddress: localhost:55905}, networkConnectionEnabled: false, pageLoadStrategy: normal, platformName: windows, proxy: Proxy(), se:cdp: ws://localhost:55905/devtoo..., se:cdpVersion: 126.0.6478.114, setWindowRect: true, strictFileInteractability: false, timeouts: {implicit: 0, pageLoad: 300000, script: 30000}, unhandledPromptBehavior: dismiss and notify, webauthn:extension:credBlob: true, webauthn:extension:largeBlob: true, webauthn:extension:minPinLength: true, webauthn:extension:prf: true, webauthn:virtualAuthenticators: true}
Session ID: fcde9f8e4842be54ae46bdd4abdb2d29">
      <![CDATA[org.openqa.selenium.TimeoutException: Expected condition failed: waiting for element to be clickable: [[ChromeDriver: chrome on windows (fcde9f8e4842be54ae46bdd4abdb2d29)] -> xpath: //*[@id='submitNext']] (tried for 120 second(s) with 500 milliseconds interval)
Build info: version: '4.13.0', revision: 'ba948ece5b*'
System info: os.name: 'Windows 11', os.arch: 'amd64', os.version: '10.0', java.version: '21.0.2'
Driver info: org.openqa.selenium.chrome.ChromeDriver
Capabilities {acceptInsecureCerts: false, browserName: chrome, browserVersion: 126.0.6478.114, chrome: {chromedriverVersion: 126.0.6478.63 (df799988fdc9..., userDataDir: C:\Windows\SystemTemp\scope...}, fedcm:accounts: true, goog:chromeOptions: {debuggerAddress: localhost:55905}, networkConnectionEnabled: false, pageLoadStrategy: normal, platformName: windows, proxy: Proxy(), se:cdp: ws://localhost:55905/devtoo..., se:cdpVersion: 126.0.6478.114, setWindowRect: true, strictFileInteractability: false, timeouts: {implicit: 0, pageLoad: 300000, script: 30000}, unhandledPromptBehavior: dismiss and notify, webauthn:extension:credBlob: true, webauthn:extension:largeBlob: true, webauthn:extension:minPinLength: true, webauthn:extension:prf: true, webauthn:virtualAuthenticators: true}
Session ID: fcde9f8e4842be54ae46bdd4abdb2d29
at org.openqa.selenium.support.ui.WebDriverWait.timeoutException(WebDriverWait.java:84)
at org.openqa.selenium.support.ui.FluentWait.until(FluentWait.java:230)
at sew.ai.driver.Page.waitForElementToBeClickable(Page.java:234)
at demo.pageobjects.PaymentInformationsPage.clickbtnAdd(PaymentInformationsPage.java:750)
at demo.steps.scp.BillingPaymentSteps.verifyCeditCardPaymentFormFieldsValidation(BillingPaymentSteps.java:186)
at demo.tests.scp.PaymentInfoTests.verifyCeditCardPaymentFormFieldsValidation(PaymentInfoTests.java:176)
at java.base/java.util.ArrayList.forEach(ArrayList.java:1596)
... Removed 25 stack frames]]>
    </failure>
  </testcase> <!-- verifyCeditCardPaymentFormFieldsValidation -->
  <testcase classname="demo.tests.scp.PaymentInfoTests" name="verifyCreditCardPaymentFormFields" time="160.79">
    <failure type="org.openqa.selenium.TimeoutException" message="Expected condition failed: waiting for visibility of [[ChromeDriver: chrome on windows (01da01fdcc05b2c6c51d2de23ca48888)] -&amp;gt; id: nmcrd] (tried for 120 second(s) with 500 milliseconds interval)
Build info: version: &amp;apos;4.13.0&amp;apos;, revision: &amp;apos;ba948ece5b*&amp;apos;
System info: os.name: &amp;apos;Windows 11&amp;apos;, os.arch: &amp;apos;amd64&amp;apos;, os.version: &amp;apos;10.0&amp;apos;, java.version: &amp;apos;21.0.2&amp;apos;
Driver info: org.openqa.selenium.chrome.ChromeDriver
Capabilities {acceptInsecureCerts: false, browserName: chrome, browserVersion: 126.0.6478.114, chrome: {chromedriverVersion: 126.0.6478.63 (df799988fdc9..., userDataDir: C:\Windows\SystemTemp\scope...}, fedcm:accounts: true, goog:chromeOptions: {debuggerAddress: localhost:56264}, networkConnectionEnabled: false, pageLoadStrategy: normal, platformName: windows, proxy: Proxy(), se:cdp: ws://localhost:56264/devtoo..., se:cdpVersion: 126.0.6478.114, setWindowRect: true, strictFileInteractability: false, timeouts: {implicit: 0, pageLoad: 300000, script: 30000}, unhandledPromptBehavior: dismiss and notify, webauthn:extension:credBlob: true, webauthn:extension:largeBlob: true, webauthn:extension:minPinLength: true, webauthn:extension:prf: true, webauthn:virtualAuthenticators: true}
Session ID: 01da01fdcc05b2c6c51d2de23ca48888">
      <![CDATA[org.openqa.selenium.TimeoutException: Expected condition failed: waiting for visibility of [[ChromeDriver: chrome on windows (01da01fdcc05b2c6c51d2de23ca48888)] -> id: nmcrd] (tried for 120 second(s) with 500 milliseconds interval)
Build info: version: '4.13.0', revision: 'ba948ece5b*'
System info: os.name: 'Windows 11', os.arch: 'amd64', os.version: '10.0', java.version: '21.0.2'
Driver info: org.openqa.selenium.chrome.ChromeDriver
Capabilities {acceptInsecureCerts: false, browserName: chrome, browserVersion: 126.0.6478.114, chrome: {chromedriverVersion: 126.0.6478.63 (df799988fdc9..., userDataDir: C:\Windows\SystemTemp\scope...}, fedcm:accounts: true, goog:chromeOptions: {debuggerAddress: localhost:56264}, networkConnectionEnabled: false, pageLoadStrategy: normal, platformName: windows, proxy: Proxy(), se:cdp: ws://localhost:56264/devtoo..., se:cdpVersion: 126.0.6478.114, setWindowRect: true, strictFileInteractability: false, timeouts: {implicit: 0, pageLoad: 300000, script: 30000}, unhandledPromptBehavior: dismiss and notify, webauthn:extension:credBlob: true, webauthn:extension:largeBlob: true, webauthn:extension:minPinLength: true, webauthn:extension:prf: true, webauthn:virtualAuthenticators: true}
Session ID: 01da01fdcc05b2c6c51d2de23ca48888
at org.openqa.selenium.support.ui.WebDriverWait.timeoutException(WebDriverWait.java:84)
at org.openqa.selenium.support.ui.FluentWait.until(FluentWait.java:230)
at sew.ai.driver.Page.waitForElementToBeVisible(Page.java:259)
at demo.pageobjects.PaymentInformationsPage.isTxtBoxCardHolderNameVisible(PaymentInformationsPage.java:802)
at demo.steps.scp.BillingPaymentSteps.verifyCreditCardPaymentFormFields(BillingPaymentSteps.java:85)
at demo.tests.scp.PaymentInfoTests.verifyCreditCardPaymentFormFields(PaymentInfoTests.java:156)
at java.base/java.util.ArrayList.forEach(ArrayList.java:1596)
... Removed 25 stack frames]]>
    </failure>
  </testcase> <!-- verifyCreditCardPaymentFormFields -->
  <testcase classname="demo.tests.scp.AboutMyHomeTests" name="verifyAboutMyHomeFormSubmission" time="24.564"/>
  <testcase classname="demo.tests.scp.AboutMyHomeTests" name="verifyAboutMyHomePageUI" time="22.302"/>
  <testcase classname="demo.tests.scp.AboutMyHomeTests" name="verifyMandatoryFieldForFormSubmission" time="22.069"/>
  <testcase classname="demo.tests.scp.AccountInformationTests" name="verifyEditFunctionality" time="46.601"/>
  <testcase classname="demo.tests.scp.AccountInformationTests" name="verifyEditMailingAddressFunctionality" time="26.265"/>
  <testcase classname="demo.tests.scp.AccountInformationTests" name="verifyLinkAccountUIAndValidation" time="16.94"/>
  <testcase classname="demo.tests.scp.AccountInformationTests" name="verifyLinkAccountUIAndValidation" time="17.1"/>
  <testcase classname="demo.tests.scp.AccountInformationTests" name="verifyUnlinkDefaultAccFunctionality" time="18.946"/>
  <testcase classname="demo.tests.scp.AccountInformationTests" name="verifyAccountInfoPageValidation" time="17.251"/>
  <testcase classname="demo.tests.scp.AccountInformationTests" name="verifyLinkAccFormFieldValidation" time="19.322"/>
  <testcase classname="demo.tests.scp.PreLoginOutagesTests" name="verifyPreLoginOutagesPageObjects" time="10.091"/>
  <testcase classname="demo.tests.scp.PreLoginOutagesTests" name="verifyOutageFunctionalities" time="15.076"/>
  <testcase classname="demo.tests.scp.PreLoginOutagesTests" name="verifyClickingMapLegendAndWeatherButtons" time="9.604"/>
  <testcase classname="demo.tests.scp.UsagesTests" name="verifyElectricUsagePageObjects" time="155.338">
    <failure type="org.openqa.selenium.TimeoutException" message="Expected condition failed: waiting for visibility of [[ChromeDriver: chrome on windows (f12d92705f277e81f07c6826dde6c950)] -&amp;gt; css selector: span#MeterNumlabel] (tried for 120 second(s) with 500 milliseconds interval)
Build info: version: &amp;apos;4.13.0&amp;apos;, revision: &amp;apos;ba948ece5b*&amp;apos;
System info: os.name: &amp;apos;Windows 11&amp;apos;, os.arch: &amp;apos;amd64&amp;apos;, os.version: &amp;apos;10.0&amp;apos;, java.version: &amp;apos;21.0.2&amp;apos;
Driver info: org.openqa.selenium.chrome.ChromeDriver
Capabilities {acceptInsecureCerts: false, browserName: chrome, browserVersion: 126.0.6478.114, chrome: {chromedriverVersion: 126.0.6478.63 (df799988fdc9..., userDataDir: C:\Windows\SystemTemp\scope...}, fedcm:accounts: true, goog:chromeOptions: {debuggerAddress: localhost:57906}, networkConnectionEnabled: false, pageLoadStrategy: normal, platformName: windows, proxy: Proxy(), se:cdp: ws://localhost:57906/devtoo..., se:cdpVersion: 126.0.6478.114, setWindowRect: true, strictFileInteractability: false, timeouts: {implicit: 0, pageLoad: 300000, script: 30000}, unhandledPromptBehavior: dismiss and notify, webauthn:extension:credBlob: true, webauthn:extension:largeBlob: true, webauthn:extension:minPinLength: true, webauthn:extension:prf: true, webauthn:virtualAuthenticators: true}
Session ID: f12d92705f277e81f07c6826dde6c950">
      <![CDATA[org.openqa.selenium.TimeoutException: Expected condition failed: waiting for visibility of [[ChromeDriver: chrome on windows (f12d92705f277e81f07c6826dde6c950)] -> css selector: span#MeterNumlabel] (tried for 120 second(s) with 500 milliseconds interval)
Build info: version: '4.13.0', revision: 'ba948ece5b*'
System info: os.name: 'Windows 11', os.arch: 'amd64', os.version: '10.0', java.version: '21.0.2'
Driver info: org.openqa.selenium.chrome.ChromeDriver
Capabilities {acceptInsecureCerts: false, browserName: chrome, browserVersion: 126.0.6478.114, chrome: {chromedriverVersion: 126.0.6478.63 (df799988fdc9..., userDataDir: C:\Windows\SystemTemp\scope...}, fedcm:accounts: true, goog:chromeOptions: {debuggerAddress: localhost:57906}, networkConnectionEnabled: false, pageLoadStrategy: normal, platformName: windows, proxy: Proxy(), se:cdp: ws://localhost:57906/devtoo..., se:cdpVersion: 126.0.6478.114, setWindowRect: true, strictFileInteractability: false, timeouts: {implicit: 0, pageLoad: 300000, script: 30000}, unhandledPromptBehavior: dismiss and notify, webauthn:extension:credBlob: true, webauthn:extension:largeBlob: true, webauthn:extension:minPinLength: true, webauthn:extension:prf: true, webauthn:virtualAuthenticators: true}
Session ID: f12d92705f277e81f07c6826dde6c950
at org.openqa.selenium.support.ui.WebDriverWait.timeoutException(WebDriverWait.java:84)
at org.openqa.selenium.support.ui.FluentWait.until(FluentWait.java:230)
at sew.ai.driver.Page.waitForElementToBeVisible(Page.java:259)
at sew.ai.driver.Page.getText(Page.java:163)
at sew.ai.pageObjects.scp.UsagePage.getMeterNumberLabel(UsagePage.java:499)
at demo.steps.scp.UsageSteps.verifyElectricUsagesObjects(UsageSteps.java:107)
at demo.tests.scp.UsagesTests.verifyElectricUsagePageObjects(UsagesTests.java:97)
at java.base/java.util.ArrayList.forEach(ArrayList.java:1596)
... Removed 25 stack frames]]>
    </failure>
  </testcase> <!-- verifyElectricUsagePageObjects -->
  <testcase classname="demo.tests.scp.UsagesTests" name="verifyWaterUsagePageObjects" time="41.302">
    <failure type="org.openqa.selenium.NoSuchElementException" message="no such element: Unable to locate element: {&amp;quot;method&amp;quot;:&amp;quot;css selector&amp;quot;,&amp;quot;selector&amp;quot;:&amp;quot;#liWU #ContentPlaceHolder1_HeaderUsageUI_WU&amp;quot;}
  (Session info: chrome=126.0.6478.114)
For documentation on this error, please visit: https://www.selenium.dev/documentation/webdriver/troubleshooting/errors#no-such-element-exception
Build info: version: &amp;apos;4.13.0&amp;apos;, revision: &amp;apos;ba948ece5b*&amp;apos;
System info: os.name: &amp;apos;Windows 11&amp;apos;, os.arch: &amp;apos;amd64&amp;apos;, os.version: &amp;apos;10.0&amp;apos;, java.version: &amp;apos;21.0.2&amp;apos;
Driver info: org.openqa.selenium.chrome.ChromeDriver
Command: [a5f4a2acac5f8098600bdddf3b143017, findElement {using=css selector, value=#liWU #ContentPlaceHolder1_HeaderUsageUI_WU}]
Capabilities {acceptInsecureCerts: false, browserName: chrome, browserVersion: 126.0.6478.114, chrome: {chromedriverVersion: 126.0.6478.63 (df799988fdc9..., userDataDir: C:\Windows\SystemTemp\scope...}, fedcm:accounts: true, goog:chromeOptions: {debuggerAddress: localhost:58285}, networkConnectionEnabled: false, pageLoadStrategy: normal, platformName: windows, proxy: Proxy(), se:cdp: ws://localhost:58285/devtoo..., se:cdpVersion: 126.0.6478.114, setWindowRect: true, strictFileInteractability: false, timeouts: {implicit: 0, pageLoad: 300000, script: 30000}, unhandledPromptBehavior: dismiss and notify, webauthn:extension:credBlob: true, webauthn:extension:largeBlob: true, webauthn:extension:minPinLength: true, webauthn:extension:prf: true, webauthn:virtualAuthenticators: true}
Session ID: a5f4a2acac5f8098600bdddf3b143017">
      <![CDATA[org.openqa.selenium.NoSuchElementException: no such element: Unable to locate element: {"method":"css selector","selector":"#liWU #ContentPlaceHolder1_HeaderUsageUI_WU"}
  (Session info: chrome=126.0.6478.114)
For documentation on this error, please visit: https://www.selenium.dev/documentation/webdriver/troubleshooting/errors#no-such-element-exception
Build info: version: '4.13.0', revision: 'ba948ece5b*'
System info: os.name: 'Windows 11', os.arch: 'amd64', os.version: '10.0', java.version: '21.0.2'
Driver info: org.openqa.selenium.chrome.ChromeDriver
Command: [a5f4a2acac5f8098600bdddf3b143017, findElement {using=css selector, value=#liWU #ContentPlaceHolder1_HeaderUsageUI_WU}]
Capabilities {acceptInsecureCerts: false, browserName: chrome, browserVersion: 126.0.6478.114, chrome: {chromedriverVersion: 126.0.6478.63 (df799988fdc9..., userDataDir: C:\Windows\SystemTemp\scope...}, fedcm:accounts: true, goog:chromeOptions: {debuggerAddress: localhost:58285}, networkConnectionEnabled: false, pageLoadStrategy: normal, platformName: windows, proxy: Proxy(), se:cdp: ws://localhost:58285/devtoo..., se:cdpVersion: 126.0.6478.114, setWindowRect: true, strictFileInteractability: false, timeouts: {implicit: 0, pageLoad: 300000, script: 30000}, unhandledPromptBehavior: dismiss and notify, webauthn:extension:credBlob: true, webauthn:extension:largeBlob: true, webauthn:extension:minPinLength: true, webauthn:extension:prf: true, webauthn:virtualAuthenticators: true}
Session ID: a5f4a2acac5f8098600bdddf3b143017
at org.openqa.selenium.remote.codec.w3c.W3CHttpResponseCodec.createException(W3CHttpResponseCodec.java:200)
at org.openqa.selenium.remote.codec.w3c.W3CHttpResponseCodec.decode(W3CHttpResponseCodec.java:133)
at org.openqa.selenium.remote.codec.w3c.W3CHttpResponseCodec.decode(W3CHttpResponseCodec.java:52)
at org.openqa.selenium.remote.HttpCommandExecutor.execute(HttpCommandExecutor.java:191)
at org.openqa.selenium.remote.service.DriverCommandExecutor.invokeExecute(DriverCommandExecutor.java:196)
at org.openqa.selenium.remote.service.DriverCommandExecutor.execute(DriverCommandExecutor.java:171)
at org.openqa.selenium.remote.RemoteWebDriver.execute(RemoteWebDriver.java:602)
at org.openqa.selenium.remote.ElementLocation$ElementFinder$2.findElement(ElementLocation.java:165)
at org.openqa.selenium.remote.ElementLocation.findElement(ElementLocation.java:59)
at org.openqa.selenium.remote.RemoteWebDriver.findElement(RemoteWebDriver.java:359)
at org.openqa.selenium.remote.RemoteWebDriver.findElement(RemoteWebDriver.java:353)
at org.openqa.selenium.support.pagefactory.DefaultElementLocator.findElement(DefaultElementLocator.java:68)
at org.openqa.selenium.support.pagefactory.internal.LocatingElementHandler.invoke(LocatingElementHandler.java:38)
at jdk.proxy2/jdk.proxy2.$Proxy33.isDisplayed(Unknown Source)
at sew.ai.driver.Page.isElementVisible(Page.java:303)
at sew.ai.pageObjects.scp.UsagePage.isWaterTabLinkVisible(UsagePage.java:386)
at demo.steps.scp.UsageSteps.verifyWaterUsagesObjects(UsageSteps.java:618)
at demo.tests.scp.UsagesTests.verifyWaterUsagePageObjects(UsagesTests.java:177)
at java.base/java.util.ArrayList.forEach(ArrayList.java:1596)
... Removed 28 stack frames]]>
    </failure>
  </testcase> <!-- verifyWaterUsagePageObjects -->
  <testcase classname="demo.tests.scp.UsagesTests" name="verifyGasUsagePageObjects" time="26.265">
    <failure type="org.openqa.selenium.NoSuchElementException" message="no such element: Unable to locate element: {&amp;quot;method&amp;quot;:&amp;quot;css selector&amp;quot;,&amp;quot;selector&amp;quot;:&amp;quot;#liGU #ContentPlaceHolder1_HeaderUsageUI_GU&amp;quot;}
  (Session info: chrome=126.0.6478.114)
For documentation on this error, please visit: https://www.selenium.dev/documentation/webdriver/troubleshooting/errors#no-such-element-exception
Build info: version: &amp;apos;4.13.0&amp;apos;, revision: &amp;apos;ba948ece5b*&amp;apos;
System info: os.name: &amp;apos;Windows 11&amp;apos;, os.arch: &amp;apos;amd64&amp;apos;, os.version: &amp;apos;10.0&amp;apos;, java.version: &amp;apos;21.0.2&amp;apos;
Driver info: org.openqa.selenium.chrome.ChromeDriver
Command: [302063df90b53f56a3b45ee5eb431025, findElement {using=css selector, value=#liGU #ContentPlaceHolder1_HeaderUsageUI_GU}]
Capabilities {acceptInsecureCerts: false, browserName: chrome, browserVersion: 126.0.6478.114, chrome: {chromedriverVersion: 126.0.6478.63 (df799988fdc9..., userDataDir: C:\Windows\SystemTemp\scope...}, fedcm:accounts: true, goog:chromeOptions: {debuggerAddress: localhost:58407}, networkConnectionEnabled: false, pageLoadStrategy: normal, platformName: windows, proxy: Proxy(), se:cdp: ws://localhost:58407/devtoo..., se:cdpVersion: 126.0.6478.114, setWindowRect: true, strictFileInteractability: false, timeouts: {implicit: 0, pageLoad: 300000, script: 30000}, unhandledPromptBehavior: dismiss and notify, webauthn:extension:credBlob: true, webauthn:extension:largeBlob: true, webauthn:extension:minPinLength: true, webauthn:extension:prf: true, webauthn:virtualAuthenticators: true}
Session ID: 302063df90b53f56a3b45ee5eb431025">
      <![CDATA[org.openqa.selenium.NoSuchElementException: no such element: Unable to locate element: {"method":"css selector","selector":"#liGU #ContentPlaceHolder1_HeaderUsageUI_GU"}
  (Session info: chrome=126.0.6478.114)
For documentation on this error, please visit: https://www.selenium.dev/documentation/webdriver/troubleshooting/errors#no-such-element-exception
Build info: version: '4.13.0', revision: 'ba948ece5b*'
System info: os.name: 'Windows 11', os.arch: 'amd64', os.version: '10.0', java.version: '21.0.2'
Driver info: org.openqa.selenium.chrome.ChromeDriver
Command: [302063df90b53f56a3b45ee5eb431025, findElement {using=css selector, value=#liGU #ContentPlaceHolder1_HeaderUsageUI_GU}]
Capabilities {acceptInsecureCerts: false, browserName: chrome, browserVersion: 126.0.6478.114, chrome: {chromedriverVersion: 126.0.6478.63 (df799988fdc9..., userDataDir: C:\Windows\SystemTemp\scope...}, fedcm:accounts: true, goog:chromeOptions: {debuggerAddress: localhost:58407}, networkConnectionEnabled: false, pageLoadStrategy: normal, platformName: windows, proxy: Proxy(), se:cdp: ws://localhost:58407/devtoo..., se:cdpVersion: 126.0.6478.114, setWindowRect: true, strictFileInteractability: false, timeouts: {implicit: 0, pageLoad: 300000, script: 30000}, unhandledPromptBehavior: dismiss and notify, webauthn:extension:credBlob: true, webauthn:extension:largeBlob: true, webauthn:extension:minPinLength: true, webauthn:extension:prf: true, webauthn:virtualAuthenticators: true}
Session ID: 302063df90b53f56a3b45ee5eb431025
at org.openqa.selenium.remote.codec.w3c.W3CHttpResponseCodec.createException(W3CHttpResponseCodec.java:200)
at org.openqa.selenium.remote.codec.w3c.W3CHttpResponseCodec.decode(W3CHttpResponseCodec.java:133)
at org.openqa.selenium.remote.codec.w3c.W3CHttpResponseCodec.decode(W3CHttpResponseCodec.java:52)
at org.openqa.selenium.remote.HttpCommandExecutor.execute(HttpCommandExecutor.java:191)
at org.openqa.selenium.remote.service.DriverCommandExecutor.invokeExecute(DriverCommandExecutor.java:196)
at org.openqa.selenium.remote.service.DriverCommandExecutor.execute(DriverCommandExecutor.java:171)
at org.openqa.selenium.remote.RemoteWebDriver.execute(RemoteWebDriver.java:602)
at org.openqa.selenium.remote.ElementLocation$ElementFinder$2.findElement(ElementLocation.java:165)
at org.openqa.selenium.remote.ElementLocation.findElement(ElementLocation.java:59)
at org.openqa.selenium.remote.RemoteWebDriver.findElement(RemoteWebDriver.java:359)
at org.openqa.selenium.remote.RemoteWebDriver.findElement(RemoteWebDriver.java:353)
at org.openqa.selenium.support.pagefactory.DefaultElementLocator.findElement(DefaultElementLocator.java:68)
at org.openqa.selenium.support.pagefactory.internal.LocatingElementHandler.invoke(LocatingElementHandler.java:38)
at jdk.proxy2/jdk.proxy2.$Proxy33.isDisplayed(Unknown Source)
at sew.ai.driver.Page.isElementVisible(Page.java:303)
at sew.ai.pageObjects.scp.UsagePage.isGasTabLinkVisible(UsagePage.java:428)
at demo.steps.scp.UsageSteps.verifyGasUsagesObjects(UsageSteps.java:1171)
at demo.tests.scp.UsagesTests.verifyGasUsagePageObjects(UsagesTests.java:254)
at java.base/java.util.ArrayList.forEach(ArrayList.java:1596)
... Removed 28 stack frames]]>
    </failure>
  </testcase> <!-- verifyGasUsagePageObjects -->
  <testcase classname="demo.tests.scp.UsagesTests" name="verifySolarUsagePageObjects" time="26.716">
    <failure type="org.openqa.selenium.NoSuchElementException" message="no such element: Unable to locate element: {&amp;quot;method&amp;quot;:&amp;quot;css selector&amp;quot;,&amp;quot;selector&amp;quot;:&amp;quot;#liSU #ContentPlaceHolder1_HeaderUsageUI_SU&amp;quot;}
  (Session info: chrome=126.0.6478.114)
For documentation on this error, please visit: https://www.selenium.dev/documentation/webdriver/troubleshooting/errors#no-such-element-exception
Build info: version: &amp;apos;4.13.0&amp;apos;, revision: &amp;apos;ba948ece5b*&amp;apos;
System info: os.name: &amp;apos;Windows 11&amp;apos;, os.arch: &amp;apos;amd64&amp;apos;, os.version: &amp;apos;10.0&amp;apos;, java.version: &amp;apos;21.0.2&amp;apos;
Driver info: org.openqa.selenium.chrome.ChromeDriver
Command: [5080de22c46f86b0f58977ad01079b0f, findElement {using=css selector, value=#liSU #ContentPlaceHolder1_HeaderUsageUI_SU}]
Capabilities {acceptInsecureCerts: false, browserName: chrome, browserVersion: 126.0.6478.114, chrome: {chromedriverVersion: 126.0.6478.63 (df799988fdc9..., userDataDir: C:\Windows\SystemTemp\scope...}, fedcm:accounts: true, goog:chromeOptions: {debuggerAddress: localhost:58511}, networkConnectionEnabled: false, pageLoadStrategy: normal, platformName: windows, proxy: Proxy(), se:cdp: ws://localhost:58511/devtoo..., se:cdpVersion: 126.0.6478.114, setWindowRect: true, strictFileInteractability: false, timeouts: {implicit: 0, pageLoad: 300000, script: 30000}, unhandledPromptBehavior: dismiss and notify, webauthn:extension:credBlob: true, webauthn:extension:largeBlob: true, webauthn:extension:minPinLength: true, webauthn:extension:prf: true, webauthn:virtualAuthenticators: true}
Session ID: 5080de22c46f86b0f58977ad01079b0f">
      <![CDATA[org.openqa.selenium.NoSuchElementException: no such element: Unable to locate element: {"method":"css selector","selector":"#liSU #ContentPlaceHolder1_HeaderUsageUI_SU"}
  (Session info: chrome=126.0.6478.114)
For documentation on this error, please visit: https://www.selenium.dev/documentation/webdriver/troubleshooting/errors#no-such-element-exception
Build info: version: '4.13.0', revision: 'ba948ece5b*'
System info: os.name: 'Windows 11', os.arch: 'amd64', os.version: '10.0', java.version: '21.0.2'
Driver info: org.openqa.selenium.chrome.ChromeDriver
Command: [5080de22c46f86b0f58977ad01079b0f, findElement {using=css selector, value=#liSU #ContentPlaceHolder1_HeaderUsageUI_SU}]
Capabilities {acceptInsecureCerts: false, browserName: chrome, browserVersion: 126.0.6478.114, chrome: {chromedriverVersion: 126.0.6478.63 (df799988fdc9..., userDataDir: C:\Windows\SystemTemp\scope...}, fedcm:accounts: true, goog:chromeOptions: {debuggerAddress: localhost:58511}, networkConnectionEnabled: false, pageLoadStrategy: normal, platformName: windows, proxy: Proxy(), se:cdp: ws://localhost:58511/devtoo..., se:cdpVersion: 126.0.6478.114, setWindowRect: true, strictFileInteractability: false, timeouts: {implicit: 0, pageLoad: 300000, script: 30000}, unhandledPromptBehavior: dismiss and notify, webauthn:extension:credBlob: true, webauthn:extension:largeBlob: true, webauthn:extension:minPinLength: true, webauthn:extension:prf: true, webauthn:virtualAuthenticators: true}
Session ID: 5080de22c46f86b0f58977ad01079b0f
at org.openqa.selenium.remote.codec.w3c.W3CHttpResponseCodec.createException(W3CHttpResponseCodec.java:200)
at org.openqa.selenium.remote.codec.w3c.W3CHttpResponseCodec.decode(W3CHttpResponseCodec.java:133)
at org.openqa.selenium.remote.codec.w3c.W3CHttpResponseCodec.decode(W3CHttpResponseCodec.java:52)
at org.openqa.selenium.remote.HttpCommandExecutor.execute(HttpCommandExecutor.java:191)
at org.openqa.selenium.remote.service.DriverCommandExecutor.invokeExecute(DriverCommandExecutor.java:196)
at org.openqa.selenium.remote.service.DriverCommandExecutor.execute(DriverCommandExecutor.java:171)
at org.openqa.selenium.remote.RemoteWebDriver.execute(RemoteWebDriver.java:602)
at org.openqa.selenium.remote.ElementLocation$ElementFinder$2.findElement(ElementLocation.java:165)
at org.openqa.selenium.remote.ElementLocation.findElement(ElementLocation.java:59)
at org.openqa.selenium.remote.RemoteWebDriver.findElement(RemoteWebDriver.java:359)
at org.openqa.selenium.remote.RemoteWebDriver.findElement(RemoteWebDriver.java:353)
at org.openqa.selenium.support.pagefactory.DefaultElementLocator.findElement(DefaultElementLocator.java:68)
at org.openqa.selenium.support.pagefactory.internal.LocatingElementHandler.invoke(LocatingElementHandler.java:38)
at jdk.proxy2/jdk.proxy2.$Proxy33.isDisplayed(Unknown Source)
at sew.ai.driver.Page.isElementVisible(Page.java:303)
at sew.ai.pageObjects.scp.UsagePage.isSolarTabLinkVisible(UsagePage.java:469)
at demo.steps.scp.UsageSteps.verifySolarUsagesObjects(UsageSteps.java:1725)
at demo.tests.scp.UsagesTests.verifySolarUsagePageObjects(UsagesTests.java:333)
at java.base/java.util.ArrayList.forEach(ArrayList.java:1596)
... Removed 28 stack frames]]>
    </failure>
  </testcase> <!-- verifySolarUsagePageObjects -->
  <testcase classname="demo.tests.scp.GuestUserTests" name="verifyEditGuestDetailsFunction" time="64.249"/>
  <testcase classname="demo.tests.scp.GuestUserTests" name="verifyGuestUserPageUI" time="18.748"/>
  <testcase classname="demo.tests.scp.GuestUserTests" name="verifyInviteNewGuestUserFunctionnality" time="44.446"/>
  <testcase classname="demo.tests.scp.GuestUserTests" name="verifyResendActivationLinkFunction" time="44.291"/>
  <testcase classname="sew.ai.runner.TestRunner" name="@BeforeTest testPreRequisites" time="0.0">
    <ignored/>
  </testcase> <!-- @BeforeTest testPreRequisites -->
  <testcase classname="sew.ai.runner.TestRunner" name="@BeforeTest testPreRequisites" time="0.0">
    <ignored/>
  </testcase> <!-- @BeforeTest testPreRequisites -->
  <testcase classname="sew.ai.runner.TestRunner" name="@BeforeTest testPreRequisites" time="0.0">
    <ignored/>
  </testcase> <!-- @BeforeTest testPreRequisites -->
  <testcase classname="sew.ai.runner.TestRunner" name="@BeforeTest testPreRequisites" time="0.0">
    <ignored/>
  </testcase> <!-- @BeforeTest testPreRequisites -->
  <testcase classname="sew.ai.runner.TestRunner" name="@BeforeTest testPreRequisites" time="0.0">
    <ignored/>
  </testcase> <!-- @BeforeTest testPreRequisites -->
  <testcase classname="sew.ai.runner.TestRunner" name="@BeforeTest testPreRequisites" time="0.0">
    <ignored/>
  </testcase> <!-- @BeforeTest testPreRequisites -->
  <testcase classname="sew.ai.runner.TestRunner" name="@BeforeTest testPreRequisites" time="0.0">
    <ignored/>
  </testcase> <!-- @BeforeTest testPreRequisites -->
  <testcase classname="sew.ai.runner.TestRunner" name="@BeforeTest testPreRequisites" time="0.0">
    <ignored/>
  </testcase> <!-- @BeforeTest testPreRequisites -->
  <testcase classname="sew.ai.runner.TestRunner" name="@BeforeTest testPreRequisites" time="0.0">
    <ignored/>
  </testcase> <!-- @BeforeTest testPreRequisites -->
  <testcase classname="sew.ai.runner.TestRunner" name="@BeforeTest testPreRequisites" time="0.0">
    <ignored/>
  </testcase> <!-- @BeforeTest testPreRequisites -->
  <testcase classname="sew.ai.runner.TestRunner" name="@BeforeTest testPreRequisites" time="0.0">
    <ignored/>
  </testcase> <!-- @BeforeTest testPreRequisites -->
  <testcase classname="sew.ai.runner.TestRunner" name="@BeforeTest testPreRequisites" time="0.0">
    <ignored/>
  </testcase> <!-- @BeforeTest testPreRequisites -->
  <testcase classname="sew.ai.runner.TestRunner" name="@BeforeTest testPreRequisites" time="0.0">
    <ignored/>
  </testcase> <!-- @BeforeTest testPreRequisites -->
  <testcase classname="sew.ai.runner.TestRunner" name="@BeforeTest testPreRequisites" time="0.0">
    <ignored/>
  </testcase> <!-- @BeforeTest testPreRequisites -->
  <testcase classname="sew.ai.runner.TestRunner" name="@BeforeTest testPreRequisites" time="0.0">
    <ignored/>
  </testcase> <!-- @BeforeTest testPreRequisites -->
</testsuite> <!-- E2E Test Suite On Web - Chrome -->
