<!DOCTYPE html PUBLIC "-//W3C//DTD XHTML 1.1//EN" "https://www.w3.org/TR/xhtml11/DTD/xhtml11.dtd">
<html xmlns="https://www.w3.org/1999/xhtml">
<head>
<meta http-equiv="content-type" content="text/html; charset=UTF-8"/>
<title>TestNG Report</title>
<style type="text/css">table {margin-bottom:10px;border-collapse:collapse;empty-cells:show}th,td {border:1px solid #009;padding:.25em .5em}th {vertical-align:bottom}td {vertical-align:top}table a {font-weight:bold}.stripe td {background-color: #E6EBF9}.num {text-align:right}.passedodd td {background-color: #3F3}.passedeven td {background-color: #0A0}.skippedodd td {background-color: #DDD}.skippedeven td {background-color: #CCC}.failedodd td,.attn {background-color: #F33}.failedeven td,.stripe .attn {background-color: #D00}.stacktrace {white-space:pre;font-family:monospace}.totop {font-size:85%;text-align:center;border-bottom:2px solid #000}.invisible {display:none}</style>
</head>
<body>
<table>
<tr><th>Test</th><th># Passed</th><th># Skipped</th><th># Retried</th><th># Failed</th><th>Time (ms)</th><th>Included Groups</th><th>Excluded Groups</th></tr>
<tr><th colspan="8">Test Execution</th></tr>
<tr><td><a href="#t0">E2E Test Suite On Web - Chrome</a></td><td class="num">53</td><td class="num">0</td><td class="num">0</td><td class="num attn">26</td><td class="num">4,155,861</td><td></td><td></td></tr>
</table>
<table id='summary'><thead><tr><th>Class</th><th>Method</th><th>Start</th><th>Time (ms)</th></tr></thead><tbody><tr><th colspan="4">Test Execution</th></tr></tbody><tbody id="t0"><tr><th colspan="4">E2E Test Suite On Web - Chrome &#8212; failed</th></tr><tr class="failedeven"><td rowspan="2">demo.tests.scp.BillingHistoryTests</td><td><a href="#m0">verifyBillHistoryUIAndObjects</a></td><td rowspan="1">1719219980526</td><td rowspan="1">40371</td></tr><tr class="failedeven"><td><a href="#m1">verifyExportToExcelAndItsContents</a></td><td rowspan="1">1719219931496</td><td rowspan="1">36770</td></tr><tr class="failedodd"><td rowspan="1">demo.tests.scp.ForgetPasswordTests</td><td><a href="#m2">validateForgotPassword</a></td><td rowspan="1">1719220817709</td><td rowspan="1">3106</td></tr><tr class="failedeven"><td rowspan="2">demo.tests.scp.ForgetUsernameTest</td><td><a href="#m3">resetUsernameFieldVerification</a></td><td rowspan="1">1719220346102</td><td rowspan="1">3742</td></tr><tr class="failedeven"><td><a href="#m4">resetUsernameValidEmailId</a></td><td rowspan="1">1719220361689</td><td rowspan="1">5642</td></tr><tr class="failedodd"><td rowspan="1">demo.tests.scp.MyProfileTests</td><td><a href="#m5">verifyDownloadMyProfilePersonalData</a></td><td rowspan="1">1719220866775</td><td rowspan="1">36762</td></tr><tr class="failedeven"><td rowspan="1">demo.tests.scp.NotificationPreferenceTests</td><td><a href="#m6">verifyNotificationAlertsValidationMessages</a></td><td rowspan="1">1719220379041</td><td rowspan="1">76521</td></tr><tr class="failedodd"><td rowspan="7">demo.tests.scp.PaymentInfoTests</td><td><a href="#m7">verifyAddingBankPaymentProfile</a></td><td rowspan="1">1719222114192</td><td rowspan="1">126292</td></tr><tr class="failedodd"><td><a href="#m8">verifyBankPaymentFormFields</a></td><td rowspan="1">1719222013206</td><td rowspan="1">30046</td></tr><tr class="failedodd"><td><a href="#m9">verifyBankPaymentFormFieldsValidation</a></td><td rowspan="1">1719222056431</td><td rowspan="1">44322</td></tr><tr class="failedodd"><td><a href="#m10">verifyCeditCardPaymentFormFieldsValidation</a></td><td rowspan="1">1719222553968</td><td rowspan="1">178593</td></tr><tr class="failedodd"><td><a href="#m11">verifyCreditCardPaymentFormFields</a></td><td rowspan="1">1719222746033</td><td rowspan="1">160790</td></tr><tr class="failedodd"><td><a href="#m12">verifyMakePaymentWithNewCC</a></td><td rowspan="1">1719222363399</td><td rowspan="1">176762</td></tr><tr class="failedodd"><td><a href="#m13">verifyMultipleBankPaymentProfileAndDeletion</a></td><td rowspan="1">1719222264118</td><td rowspan="1">86240</td></tr><tr class="failedeven"><td rowspan="3">demo.tests.scp.PostLogContactUsTests</td><td><a href="#m14">verifyPostLogCreateTrackContactReq</a></td><td rowspan="1">1719221267997</td><td rowspan="1">23561</td></tr><tr class="failedeven"><td><a href="#m15">verifyPostLoginContactUsPage</a></td><td rowspan="1">1719221302118</td><td rowspan="1">22647</td></tr><tr class="failedeven"><td><a href="#m16">verifyPostLoginSocialMediaPage</a></td><td rowspan="1">1719221379202</td><td rowspan="1">26605</td></tr><tr class="failedodd"><td rowspan="2">demo.tests.scp.PreLoginTests</td><td><a href="#m17">verifyInvalidPaymentDetails</a></td><td rowspan="1">1719221691437</td><td rowspan="1">6167</td></tr><tr class="failedodd"><td><a href="#m18">verifyPreLogTrackContactReq</a></td><td rowspan="1">1719221904823</td><td rowspan="1">9558</td></tr><tr class="failedeven"><td rowspan="2">demo.tests.scp.ProblemSigningInTest</td><td><a href="#m19">verifyMinMaxValueProblemsSignIn</a></td><td rowspan="1">1719220785723</td><td rowspan="1">4884</td></tr><tr class="failedeven"><td><a href="#m20">verifyProblemSignInFeildInvalidValidations</a></td><td rowspan="1">1719220628796</td><td rowspan="1">7054</td></tr><tr class="failedodd"><td rowspan="4">demo.tests.scp.UsagesTests</td><td><a href="#m21">verifyElectricUsagePageObjects</a></td><td rowspan="1">1719223446194</td><td rowspan="1">155338</td></tr><tr class="failedodd"><td><a href="#m22">verifyGasUsagePageObjects</a></td><td rowspan="1">1719223669022</td><td rowspan="1">26265</td></tr><tr class="failedodd"><td><a href="#m23">verifySolarUsagePageObjects</a></td><td rowspan="1">1719223708017</td><td rowspan="1">26716</td></tr><tr class="failedodd"><td><a href="#m24">verifyWaterUsagePageObjects</a></td><td rowspan="1">1719223615382</td><td rowspan="1">41302</td></tr><tr class="failedeven"><td rowspan="1">demo.tests.scp.UserDashboardTests</td><td><a href="#m25">verifyBillingSummarySectionObjects</a></td><td rowspan="1">1719221033219</td><td rowspan="1">157770</td></tr><tr><th colspan="4">E2E Test Suite On Web - Chrome &#8212; passed</th></tr><tr class="passedeven"><td rowspan="3">demo.tests.scp.AboutMyHomeTests</td><td><a href="#m26">verifyAboutMyHomeFormSubmission</a></td><td rowspan="1">1719222920175</td><td rowspan="1">24564</td></tr><tr class="passedeven"><td><a href="#m27">verifyAboutMyHomePageUI</a></td><td rowspan="1">1719222956279</td><td rowspan="1">22302</td></tr><tr class="passedeven"><td><a href="#m28">verifyMandatoryFieldForFormSubmission</a></td><td rowspan="1">1719222988905</td><td rowspan="1">22069</td></tr><tr class="passedodd"><td rowspan="7">demo.tests.scp.AccountInformationTests</td><td><a href="#m29">verifyAccountInfoPageValidation</a></td><td rowspan="1">1719223206264</td><td rowspan="1">17251</td></tr><tr class="passedodd"><td><a href="#m30">verifyEditFunctionality</a></td><td rowspan="1">1719223023634</td><td rowspan="1">46601</td></tr><tr class="passedodd"><td><a href="#m31">verifyEditMailingAddressFunctionality</a></td><td rowspan="1">1719223082725</td><td rowspan="1">26265</td></tr><tr class="passedodd"><td><a href="#m32">verifyLinkAccFormFieldValidation</a></td><td rowspan="1">1719223236008</td><td rowspan="1">19322</td></tr><tr class="passedodd"><td><a href="#m33">verifyLinkAccountUIAndValidation</a></td><td rowspan="2">1719223149746</td><td rowspan="2">17100</td></tr><tr class="passedodd"><td><a href="#m34">verifyLinkAccountUIAndValidation</a></td></tr><tr class="passedodd"><td><a href="#m35">verifyUnlinkDefaultAccFunctionality</a></td><td rowspan="1">1719223177117</td><td rowspan="1">18946</td></tr><tr class="passedeven"><td rowspan="2">demo.tests.scp.ForgetPasswordTests</td><td><a href="#m36">validateForgotPasswordObjects</a></td><td rowspan="1">1719220802854</td><td rowspan="1">3394</td></tr><tr class="passedeven"><td><a href="#m37">validateForgotPasswordWithValidandInvalidData</a></td><td rowspan="1">1719220834048</td><td rowspan="1">22868</td></tr><tr class="passedodd"><td rowspan="1">demo.tests.scp.ForgetUsernameTest</td><td><a href="#m38">validateForgotUsernamePageObjects</a></td><td rowspan="1">1719220329339</td><td rowspan="1">5970</td></tr><tr class="passedeven"><td rowspan="4">demo.tests.scp.GuestUserTests</td><td><a href="#m39">verifyEditGuestDetailsFunction</a></td><td rowspan="1">1719223747791</td><td rowspan="1">64249</td></tr><tr class="passedeven"><td><a href="#m40">verifyGuestUserPageUI</a></td><td rowspan="1">1719223824672</td><td rowspan="1">18748</td></tr><tr class="passedeven"><td><a href="#m41">verifyInviteNewGuestUserFunctionnality</a></td><td rowspan="1">1719223965734</td><td rowspan="1">44446</td></tr><tr class="passedeven"><td><a href="#m42">verifyResendActivationLinkFunction</a></td><td rowspan="1">1719224022932</td><td rowspan="1">44291</td></tr><tr class="passedodd"><td rowspan="2">demo.tests.scp.MyProfileTests</td><td><a href="#m43">verifyMyProfileInformationPageUI</a></td><td rowspan="1">1719220914432</td><td rowspan="1">29075</td></tr><tr class="passedodd"><td><a href="#m44">verifyNegativeValidationForMyProfilePage</a></td><td rowspan="1">1719220954811</td><td rowspan="1">25454</td></tr><tr class="passedeven"><td rowspan="3">demo.tests.scp.NotificationPreferenceTests</td><td><a href="#m45">verifyNotificationPreferencePageObjects</a></td><td rowspan="1">1719220466214</td><td rowspan="1">28485</td></tr><tr class="passedeven"><td><a href="#m46">verifyQuietHoursFunctionalityAndUI</a></td><td rowspan="1">1719220505138</td><td rowspan="1">18183</td></tr><tr class="passedeven"><td><a href="#m47">verifyTcpaCompliancePopup</a></td><td rowspan="1">1719220533843</td><td rowspan="1">65972</td></tr><tr class="passedodd"><td rowspan="10">demo.tests.scp.NotificationTests</td><td><a href="#m48">verifyDeleteMultipleNotifications</a></td><td rowspan="1">1719220033931</td><td rowspan="1">16597</td></tr><tr class="passedodd"><td><a href="#m49">verifyDeleteNotification</a></td><td rowspan="1">1719220063193</td><td rowspan="1">17134</td></tr><tr class="passedodd"><td><a href="#m50">verifyDeleteNotificationsPermanantly</a></td><td rowspan="1">1719220090961</td><td rowspan="1">17827</td></tr><tr class="passedodd"><td><a href="#m51">verifyNegativeValidationsNotifications</a></td><td rowspan="1">1719220120301</td><td rowspan="1">14220</td></tr><tr class="passedodd"><td><a href="#m52">verifyNotificationsPageNavigationAndUI</a></td><td rowspan="1">1719220145430</td><td rowspan="1">24028</td></tr><tr class="passedodd"><td><a href="#m53">verifyReplyNotifications</a></td><td rowspan="2">1719220209007</td><td rowspan="2">19317</td></tr><tr class="passedodd"><td><a href="#m54">verifyReplyNotifications</a></td></tr><tr class="passedodd"><td><a href="#m55">verifyUnsaveAllNotifications</a></td><td rowspan="1">1719220240863</td><td rowspan="1">18957</td></tr><tr class="passedodd"><td><a href="#m56">verifyputBackNotifications</a></td><td rowspan="1">1719220270739</td><td rowspan="1">16581</td></tr><tr class="passedodd"><td><a href="#m57">verifysaveMultipleNotifications</a></td><td rowspan="1">1719220298447</td><td rowspan="1">19117</td></tr><tr class="passedeven"><td rowspan="1">demo.tests.scp.PaymentInfoTests</td><td><a href="#m58">verifyPaymentInformationPageObjects</a></td><td rowspan="1">1719221964802</td><td rowspan="1">38230</td></tr><tr class="passedodd"><td rowspan="3">demo.tests.scp.PostLogContactUsTests</td><td><a href="#m59">verifyPostLoginSavedFormsPage</a></td><td rowspan="1">1719221336160</td><td rowspan="1">30450</td></tr><tr class="passedodd"><td><a href="#m60">verifySubmitBillingQueryWithInValidAttachment</a></td><td rowspan="1">1719221417994</td><td rowspan="1">40288</td></tr><tr class="passedodd"><td><a href="#m61">verifySubmitBillingQueryWithValidAttachment</a></td><td rowspan="1">1719221469420</td><td rowspan="1">33066</td></tr><tr class="passedeven"><td rowspan="3">demo.tests.scp.PreLoginOutagesTests</td><td><a href="#m62">verifyClickingMapLegendAndWeatherButtons</a></td><td rowspan="1">1719223314083</td><td rowspan="1">9604</td></tr><tr class="passedeven"><td><a href="#m63">verifyOutageFunctionalities</a></td><td rowspan="1">1719223286184</td><td rowspan="1">15076</td></tr><tr class="passedeven"><td><a href="#m64">verifyPreLoginOutagesPageObjects</a></td><td rowspan="1">1719223265120</td><td rowspan="1">10091</td></tr><tr class="passedodd"><td rowspan="8">demo.tests.scp.PreLoginTests</td><td><a href="#m65">verifyInvalidLogin</a></td><td rowspan="1">1719221678934</td><td rowspan="1">197</td></tr><tr class="passedodd"><td><a href="#m66">verifyLoginPageObjects</a></td><td rowspan="1">1719221515252</td><td rowspan="1">1691</td></tr><tr class="passedodd"><td><a href="#m67">verifyPreLogChatBox</a></td><td rowspan="1">1719221526596</td><td rowspan="1">11244</td></tr><tr class="passedodd"><td><a href="#m68">verifyPreLogPaymentLocations</a></td><td rowspan="1">1719221774348</td><td rowspan="1">8237</td></tr><tr class="passedodd"><td><a href="#m69">verifyPreLogTrackContactReqForWaterWaste</a></td><td rowspan="1">1719221927052</td><td rowspan="1">27387</td></tr><tr class="passedodd"><td><a href="#m70">verifyRememberMeLoginFunctionality</a></td><td rowspan="1">1719221729865</td><td rowspan="1">31893</td></tr><tr class="passedodd"><td><a href="#m71">verifyValidLogin</a></td><td rowspan="1">1719221548008</td><td rowspan="1">7697</td></tr><tr class="passedodd"><td><a href="#m72">verifyWaysToSavePage</a></td><td rowspan="1">1719221710045</td><td rowspan="1">7500</td></tr><tr class="passedeven"><td rowspan="2">demo.tests.scp.ProblemSigningInTest</td><td><a href="#m73">validateProblemSignInPage</a></td><td rowspan="1">1719220612593</td><td rowspan="1">3481</td></tr><tr class="passedeven"><td><a href="#m74">verifyProblemSignInFieldValidations</a></td><td rowspan="1">1719220758936</td><td rowspan="1">13420</td></tr><tr class="passedodd"><td rowspan="4">demo.tests.scp.UserDashboardTests</td><td><a href="#m75">verifyAutoPayCarouselFeatureOnDashboard</a></td><td rowspan="1">1719221226583</td><td rowspan="1">8566</td></tr><tr class="passedodd"><td><a href="#m76">verifyDashboardPageObjects</a></td><td rowspan="1">1719220990624</td><td rowspan="1">29336</td></tr><tr class="passedodd"><td><a href="#m77">verifySmartHomeCarouselFeatureOnDashboard</a></td><td rowspan="1">1719221245424</td><td rowspan="1">9472</td></tr><tr class="passedodd"><td><a href="#m78">verifyUsageFeatureOnDashboard</a></td><td rowspan="1">1719221203921</td><td rowspan="1">10082</td></tr></tbody>
</table>
<h2>E2E Test Suite On Web - Chrome</h2><h3 id="m0">demo.tests.scp.BillingHistoryTests#verifyBillHistoryUIAndObjects</h3><table class="result"><tr><th>Exception</th></tr><tr><td><div class="stacktrace">java.lang.AssertionError: The following asserts failed:
	Currency Symbol is not matching as $ expected [$] but found [+]
	at demo.tests.scp.BillingHistoryTests.verifyBillHistoryUIAndObjects(BillingHistoryTests.java:52)
	at java.base/java.util.ArrayList.forEach(ArrayList.java:1596)
... Removed 27 stack frames</div></td></tr></table><p class="totop"><a href="#summary">back to summary</a></p>
<h3 id="m1">demo.tests.scp.BillingHistoryTests#verifyExportToExcelAndItsContents</h3><table class="result"><tr><th>Exception</th></tr><tr><td><div class="stacktrace">java.lang.NullPointerException: Cannot invoke &quot;org.apache.poi.ss.usermodel.Workbook.getSheetAt(int)&quot; because &quot;sew.ai.utils.ExcelUtils.workbook&quot; is null
	at sew.ai.utils.ExcelUtils.getSheetName(ExcelUtils.java:85)
	at demo.steps.scp.BillingHistorySteps.verifyExportToExcelAndItsContents(BillingHistorySteps.java:263)
	at demo.tests.scp.BillingHistoryTests.verifyExportToExcelAndItsContents(BillingHistoryTests.java:36)
	at java.base/java.util.ArrayList.forEach(ArrayList.java:1596)
... Removed 25 stack frames</div></td></tr></table><p class="totop"><a href="#summary">back to summary</a></p>
<h3 id="m2">demo.tests.scp.ForgetPasswordTests#validateForgotPassword</h3><table class="result"><tr><th>Exception</th></tr><tr><td><div class="stacktrace">org.junit.ComparisonFailure: expected:&lt;Please [E]nter Username.&gt; but was:&lt;Please [e]nter Username.&gt;
	at org.junit.Assert.assertEquals(Assert.java:125)
	at org.junit.Assert.assertEquals(Assert.java:147)
	at demo.steps.scp.ForgetPasswordSteps.verifySubmitBlankUserName(ForgetPasswordSteps.java:70)
	at demo.tests.scp.ForgetPasswordTests.validateForgotPassword(ForgetPasswordTests.java:35)
	at java.base/java.util.ArrayList.forEach(ArrayList.java:1596)
... Removed 25 stack frames</div></td></tr></table><p class="totop"><a href="#summary">back to summary</a></p>
<h3 id="m3">demo.tests.scp.ForgetUsernameTest#resetUsernameFieldVerification</h3><table class="result"><tr><th>Exception</th></tr><tr><td><div class="stacktrace">org.junit.ComparisonFailure: expected:&lt;... valid email address[.]&gt; but was:&lt;... valid email address[]&gt;
	at org.junit.Assert.assertEquals(Assert.java:125)
	at org.junit.Assert.assertEquals(Assert.java:147)
	at demo.steps.scp.ForgetUsernameSteps.emailFeildVerification(ForgetUsernameSteps.java:64)
	at demo.tests.scp.ForgetUsernameTest.resetUsernameFieldVerification(ForgetUsernameTest.java:39)
	at java.base/java.util.ArrayList.forEach(ArrayList.java:1596)
... Removed 25 stack frames</div></td></tr></table><p class="totop"><a href="#summary">back to summary</a></p>
<h3 id="m4">demo.tests.scp.ForgetUsernameTest#resetUsernameValidEmailId</h3><table class="result"><tr><th>Exception</th></tr><tr><td><div class="stacktrace">org.junit.ComparisonFailure: expected:&lt;... account exists for [User@pwc.com], you will get an em...&gt; but was:&lt;... account exists for [${email}], you will get an em...&gt;
	at org.junit.Assert.assertEquals(Assert.java:125)
	at org.junit.Assert.assertEquals(Assert.java:147)
	at demo.steps.scp.ForgetUsernameSteps.validEmailFeildVerification(ForgetUsernameSteps.java:87)
	at demo.tests.scp.ForgetUsernameTest.resetUsernameValidEmailId(ForgetUsernameTest.java:53)
	at java.base/java.util.ArrayList.forEach(ArrayList.java:1596)
... Removed 25 stack frames</div></td></tr></table><p class="totop"><a href="#summary">back to summary</a></p>
<h3 id="m5">demo.tests.scp.MyProfileTests#verifyDownloadMyProfilePersonalData</h3><table class="result"><tr><th>Exception</th></tr><tr><td><div class="stacktrace">org.openqa.selenium.NoSuchElementException: no such element: Unable to locate element: {&quot;method&quot;:&quot;css selector&quot;,&quot;selector&quot;:&quot;a[globalize=&apos;ML_ACCOUNT_Lnk_DownloadData&apos;]&quot;}
  (Session info: chrome=126.0.6478.114)
For documentation on this error, please visit: https://www.selenium.dev/documentation/webdriver/troubleshooting/errors#no-such-element-exception
Build info: version: &apos;4.13.0&apos;, revision: &apos;ba948ece5b*&apos;
System info: os.name: &apos;Windows 11&apos;, os.arch: &apos;amd64&apos;, os.version: &apos;10.0&apos;, java.version: &apos;21.0.2&apos;
Driver info: org.openqa.selenium.chrome.ChromeDriver
Command: [b649d9954bcd1328d697d2751327e0f6, findElement {using=css selector, value=a[globalize=&apos;ML_ACCOUNT_Lnk_DownloadData&apos;]}]
Capabilities {acceptInsecureCerts: false, browserName: chrome, browserVersion: 126.0.6478.114, chrome: {chromedriverVersion: 126.0.6478.63 (df799988fdc9..., userDataDir: C:\Windows\SystemTemp\scope...}, fedcm:accounts: true, goog:chromeOptions: {debuggerAddress: localhost:51387}, networkConnectionEnabled: false, pageLoadStrategy: normal, platformName: windows, proxy: Proxy(), se:cdp: ws://localhost:51387/devtoo..., se:cdpVersion: 126.0.6478.114, setWindowRect: true, strictFileInteractability: false, timeouts: {implicit: 0, pageLoad: 300000, script: 30000}, unhandledPromptBehavior: dismiss and notify, webauthn:extension:credBlob: true, webauthn:extension:largeBlob: true, webauthn:extension:minPinLength: true, webauthn:extension:prf: true, webauthn:virtualAuthenticators: true}
Session ID: b649d9954bcd1328d697d2751327e0f6
	at org.openqa.selenium.remote.codec.w3c.W3CHttpResponseCodec.createException(W3CHttpResponseCodec.java:200)
	at org.openqa.selenium.remote.codec.w3c.W3CHttpResponseCodec.decode(W3CHttpResponseCodec.java:133)
	at org.openqa.selenium.remote.codec.w3c.W3CHttpResponseCodec.decode(W3CHttpResponseCodec.java:52)
	at org.openqa.selenium.remote.HttpCommandExecutor.execute(HttpCommandExecutor.java:191)
	at org.openqa.selenium.remote.service.DriverCommandExecutor.invokeExecute(DriverCommandExecutor.java:196)
	at org.openqa.selenium.remote.service.DriverCommandExecutor.execute(DriverCommandExecutor.java:171)
	at org.openqa.selenium.remote.RemoteWebDriver.execute(RemoteWebDriver.java:602)
	at org.openqa.selenium.remote.ElementLocation$ElementFinder$2.findElement(ElementLocation.java:165)
	at org.openqa.selenium.remote.ElementLocation.findElement(ElementLocation.java:59)
	at org.openqa.selenium.remote.RemoteWebDriver.findElement(RemoteWebDriver.java:359)
	at org.openqa.selenium.remote.RemoteWebDriver.findElement(RemoteWebDriver.java:353)
	at org.openqa.selenium.support.pagefactory.DefaultElementLocator.findElement(DefaultElementLocator.java:68)
	at org.openqa.selenium.support.pagefactory.internal.LocatingElementHandler.invoke(LocatingElementHandler.java:38)
	at jdk.proxy2/jdk.proxy2.$Proxy33.isDisplayed(Unknown Source)
	at sew.ai.driver.Page.isElementVisible(Page.java:303)
	at demo.pageobjects.MyProfilePage.isDownloadMyDataVisible(MyProfilePage.java:968)
	at demo.steps.scp.MyProfileSteps.verifyDownloadMyProfilePersonalData(MyProfileSteps.java:91)
	at demo.tests.scp.MyProfileTests.verifyDownloadMyProfilePersonalData(MyProfileTests.java:95)
	at java.base/java.util.ArrayList.forEach(ArrayList.java:1596)
... Removed 28 stack frames</div></td></tr></table><p class="totop"><a href="#summary">back to summary</a></p>
<h3 id="m6">demo.tests.scp.NotificationPreferenceTests#verifyNotificationAlertsValidationMessages</h3><table class="result"><tr><th>Exception</th></tr><tr><td><div class="stacktrace">java.lang.AssertionError: The following asserts failed:
	Email blank validation message is not correct expected [Please Enter Email Address.] but found [Please Enter Email Address]
	at demo.tests.scp.NotificationPreferenceTests.verifyNotificationAlertsValidationMessages(NotificationPreferenceTests.java:105)
	at java.base/java.util.ArrayList.forEach(ArrayList.java:1596)
... Removed 27 stack frames</div></td></tr></table><p class="totop"><a href="#summary">back to summary</a></p>
<h3 id="m7">demo.tests.scp.PaymentInfoTests#verifyAddingBankPaymentProfile</h3><table class="result"><tr><th>Exception</th></tr><tr><td><div class="stacktrace">java.lang.AssertionError: The following asserts failed:
	Blank First Name, successful Msg do not match expected [Payment method already added.] but found [Payment method successfully added]
	at demo.tests.scp.PaymentInfoTests.verifyAddingBankPaymentProfile(PaymentInfoTests.java:99)
	at java.base/java.util.ArrayList.forEach(ArrayList.java:1596)
... Removed 27 stack frames</div></td></tr></table><p class="totop"><a href="#summary">back to summary</a></p>
<h3 id="m8">demo.tests.scp.PaymentInfoTests#verifyBankPaymentFormFields</h3><table class="result"><tr><th>Exception</th></tr><tr><td><div class="stacktrace">org.openqa.selenium.ElementClickInterceptedException: element click intercepted: Element &lt;input title=&quot;Bank Account Number&quot; class=&quot;mdl-textfield__input isNumbericOnly&quot; pattern=&quot;[0-9]*&quot; inputmode=&quot;numeric&quot; onpaste=&quot;return false;&quot; type=&quot;password&quot; id=&quot;bnkaccno&quot; maxlength=&quot;17&quot; autocomplete=&quot;off&quot;&gt; is not clickable at point (753, 28). Other element would receive the click: &lt;div class=&quot;spinner&quot;&gt;...&lt;/div&gt;
  (Session info: chrome=126.0.6478.114)
Build info: version: &apos;4.13.0&apos;, revision: &apos;ba948ece5b*&apos;
System info: os.name: &apos;Windows 11&apos;, os.arch: &apos;amd64&apos;, os.version: &apos;10.0&apos;, java.version: &apos;21.0.2&apos;
Driver info: org.openqa.selenium.chrome.ChromeDriver
Command: [41c93e47b64280664d44e3c3848c9e21, clickElement {id=f.5E04A5D78DD281C850901E0C29EDADFE.d.FF0879D22F3A620D63EC03A8A3BD2289.e.499}]
Capabilities {acceptInsecureCerts: false, browserName: chrome, browserVersion: 126.0.6478.114, chrome: {chromedriverVersion: 126.0.6478.63 (df799988fdc9..., userDataDir: C:\Windows\SystemTemp\scope...}, fedcm:accounts: true, goog:chromeOptions: {debuggerAddress: localhost:54633}, networkConnectionEnabled: false, pageLoadStrategy: normal, platformName: windows, proxy: Proxy(), se:cdp: ws://localhost:54633/devtoo..., se:cdpVersion: 126.0.6478.114, setWindowRect: true, strictFileInteractability: false, timeouts: {implicit: 0, pageLoad: 300000, script: 30000}, unhandledPromptBehavior: dismiss and notify, webauthn:extension:credBlob: true, webauthn:extension:largeBlob: true, webauthn:extension:minPinLength: true, webauthn:extension:prf: true, webauthn:virtualAuthenticators: true}
Element: [[ChromeDriver: chrome on windows (41c93e47b64280664d44e3c3848c9e21)] -&gt; id: bnkaccno]
Session ID: 41c93e47b64280664d44e3c3848c9e21
	at org.openqa.selenium.remote.codec.w3c.W3CHttpResponseCodec.createException(W3CHttpResponseCodec.java:200)
	at org.openqa.selenium.remote.codec.w3c.W3CHttpResponseCodec.decode(W3CHttpResponseCodec.java:133)
	at org.openqa.selenium.remote.codec.w3c.W3CHttpResponseCodec.decode(W3CHttpResponseCodec.java:52)
	at org.openqa.selenium.remote.HttpCommandExecutor.execute(HttpCommandExecutor.java:191)
	at org.openqa.selenium.remote.service.DriverCommandExecutor.invokeExecute(DriverCommandExecutor.java:196)
	at org.openqa.selenium.remote.service.DriverCommandExecutor.execute(DriverCommandExecutor.java:171)
	at org.openqa.selenium.remote.RemoteWebDriver.execute(RemoteWebDriver.java:602)
	at org.openqa.selenium.remote.RemoteWebElement.execute(RemoteWebElement.java:224)
	at org.openqa.selenium.remote.RemoteWebElement.click(RemoteWebElement.java:77)
	at org.openqa.selenium.support.pagefactory.internal.LocatingElementHandler.invoke(LocatingElementHandler.java:51)
	at jdk.proxy2/jdk.proxy2.$Proxy33.click(Unknown Source)
	at sew.ai.driver.Page.click(Page.java:60)
	at demo.steps.scp.PaymentInformationSteps.copyPasteUsingActionClassInTextFeild(PaymentInformationSteps.java:242)
	at demo.steps.scp.PaymentInformationSteps.verifyTheBankPaymentFormFields(PaymentInformationSteps.java:164)
	at demo.tests.scp.PaymentInfoTests.verifyBankPaymentFormFields(PaymentInfoTests.java:58)
	at java.base/java.util.ArrayList.forEach(ArrayList.java:1596)
... Removed 30 stack frames</div></td></tr></table><p class="totop"><a href="#summary">back to summary</a></p>
<h3 id="m9">demo.tests.scp.PaymentInfoTests#verifyBankPaymentFormFieldsValidation</h3><table class="result"><tr><th>Exception</th></tr><tr><td><div class="stacktrace">org.openqa.selenium.ElementClickInterceptedException: element click intercepted: Element &lt;a globalize=&quot;ML_HeaderMenu_span_MyAccount&quot; tabindex=&quot;0&quot; href=&quot;#&quot; data-toggle=&quot;dropdown&quot; aria-expanded=&quot;false&quot; inputtype=&quot;&quot; validatemessage=&quot;&quot; title=&quot;Click to navigate to &apos;My Account&apos; module&quot;&gt;...&lt;/a&gt; is not clickable at point (529, 16). Other element would receive the click: &lt;div class=&quot;toast toast-error&quot; style=&quot;&quot;&gt;...&lt;/div&gt;
  (Session info: chrome=126.0.6478.114)
Build info: version: &apos;4.13.0&apos;, revision: &apos;ba948ece5b*&apos;
System info: os.name: &apos;Windows 11&apos;, os.arch: &apos;amd64&apos;, os.version: &apos;10.0&apos;, java.version: &apos;21.0.2&apos;
Driver info: org.openqa.selenium.chrome.ChromeDriver
Command: [abddae98d734d37dcf77b5d1dbbfac23, clickElement {id=f.D2782A6057A934B5EF7B26285126EEB9.d.900C8854F99C9D396CC3AC170D8517FE.e.494}]
Capabilities {acceptInsecureCerts: false, browserName: chrome, browserVersion: 126.0.6478.114, chrome: {chromedriverVersion: 126.0.6478.63 (df799988fdc9..., userDataDir: C:\Windows\SystemTemp\scope...}, fedcm:accounts: true, goog:chromeOptions: {debuggerAddress: localhost:54797}, networkConnectionEnabled: false, pageLoadStrategy: normal, platformName: windows, proxy: Proxy(), se:cdp: ws://localhost:54797/devtoo..., se:cdpVersion: 126.0.6478.114, setWindowRect: true, strictFileInteractability: false, timeouts: {implicit: 0, pageLoad: 300000, script: 30000}, unhandledPromptBehavior: dismiss and notify, webauthn:extension:credBlob: true, webauthn:extension:largeBlob: true, webauthn:extension:minPinLength: true, webauthn:extension:prf: true, webauthn:virtualAuthenticators: true}
Element: [[ChromeDriver: chrome on windows (abddae98d734d37dcf77b5d1dbbfac23)] -&gt; css selector: .myaccount.dropdown &gt; a]
Session ID: abddae98d734d37dcf77b5d1dbbfac23
	at org.openqa.selenium.remote.codec.w3c.W3CHttpResponseCodec.createException(W3CHttpResponseCodec.java:200)
	at org.openqa.selenium.remote.codec.w3c.W3CHttpResponseCodec.decode(W3CHttpResponseCodec.java:133)
	at org.openqa.selenium.remote.codec.w3c.W3CHttpResponseCodec.decode(W3CHttpResponseCodec.java:52)
	at org.openqa.selenium.remote.HttpCommandExecutor.execute(HttpCommandExecutor.java:191)
	at org.openqa.selenium.remote.service.DriverCommandExecutor.invokeExecute(DriverCommandExecutor.java:196)
	at org.openqa.selenium.remote.service.DriverCommandExecutor.execute(DriverCommandExecutor.java:171)
	at org.openqa.selenium.remote.RemoteWebDriver.execute(RemoteWebDriver.java:602)
	at org.openqa.selenium.remote.RemoteWebElement.execute(RemoteWebElement.java:224)
	at org.openqa.selenium.remote.RemoteWebElement.click(RemoteWebElement.java:77)
	at org.openqa.selenium.support.pagefactory.internal.LocatingElementHandler.invoke(LocatingElementHandler.java:51)
	at jdk.proxy2/jdk.proxy2.$Proxy33.click(Unknown Source)
	at sew.ai.driver.Page.click(Page.java:60)
	at sew.ai.pageObjects.scp.HomePage.clickMyAccountLink(HomePage.java:243)
	at sew.ai.steps.scp.HomeSteps.navigateToPaymentInfo(HomeSteps.java:50)
	at demo.steps.scp.PaymentInformationSteps.verifyTheBankPaymentFormFieldValidation(PaymentInformationSteps.java:267)
	at demo.tests.scp.PaymentInfoTests.verifyBankPaymentFormFieldsValidation(PaymentInfoTests.java:78)
	at java.base/java.util.ArrayList.forEach(ArrayList.java:1596)
... Removed 30 stack frames</div></td></tr></table><p class="totop"><a href="#summary">back to summary</a></p>
<h3 id="m10">demo.tests.scp.PaymentInfoTests#verifyCeditCardPaymentFormFieldsValidation</h3><table class="result"><tr><th>Exception</th></tr><tr><td><div class="stacktrace">org.openqa.selenium.TimeoutException: Expected condition failed: waiting for element to be clickable: [[ChromeDriver: chrome on windows (fcde9f8e4842be54ae46bdd4abdb2d29)] -&gt; xpath: //*[@id=&apos;submitNext&apos;]] (tried for 120 second(s) with 500 milliseconds interval)
Build info: version: &apos;4.13.0&apos;, revision: &apos;ba948ece5b*&apos;
System info: os.name: &apos;Windows 11&apos;, os.arch: &apos;amd64&apos;, os.version: &apos;10.0&apos;, java.version: &apos;21.0.2&apos;
Driver info: org.openqa.selenium.chrome.ChromeDriver
Capabilities {acceptInsecureCerts: false, browserName: chrome, browserVersion: 126.0.6478.114, chrome: {chromedriverVersion: 126.0.6478.63 (df799988fdc9..., userDataDir: C:\Windows\SystemTemp\scope...}, fedcm:accounts: true, goog:chromeOptions: {debuggerAddress: localhost:55905}, networkConnectionEnabled: false, pageLoadStrategy: normal, platformName: windows, proxy: Proxy(), se:cdp: ws://localhost:55905/devtoo..., se:cdpVersion: 126.0.6478.114, setWindowRect: true, strictFileInteractability: false, timeouts: {implicit: 0, pageLoad: 300000, script: 30000}, unhandledPromptBehavior: dismiss and notify, webauthn:extension:credBlob: true, webauthn:extension:largeBlob: true, webauthn:extension:minPinLength: true, webauthn:extension:prf: true, webauthn:virtualAuthenticators: true}
Session ID: fcde9f8e4842be54ae46bdd4abdb2d29
	at org.openqa.selenium.support.ui.WebDriverWait.timeoutException(WebDriverWait.java:84)
	at org.openqa.selenium.support.ui.FluentWait.until(FluentWait.java:230)
	at sew.ai.driver.Page.waitForElementToBeClickable(Page.java:234)
	at demo.pageobjects.PaymentInformationsPage.clickbtnAdd(PaymentInformationsPage.java:750)
	at demo.steps.scp.BillingPaymentSteps.verifyCeditCardPaymentFormFieldsValidation(BillingPaymentSteps.java:186)
	at demo.tests.scp.PaymentInfoTests.verifyCeditCardPaymentFormFieldsValidation(PaymentInfoTests.java:176)
	at java.base/java.util.ArrayList.forEach(ArrayList.java:1596)
... Removed 25 stack frames</div></td></tr></table><p class="totop"><a href="#summary">back to summary</a></p>
<h3 id="m11">demo.tests.scp.PaymentInfoTests#verifyCreditCardPaymentFormFields</h3><table class="result"><tr><th>Exception</th></tr><tr><td><div class="stacktrace">org.openqa.selenium.TimeoutException: Expected condition failed: waiting for visibility of [[ChromeDriver: chrome on windows (01da01fdcc05b2c6c51d2de23ca48888)] -&gt; id: nmcrd] (tried for 120 second(s) with 500 milliseconds interval)
Build info: version: &apos;4.13.0&apos;, revision: &apos;ba948ece5b*&apos;
System info: os.name: &apos;Windows 11&apos;, os.arch: &apos;amd64&apos;, os.version: &apos;10.0&apos;, java.version: &apos;21.0.2&apos;
Driver info: org.openqa.selenium.chrome.ChromeDriver
Capabilities {acceptInsecureCerts: false, browserName: chrome, browserVersion: 126.0.6478.114, chrome: {chromedriverVersion: 126.0.6478.63 (df799988fdc9..., userDataDir: C:\Windows\SystemTemp\scope...}, fedcm:accounts: true, goog:chromeOptions: {debuggerAddress: localhost:56264}, networkConnectionEnabled: false, pageLoadStrategy: normal, platformName: windows, proxy: Proxy(), se:cdp: ws://localhost:56264/devtoo..., se:cdpVersion: 126.0.6478.114, setWindowRect: true, strictFileInteractability: false, timeouts: {implicit: 0, pageLoad: 300000, script: 30000}, unhandledPromptBehavior: dismiss and notify, webauthn:extension:credBlob: true, webauthn:extension:largeBlob: true, webauthn:extension:minPinLength: true, webauthn:extension:prf: true, webauthn:virtualAuthenticators: true}
Session ID: 01da01fdcc05b2c6c51d2de23ca48888
	at org.openqa.selenium.support.ui.WebDriverWait.timeoutException(WebDriverWait.java:84)
	at org.openqa.selenium.support.ui.FluentWait.until(FluentWait.java:230)
	at sew.ai.driver.Page.waitForElementToBeVisible(Page.java:259)
	at demo.pageobjects.PaymentInformationsPage.isTxtBoxCardHolderNameVisible(PaymentInformationsPage.java:802)
	at demo.steps.scp.BillingPaymentSteps.verifyCreditCardPaymentFormFields(BillingPaymentSteps.java:85)
	at demo.tests.scp.PaymentInfoTests.verifyCreditCardPaymentFormFields(PaymentInfoTests.java:156)
	at java.base/java.util.ArrayList.forEach(ArrayList.java:1596)
... Removed 25 stack frames</div></td></tr></table><p class="totop"><a href="#summary">back to summary</a></p>
<h3 id="m12">demo.tests.scp.PaymentInfoTests#verifyMakePaymentWithNewCC</h3><table class="result"><tr><th>Exception</th></tr><tr><td><div class="stacktrace">org.openqa.selenium.TimeoutException: Expected condition failed: waiting for element to be clickable: [[ChromeDriver: chrome on windows (125020d12539feb9f3f55a9a024545c0)] -&gt; xpath: //*[@id=&apos;submitNext&apos;]] (tried for 120 second(s) with 500 milliseconds interval)
Build info: version: &apos;4.13.0&apos;, revision: &apos;ba948ece5b*&apos;
System info: os.name: &apos;Windows 11&apos;, os.arch: &apos;amd64&apos;, os.version: &apos;10.0&apos;, java.version: &apos;21.0.2&apos;
Driver info: org.openqa.selenium.chrome.ChromeDriver
Capabilities {acceptInsecureCerts: false, browserName: chrome, browserVersion: 126.0.6478.114, chrome: {chromedriverVersion: 126.0.6478.63 (df799988fdc9..., userDataDir: C:\Windows\SystemTemp\scope...}, fedcm:accounts: true, goog:chromeOptions: {debuggerAddress: localhost:55569}, networkConnectionEnabled: false, pageLoadStrategy: normal, platformName: windows, proxy: Proxy(), se:cdp: ws://localhost:55569/devtoo..., se:cdpVersion: 126.0.6478.114, setWindowRect: true, strictFileInteractability: false, timeouts: {implicit: 0, pageLoad: 300000, script: 30000}, unhandledPromptBehavior: dismiss and notify, webauthn:extension:credBlob: true, webauthn:extension:largeBlob: true, webauthn:extension:minPinLength: true, webauthn:extension:prf: true, webauthn:virtualAuthenticators: true}
Session ID: 125020d12539feb9f3f55a9a024545c0
	at org.openqa.selenium.support.ui.WebDriverWait.timeoutException(WebDriverWait.java:84)
	at org.openqa.selenium.support.ui.FluentWait.until(FluentWait.java:230)
	at sew.ai.driver.Page.waitForElementToBeClickable(Page.java:234)
	at demo.pageobjects.PaymentInformationsPage.clickbtnAdd(PaymentInformationsPage.java:750)
	at demo.steps.scp.BillingPaymentSteps.verifyMakePaymentWithNewCC(BillingPaymentSteps.java:46)
	at demo.tests.scp.PaymentInfoTests.verifyMakePaymentWithNewCC(PaymentInfoTests.java:136)
	at java.base/java.util.ArrayList.forEach(ArrayList.java:1596)
... Removed 25 stack frames</div></td></tr></table><p class="totop"><a href="#summary">back to summary</a></p>
<h3 id="m13">demo.tests.scp.PaymentInfoTests#verifyMultipleBankPaymentProfileAndDeletion</h3><table class="result"><tr><th>Exception</th></tr><tr><td><div class="stacktrace">org.openqa.selenium.TimeoutException: Expected condition failed: waiting for value to contain &quot;display: none;&quot;. (tried for 60 second(s) with 500 milliseconds interval)
Build info: version: &apos;4.13.0&apos;, revision: &apos;ba948ece5b*&apos;
System info: os.name: &apos;Windows 11&apos;, os.arch: &apos;amd64&apos;, os.version: &apos;10.0&apos;, java.version: &apos;21.0.2&apos;
Driver info: org.openqa.selenium.chrome.ChromeDriver
Capabilities {acceptInsecureCerts: false, browserName: chrome, browserVersion: 126.0.6478.114, chrome: {chromedriverVersion: 126.0.6478.63 (df799988fdc9..., userDataDir: C:\Windows\SystemTemp\scope...}, fedcm:accounts: true, goog:chromeOptions: {debuggerAddress: localhost:55357}, networkConnectionEnabled: false, pageLoadStrategy: normal, platformName: windows, proxy: Proxy(), se:cdp: ws://localhost:55357/devtoo..., se:cdpVersion: 126.0.6478.114, setWindowRect: true, strictFileInteractability: false, timeouts: {implicit: 0, pageLoad: 300000, script: 30000}, unhandledPromptBehavior: dismiss and notify, webauthn:extension:credBlob: true, webauthn:extension:largeBlob: true, webauthn:extension:minPinLength: true, webauthn:extension:prf: true, webauthn:virtualAuthenticators: true}
Session ID: ca3b66a1e7d682d72c0cef12347a2de0
	at org.openqa.selenium.support.ui.WebDriverWait.timeoutException(WebDriverWait.java:84)
	at org.openqa.selenium.support.ui.FluentWait.until(FluentWait.java:230)
	at demo.pageobjects.PaymentInformationsPage.waitUntilCompletePageLoad(PaymentInformationsPage.java:44)
	at demo.steps.scp.PaymentInformationSteps.verifyTheMultipleBankPaymentProfileAndDeletion(PaymentInformationSteps.java:610)
	at demo.tests.scp.PaymentInfoTests.verifyMultipleBankPaymentProfileAndDeletion(PaymentInfoTests.java:116)
	at java.base/java.util.ArrayList.forEach(ArrayList.java:1596)
... Removed 25 stack frames</div></td></tr></table><p class="totop"><a href="#summary">back to summary</a></p>
<h3 id="m14">demo.tests.scp.PostLogContactUsTests#verifyPostLogCreateTrackContactReq</h3><table class="result"><tr><th>Exception</th></tr><tr><td><div class="stacktrace">org.openqa.selenium.StaleElementReferenceException: stale element reference: stale element not found in the current frame
  (Session info: chrome=126.0.6478.114)
For documentation on this error, please visit: https://www.selenium.dev/documentation/webdriver/troubleshooting/errors#stale-element-reference-exception
Build info: version: &apos;4.13.0&apos;, revision: &apos;ba948ece5b*&apos;
System info: os.name: &apos;Windows 11&apos;, os.arch: &apos;amd64&apos;, os.version: &apos;10.0&apos;, java.version: &apos;21.0.2&apos;
Driver info: org.openqa.selenium.chrome.ChromeDriver
Command: [a484fcb5a56e8c6bd36f70ad4ec6a7b6, isElementDisplayed {id=f.187593C79686F2AAF5997F79EA5CCA76.d.2041FBB1D74247A8AC73440742B445E4.e.498}]
Capabilities {acceptInsecureCerts: false, browserName: chrome, browserVersion: 126.0.6478.114, chrome: {chromedriverVersion: 126.0.6478.63 (df799988fdc9..., userDataDir: C:\Windows\SystemTemp\scope...}, fedcm:accounts: true, goog:chromeOptions: {debuggerAddress: localhost:52388}, networkConnectionEnabled: false, pageLoadStrategy: normal, platformName: windows, proxy: Proxy(), se:cdp: ws://localhost:52388/devtoo..., se:cdpVersion: 126.0.6478.114, setWindowRect: true, strictFileInteractability: false, timeouts: {implicit: 0, pageLoad: 300000, script: 30000}, unhandledPromptBehavior: dismiss and notify, webauthn:extension:credBlob: true, webauthn:extension:largeBlob: true, webauthn:extension:minPinLength: true, webauthn:extension:prf: true, webauthn:virtualAuthenticators: true}
Element: [[ChromeDriver: chrome on windows (a484fcb5a56e8c6bd36f70ad4ec6a7b6)] -&gt; xpath: //label[text()=&apos;Email Address&apos;]/..//input]
Session ID: a484fcb5a56e8c6bd36f70ad4ec6a7b6
	at org.openqa.selenium.remote.codec.w3c.W3CHttpResponseCodec.createException(W3CHttpResponseCodec.java:200)
	at org.openqa.selenium.remote.codec.w3c.W3CHttpResponseCodec.decode(W3CHttpResponseCodec.java:133)
	at org.openqa.selenium.remote.codec.w3c.W3CHttpResponseCodec.decode(W3CHttpResponseCodec.java:52)
	at org.openqa.selenium.remote.HttpCommandExecutor.execute(HttpCommandExecutor.java:191)
	at org.openqa.selenium.remote.service.DriverCommandExecutor.invokeExecute(DriverCommandExecutor.java:196)
	at org.openqa.selenium.remote.service.DriverCommandExecutor.execute(DriverCommandExecutor.java:171)
	at org.openqa.selenium.remote.RemoteWebDriver.execute(RemoteWebDriver.java:602)
	at org.openqa.selenium.remote.RemoteWebElement.execute(RemoteWebElement.java:224)
	at org.openqa.selenium.remote.RemoteWebElement.isDisplayed(RemoteWebElement.java:283)
	at org.openqa.selenium.support.pagefactory.internal.LocatingElementHandler.invoke(LocatingElementHandler.java:51)
	at jdk.proxy2/jdk.proxy2.$Proxy33.isDisplayed(Unknown Source)
	at sew.ai.driver.Page.isElementVisible(Page.java:303)
	at demo.pageobjects.PostLogConnectUsPage.isEmailAddressTxtVisible(PostLogConnectUsPage.java:1476)
	at demo.steps.scp.PostLogContactUsSteps.verifyCreateContactRequest(PostLogContactUsSteps.java:113)
	at demo.tests.scp.PostLogContactUsTests.verifyPostLogCreateTrackContactReq(PostLogContactUsTests.java:64)
	at java.base/java.util.ArrayList.forEach(ArrayList.java:1596)
... Removed 30 stack frames</div></td></tr></table><p class="totop"><a href="#summary">back to summary</a></p>
<h3 id="m15">demo.tests.scp.PostLogContactUsTests#verifyPostLoginContactUsPage</h3><table class="result"><tr><th>Exception</th></tr><tr><td><div class="stacktrace">org.openqa.selenium.StaleElementReferenceException: stale element reference: stale element not found in the current frame
  (Session info: chrome=126.0.6478.114)
For documentation on this error, please visit: https://www.selenium.dev/documentation/webdriver/troubleshooting/errors#stale-element-reference-exception
Build info: version: &apos;4.13.0&apos;, revision: &apos;ba948ece5b*&apos;
System info: os.name: &apos;Windows 11&apos;, os.arch: &apos;amd64&apos;, os.version: &apos;10.0&apos;, java.version: &apos;21.0.2&apos;
Driver info: org.openqa.selenium.chrome.ChromeDriver
Command: [868feb3a8487f2227a1c03642e110e31, isElementDisplayed {id=f.522BA0EAB1BB3609A523422B56D3BA5F.d.608427BEAA52887255BFEE1010B970CA.e.484}]
Capabilities {acceptInsecureCerts: false, browserName: chrome, browserVersion: 126.0.6478.114, chrome: {chromedriverVersion: 126.0.6478.63 (df799988fdc9..., userDataDir: C:\Windows\SystemTemp\scope...}, fedcm:accounts: true, goog:chromeOptions: {debuggerAddress: localhost:52529}, networkConnectionEnabled: false, pageLoadStrategy: normal, platformName: windows, proxy: Proxy(), se:cdp: ws://localhost:52529/devtoo..., se:cdpVersion: 126.0.6478.114, setWindowRect: true, strictFileInteractability: false, timeouts: {implicit: 0, pageLoad: 300000, script: 30000}, unhandledPromptBehavior: dismiss and notify, webauthn:extension:credBlob: true, webauthn:extension:largeBlob: true, webauthn:extension:minPinLength: true, webauthn:extension:prf: true, webauthn:virtualAuthenticators: true}
Element: [[ChromeDriver: chrome on windows (868feb3a8487f2227a1c03642e110e31)] -&gt; xpath: //input[@inputtype=&apos;Email&apos;]]
Session ID: 868feb3a8487f2227a1c03642e110e31
	at org.openqa.selenium.remote.codec.w3c.W3CHttpResponseCodec.createException(W3CHttpResponseCodec.java:200)
	at org.openqa.selenium.remote.codec.w3c.W3CHttpResponseCodec.decode(W3CHttpResponseCodec.java:133)
	at org.openqa.selenium.remote.codec.w3c.W3CHttpResponseCodec.decode(W3CHttpResponseCodec.java:52)
	at org.openqa.selenium.remote.HttpCommandExecutor.execute(HttpCommandExecutor.java:191)
	at org.openqa.selenium.remote.service.DriverCommandExecutor.invokeExecute(DriverCommandExecutor.java:196)
	at org.openqa.selenium.remote.service.DriverCommandExecutor.execute(DriverCommandExecutor.java:171)
	at org.openqa.selenium.remote.RemoteWebDriver.execute(RemoteWebDriver.java:602)
	at org.openqa.selenium.remote.RemoteWebElement.execute(RemoteWebElement.java:224)
	at org.openqa.selenium.remote.RemoteWebElement.isDisplayed(RemoteWebElement.java:283)
	at org.openqa.selenium.support.pagefactory.internal.LocatingElementHandler.invoke(LocatingElementHandler.java:51)
	at jdk.proxy2/jdk.proxy2.$Proxy33.isDisplayed(Unknown Source)
	at org.openqa.selenium.support.ui.ExpectedConditions.elementIfVisible(ExpectedConditions.java:304)
	at org.openqa.selenium.support.ui.ExpectedConditions.access$000(ExpectedConditions.java:37)
	at org.openqa.selenium.support.ui.ExpectedConditions$10.apply(ExpectedConditions.java:290)
	at org.openqa.selenium.support.ui.ExpectedConditions$10.apply(ExpectedConditions.java:287)
	at org.openqa.selenium.support.ui.FluentWait.until(FluentWait.java:205)
	at sew.ai.driver.Page.waitForElementToBeVisible(Page.java:259)
	at sew.ai.driver.Page.getAttribute(Page.java:185)
	at demo.pageobjects.PostLogConnectUsPage.getCustomerEmailValue(PostLogConnectUsPage.java:965)
	at demo.steps.scp.PostLogContactUsSteps.verifyCreateContactRequest(PostLogContactUsSteps.java:114)
	at demo.tests.scp.PostLogContactUsTests.verifyPostLoginContactUsPage(PostLogContactUsTests.java:39)
	at java.base/java.util.ArrayList.forEach(ArrayList.java:1596)
... Removed 30 stack frames</div></td></tr></table><p class="totop"><a href="#summary">back to summary</a></p>
<h3 id="m16">demo.tests.scp.PostLogContactUsTests#verifyPostLoginSocialMediaPage</h3><table class="result"><tr><th>Exception</th></tr><tr><td><div class="stacktrace">org.openqa.selenium.ElementClickInterceptedException: element click intercepted: Element &lt;a href=&quot;javascript:void(0)&quot; id=&quot;social_newtb&quot; tabindex=&quot;0&quot;&gt;...&lt;/a&gt; is not clickable at point (435, 25). Other element would receive the click: &lt;div id=&quot;page_loader&quot; style=&quot;display: block;&quot;&gt;...&lt;/div&gt;
  (Session info: chrome=126.0.6478.114)
Build info: version: &apos;4.13.0&apos;, revision: &apos;ba948ece5b*&apos;
System info: os.name: &apos;Windows 11&apos;, os.arch: &apos;amd64&apos;, os.version: &apos;10.0&apos;, java.version: &apos;21.0.2&apos;
Driver info: org.openqa.selenium.chrome.ChromeDriver
Command: [30711aa1042f9d850aec3aa46ad5d428, clickElement {id=f.E91344ADE4100E4D257B6BA2F0AD46F5.d.4D9E44EE3E0A8FA1C4E6FCDCDBC8713D.e.735}]
Capabilities {acceptInsecureCerts: false, browserName: chrome, browserVersion: 126.0.6478.114, chrome: {chromedriverVersion: 126.0.6478.63 (df799988fdc9..., userDataDir: C:\Windows\SystemTemp\scope...}, fedcm:accounts: true, goog:chromeOptions: {debuggerAddress: localhost:52819}, networkConnectionEnabled: false, pageLoadStrategy: normal, platformName: windows, proxy: Proxy(), se:cdp: ws://localhost:52819/devtoo..., se:cdpVersion: 126.0.6478.114, setWindowRect: true, strictFileInteractability: false, timeouts: {implicit: 0, pageLoad: 300000, script: 30000}, unhandledPromptBehavior: dismiss and notify, webauthn:extension:credBlob: true, webauthn:extension:largeBlob: true, webauthn:extension:minPinLength: true, webauthn:extension:prf: true, webauthn:virtualAuthenticators: true}
Element: [[ChromeDriver: chrome on windows (30711aa1042f9d850aec3aa46ad5d428)] -&gt; css selector: ul #social_newtb]
Session ID: 30711aa1042f9d850aec3aa46ad5d428
	at org.openqa.selenium.remote.codec.w3c.W3CHttpResponseCodec.createException(W3CHttpResponseCodec.java:200)
	at org.openqa.selenium.remote.codec.w3c.W3CHttpResponseCodec.decode(W3CHttpResponseCodec.java:133)
	at org.openqa.selenium.remote.codec.w3c.W3CHttpResponseCodec.decode(W3CHttpResponseCodec.java:52)
	at org.openqa.selenium.remote.HttpCommandExecutor.execute(HttpCommandExecutor.java:191)
	at org.openqa.selenium.remote.service.DriverCommandExecutor.invokeExecute(DriverCommandExecutor.java:196)
	at org.openqa.selenium.remote.service.DriverCommandExecutor.execute(DriverCommandExecutor.java:171)
	at org.openqa.selenium.remote.RemoteWebDriver.execute(RemoteWebDriver.java:602)
	at org.openqa.selenium.remote.RemoteWebElement.execute(RemoteWebElement.java:224)
	at org.openqa.selenium.remote.RemoteWebElement.click(RemoteWebElement.java:77)
	at org.openqa.selenium.support.pagefactory.internal.LocatingElementHandler.invoke(LocatingElementHandler.java:51)
	at jdk.proxy2/jdk.proxy2.$Proxy33.click(Unknown Source)
	at sew.ai.driver.Page.click(Page.java:60)
	at demo.pageobjects.PostLogConnectUsPage.clickSocialMedia(PostLogConnectUsPage.java:259)
	at demo.steps.scp.PostLogContactUsSteps.verifySocialMediaObject(PostLogContactUsSteps.java:200)
	at demo.tests.scp.PostLogContactUsTests.verifyPostLoginSocialMediaPage(PostLogContactUsTests.java:153)
	at java.base/java.util.ArrayList.forEach(ArrayList.java:1596)
... Removed 30 stack frames</div></td></tr></table><p class="totop"><a href="#summary">back to summary</a></p>
<h3 id="m17">demo.tests.scp.PreLoginTests#verifyInvalidPaymentDetails</h3><table class="result"><tr><th>Exception</th></tr><tr><td><div class="stacktrace">java.lang.AssertionError: The following asserts failed:
	Blank username field validation not correct. expected [Please Enter Service Account Number.] but found [Please Enter Service Account Number]
	at demo.tests.scp.PreLoginTests.verifyInvalidPaymentDetails(PreLoginTests.java:182)
	at java.base/java.util.ArrayList.forEach(ArrayList.java:1596)
... Removed 27 stack frames</div></td></tr></table><p class="totop"><a href="#summary">back to summary</a></p>
<h3 id="m18">demo.tests.scp.PreLoginTests#verifyPreLogTrackContactReq</h3><table class="result"><tr><th>Exception</th></tr><tr><td><div class="stacktrace">java.lang.AssertionError: Page Title &amp; URL does not Match expected [true] but found [false]
	at demo.steps.scp.PreLoginSteps.verifyPreLogConnectMeObject(PreLoginSteps.java:267)
	at demo.tests.scp.PreLoginTests.verifyPreLogTrackContactReq(PreLoginTests.java:109)
	at java.base/java.util.ArrayList.forEach(ArrayList.java:1596)
... Removed 28 stack frames</div></td></tr></table><p class="totop"><a href="#summary">back to summary</a></p>
<h3 id="m19">demo.tests.scp.ProblemSigningInTest#verifyMinMaxValueProblemsSignIn</h3><table class="result"><tr><th>Exception</th></tr><tr><td><div class="stacktrace">org.junit.ComparisonFailure: expected:&lt;... valid email address[.]&gt; but was:&lt;... valid email address[]&gt;
	at org.junit.Assert.assertEquals(Assert.java:125)
	at org.junit.Assert.assertEquals(Assert.java:147)
	at demo.steps.scp.ProblemSigningInSteps.verifyMinMaxValueOfTextBox(ProblemSigningInSteps.java:190)
	at demo.tests.scp.ProblemSigningInTest.verifyMinMaxValueProblemsSignIn(ProblemSigningInTest.java:65)
	at java.base/java.util.ArrayList.forEach(ArrayList.java:1596)
... Removed 25 stack frames</div></td></tr></table><p class="totop"><a href="#summary">back to summary</a></p>
<h3 id="m20">demo.tests.scp.ProblemSigningInTest#verifyProblemSignInFeildInvalidValidations</h3><table class="result"><tr><th>Exception</th></tr><tr><td><div class="stacktrace">org.junit.ComparisonFailure: expected:&lt;[Thank you for writing in. We will get back to you in 2 working days].&gt; but was:&lt;[Account Number does not match our record. Please check and try again].&gt;
	at org.junit.Assert.assertEquals(Assert.java:125)
	at org.junit.Assert.assertEquals(Assert.java:147)
	at demo.steps.scp.ProblemSigningInSteps.verifyProblemSigningInFormwithInValidData(ProblemSigningInSteps.java:83)
	at demo.tests.scp.ProblemSigningInTest.verifyProblemSignInFeildInvalidValidations(ProblemSigningInTest.java:38)
	at java.base/java.util.ArrayList.forEach(ArrayList.java:1596)
... Removed 25 stack frames</div></td></tr></table><p class="totop"><a href="#summary">back to summary</a></p>
<h3 id="m21">demo.tests.scp.UsagesTests#verifyElectricUsagePageObjects</h3><table class="result"><tr><th>Exception</th></tr><tr><td><div class="stacktrace">org.openqa.selenium.TimeoutException: Expected condition failed: waiting for visibility of [[ChromeDriver: chrome on windows (f12d92705f277e81f07c6826dde6c950)] -&gt; css selector: span#MeterNumlabel] (tried for 120 second(s) with 500 milliseconds interval)
Build info: version: &apos;4.13.0&apos;, revision: &apos;ba948ece5b*&apos;
System info: os.name: &apos;Windows 11&apos;, os.arch: &apos;amd64&apos;, os.version: &apos;10.0&apos;, java.version: &apos;21.0.2&apos;
Driver info: org.openqa.selenium.chrome.ChromeDriver
Capabilities {acceptInsecureCerts: false, browserName: chrome, browserVersion: 126.0.6478.114, chrome: {chromedriverVersion: 126.0.6478.63 (df799988fdc9..., userDataDir: C:\Windows\SystemTemp\scope...}, fedcm:accounts: true, goog:chromeOptions: {debuggerAddress: localhost:57906}, networkConnectionEnabled: false, pageLoadStrategy: normal, platformName: windows, proxy: Proxy(), se:cdp: ws://localhost:57906/devtoo..., se:cdpVersion: 126.0.6478.114, setWindowRect: true, strictFileInteractability: false, timeouts: {implicit: 0, pageLoad: 300000, script: 30000}, unhandledPromptBehavior: dismiss and notify, webauthn:extension:credBlob: true, webauthn:extension:largeBlob: true, webauthn:extension:minPinLength: true, webauthn:extension:prf: true, webauthn:virtualAuthenticators: true}
Session ID: f12d92705f277e81f07c6826dde6c950
	at org.openqa.selenium.support.ui.WebDriverWait.timeoutException(WebDriverWait.java:84)
	at org.openqa.selenium.support.ui.FluentWait.until(FluentWait.java:230)
	at sew.ai.driver.Page.waitForElementToBeVisible(Page.java:259)
	at sew.ai.driver.Page.getText(Page.java:163)
	at sew.ai.pageObjects.scp.UsagePage.getMeterNumberLabel(UsagePage.java:499)
	at demo.steps.scp.UsageSteps.verifyElectricUsagesObjects(UsageSteps.java:107)
	at demo.tests.scp.UsagesTests.verifyElectricUsagePageObjects(UsagesTests.java:97)
	at java.base/java.util.ArrayList.forEach(ArrayList.java:1596)
... Removed 25 stack frames</div></td></tr></table><p class="totop"><a href="#summary">back to summary</a></p>
<h3 id="m22">demo.tests.scp.UsagesTests#verifyGasUsagePageObjects</h3><table class="result"><tr><th>Exception</th></tr><tr><td><div class="stacktrace">org.openqa.selenium.NoSuchElementException: no such element: Unable to locate element: {&quot;method&quot;:&quot;css selector&quot;,&quot;selector&quot;:&quot;#liGU #ContentPlaceHolder1_HeaderUsageUI_GU&quot;}
  (Session info: chrome=126.0.6478.114)
For documentation on this error, please visit: https://www.selenium.dev/documentation/webdriver/troubleshooting/errors#no-such-element-exception
Build info: version: &apos;4.13.0&apos;, revision: &apos;ba948ece5b*&apos;
System info: os.name: &apos;Windows 11&apos;, os.arch: &apos;amd64&apos;, os.version: &apos;10.0&apos;, java.version: &apos;21.0.2&apos;
Driver info: org.openqa.selenium.chrome.ChromeDriver
Command: [302063df90b53f56a3b45ee5eb431025, findElement {using=css selector, value=#liGU #ContentPlaceHolder1_HeaderUsageUI_GU}]
Capabilities {acceptInsecureCerts: false, browserName: chrome, browserVersion: 126.0.6478.114, chrome: {chromedriverVersion: 126.0.6478.63 (df799988fdc9..., userDataDir: C:\Windows\SystemTemp\scope...}, fedcm:accounts: true, goog:chromeOptions: {debuggerAddress: localhost:58407}, networkConnectionEnabled: false, pageLoadStrategy: normal, platformName: windows, proxy: Proxy(), se:cdp: ws://localhost:58407/devtoo..., se:cdpVersion: 126.0.6478.114, setWindowRect: true, strictFileInteractability: false, timeouts: {implicit: 0, pageLoad: 300000, script: 30000}, unhandledPromptBehavior: dismiss and notify, webauthn:extension:credBlob: true, webauthn:extension:largeBlob: true, webauthn:extension:minPinLength: true, webauthn:extension:prf: true, webauthn:virtualAuthenticators: true}
Session ID: 302063df90b53f56a3b45ee5eb431025
	at org.openqa.selenium.remote.codec.w3c.W3CHttpResponseCodec.createException(W3CHttpResponseCodec.java:200)
	at org.openqa.selenium.remote.codec.w3c.W3CHttpResponseCodec.decode(W3CHttpResponseCodec.java:133)
	at org.openqa.selenium.remote.codec.w3c.W3CHttpResponseCodec.decode(W3CHttpResponseCodec.java:52)
	at org.openqa.selenium.remote.HttpCommandExecutor.execute(HttpCommandExecutor.java:191)
	at org.openqa.selenium.remote.service.DriverCommandExecutor.invokeExecute(DriverCommandExecutor.java:196)
	at org.openqa.selenium.remote.service.DriverCommandExecutor.execute(DriverCommandExecutor.java:171)
	at org.openqa.selenium.remote.RemoteWebDriver.execute(RemoteWebDriver.java:602)
	at org.openqa.selenium.remote.ElementLocation$ElementFinder$2.findElement(ElementLocation.java:165)
	at org.openqa.selenium.remote.ElementLocation.findElement(ElementLocation.java:59)
	at org.openqa.selenium.remote.RemoteWebDriver.findElement(RemoteWebDriver.java:359)
	at org.openqa.selenium.remote.RemoteWebDriver.findElement(RemoteWebDriver.java:353)
	at org.openqa.selenium.support.pagefactory.DefaultElementLocator.findElement(DefaultElementLocator.java:68)
	at org.openqa.selenium.support.pagefactory.internal.LocatingElementHandler.invoke(LocatingElementHandler.java:38)
	at jdk.proxy2/jdk.proxy2.$Proxy33.isDisplayed(Unknown Source)
	at sew.ai.driver.Page.isElementVisible(Page.java:303)
	at sew.ai.pageObjects.scp.UsagePage.isGasTabLinkVisible(UsagePage.java:428)
	at demo.steps.scp.UsageSteps.verifyGasUsagesObjects(UsageSteps.java:1171)
	at demo.tests.scp.UsagesTests.verifyGasUsagePageObjects(UsagesTests.java:254)
	at java.base/java.util.ArrayList.forEach(ArrayList.java:1596)
... Removed 28 stack frames</div></td></tr></table><p class="totop"><a href="#summary">back to summary</a></p>
<h3 id="m23">demo.tests.scp.UsagesTests#verifySolarUsagePageObjects</h3><table class="result"><tr><th>Exception</th></tr><tr><td><div class="stacktrace">org.openqa.selenium.NoSuchElementException: no such element: Unable to locate element: {&quot;method&quot;:&quot;css selector&quot;,&quot;selector&quot;:&quot;#liSU #ContentPlaceHolder1_HeaderUsageUI_SU&quot;}
  (Session info: chrome=126.0.6478.114)
For documentation on this error, please visit: https://www.selenium.dev/documentation/webdriver/troubleshooting/errors#no-such-element-exception
Build info: version: &apos;4.13.0&apos;, revision: &apos;ba948ece5b*&apos;
System info: os.name: &apos;Windows 11&apos;, os.arch: &apos;amd64&apos;, os.version: &apos;10.0&apos;, java.version: &apos;21.0.2&apos;
Driver info: org.openqa.selenium.chrome.ChromeDriver
Command: [5080de22c46f86b0f58977ad01079b0f, findElement {using=css selector, value=#liSU #ContentPlaceHolder1_HeaderUsageUI_SU}]
Capabilities {acceptInsecureCerts: false, browserName: chrome, browserVersion: 126.0.6478.114, chrome: {chromedriverVersion: 126.0.6478.63 (df799988fdc9..., userDataDir: C:\Windows\SystemTemp\scope...}, fedcm:accounts: true, goog:chromeOptions: {debuggerAddress: localhost:58511}, networkConnectionEnabled: false, pageLoadStrategy: normal, platformName: windows, proxy: Proxy(), se:cdp: ws://localhost:58511/devtoo..., se:cdpVersion: 126.0.6478.114, setWindowRect: true, strictFileInteractability: false, timeouts: {implicit: 0, pageLoad: 300000, script: 30000}, unhandledPromptBehavior: dismiss and notify, webauthn:extension:credBlob: true, webauthn:extension:largeBlob: true, webauthn:extension:minPinLength: true, webauthn:extension:prf: true, webauthn:virtualAuthenticators: true}
Session ID: 5080de22c46f86b0f58977ad01079b0f
	at org.openqa.selenium.remote.codec.w3c.W3CHttpResponseCodec.createException(W3CHttpResponseCodec.java:200)
	at org.openqa.selenium.remote.codec.w3c.W3CHttpResponseCodec.decode(W3CHttpResponseCodec.java:133)
	at org.openqa.selenium.remote.codec.w3c.W3CHttpResponseCodec.decode(W3CHttpResponseCodec.java:52)
	at org.openqa.selenium.remote.HttpCommandExecutor.execute(HttpCommandExecutor.java:191)
	at org.openqa.selenium.remote.service.DriverCommandExecutor.invokeExecute(DriverCommandExecutor.java:196)
	at org.openqa.selenium.remote.service.DriverCommandExecutor.execute(DriverCommandExecutor.java:171)
	at org.openqa.selenium.remote.RemoteWebDriver.execute(RemoteWebDriver.java:602)
	at org.openqa.selenium.remote.ElementLocation$ElementFinder$2.findElement(ElementLocation.java:165)
	at org.openqa.selenium.remote.ElementLocation.findElement(ElementLocation.java:59)
	at org.openqa.selenium.remote.RemoteWebDriver.findElement(RemoteWebDriver.java:359)
	at org.openqa.selenium.remote.RemoteWebDriver.findElement(RemoteWebDriver.java:353)
	at org.openqa.selenium.support.pagefactory.DefaultElementLocator.findElement(DefaultElementLocator.java:68)
	at org.openqa.selenium.support.pagefactory.internal.LocatingElementHandler.invoke(LocatingElementHandler.java:38)
	at jdk.proxy2/jdk.proxy2.$Proxy33.isDisplayed(Unknown Source)
	at sew.ai.driver.Page.isElementVisible(Page.java:303)
	at sew.ai.pageObjects.scp.UsagePage.isSolarTabLinkVisible(UsagePage.java:469)
	at demo.steps.scp.UsageSteps.verifySolarUsagesObjects(UsageSteps.java:1725)
	at demo.tests.scp.UsagesTests.verifySolarUsagePageObjects(UsagesTests.java:333)
	at java.base/java.util.ArrayList.forEach(ArrayList.java:1596)
... Removed 28 stack frames</div></td></tr></table><p class="totop"><a href="#summary">back to summary</a></p>
<h3 id="m24">demo.tests.scp.UsagesTests#verifyWaterUsagePageObjects</h3><table class="result"><tr><th>Exception</th></tr><tr><td><div class="stacktrace">org.openqa.selenium.NoSuchElementException: no such element: Unable to locate element: {&quot;method&quot;:&quot;css selector&quot;,&quot;selector&quot;:&quot;#liWU #ContentPlaceHolder1_HeaderUsageUI_WU&quot;}
  (Session info: chrome=126.0.6478.114)
For documentation on this error, please visit: https://www.selenium.dev/documentation/webdriver/troubleshooting/errors#no-such-element-exception
Build info: version: &apos;4.13.0&apos;, revision: &apos;ba948ece5b*&apos;
System info: os.name: &apos;Windows 11&apos;, os.arch: &apos;amd64&apos;, os.version: &apos;10.0&apos;, java.version: &apos;21.0.2&apos;
Driver info: org.openqa.selenium.chrome.ChromeDriver
Command: [a5f4a2acac5f8098600bdddf3b143017, findElement {using=css selector, value=#liWU #ContentPlaceHolder1_HeaderUsageUI_WU}]
Capabilities {acceptInsecureCerts: false, browserName: chrome, browserVersion: 126.0.6478.114, chrome: {chromedriverVersion: 126.0.6478.63 (df799988fdc9..., userDataDir: C:\Windows\SystemTemp\scope...}, fedcm:accounts: true, goog:chromeOptions: {debuggerAddress: localhost:58285}, networkConnectionEnabled: false, pageLoadStrategy: normal, platformName: windows, proxy: Proxy(), se:cdp: ws://localhost:58285/devtoo..., se:cdpVersion: 126.0.6478.114, setWindowRect: true, strictFileInteractability: false, timeouts: {implicit: 0, pageLoad: 300000, script: 30000}, unhandledPromptBehavior: dismiss and notify, webauthn:extension:credBlob: true, webauthn:extension:largeBlob: true, webauthn:extension:minPinLength: true, webauthn:extension:prf: true, webauthn:virtualAuthenticators: true}
Session ID: a5f4a2acac5f8098600bdddf3b143017
	at org.openqa.selenium.remote.codec.w3c.W3CHttpResponseCodec.createException(W3CHttpResponseCodec.java:200)
	at org.openqa.selenium.remote.codec.w3c.W3CHttpResponseCodec.decode(W3CHttpResponseCodec.java:133)
	at org.openqa.selenium.remote.codec.w3c.W3CHttpResponseCodec.decode(W3CHttpResponseCodec.java:52)
	at org.openqa.selenium.remote.HttpCommandExecutor.execute(HttpCommandExecutor.java:191)
	at org.openqa.selenium.remote.service.DriverCommandExecutor.invokeExecute(DriverCommandExecutor.java:196)
	at org.openqa.selenium.remote.service.DriverCommandExecutor.execute(DriverCommandExecutor.java:171)
	at org.openqa.selenium.remote.RemoteWebDriver.execute(RemoteWebDriver.java:602)
	at org.openqa.selenium.remote.ElementLocation$ElementFinder$2.findElement(ElementLocation.java:165)
	at org.openqa.selenium.remote.ElementLocation.findElement(ElementLocation.java:59)
	at org.openqa.selenium.remote.RemoteWebDriver.findElement(RemoteWebDriver.java:359)
	at org.openqa.selenium.remote.RemoteWebDriver.findElement(RemoteWebDriver.java:353)
	at org.openqa.selenium.support.pagefactory.DefaultElementLocator.findElement(DefaultElementLocator.java:68)
	at org.openqa.selenium.support.pagefactory.internal.LocatingElementHandler.invoke(LocatingElementHandler.java:38)
	at jdk.proxy2/jdk.proxy2.$Proxy33.isDisplayed(Unknown Source)
	at sew.ai.driver.Page.isElementVisible(Page.java:303)
	at sew.ai.pageObjects.scp.UsagePage.isWaterTabLinkVisible(UsagePage.java:386)
	at demo.steps.scp.UsageSteps.verifyWaterUsagesObjects(UsageSteps.java:618)
	at demo.tests.scp.UsagesTests.verifyWaterUsagePageObjects(UsagesTests.java:177)
	at java.base/java.util.ArrayList.forEach(ArrayList.java:1596)
... Removed 28 stack frames</div></td></tr></table><p class="totop"><a href="#summary">back to summary</a></p>
<h3 id="m25">demo.tests.scp.UserDashboardTests#verifyBillingSummarySectionObjects</h3><table class="result"><tr><th>Exception</th></tr><tr><td><div class="stacktrace">org.openqa.selenium.TimeoutException: Expected condition failed: waiting for element to be clickable: [[ChromeDriver: chrome on windows (095d54220562fca401dbe8b56f0e6dec)] -&gt; css selector: a[globalize = &apos;ML_DASHBOARD_Anchor_ViewBill&apos;]] (tried for 120 second(s) with 500 milliseconds interval)
Build info: version: &apos;4.13.0&apos;, revision: &apos;ba948ece5b*&apos;
System info: os.name: &apos;Windows 11&apos;, os.arch: &apos;amd64&apos;, os.version: &apos;10.0&apos;, java.version: &apos;21.0.2&apos;
Driver info: org.openqa.selenium.chrome.ChromeDriver
Capabilities {acceptInsecureCerts: false, browserName: chrome, browserVersion: 126.0.6478.114, chrome: {chromedriverVersion: 126.0.6478.63 (df799988fdc9..., userDataDir: C:\Windows\SystemTemp\scope...}, fedcm:accounts: true, goog:chromeOptions: {debuggerAddress: localhost:51813}, networkConnectionEnabled: false, pageLoadStrategy: normal, platformName: windows, proxy: Proxy(), se:cdp: ws://localhost:51813/devtoo..., se:cdpVersion: 126.0.6478.114, setWindowRect: true, strictFileInteractability: false, timeouts: {implicit: 0, pageLoad: 300000, script: 30000}, unhandledPromptBehavior: dismiss and notify, webauthn:extension:credBlob: true, webauthn:extension:largeBlob: true, webauthn:extension:minPinLength: true, webauthn:extension:prf: true, webauthn:virtualAuthenticators: true}
Session ID: 095d54220562fca401dbe8b56f0e6dec
	at org.openqa.selenium.support.ui.WebDriverWait.timeoutException(WebDriverWait.java:84)
	at org.openqa.selenium.support.ui.FluentWait.until(FluentWait.java:230)
	at sew.ai.driver.Page.waitForElementToBeClickable(Page.java:234)
	at sew.ai.driver.Page.click(Page.java:59)
	at demo.pageobjects.DashboardPage.clickViewBillLink(DashboardPage.java:1322)
	at demo.steps.scp.UserDashboardSteps.verifyBillingSummarySectionSteps(UserDashboardSteps.java:147)
	at demo.tests.scp.UserDashboardTests.verifyBillingSummarySectionObjects(UserDashboardTests.java:49)
	at java.base/java.util.ArrayList.forEach(ArrayList.java:1596)
... Removed 25 stack frames</div></td></tr></table><p class="totop"><a href="#summary">back to summary</a></p>
<h3 id="m26">demo.tests.scp.AboutMyHomeTests#verifyAboutMyHomeFormSubmission</h3><table class="result"><tr><th class="invisible"/></tr></table><p class="totop"><a href="#summary">back to summary</a></p>
<h3 id="m27">demo.tests.scp.AboutMyHomeTests#verifyAboutMyHomePageUI</h3><table class="result"><tr><th class="invisible"/></tr></table><p class="totop"><a href="#summary">back to summary</a></p>
<h3 id="m28">demo.tests.scp.AboutMyHomeTests#verifyMandatoryFieldForFormSubmission</h3><table class="result"><tr><th class="invisible"/></tr></table><p class="totop"><a href="#summary">back to summary</a></p>
<h3 id="m29">demo.tests.scp.AccountInformationTests#verifyAccountInfoPageValidation</h3><table class="result"><tr><th class="invisible"/></tr></table><p class="totop"><a href="#summary">back to summary</a></p>
<h3 id="m30">demo.tests.scp.AccountInformationTests#verifyEditFunctionality</h3><table class="result"><tr><th class="invisible"/></tr></table><p class="totop"><a href="#summary">back to summary</a></p>
<h3 id="m31">demo.tests.scp.AccountInformationTests#verifyEditMailingAddressFunctionality</h3><table class="result"><tr><th class="invisible"/></tr></table><p class="totop"><a href="#summary">back to summary</a></p>
<h3 id="m32">demo.tests.scp.AccountInformationTests#verifyLinkAccFormFieldValidation</h3><table class="result"><tr><th class="invisible"/></tr></table><p class="totop"><a href="#summary">back to summary</a></p>
<h3 id="m33">demo.tests.scp.AccountInformationTests#verifyLinkAccountUIAndValidation</h3><table class="result"><tr><th class="invisible"/></tr></table><p class="totop"><a href="#summary">back to summary</a></p>
<h3 id="m34">demo.tests.scp.AccountInformationTests#verifyLinkAccountUIAndValidation</h3><table class="result"><tr><th class="invisible"/></tr></table><p class="totop"><a href="#summary">back to summary</a></p>
<h3 id="m35">demo.tests.scp.AccountInformationTests#verifyUnlinkDefaultAccFunctionality</h3><table class="result"><tr><th class="invisible"/></tr></table><p class="totop"><a href="#summary">back to summary</a></p>
<h3 id="m36">demo.tests.scp.ForgetPasswordTests#validateForgotPasswordObjects</h3><table class="result"><tr><th class="invisible"/></tr></table><p class="totop"><a href="#summary">back to summary</a></p>
<h3 id="m37">demo.tests.scp.ForgetPasswordTests#validateForgotPasswordWithValidandInvalidData</h3><table class="result"><tr><th class="invisible"/></tr></table><p class="totop"><a href="#summary">back to summary</a></p>
<h3 id="m38">demo.tests.scp.ForgetUsernameTest#validateForgotUsernamePageObjects</h3><table class="result"><tr><th class="invisible"/></tr></table><p class="totop"><a href="#summary">back to summary</a></p>
<h3 id="m39">demo.tests.scp.GuestUserTests#verifyEditGuestDetailsFunction</h3><table class="result"><tr><th class="invisible"/></tr></table><p class="totop"><a href="#summary">back to summary</a></p>
<h3 id="m40">demo.tests.scp.GuestUserTests#verifyGuestUserPageUI</h3><table class="result"><tr><th class="invisible"/></tr></table><p class="totop"><a href="#summary">back to summary</a></p>
<h3 id="m41">demo.tests.scp.GuestUserTests#verifyInviteNewGuestUserFunctionnality</h3><table class="result"><tr><th class="invisible"/></tr></table><p class="totop"><a href="#summary">back to summary</a></p>
<h3 id="m42">demo.tests.scp.GuestUserTests#verifyResendActivationLinkFunction</h3><table class="result"><tr><th class="invisible"/></tr></table><p class="totop"><a href="#summary">back to summary</a></p>
<h3 id="m43">demo.tests.scp.MyProfileTests#verifyMyProfileInformationPageUI</h3><table class="result"><tr><th class="invisible"/></tr></table><p class="totop"><a href="#summary">back to summary</a></p>
<h3 id="m44">demo.tests.scp.MyProfileTests#verifyNegativeValidationForMyProfilePage</h3><table class="result"><tr><th class="invisible"/></tr></table><p class="totop"><a href="#summary">back to summary</a></p>
<h3 id="m45">demo.tests.scp.NotificationPreferenceTests#verifyNotificationPreferencePageObjects</h3><table class="result"><tr><th class="invisible"/></tr></table><p class="totop"><a href="#summary">back to summary</a></p>
<h3 id="m46">demo.tests.scp.NotificationPreferenceTests#verifyQuietHoursFunctionalityAndUI</h3><table class="result"><tr><th class="invisible"/></tr></table><p class="totop"><a href="#summary">back to summary</a></p>
<h3 id="m47">demo.tests.scp.NotificationPreferenceTests#verifyTcpaCompliancePopup</h3><table class="result"><tr><th class="invisible"/></tr></table><p class="totop"><a href="#summary">back to summary</a></p>
<h3 id="m48">demo.tests.scp.NotificationTests#verifyDeleteMultipleNotifications</h3><table class="result"><tr><th class="invisible"/></tr></table><p class="totop"><a href="#summary">back to summary</a></p>
<h3 id="m49">demo.tests.scp.NotificationTests#verifyDeleteNotification</h3><table class="result"><tr><th class="invisible"/></tr></table><p class="totop"><a href="#summary">back to summary</a></p>
<h3 id="m50">demo.tests.scp.NotificationTests#verifyDeleteNotificationsPermanantly</h3><table class="result"><tr><th class="invisible"/></tr></table><p class="totop"><a href="#summary">back to summary</a></p>
<h3 id="m51">demo.tests.scp.NotificationTests#verifyNegativeValidationsNotifications</h3><table class="result"><tr><th class="invisible"/></tr></table><p class="totop"><a href="#summary">back to summary</a></p>
<h3 id="m52">demo.tests.scp.NotificationTests#verifyNotificationsPageNavigationAndUI</h3><table class="result"><tr><th class="invisible"/></tr></table><p class="totop"><a href="#summary">back to summary</a></p>
<h3 id="m53">demo.tests.scp.NotificationTests#verifyReplyNotifications</h3><table class="result"><tr><th class="invisible"/></tr></table><p class="totop"><a href="#summary">back to summary</a></p>
<h3 id="m54">demo.tests.scp.NotificationTests#verifyReplyNotifications</h3><table class="result"><tr><th class="invisible"/></tr></table><p class="totop"><a href="#summary">back to summary</a></p>
<h3 id="m55">demo.tests.scp.NotificationTests#verifyUnsaveAllNotifications</h3><table class="result"><tr><th class="invisible"/></tr></table><p class="totop"><a href="#summary">back to summary</a></p>
<h3 id="m56">demo.tests.scp.NotificationTests#verifyputBackNotifications</h3><table class="result"><tr><th class="invisible"/></tr></table><p class="totop"><a href="#summary">back to summary</a></p>
<h3 id="m57">demo.tests.scp.NotificationTests#verifysaveMultipleNotifications</h3><table class="result"><tr><th class="invisible"/></tr></table><p class="totop"><a href="#summary">back to summary</a></p>
<h3 id="m58">demo.tests.scp.PaymentInfoTests#verifyPaymentInformationPageObjects</h3><table class="result"><tr><th class="invisible"/></tr></table><p class="totop"><a href="#summary">back to summary</a></p>
<h3 id="m59">demo.tests.scp.PostLogContactUsTests#verifyPostLoginSavedFormsPage</h3><table class="result"><tr><th class="invisible"/></tr></table><p class="totop"><a href="#summary">back to summary</a></p>
<h3 id="m60">demo.tests.scp.PostLogContactUsTests#verifySubmitBillingQueryWithInValidAttachment</h3><table class="result"><tr><th class="invisible"/></tr></table><p class="totop"><a href="#summary">back to summary</a></p>
<h3 id="m61">demo.tests.scp.PostLogContactUsTests#verifySubmitBillingQueryWithValidAttachment</h3><table class="result"><tr><th class="invisible"/></tr></table><p class="totop"><a href="#summary">back to summary</a></p>
<h3 id="m62">demo.tests.scp.PreLoginOutagesTests#verifyClickingMapLegendAndWeatherButtons</h3><table class="result"><tr><th class="invisible"/></tr></table><p class="totop"><a href="#summary">back to summary</a></p>
<h3 id="m63">demo.tests.scp.PreLoginOutagesTests#verifyOutageFunctionalities</h3><table class="result"><tr><th class="invisible"/></tr></table><p class="totop"><a href="#summary">back to summary</a></p>
<h3 id="m64">demo.tests.scp.PreLoginOutagesTests#verifyPreLoginOutagesPageObjects</h3><table class="result"><tr><th class="invisible"/></tr></table><p class="totop"><a href="#summary">back to summary</a></p>
<h3 id="m65">demo.tests.scp.PreLoginTests#verifyInvalidLogin</h3><table class="result"><tr><th class="invisible"/></tr></table><p class="totop"><a href="#summary">back to summary</a></p>
<h3 id="m66">demo.tests.scp.PreLoginTests#verifyLoginPageObjects</h3><table class="result"><tr><th class="invisible"/></tr></table><p class="totop"><a href="#summary">back to summary</a></p>
<h3 id="m67">demo.tests.scp.PreLoginTests#verifyPreLogChatBox</h3><table class="result"><tr><th class="invisible"/></tr></table><p class="totop"><a href="#summary">back to summary</a></p>
<h3 id="m68">demo.tests.scp.PreLoginTests#verifyPreLogPaymentLocations</h3><table class="result"><tr><th class="invisible"/></tr></table><p class="totop"><a href="#summary">back to summary</a></p>
<h3 id="m69">demo.tests.scp.PreLoginTests#verifyPreLogTrackContactReqForWaterWaste</h3><table class="result"><tr><th class="invisible"/></tr></table><p class="totop"><a href="#summary">back to summary</a></p>
<h3 id="m70">demo.tests.scp.PreLoginTests#verifyRememberMeLoginFunctionality</h3><table class="result"><tr><th class="invisible"/></tr></table><p class="totop"><a href="#summary">back to summary</a></p>
<h3 id="m71">demo.tests.scp.PreLoginTests#verifyValidLogin</h3><table class="result"><tr><th class="invisible"/></tr></table><p class="totop"><a href="#summary">back to summary</a></p>
<h3 id="m72">demo.tests.scp.PreLoginTests#verifyWaysToSavePage</h3><table class="result"><tr><th class="invisible"/></tr></table><p class="totop"><a href="#summary">back to summary</a></p>
<h3 id="m73">demo.tests.scp.ProblemSigningInTest#validateProblemSignInPage</h3><table class="result"><tr><th class="invisible"/></tr></table><p class="totop"><a href="#summary">back to summary</a></p>
<h3 id="m74">demo.tests.scp.ProblemSigningInTest#verifyProblemSignInFieldValidations</h3><table class="result"><tr><th class="invisible"/></tr></table><p class="totop"><a href="#summary">back to summary</a></p>
<h3 id="m75">demo.tests.scp.UserDashboardTests#verifyAutoPayCarouselFeatureOnDashboard</h3><table class="result"><tr><th class="invisible"/></tr></table><p class="totop"><a href="#summary">back to summary</a></p>
<h3 id="m76">demo.tests.scp.UserDashboardTests#verifyDashboardPageObjects</h3><table class="result"><tr><th class="invisible"/></tr></table><p class="totop"><a href="#summary">back to summary</a></p>
<h3 id="m77">demo.tests.scp.UserDashboardTests#verifySmartHomeCarouselFeatureOnDashboard</h3><table class="result"><tr><th class="invisible"/></tr></table><p class="totop"><a href="#summary">back to summary</a></p>
<h3 id="m78">demo.tests.scp.UserDashboardTests#verifyUsageFeatureOnDashboard</h3><table class="result"><tr><th class="invisible"/></tr></table><p class="totop"><a href="#summary">back to summary</a></p>
</body>
</html>
