<?xml version="1.0" encoding="UTF-8"?>
<!-- Generated by org.testng.reporters.JUnitReportReporter -->
<testsuite hostname="USZYBGH1MU" failures="0" tests="32" name="sew.ai.tests.scp.UsagesTests" time="-1697015552.000" errors="1" timestamp="2023-10-11T14:41:24 IST" skipped="31">
  <testcase classname="sew.ai.tests.scp.UsagesTests" name="classPreRequisites" time="-1697015552.000">
    <error message="
Parameter &#039;platformType&#039; is required by BeforeClass on method classPreRequisites but has not been marked @Optional or defined
" type="org.testng.TestNGException">
      <![CDATA[org.testng.TestNGException: 
Parameter 'platformType' is required by BeforeClass on method classPreRequisites but has not been marked @Optional or defined

at org.testng.internal.Parameters.createParams(Parameters.java:267)
at org.testng.internal.Parameters.createParametersForMethod(Parameters.java:355)
at org.testng.internal.Parameters.createParameters(Parameters.java:684)
at org.testng.internal.Parameters.createConfigurationParameters(Parameters.java:166)
at org.testng.internal.invokers.ConfigInvoker.invokeConfigurations(ConfigInvoker.java:277)
at org.testng.internal.invokers.TestMethodWorker.invokeBeforeClassMethods(TestMethodWorker.java:180)
at org.testng.internal.invokers.TestMethodWorker.run(TestMethodWorker.java:122)
at java.base/java.util.ArrayList.forEach(ArrayList.java:1511)
at org.testng.TestRunner.privateRun(TestRunner.java:829)
at org.testng.TestRunner.run(TestRunner.java:602)
at org.testng.SuiteRunner.runTest(SuiteRunner.java:437)
at org.testng.SuiteRunner.runSequentially(SuiteRunner.java:431)
at org.testng.SuiteRunner.privateRun(SuiteRunner.java:391)
at org.testng.SuiteRunner.run(SuiteRunner.java:330)
at org.testng.SuiteRunnerWorker.runSuite(SuiteRunnerWorker.java:52)
at org.testng.SuiteRunnerWorker.run(SuiteRunnerWorker.java:95)
at org.testng.TestNG.runSuitesSequentially(TestNG.java:1256)
at org.testng.TestNG.runSuitesLocally(TestNG.java:1176)
at org.testng.TestNG.runSuites(TestNG.java:1099)
at org.testng.TestNG.run(TestNG.java:1067)
at org.apache.maven.surefire.testng.TestNGExecutor.run(TestNGExecutor.java:155)
at org.apache.maven.surefire.testng.TestNGDirectoryTestSuite.executeMulti(TestNGDirectoryTestSuite.java:169)
at org.apache.maven.surefire.testng.TestNGDirectoryTestSuite.execute(TestNGDirectoryTestSuite.java:88)
at org.apache.maven.surefire.testng.TestNGProvider.invoke(TestNGProvider.java:137)
at org.apache.maven.surefire.booter.ForkedBooter.runSuitesInProcess(ForkedBooter.java:385)
at org.apache.maven.surefire.booter.ForkedBooter.execute(ForkedBooter.java:162)
at org.apache.maven.surefire.booter.ForkedBooter.run(ForkedBooter.java:507)
at org.apache.maven.surefire.booter.ForkedBooter.main(ForkedBooter.java:495)
]]>
    </error>
  </testcase> <!-- classPreRequisites -->
  <system-out/>
  <testcase classname="sew.ai.tests.scp.UsagesTests" name="verifyElectricUsagePageObjects" time="0.000">
    <skipped/>
  </testcase> <!-- verifyElectricUsagePageObjects -->
  <system-out/>
  <testcase classname="sew.ai.tests.scp.UsagesTests" name="verifyWaterUsagePageObjects" time="0.000">
    <skipped/>
  </testcase> <!-- verifyWaterUsagePageObjects -->
  <system-out/>
  <testcase classname="sew.ai.tests.scp.UsagesTests" name="verifyGasUsagePageObjects" time="0.000">
    <skipped/>
  </testcase> <!-- verifyGasUsagePageObjects -->
  <system-out/>
  <testcase classname="sew.ai.tests.scp.UsagesTests" name="verifySolarUsagePageObjects" time="0.000">
    <skipped/>
  </testcase> <!-- verifySolarUsagePageObjects -->
  <system-out/>
  <testcase classname="sew.ai.tests.scp.UsagesTests" name="verifyMonthlyElectricUsageData" time="0.000">
    <skipped/>
  </testcase> <!-- verifyMonthlyElectricUsageData -->
  <system-out/>
  <testcase classname="sew.ai.tests.scp.UsagesTests" name="verifyDailyElectricUsageData" time="0.000">
    <skipped/>
  </testcase> <!-- verifyDailyElectricUsageData -->
  <system-out/>
  <testcase classname="sew.ai.tests.scp.UsagesTests" name="verifyHourlyElectricUsageData" time="0.000">
    <skipped/>
  </testcase> <!-- verifyHourlyElectricUsageData -->
  <system-out/>
  <testcase classname="sew.ai.tests.scp.UsagesTests" name="verifyMinutesElectricUsageData" time="0.000">
    <skipped/>
  </testcase> <!-- verifyMinutesElectricUsageData -->
  <system-out/>
  <testcase classname="sew.ai.tests.scp.UsagesTests" name="verifyMonthlyWaterUsageData" time="0.000">
    <skipped/>
  </testcase> <!-- verifyMonthlyWaterUsageData -->
  <system-out/>
  <testcase classname="sew.ai.tests.scp.UsagesTests" name="verifyDailyWaterUsageData" time="0.000">
    <skipped/>
  </testcase> <!-- verifyDailyWaterUsageData -->
  <system-out/>
  <testcase classname="sew.ai.tests.scp.UsagesTests" name="verifyHourlyWaterUsageData" time="0.000">
    <skipped/>
  </testcase> <!-- verifyHourlyWaterUsageData -->
  <system-out/>
  <testcase classname="sew.ai.tests.scp.UsagesTests" name="verifyMinutesWaterUsageData" time="0.002">
    <skipped/>
  </testcase> <!-- verifyMinutesWaterUsageData -->
  <system-out/>
  <testcase classname="sew.ai.tests.scp.UsagesTests" name="verifyMonthlyGasUsageData" time="0.000">
    <skipped/>
  </testcase> <!-- verifyMonthlyGasUsageData -->
  <system-out/>
  <testcase classname="sew.ai.tests.scp.UsagesTests" name="verifyDailyGasUsageData" time="0.000">
    <skipped/>
  </testcase> <!-- verifyDailyGasUsageData -->
  <system-out/>
  <testcase classname="sew.ai.tests.scp.UsagesTests" name="verifyHourlyGasUsageData" time="0.000">
    <skipped/>
  </testcase> <!-- verifyHourlyGasUsageData -->
  <system-out/>
  <testcase classname="sew.ai.tests.scp.UsagesTests" name="verifyMinutesGasUsageData" time="0.000">
    <skipped/>
  </testcase> <!-- verifyMinutesGasUsageData -->
  <system-out/>
  <testcase classname="sew.ai.tests.scp.UsagesTests" name="verifySolarUsageData" time="0.000">
    <skipped/>
  </testcase> <!-- verifySolarUsageData -->
  <system-out/>
  <testcase classname="sew.ai.tests.scp.UsagesTests" name="verifyExportToExcelElectricData" time="0.000">
    <skipped/>
  </testcase> <!-- verifyExportToExcelElectricData -->
  <system-out/>
  <testcase classname="sew.ai.tests.scp.UsagesTests" name="verifyExportToExcelWaterData" time="0.000">
    <skipped/>
  </testcase> <!-- verifyExportToExcelWaterData -->
  <system-out/>
  <testcase classname="sew.ai.tests.scp.UsagesTests" name="verifyExportToExcelGasData" time="0.000">
    <skipped/>
  </testcase> <!-- verifyExportToExcelGasData -->
  <system-out/>
  <testcase classname="sew.ai.tests.scp.UsagesTests" name="verifyExportToExcelGenerationData" time="0.000">
    <skipped/>
  </testcase> <!-- verifyExportToExcelGenerationData -->
  <system-out/>
  <testcase classname="sew.ai.tests.scp.UsagesTests" name="verifyElectricUsageColorLogic" time="0.000">
    <skipped/>
  </testcase> <!-- verifyElectricUsageColorLogic -->
  <system-out/>
  <testcase classname="sew.ai.tests.scp.UsagesTests" name="verifyWaterUsageColorLogic" time="0.000">
    <skipped/>
  </testcase> <!-- verifyWaterUsageColorLogic -->
  <system-out/>
  <testcase classname="sew.ai.tests.scp.UsagesTests" name="verifyGasUsageColorLogic" time="0.000">
    <skipped/>
  </testcase> <!-- verifyGasUsageColorLogic -->
  <system-out/>
  <testcase classname="sew.ai.tests.scp.UsagesTests" name="verifyAverageHighestElectricUsage" time="0.000">
    <skipped/>
  </testcase> <!-- verifyAverageHighestElectricUsage -->
  <system-out/>
  <testcase classname="sew.ai.tests.scp.UsagesTests" name="verifyAverageHighestWaterUsage" time="0.000">
    <skipped/>
  </testcase> <!-- verifyAverageHighestWaterUsage -->
  <system-out/>
  <testcase classname="sew.ai.tests.scp.UsagesTests" name="verifyAverageHighestGasUsage" time="0.000">
    <skipped/>
  </testcase> <!-- verifyAverageHighestGasUsage -->
  <system-out/>
  <testcase classname="sew.ai.tests.scp.UsagesTests" name="verifyWeatherOverlayElectricData" time="0.000">
    <skipped/>
  </testcase> <!-- verifyWeatherOverlayElectricData -->
  <system-out/>
  <testcase classname="sew.ai.tests.scp.UsagesTests" name="verifySoFarProjectedElectricUsage" time="0.000">
    <skipped/>
  </testcase> <!-- verifySoFarProjectedElectricUsage -->
  <system-out/>
  <testcase classname="sew.ai.tests.scp.UsagesTests" name="verifySoFarProjectedWaterUsage" time="0.000">
    <skipped/>
  </testcase> <!-- verifySoFarProjectedWaterUsage -->
  <system-out/>
  <testcase classname="sew.ai.tests.scp.UsagesTests" name="verifySoFarProjectedGasUsage" time="0.000">
    <skipped/>
  </testcase> <!-- verifySoFarProjectedGasUsage -->
  <system-out/>
</testsuite> <!-- sew.ai.tests.scp.UsagesTests -->
