<?xml version="1.0" encoding="UTF-8"?>
<!-- Generated by org.testng.reporters.JUnitReportReporter -->
<testsuite hostname="USZYBGH1MU" failures="0" tests="55" name="sew.ai.tests.csp.AdminCustomerTests" time="-1697015552.000" errors="1" timestamp="2023-10-11T14:41:24 IST" skipped="54">
  <testcase classname="sew.ai.tests.csp.AdminCustomerTests" name="classPreRequisites" time="-1697015552.000">
    <error message="
Parameter &#039;platformType&#039; is required by BeforeClass on method classPreRequisites but has not been marked @Optional or defined
" type="org.testng.TestNGException">
      <![CDATA[org.testng.TestNGException: 
Parameter 'platformType' is required by BeforeClass on method classPreRequisites but has not been marked @Optional or defined

at org.testng.internal.Parameters.createParams(Parameters.java:267)
at org.testng.internal.Parameters.createParametersForMethod(Parameters.java:355)
at org.testng.internal.Parameters.createParameters(Parameters.java:684)
at org.testng.internal.Parameters.createConfigurationParameters(Parameters.java:166)
at org.testng.internal.invokers.ConfigInvoker.invokeConfigurations(ConfigInvoker.java:277)
at org.testng.internal.invokers.TestMethodWorker.invokeBeforeClassMethods(TestMethodWorker.java:180)
at org.testng.internal.invokers.TestMethodWorker.run(TestMethodWorker.java:122)
at java.base/java.util.ArrayList.forEach(ArrayList.java:1511)
at org.testng.TestRunner.privateRun(TestRunner.java:829)
at org.testng.TestRunner.run(TestRunner.java:602)
at org.testng.SuiteRunner.runTest(SuiteRunner.java:437)
at org.testng.SuiteRunner.runSequentially(SuiteRunner.java:431)
at org.testng.SuiteRunner.privateRun(SuiteRunner.java:391)
at org.testng.SuiteRunner.run(SuiteRunner.java:330)
at org.testng.SuiteRunnerWorker.runSuite(SuiteRunnerWorker.java:52)
at org.testng.SuiteRunnerWorker.run(SuiteRunnerWorker.java:95)
at org.testng.TestNG.runSuitesSequentially(TestNG.java:1256)
at org.testng.TestNG.runSuitesLocally(TestNG.java:1176)
at org.testng.TestNG.runSuites(TestNG.java:1099)
at org.testng.TestNG.run(TestNG.java:1067)
at org.apache.maven.surefire.testng.TestNGExecutor.run(TestNGExecutor.java:155)
at org.apache.maven.surefire.testng.TestNGDirectoryTestSuite.executeMulti(TestNGDirectoryTestSuite.java:169)
at org.apache.maven.surefire.testng.TestNGDirectoryTestSuite.execute(TestNGDirectoryTestSuite.java:88)
at org.apache.maven.surefire.testng.TestNGProvider.invoke(TestNGProvider.java:137)
at org.apache.maven.surefire.booter.ForkedBooter.runSuitesInProcess(ForkedBooter.java:385)
at org.apache.maven.surefire.booter.ForkedBooter.execute(ForkedBooter.java:162)
at org.apache.maven.surefire.booter.ForkedBooter.run(ForkedBooter.java:507)
at org.apache.maven.surefire.booter.ForkedBooter.main(ForkedBooter.java:495)
]]>
    </error>
  </testcase> <!-- classPreRequisites -->
  <system-out/>
  <testcase classname="sew.ai.tests.csp.AdminCustomerTests" name="verifyLockUnLockUser" time="0.000">
    <skipped/>
  </testcase> <!-- verifyLockUnLockUser -->
  <system-out/>
  <testcase classname="sew.ai.tests.csp.AdminCustomerTests" name="verifyEfficiency360View" time="0.000">
    <skipped/>
  </testcase> <!-- verifyEfficiency360View -->
  <system-out/>
  <testcase classname="sew.ai.tests.csp.AdminCustomerTests" name="verifyExportCustomerFileServiceTab" time="0.000">
    <skipped/>
  </testcase> <!-- verifyExportCustomerFileServiceTab -->
  <system-out/>
  <testcase classname="sew.ai.tests.csp.AdminCustomerTests" name="verifyActionAdvSearchFilterForUsersTab" time="0.000">
    <skipped/>
  </testcase> <!-- verifyActionAdvSearchFilterForUsersTab -->
  <system-out/>
  <testcase classname="sew.ai.tests.csp.AdminCustomerTests" name="verifyLoginToCustomerPortal" time="0.000">
    <skipped/>
  </testcase> <!-- verifyLoginToCustomerPortal -->
  <system-out/>
  <testcase classname="sew.ai.tests.csp.AdminCustomerTests" name="verifyCSRTabPaginationFeature" time="0.000">
    <skipped/>
  </testcase> <!-- verifyCSRTabPaginationFeature -->
  <system-out/>
  <testcase classname="sew.ai.tests.csp.AdminCustomerTests" name="verifyResetButtonAdvanceSearchCustomer" time="0.000">
    <skipped/>
  </testcase> <!-- verifyResetButtonAdvanceSearchCustomer -->
  <system-out/>
  <testcase classname="sew.ai.tests.csp.AdminCustomerTests" name="verifyLastLogin" time="0.000">
    <skipped/>
  </testcase> <!-- verifyLastLogin -->
  <system-out/>
  <testcase classname="sew.ai.tests.csp.AdminCustomerTests" name="verifyCSRworkbenchUI" time="0.000">
    <skipped/>
  </testcase> <!-- verifyCSRworkbenchUI -->
  <system-out/>
  <testcase classname="sew.ai.tests.csp.AdminCustomerTests" name="verifyUsersDataGridSorting" time="0.000">
    <skipped/>
  </testcase> <!-- verifyUsersDataGridSorting -->
  <system-out/>
  <testcase classname="sew.ai.tests.csp.AdminCustomerTests" name="verifyAdvanceSearchFilterSCMUserTab" time="0.000">
    <skipped/>
  </testcase> <!-- verifyAdvanceSearchFilterSCMUserTab -->
  <system-out/>
  <testcase classname="sew.ai.tests.csp.AdminCustomerTests" name="verifyActionsAdvSearchFilterServiceAcc" time="0.000">
    <skipped/>
  </testcase> <!-- verifyActionsAdvSearchFilterServiceAcc -->
  <system-out/>
  <testcase classname="sew.ai.tests.csp.AdminCustomerTests" name="verifySearchServiceAccountTab" time="0.000">
    <skipped/>
  </testcase> <!-- verifySearchServiceAccountTab -->
  <system-out/>
  <testcase classname="sew.ai.tests.csp.AdminCustomerTests" name="verifyExportSCMUserFile" time="0.000">
    <skipped/>
  </testcase> <!-- verifyExportSCMUserFile -->
  <system-out/>
  <testcase classname="sew.ai.tests.csp.AdminCustomerTests" name="verifyCSRTabSortingFeature" time="0.000">
    <skipped/>
  </testcase> <!-- verifyCSRTabSortingFeature -->
  <system-out/>
  <testcase classname="sew.ai.tests.csp.AdminCustomerTests" name="verifyAdvFilterServiceAccTab" time="0.000">
    <skipped/>
  </testcase> <!-- verifyAdvFilterServiceAccTab -->
  <system-out/>
  <testcase classname="sew.ai.tests.csp.AdminCustomerTests" name="verifyAdvanceFilterCustomerWithAccountType" time="0.000">
    <skipped/>
  </testcase> <!-- verifyAdvanceFilterCustomerWithAccountType -->
  <system-out/>
  <testcase classname="sew.ai.tests.csp.AdminCustomerTests" name="verifyCSRTabFunctionality" time="0.000">
    <skipped/>
  </testcase> <!-- verifyCSRTabFunctionality -->
  <system-out/>
  <testcase classname="sew.ai.tests.csp.AdminCustomerTests" name="verifyPrepaidUserDetailsView" time="0.000">
    <skipped/>
  </testcase> <!-- verifyPrepaidUserDetailsView -->
  <system-out/>
  <testcase classname="sew.ai.tests.csp.AdminCustomerTests" name="verifyRegisteredServiceAccountDetailsC360AndSCPWithDB" time="0.000">
    <skipped/>
  </testcase> <!-- verifyRegisteredServiceAccountDetailsC360AndSCPWithDB -->
  <system-out/>
  <testcase classname="sew.ai.tests.csp.AdminCustomerTests" name="verifyResetButtonAdvanceSearchServiceAccountTab" time="0.000">
    <skipped/>
  </testcase> <!-- verifyResetButtonAdvanceSearchServiceAccountTab -->
  <system-out/>
  <testcase classname="sew.ai.tests.csp.AdminCustomerTests" name="verifyCountRegUnRegAccountsAdvSearchWithDB" time="0.000">
    <skipped/>
  </testcase> <!-- verifyCountRegUnRegAccountsAdvSearchWithDB -->
  <system-out/>
  <testcase classname="sew.ai.tests.csp.AdminCustomerTests" name="verifyUserDetails360View" time="0.000">
    <skipped/>
  </testcase> <!-- verifyUserDetails360View -->
  <system-out/>
  <testcase classname="sew.ai.tests.csp.AdminCustomerTests" name="verifyUserStatusDBValueAndColor" time="0.000">
    <skipped/>
  </testcase> <!-- verifyUserStatusDBValueAndColor -->
  <system-out/>
  <testcase classname="sew.ai.tests.csp.AdminCustomerTests" name="verifyBilling360View" time="0.001">
    <skipped/>
  </testcase> <!-- verifyBilling360View -->
  <system-out/>
  <testcase classname="sew.ai.tests.csp.AdminCustomerTests" name="verifySCMUserEditRecord" time="0.000">
    <skipped/>
  </testcase> <!-- verifySCMUserEditRecord -->
  <system-out/>
  <testcase classname="sew.ai.tests.csp.AdminCustomerTests" name="verifyCustomerDetailsPopUpTabs" time="0.000">
    <skipped/>
  </testcase> <!-- verifyCustomerDetailsPopUpTabs -->
  <system-out/>
  <testcase classname="sew.ai.tests.csp.AdminCustomerTests" name="verifyRegistrationPendingActivationLink" time="0.000">
    <skipped/>
  </testcase> <!-- verifyRegistrationPendingActivationLink -->
  <system-out/>
  <testcase classname="sew.ai.tests.csp.AdminCustomerTests" name="verifyFieldsCSRActiveInactiveUsersTab" time="0.000">
    <skipped/>
  </testcase> <!-- verifyFieldsCSRActiveInactiveUsersTab -->
  <system-out/>
  <testcase classname="sew.ai.tests.csp.AdminCustomerTests" name="verifyAdvanceFilterCustomerWithZipAndEmail" time="0.000">
    <skipped/>
  </testcase> <!-- verifyAdvanceFilterCustomerWithZipAndEmail -->
  <system-out/>
  <testcase classname="sew.ai.tests.csp.AdminCustomerTests" name="verifyResetTemporaryPasswordCSP" time="0.000">
    <skipped/>
  </testcase> <!-- verifyResetTemporaryPasswordCSP -->
  <system-out/>
  <testcase classname="sew.ai.tests.csp.AdminCustomerTests" name="verifyAddCustomerLinkCSR" time="0.000">
    <skipped/>
  </testcase> <!-- verifyAddCustomerLinkCSR -->
  <system-out/>
  <testcase classname="sew.ai.tests.csp.AdminCustomerTests" name="verifyUserLinkedAccount" time="0.000">
    <skipped/>
  </testcase> <!-- verifyUserLinkedAccount -->
  <system-out/>
  <testcase classname="sew.ai.tests.csp.AdminCustomerTests" name="verifyRegisteredUsertabsAndCount" time="0.000">
    <skipped/>
  </testcase> <!-- verifyRegisteredUsertabsAndCount -->
  <system-out/>
  <testcase classname="sew.ai.tests.csp.AdminCustomerTests" name="verifyAdvanceSearchFilterSCMCustomerTab" time="0.000">
    <skipped/>
  </testcase> <!-- verifyAdvanceSearchFilterSCMCustomerTab -->
  <system-out/>
  <testcase classname="sew.ai.tests.csp.AdminCustomerTests" name="verifySendNotification" time="0.000">
    <skipped/>
  </testcase> <!-- verifySendNotification -->
  <system-out/>
  <testcase classname="sew.ai.tests.csp.AdminCustomerTests" name="verifyEditCustomer" time="0.000">
    <skipped/>
  </testcase> <!-- verifyEditCustomer -->
  <system-out/>
  <testcase classname="sew.ai.tests.csp.AdminCustomerTests" name="verifyAdvanceSearchFilterServiceAccountTab" time="0.000">
    <skipped/>
  </testcase> <!-- verifyAdvanceSearchFilterServiceAccountTab -->
  <system-out/>
  <testcase classname="sew.ai.tests.csp.AdminCustomerTests" name="verifyRegisterUserGridUIFields" time="0.000">
    <skipped/>
  </testcase> <!-- verifyRegisterUserGridUIFields -->
  <system-out/>
  <testcase classname="sew.ai.tests.csp.AdminCustomerTests" name="verifyGuest360View" time="0.000">
    <skipped/>
  </testcase> <!-- verifyGuest360View -->
  <system-out/>
  <testcase classname="sew.ai.tests.csp.AdminCustomerTests" name="verifyPayment360View" time="0.000">
    <skipped/>
  </testcase> <!-- verifyPayment360View -->
  <system-out/>
  <testcase classname="sew.ai.tests.csp.AdminCustomerTests" name="verifyCustomerInformation360View" time="0.000">
    <skipped/>
  </testcase> <!-- verifyCustomerInformation360View -->
  <system-out/>
  <testcase classname="sew.ai.tests.csp.AdminCustomerTests" name="verifyBillTypeStatusesDetailsView" time="0.000">
    <skipped/>
  </testcase> <!-- verifyBillTypeStatusesDetailsView -->
  <system-out/>
  <testcase classname="sew.ai.tests.csp.AdminCustomerTests" name="verifyServicePlanProfileView" time="0.000">
    <skipped/>
  </testcase> <!-- verifyServicePlanProfileView -->
  <system-out/>
  <testcase classname="sew.ai.tests.csp.AdminCustomerTests" name="verifyActionAdvSearchFilterForCustomerTab" time="0.000">
    <skipped/>
  </testcase> <!-- verifyActionAdvSearchFilterForCustomerTab -->
  <system-out/>
  <testcase classname="sew.ai.tests.csp.AdminCustomerTests" name="verifyOutage360View" time="0.000">
    <skipped/>
  </testcase> <!-- verifyOutage360View -->
  <system-out/>
  <testcase classname="sew.ai.tests.csp.AdminCustomerTests" name="verifyUnRegisteredServiceAccountDetailsC360AndSCP" time="0.000">
    <skipped/>
  </testcase> <!-- verifyUnRegisteredServiceAccountDetailsC360AndSCP -->
  <system-out/>
  <testcase classname="sew.ai.tests.csp.AdminCustomerTests" name="verifyMarketingPreferences" time="0.000">
    <skipped/>
  </testcase> <!-- verifyMarketingPreferences -->
  <system-out/>
  <testcase classname="sew.ai.tests.csp.AdminCustomerTests" name="verifyPostpaidUserDetailsView" time="0.000">
    <skipped/>
  </testcase> <!-- verifyPostpaidUserDetailsView -->
  <system-out/>
  <testcase classname="sew.ai.tests.csp.AdminCustomerTests" name="verifyExportCustomerFile" time="0.001">
    <skipped/>
  </testcase> <!-- verifyExportCustomerFile -->
  <system-out/>
  <testcase classname="sew.ai.tests.csp.AdminCustomerTests" name="verifyResetButtonAdvanceSearchUser" time="0.000">
    <skipped/>
  </testcase> <!-- verifyResetButtonAdvanceSearchUser -->
  <system-out/>
  <testcase classname="sew.ai.tests.csp.AdminCustomerTests" name="verifyUserPageSize" time="0.000">
    <skipped/>
  </testcase> <!-- verifyUserPageSize -->
  <system-out/>
  <testcase classname="sew.ai.tests.csp.AdminCustomerTests" name="verifyBillTypeDetails360View" time="0.000">
    <skipped/>
  </testcase> <!-- verifyBillTypeDetails360View -->
  <system-out/>
  <testcase classname="sew.ai.tests.csp.AdminCustomerTests" name="verifyPropertyTab360View" time="0.000">
    <skipped/>
  </testcase> <!-- verifyPropertyTab360View -->
  <system-out/>
</testsuite> <!-- sew.ai.tests.csp.AdminCustomerTests -->
