<?xml version="1.0" encoding="UTF-8"?>
<!-- Generated by org.testng.reporters.JUnitReportReporter -->
<testsuite hostname="USZYBGH1MU" failures="0" tests="14" name="sew.ai.tests.scp.NotificationPreferenceTests" time="-1697015552.000" errors="1" timestamp="2023-10-11T14:41:25 IST" skipped="13">
  <testcase classname="sew.ai.tests.scp.NotificationPreferenceTests" name="classPreRequisites" time="-1697015552.000">
    <error message="
Parameter &#039;platformType&#039; is required by BeforeClass on method classPreRequisites but has not been marked @Optional or defined
" type="org.testng.TestNGException">
      <![CDATA[org.testng.TestNGException: 
Parameter 'platformType' is required by BeforeClass on method classPreRequisites but has not been marked @Optional or defined

at org.testng.internal.Parameters.createParams(Parameters.java:267)
at org.testng.internal.Parameters.createParametersForMethod(Parameters.java:355)
at org.testng.internal.Parameters.createParameters(Parameters.java:684)
at org.testng.internal.Parameters.createConfigurationParameters(Parameters.java:166)
at org.testng.internal.invokers.ConfigInvoker.invokeConfigurations(ConfigInvoker.java:277)
at org.testng.internal.invokers.TestMethodWorker.invokeBeforeClassMethods(TestMethodWorker.java:180)
at org.testng.internal.invokers.TestMethodWorker.run(TestMethodWorker.java:122)
at java.base/java.util.ArrayList.forEach(ArrayList.java:1511)
at org.testng.TestRunner.privateRun(TestRunner.java:829)
at org.testng.TestRunner.run(TestRunner.java:602)
at org.testng.SuiteRunner.runTest(SuiteRunner.java:437)
at org.testng.SuiteRunner.runSequentially(SuiteRunner.java:431)
at org.testng.SuiteRunner.privateRun(SuiteRunner.java:391)
at org.testng.SuiteRunner.run(SuiteRunner.java:330)
at org.testng.SuiteRunnerWorker.runSuite(SuiteRunnerWorker.java:52)
at org.testng.SuiteRunnerWorker.run(SuiteRunnerWorker.java:95)
at org.testng.TestNG.runSuitesSequentially(TestNG.java:1256)
at org.testng.TestNG.runSuitesLocally(TestNG.java:1176)
at org.testng.TestNG.runSuites(TestNG.java:1099)
at org.testng.TestNG.run(TestNG.java:1067)
at org.apache.maven.surefire.testng.TestNGExecutor.run(TestNGExecutor.java:155)
at org.apache.maven.surefire.testng.TestNGDirectoryTestSuite.executeMulti(TestNGDirectoryTestSuite.java:169)
at org.apache.maven.surefire.testng.TestNGDirectoryTestSuite.execute(TestNGDirectoryTestSuite.java:88)
at org.apache.maven.surefire.testng.TestNGProvider.invoke(TestNGProvider.java:137)
at org.apache.maven.surefire.booter.ForkedBooter.runSuitesInProcess(ForkedBooter.java:385)
at org.apache.maven.surefire.booter.ForkedBooter.execute(ForkedBooter.java:162)
at org.apache.maven.surefire.booter.ForkedBooter.run(ForkedBooter.java:507)
at org.apache.maven.surefire.booter.ForkedBooter.main(ForkedBooter.java:495)
]]>
    </error>
  </testcase> <!-- classPreRequisites -->
  <system-out/>
  <testcase classname="sew.ai.tests.scp.NotificationPreferenceTests" name="verifyNotificationInboxOnNoPreferenceAlert" time="0.000">
    <skipped/>
  </testcase> <!-- verifyNotificationInboxOnNoPreferenceAlert -->
  <system-out/>
  <testcase classname="sew.ai.tests.scp.NotificationPreferenceTests" name="verifyNotificationMaintainOnAccountLevel" time="0.000">
    <skipped/>
  </testcase> <!-- verifyNotificationMaintainOnAccountLevel -->
  <system-out/>
  <testcase classname="sew.ai.tests.scp.NotificationPreferenceTests" name="verifyNotificationPreferencePageObjects" time="0.000">
    <skipped/>
  </testcase> <!-- verifyNotificationPreferencePageObjects -->
  <system-out/>
  <testcase classname="sew.ai.tests.scp.NotificationPreferenceTests" name="verifyNotificationAlertStatusAndNoImpactOfQuietHOursOnEmail" time="0.000">
    <skipped/>
  </testcase> <!-- verifyNotificationAlertStatusAndNoImpactOfQuietHOursOnEmail -->
  <system-out/>
  <testcase classname="sew.ai.tests.scp.NotificationPreferenceTests" name="verifyAddNotificationChannelFunctionality" time="0.000">
    <skipped/>
  </testcase> <!-- verifyAddNotificationChannelFunctionality -->
  <system-out/>
  <testcase classname="sew.ai.tests.scp.NotificationPreferenceTests" name="verifyQuietHoursFunctionalityAndUIforEmailAddress" time="0.000">
    <skipped/>
  </testcase> <!-- verifyQuietHoursFunctionalityAndUIforEmailAddress -->
  <system-out/>
  <testcase classname="sew.ai.tests.scp.NotificationPreferenceTests" name="verifyTcpaCompliancePopup" time="0.000">
    <skipped/>
  </testcase> <!-- verifyTcpaCompliancePopup -->
  <system-out/>
  <testcase classname="sew.ai.tests.scp.NotificationPreferenceTests" name="hideAndUnHideNotificationPreference" time="0.000">
    <skipped/>
  </testcase> <!-- hideAndUnHideNotificationPreference -->
  <system-out/>
  <testcase classname="sew.ai.tests.scp.NotificationPreferenceTests" name="verifyQuietHoursFunctionalityAndUI" time="0.000">
    <skipped/>
  </testcase> <!-- verifyQuietHoursFunctionalityAndUI -->
  <system-out/>
  <testcase classname="sew.ai.tests.scp.NotificationPreferenceTests" name="verifyNotificationMobileNumberEmailAddress" time="0.000">
    <skipped/>
  </testcase> <!-- verifyNotificationMobileNumberEmailAddress -->
  <system-out/>
  <testcase classname="sew.ai.tests.scp.NotificationPreferenceTests" name="verifyNotificationAlertsValidationMessages" time="0.000">
    <skipped/>
  </testcase> <!-- verifyNotificationAlertsValidationMessages -->
  <system-out/>
  <testcase classname="sew.ai.tests.scp.NotificationPreferenceTests" name="verifyNotificationsChannelsValidations" time="0.000">
    <skipped/>
  </testcase> <!-- verifyNotificationsChannelsValidations -->
  <system-out/>
  <testcase classname="sew.ai.tests.scp.NotificationPreferenceTests" name="verifyNotificationPreferenceForRegisteredUser" time="0.000">
    <skipped/>
  </testcase> <!-- verifyNotificationPreferenceForRegisteredUser -->
  <system-out/>
</testsuite> <!-- sew.ai.tests.scp.NotificationPreferenceTests -->
