<?xml version="1.0" encoding="UTF-8"?>
<!-- Generated by org.testng.reporters.JUnitReportReporter -->
<testsuite hostname="USZYBGH1MU" failures="0" tests="35" name="sew.ai.tests.csp.AdminNotificationTests" time="-1697015552.000" errors="1" timestamp="2023-10-11T14:41:24 IST" skipped="34">
  <testcase classname="sew.ai.tests.csp.AdminNotificationTests" name="classPreRequisites" time="-1697015552.000">
    <error message="
Parameter &#039;platformType&#039; is required by BeforeClass on method classPreRequisites but has not been marked @Optional or defined
" type="org.testng.TestNGException">
      <![CDATA[org.testng.TestNGException: 
Parameter 'platformType' is required by BeforeClass on method classPreRequisites but has not been marked @Optional or defined

at org.testng.internal.Parameters.createParams(Parameters.java:267)
at org.testng.internal.Parameters.createParametersForMethod(Parameters.java:355)
at org.testng.internal.Parameters.createParameters(Parameters.java:684)
at org.testng.internal.Parameters.createConfigurationParameters(Parameters.java:166)
at org.testng.internal.invokers.ConfigInvoker.invokeConfigurations(ConfigInvoker.java:277)
at org.testng.internal.invokers.TestMethodWorker.invokeBeforeClassMethods(TestMethodWorker.java:180)
at org.testng.internal.invokers.TestMethodWorker.run(TestMethodWorker.java:122)
at java.base/java.util.ArrayList.forEach(ArrayList.java:1511)
at org.testng.TestRunner.privateRun(TestRunner.java:829)
at org.testng.TestRunner.run(TestRunner.java:602)
at org.testng.SuiteRunner.runTest(SuiteRunner.java:437)
at org.testng.SuiteRunner.runSequentially(SuiteRunner.java:431)
at org.testng.SuiteRunner.privateRun(SuiteRunner.java:391)
at org.testng.SuiteRunner.run(SuiteRunner.java:330)
at org.testng.SuiteRunnerWorker.runSuite(SuiteRunnerWorker.java:52)
at org.testng.SuiteRunnerWorker.run(SuiteRunnerWorker.java:95)
at org.testng.TestNG.runSuitesSequentially(TestNG.java:1256)
at org.testng.TestNG.runSuitesLocally(TestNG.java:1176)
at org.testng.TestNG.runSuites(TestNG.java:1099)
at org.testng.TestNG.run(TestNG.java:1067)
at org.apache.maven.surefire.testng.TestNGExecutor.run(TestNGExecutor.java:155)
at org.apache.maven.surefire.testng.TestNGDirectoryTestSuite.executeMulti(TestNGDirectoryTestSuite.java:169)
at org.apache.maven.surefire.testng.TestNGDirectoryTestSuite.execute(TestNGDirectoryTestSuite.java:88)
at org.apache.maven.surefire.testng.TestNGProvider.invoke(TestNGProvider.java:137)
at org.apache.maven.surefire.booter.ForkedBooter.runSuitesInProcess(ForkedBooter.java:385)
at org.apache.maven.surefire.booter.ForkedBooter.execute(ForkedBooter.java:162)
at org.apache.maven.surefire.booter.ForkedBooter.run(ForkedBooter.java:507)
at org.apache.maven.surefire.booter.ForkedBooter.main(ForkedBooter.java:495)
]]>
    </error>
  </testcase> <!-- classPreRequisites -->
  <system-out/>
  <testcase classname="sew.ai.tests.csp.AdminNotificationTests" name="verifyNoDataForTabNotification" time="0.000">
    <skipped/>
  </testcase> <!-- verifyNoDataForTabNotification -->
  <system-out/>
  <testcase classname="sew.ai.tests.csp.AdminNotificationTests" name="verifyCompleteFeatureToSavedFolder" time="0.000">
    <skipped/>
  </testcase> <!-- verifyCompleteFeatureToSavedFolder -->
  <system-out/>
  <testcase classname="sew.ai.tests.csp.AdminNotificationTests" name="verifyMessageDetailsNotification" time="0.000">
    <skipped/>
  </testcase> <!-- verifyMessageDetailsNotification -->
  <system-out/>
  <testcase classname="sew.ai.tests.csp.AdminNotificationTests" name="verifyThreadsModuleNotifications" time="0.000">
    <skipped/>
  </testcase> <!-- verifyThreadsModuleNotifications -->
  <system-out/>
  <testcase classname="sew.ai.tests.csp.AdminNotificationTests" name="verifyNotificationSorting" time="0.000">
    <skipped/>
  </testcase> <!-- verifyNotificationSorting -->
  <system-out/>
  <testcase classname="sew.ai.tests.csp.AdminNotificationTests" name="verifyNotifyPreLogConnectMeServices" time="0.000">
    <skipped/>
  </testcase> <!-- verifyNotifyPreLogConnectMeServices -->
  <system-out/>
  <testcase classname="sew.ai.tests.csp.AdminNotificationTests" name="verifyTrashTabFunctionality" time="0.000">
    <skipped/>
  </testcase> <!-- verifyTrashTabFunctionality -->
  <system-out/>
  <testcase classname="sew.ai.tests.csp.AdminNotificationTests" name="verifyFromColumnNotificationInbox" time="0.000">
    <skipped/>
  </testcase> <!-- verifyFromColumnNotificationInbox -->
  <system-out/>
  <testcase classname="sew.ai.tests.csp.AdminNotificationTests" name="verifyCustomerInformationInboxMail" time="0.000">
    <skipped/>
  </testcase> <!-- verifyCustomerInformationInboxMail -->
  <system-out/>
  <testcase classname="sew.ai.tests.csp.AdminNotificationTests" name="verifyNotificationAutoResponseEditor" time="0.000">
    <skipped/>
  </testcase> <!-- verifyNotificationAutoResponseEditor -->
  <system-out/>
  <testcase classname="sew.ai.tests.csp.AdminNotificationTests" name="verifyNotificationUIAndSubTabs" time="0.000">
    <skipped/>
  </testcase> <!-- verifyNotificationUIAndSubTabs -->
  <system-out/>
  <testcase classname="sew.ai.tests.csp.AdminNotificationTests" name="verifyPutBackFeatureNotification" time="0.000">
    <skipped/>
  </testcase> <!-- verifyPutBackFeatureNotification -->
  <system-out/>
  <testcase classname="sew.ai.tests.csp.AdminNotificationTests" name="verifyInboxConnectMeNotifications" time="0.000">
    <skipped/>
  </testcase> <!-- verifyInboxConnectMeNotifications -->
  <system-out/>
  <testcase classname="sew.ai.tests.csp.AdminNotificationTests" name="verifyClearButtonSearchBy" time="0.000">
    <skipped/>
  </testcase> <!-- verifyClearButtonSearchBy -->
  <system-out/>
  <testcase classname="sew.ai.tests.csp.AdminNotificationTests" name="verifyCustNameMobileNotClickableNotification" time="0.000">
    <skipped/>
  </testcase> <!-- verifyCustNameMobileNotClickableNotification -->
  <system-out/>
  <testcase classname="sew.ai.tests.csp.AdminNotificationTests" name="verifySentMailTab" time="0.000">
    <skipped/>
  </testcase> <!-- verifySentMailTab -->
  <system-out/>
  <testcase classname="sew.ai.tests.csp.AdminNotificationTests" name="verifyCompleteFeatureConnectMeFolder" time="0.000">
    <skipped/>
  </testcase> <!-- verifyCompleteFeatureConnectMeFolder -->
  <system-out/>
  <testcase classname="sew.ai.tests.csp.AdminNotificationTests" name="verifyCommentsFieldOnNotification" time="0.000">
    <skipped/>
  </testcase> <!-- verifyCommentsFieldOnNotification -->
  <system-out/>
  <testcase classname="sew.ai.tests.csp.AdminNotificationTests" name="verifyInboxNewRepliedNotifications" time="0.000">
    <skipped/>
  </testcase> <!-- verifyInboxNewRepliedNotifications -->
  <system-out/>
  <testcase classname="sew.ai.tests.csp.AdminNotificationTests" name="verifySearchByValidationMessages" time="0.000">
    <skipped/>
  </testcase> <!-- verifySearchByValidationMessages -->
  <system-out/>
  <testcase classname="sew.ai.tests.csp.AdminNotificationTests" name="verifyReplySectionNotification" time="0.000">
    <skipped/>
  </testcase> <!-- verifyReplySectionNotification -->
  <system-out/>
  <testcase classname="sew.ai.tests.csp.AdminNotificationTests" name="verifySavedFolderToCompleteFeature" time="0.001">
    <skipped/>
  </testcase> <!-- verifySavedFolderToCompleteFeature -->
  <system-out/>
  <testcase classname="sew.ai.tests.csp.AdminNotificationTests" name="verifyNotificationMsgBoxLenCriteria" time="0.000">
    <skipped/>
  </testcase> <!-- verifyNotificationMsgBoxLenCriteria -->
  <system-out/>
  <testcase classname="sew.ai.tests.csp.AdminNotificationTests" name="verifyAllEmailTabAndMultipleSelection" time="0.000">
    <skipped/>
  </testcase> <!-- verifyAllEmailTabAndMultipleSelection -->
  <system-out/>
  <testcase classname="sew.ai.tests.csp.AdminNotificationTests" name="verifyInboxServiceNotifications" time="0.000">
    <skipped/>
  </testcase> <!-- verifyInboxServiceNotifications -->
  <system-out/>
  <testcase classname="sew.ai.tests.csp.AdminNotificationTests" name="verifySearchResultsRefreshSearchBy" time="0.001">
    <skipped/>
  </testcase> <!-- verifySearchResultsRefreshSearchBy -->
  <system-out/>
  <testcase classname="sew.ai.tests.csp.AdminNotificationTests" name="verifyReadUnreadMessagesText" time="0.000">
    <skipped/>
  </testcase> <!-- verifyReadUnreadMessagesText -->
  <system-out/>
  <testcase classname="sew.ai.tests.csp.AdminNotificationTests" name="verifySaveMessageFunctionality" time="0.000">
    <skipped/>
  </testcase> <!-- verifySaveMessageFunctionality -->
  <system-out/>
  <testcase classname="sew.ai.tests.csp.AdminNotificationTests" name="verifySearchByFeature" time="0.000">
    <skipped/>
  </testcase> <!-- verifySearchByFeature -->
  <system-out/>
  <testcase classname="sew.ai.tests.csp.AdminNotificationTests" name="verifyCheckBoxOnNotifications" time="0.000">
    <skipped/>
  </testcase> <!-- verifyCheckBoxOnNotifications -->
  <system-out/>
  <testcase classname="sew.ai.tests.csp.AdminNotificationTests" name="verifyPaginationNotificationInbox" time="0.000">
    <skipped/>
  </testcase> <!-- verifyPaginationNotificationInbox -->
  <system-out/>
  <testcase classname="sew.ai.tests.csp.AdminNotificationTests" name="verifyProblemsSigningInCSPNotificationRequest" time="0.000">
    <skipped/>
  </testcase> <!-- verifyProblemsSigningInCSPNotificationRequest -->
  <system-out/>
  <testcase classname="sew.ai.tests.csp.AdminNotificationTests" name="verifyDoneFunctionalityTrashFolder" time="0.000">
    <skipped/>
  </testcase> <!-- verifyDoneFunctionalityTrashFolder -->
  <system-out/>
  <testcase classname="sew.ai.tests.csp.AdminNotificationTests" name="verifySendNotificationTab" time="0.000">
    <skipped/>
  </testcase> <!-- verifySendNotificationTab -->
  <system-out/>
</testsuite> <!-- sew.ai.tests.csp.AdminNotificationTests -->
