<?xml version="1.0" encoding="UTF-8"?>
<!-- Generated by org.testng.reporters.JUnitReportReporter -->
<testsuite hostname="USZYBGH1MU" failures="0" tests="17" name="sew.ai.tests.scp.MyProfileTests" time="-1697015552.000" errors="1" timestamp="2023-10-11T14:41:24 IST" skipped="16">
  <testcase classname="sew.ai.tests.scp.MyProfileTests" name="classPreRequisites" time="-1697015552.000">
    <error message="
Parameter &#039;platformType&#039; is required by BeforeClass on method classPreRequisites but has not been marked @Optional or defined
" type="org.testng.TestNGException">
      <![CDATA[org.testng.TestNGException: 
Parameter 'platformType' is required by BeforeClass on method classPreRequisites but has not been marked @Optional or defined

at org.testng.internal.Parameters.createParams(Parameters.java:267)
at org.testng.internal.Parameters.createParametersForMethod(Parameters.java:355)
at org.testng.internal.Parameters.createParameters(Parameters.java:684)
at org.testng.internal.Parameters.createConfigurationParameters(Parameters.java:166)
at org.testng.internal.invokers.ConfigInvoker.invokeConfigurations(ConfigInvoker.java:277)
at org.testng.internal.invokers.TestMethodWorker.invokeBeforeClassMethods(TestMethodWorker.java:180)
at org.testng.internal.invokers.TestMethodWorker.run(TestMethodWorker.java:122)
at java.base/java.util.ArrayList.forEach(ArrayList.java:1511)
at org.testng.TestRunner.privateRun(TestRunner.java:829)
at org.testng.TestRunner.run(TestRunner.java:602)
at org.testng.SuiteRunner.runTest(SuiteRunner.java:437)
at org.testng.SuiteRunner.runSequentially(SuiteRunner.java:431)
at org.testng.SuiteRunner.privateRun(SuiteRunner.java:391)
at org.testng.SuiteRunner.run(SuiteRunner.java:330)
at org.testng.SuiteRunnerWorker.runSuite(SuiteRunnerWorker.java:52)
at org.testng.SuiteRunnerWorker.run(SuiteRunnerWorker.java:95)
at org.testng.TestNG.runSuitesSequentially(TestNG.java:1256)
at org.testng.TestNG.runSuitesLocally(TestNG.java:1176)
at org.testng.TestNG.runSuites(TestNG.java:1099)
at org.testng.TestNG.run(TestNG.java:1067)
at org.apache.maven.surefire.testng.TestNGExecutor.run(TestNGExecutor.java:155)
at org.apache.maven.surefire.testng.TestNGDirectoryTestSuite.executeMulti(TestNGDirectoryTestSuite.java:169)
at org.apache.maven.surefire.testng.TestNGDirectoryTestSuite.execute(TestNGDirectoryTestSuite.java:88)
at org.apache.maven.surefire.testng.TestNGProvider.invoke(TestNGProvider.java:137)
at org.apache.maven.surefire.booter.ForkedBooter.runSuitesInProcess(ForkedBooter.java:385)
at org.apache.maven.surefire.booter.ForkedBooter.execute(ForkedBooter.java:162)
at org.apache.maven.surefire.booter.ForkedBooter.run(ForkedBooter.java:507)
at org.apache.maven.surefire.booter.ForkedBooter.main(ForkedBooter.java:495)
]]>
    </error>
  </testcase> <!-- classPreRequisites -->
  <system-out/>
  <testcase classname="sew.ai.tests.scp.MyProfileTests" name="verifyProfileInformationPageUI" time="0.000">
    <skipped/>
  </testcase> <!-- verifyProfileInformationPageUI -->
  <system-out/>
  <testcase classname="sew.ai.tests.scp.MyProfileTests" name="verifyPersonalInfoSection" time="0.000">
    <skipped/>
  </testcase> <!-- verifyPersonalInfoSection -->
  <system-out/>
  <testcase classname="sew.ai.tests.scp.MyProfileTests" name="verifyValidationsProfileInformation" time="0.000">
    <skipped/>
  </testcase> <!-- verifyValidationsProfileInformation -->
  <system-out/>
  <testcase classname="sew.ai.tests.scp.MyProfileTests" name="verifyContactTypeProfileInformation" time="0.000">
    <skipped/>
  </testcase> <!-- verifyContactTypeProfileInformation -->
  <system-out/>
  <testcase classname="sew.ai.tests.scp.MyProfileTests" name="verifyUpdateProfileInformation" time="0.000">
    <skipped/>
  </testcase> <!-- verifyUpdateProfileInformation -->
  <system-out/>
  <testcase classname="sew.ai.tests.scp.MyProfileTests" name="validateChangeUsername" time="0.000">
    <skipped/>
  </testcase> <!-- validateChangeUsername -->
  <system-out/>
  <testcase classname="sew.ai.tests.scp.MyProfileTests" name="verifyChangeUsernameAcceptanceCriteria" time="0.000">
    <skipped/>
  </testcase> <!-- verifyChangeUsernameAcceptanceCriteria -->
  <system-out/>
  <testcase classname="sew.ai.tests.scp.MyProfileTests" name="verifyDownloadMyPersonalData" time="0.000">
    <skipped/>
  </testcase> <!-- verifyDownloadMyPersonalData -->
  <system-out/>
  <testcase classname="sew.ai.tests.scp.MyProfileTests" name="verifyDefaultTimeZoneOfNewRegisteredUser" time="0.000">
    <skipped/>
  </testcase> <!-- verifyDefaultTimeZoneOfNewRegisteredUser -->
  <system-out/>
  <testcase classname="sew.ai.tests.scp.MyProfileTests" name="verifyTimeZoneSaveFunctionality" time="0.000">
    <skipped/>
  </testcase> <!-- verifyTimeZoneSaveFunctionality -->
  <system-out/>
  <testcase classname="sew.ai.tests.scp.MyProfileTests" name="validationMsgAndChangeUsername" time="0.000">
    <skipped/>
  </testcase> <!-- validationMsgAndChangeUsername -->
  <system-out/>
  <testcase classname="sew.ai.tests.scp.MyProfileTests" name="verifyDropdownOnLinkDeLinkAccounts" time="0.000">
    <skipped/>
  </testcase> <!-- verifyDropdownOnLinkDeLinkAccounts -->
  <system-out/>
  <testcase classname="sew.ai.tests.scp.MyProfileTests" name="verifyDeleteMyProfile" time="0.000">
    <skipped/>
  </testcase> <!-- verifyDeleteMyProfile -->
  <system-out/>
  <testcase classname="sew.ai.tests.scp.MyProfileTests" name="verifyNewUserDownloadMyPersonalData" time="0.000">
    <skipped/>
  </testcase> <!-- verifyNewUserDownloadMyPersonalData -->
  <system-out/>
  <testcase classname="sew.ai.tests.scp.MyProfileTests" name="verifyChangeUsernameNotAvailable" time="0.000">
    <skipped/>
  </testcase> <!-- verifyChangeUsernameNotAvailable -->
  <system-out/>
  <testcase classname="sew.ai.tests.scp.MyProfileTests" name="verifyDefaultServiceAddress" time="0.000">
    <skipped/>
  </testcase> <!-- verifyDefaultServiceAddress -->
  <system-out/>
</testsuite> <!-- sew.ai.tests.scp.MyProfileTests -->
